procs -----------memory---------- ---swap-- -----io---- -system-- ------cpu-----
 r  b   swpd   free   buff  cache   si   so    bi    bo   in   cs us sy id wa st
 1  0      0 102787480 100500 27941416    0    0     2     3    0    0  0  0 100  0  0
 1  0      0 102612064 100500 27941424    0    0     0     0 1418  377  5  0 95  0  0
 4  0      0 102523136 100504 27941428    0    0     0   124  701  487  2  0 98  0  0
 4  0      0 101886656 100504 27941428    0    0     0   200 2218 4990  6  1 93  0  0
 4  0      0 101723864 100504 27941428    0    0     0     0 1464  355  7  0 93  0  0
 3  0      0 101522512 100504 27941436    0    0     0     0 1514  391  7  1 93  0  0
 4  0      0 101420624 100504 27941528    0    0     0     4 1865 2522  6  1 93  0  0
 4  0      0 100086448 100504 27941540    0    0     0   184 1478  378  5  2 93  0  0
 4  0      0 99970784 100504 27941540    0    0     0     0 1477  228  7  0 93  0  0
 3  0      0 99379536 100504 27941540    0    0     0     0 2354 1578  0  4 96  0  0
10  0      0 98097824 100508 28468332    0    0     0     0 29152 53597  8  3 88  0  0
 5  0      0 97143000 100508 28566660    0    0     0     0 5031 2347  7  2 91  0  0
 7  0      0 97116648 100508 28591152    0    0     0    68 2352 1619  9  1 90  0  0
 8  0      0 97146016 100508 28560720    0    0     0     0 2007 1427  8  1 91  0  0
 4  0      0 97146368 100508 28561052    0    0     0     0 2295 1776  8  1 90  0  0
 8  0      0 97113016 100508 28587584    0    0     0     0 2044 1525  8  1 91  0  0
 4  0      0 97146144 100508 28561600    0    0     0     4 2133 1314  8  1 91  0  0
 4  0      0 97142720 100512 28562260    0    0     0    32 2240 1799  9  1 90  0  0
 8  0      0 97145920 100512 28560952    0    0     0     0 2201 1519  8  1 91  0  0
 4  0      0 97139192 100512 28563164    0    0     0     0 2130 1669  8  1 91  0  0
 4  0      0 97141184 100512 28562740    0    0     0     0 2159 1600  8  1 90  0  0
procs -----------memory---------- ---swap-- -----io---- -system-- ------cpu-----
 r  b   swpd   free   buff  cache   si   so    bi    bo   in   cs us sy id wa st
 8  0      0 97144080 100512 28561420    0    0     0     0 1926 1371  8  1 91  0  0
 4  0      0 97143080 100512 28561164    0    0     0    16 2281 1787  8  1 91  0  0
 8  0      0 97095536 100512 28612580    0    0     0     0 2127 1546  8  1 90  0  0
 4  0      0 97145904 100512 28560932    0    0     0     0 2209 1399  8  1 91  0  0
 4  0      0 97142064 100512 28562160    0    0     0     0 2041 1703  8  1 91  0  0
 8  0      0 97147824 100512 28561400    0    0     0     0 2086 1488  8  1 91  0  0
 4  0      0 97149072 100512 28561344    0    0     0    16 2113 1589  8  1 91  0  0
 4  0      0 97152448 100512 28562016    0    0     0     0 2087 1723  8  1 91  0  0
 8  0      0 97148064 100512 28562168    0    0     0     0 1871 1369  8  1 91  0  0
 8  0      0 97099232 100512 28608888    0    0     0     0 2105 1522  8  1 91  0  0
 8  0      0 97067952 100512 28636692    0    0     0    76 2058 1837  8  1 90  0  0
 4  0      0 97143248 100512 28561660    0    0     0   320 2098 1334  8  1 91  0  0
 4  0      0 97144224 100512 28561560    0    0     0     0 2105 1697  8  1 91  0  0
 8  0      0 97142584 100512 28560864    0    0     0     0 2108 1501  8  1 91  0  0
 4  0      0 97142976 100512 28560980    0    0     0     0 1948 1541  8  1 91  0  0
 4  0      0 97143272 100512 28561400    0    0     0   136 2100 1792  8  1 91  0  0
 8  0      0 97142592 100516 28562160    0    0     0    52 1899 1484  8  1 91  0  0
 4  0      0 97145064 100516 28560576    0    0     0     0 2192 1670  8  1 90  0  0
 8  0      0 97068288 100516 28637060    0    0     0     0 1988 1617  8  1 91  0  0
 4  0      0 97143120 100516 28561308    0    0     0     0 1997 1438  8  1 91  0  0
 8  0      0 97145656 100516 28561200    0    0     0     0 2110 1423  8  1 91  0  0
procs -----------memory---------- ---swap-- -----io---- -system-- ------cpu-----
 r  b   swpd   free   buff  cache   si   so    bi    bo   in   cs us sy id wa st
 8  0      0 97142592 100520 28561444    0    0     0    16 2199 1756  8  1 91  0  0
 4  0      0 97144312 100520 28561208    0    0     0     0 2078 1542  8  1 91  0  0
 4  0      0 97144880 100520 28563116    0    0     0     0 2032 1728  8  1 91  0  0
 4  0      0 97143632 100520 28560804    0    0     0     0 1989 1298  8  1 91  0  0
 4  0      0 97142624 100520 28561772    0    0     0     0 2170 1689  8  1 91  0  0
 8  0      0 97069128 100520 28635420    0    0     0    32 2113 1602  8  1 91  0  0
 4  0      0 97144768 100520 28561812    0    0     0     0 2045 1494  8  1 91  0  0
 4  0      0 97145024 100520 28560584    0    0     0     0 2155 1564  8  1 90  0  0
 8  0      0 97144880 100520 28560988    0    0     0     0 2272 1615  8  1 91  0  0
 4  0      0 97144344 100520 28560096    0    0     0     0 2238 1575  8  1 91  0  0
 4  0      0 97144784 100524 28561336    0    0     0    32 2062 1320  8  1 91  0  0
 4  0      0 97142960 100524 28560776    0    0     0     0 2140 1690  8  1 91  0  0
 4  0      0 97140184 100524 28561696    0    0     0     0 2298 1721  9  1 90  0  0
 8  0      0 97084920 100524 28617692    0    0     0     0 2086 1592  8  1 91  0  0
 4  0      0 97138336 100524 28560336    0    0     0     0 2087 1439  8  1 91  0  0
 4  0      0 97142728 100528 28562188    0    0     0    32 2194 1592  9  1 90  0  0
 8  0      0 97144680 100528 28561216    0    0     0     0 2072 1631  8  1 91  0  0
 4  0      0 97146008 100528 28561068    0    0     0     0 2089 1568  8  1 91  0  0
 4  0      0 97142608 100528 28562572    0    0     0     0 2027 1573  8  1 91  0  0
 4  0      0 97149104 100528 28561456    0    0     0     0 2029 1457  8  1 91  0  0
 4  0      0 97147016 100528 28560636    0    0     0    32 2374 1748  8  1 91  0  0
procs -----------memory---------- ---swap-- -----io---- -system-- ------cpu-----
 r  b   swpd   free   buff  cache   si   so    bi    bo   in   cs us sy id wa st
 4  0      0 97141264 100528 28560912    0    0     0     0 2042 1383  8  1 91  0  0
 4  0      0 97142288 100528 28561084    0    0     0     0 2063 1692  8  1 91  0  0
 4  0      0 97141688 100528 28561656    0    0     0     0 2038 1569  8  1 91  0  0
 8  0      0 97145136 100528 28561296    0    0     0     0 1947 1617  8  1 91  0  0
 4  0      0 97147264 100528 28560840    0    0     0    96 2131 1538  8  1 91  0  0
 4  0      0 97145744 100528 28562836    0    0     0     4 2068 1630  8  1 91  0  0
 4  0      0 97142832 100528 28560720    0    0     0     0 1944 1439  8  1 91  0  0
 4  0      0 97145248 100528 28561320    0    0     0     0 2114 1652  8  1 91  0  0
 9  0      0 97065520 100528 28636760    0    0     0     0 2166 1627  8  1 91  0  0
 4  0      0 97143736 100528 28560688    0    0     0    24 1984 1490  8  1 91  0  0
 4  0      0 97143824 100528 28560816    0    0     0     0 2161 1558  8  1 91  0  0
 4  0      0 97146304 100528 28562020    0    0     0     0 1985 1387  8  1 91  0  0
 4  0      0 97141328 100528 28560864    0    0     0     0 2297 1742  9  1 90  0  0
 6  0      0 97103136 100528 28599440    0    0     0   200 2203 1639  8  1 90  0  0
 4  0      0 97142992 100528 28561664    0    0     0    48 2167 1453  8  1 91  0  0
 4  0      0 97142608 100528 28561776    0    0     0     0 2192 1774  9  1 90  0  0
 8  0      0 97089824 100528 28617616    0    0     0     0 2022 1574  8  1 91  0  0
 4  0      0 97140632 100528 28561120    0    0     0     0 1985 1513  8  1 91  0  0
 4  0      0 97142128 100528 28561580    0    0     0     0 2192 1606  9  1 90  0  0
 8  0      0 97142272 100528 28561384    0    0     0    16 2044 1535  8  1 91  0  0
 4  0      0 97144416 100528 28561044    0    0     0     0 2133 1662  8  1 91  0  0
procs -----------memory---------- ---swap-- -----io---- -system-- ------cpu-----
 r  b   swpd   free   buff  cache   si   so    bi    bo   in   cs us sy id wa st
 6  0      0 97104048 100528 28599560    0    0     0     0 2092 1572  8  1 90  0  0
 4  0      0 97141712 100528 28560940    0    0     0     0 2172 1294  8  1 91  0  0
 4  0      0 97141984 100528 28561560    0    0     0     0 2195 1865  9  1 90  0  0
 8  0      0 97084752 100532 28617600    0    0     0    16 2041 1478  8  1 91  0  0
 4  0      0 97139000 100532 28561128    0    0     0     0 2016 1634  8  1 91  0  0
 4  0      0 97146576 100532 28561796    0    0     0     0 2143 1579  8  1 91  0  0
 8  0      0 97144032 100532 28560788    0    0     0     0 1884 1476  8  1 91  0  0
 4  0      0 97142176 100532 28560332    0    0     0     0 2108 1675  8  1 91  0  0
 4  0      0 97139952 100532 28562104    0    0     0    16 2044 1574  8  1 91  0  0
 4  0      0 97142840 100532 28560424    0    0     0     8 2089 1339  8  1 91  0  0
 4  0      0 97144112 100532 28560448    0    0     0     0 2121 1791  8  1 91  0  0
 8  0      0 97113184 100532 28592264    0    0     0     0 2062 1405  8  1 90  0  0
 4  0      0 97144656 100532 28560264    0    0     0     4 2033 1574  8  1 91  0  0
 4  0      0 97142536 100532 28561864    0    0     0    24 2186 1760  9  1 90  0  0
 8  0      0 97141416 100532 28560436    0    0     0     8 2051 1474  8  1 91  0  0
 7  0      0 97084136 100532 28616644    0    0     0     0 2028 1711  8  1 91  0  0
 4  0      0 97136448 100532 28562700    0    0     0     0 2164 1615  8  1 91  0  0
 4  0      0 97137072 100532 28560616    0    0     0     0 2022 1320  8  1 91  0  0
 4  0      0 97141048 100536 28560736    0    0     0    72 2303 1840  9  1 90  0  0
 8  0      0 97081624 100536 28623644    0    0     0     8 1958 1331  8  1 91  0  0
 4  0      0 97142528 100536 28560632    0    0     0     0 1932 1493  8  1 91  0  0
procs -----------memory---------- ---swap-- -----io---- -system-- ------cpu-----
 r  b   swpd   free   buff  cache   si   so    bi    bo   in   cs us sy id wa st
 4  0      0 97141640 100536 28561484    0    0     0     0 2147 1724  8  1 91  0  0
 4  0      0 96928048 100536 28560712    0    0     0     0 2096 1427  8  1 91  0  0
 4  0      0 96925816 100540 28562600    0    0     0    24 2131 1601  8  1 91  0  0
 4  0      0 96928240 100540 28561164    0    0     0     0 1966 1441  8  1 91  0  0
 4  0      0 96927616 100540 28560728    0    0     0     0 2174 1613  8  1 91  0  0
 4  0      0 96928800 100540 28560848    0    0     0     0 1952 1403  8  1 91  0  0
 4  0      0 96923368 100540 28561016    0    0     0     0 2278 1679  9  1 90  0  0
 4  0      0 96923232 100540 28561324    0    0     0    16 2072 1554  8  1 91  0  0
 8  0      0 96923856 100540 28560884    0    0     0     0 1971 1439  8  1 91  0  0
 4  0      0 96922960 100540 28560784    0    0     0     0 2249 1612  8  1 91  0  0
 5  0      0 96914064 100540 28568864    0    0     0     0 2045 1552  8  1 91  0  0
 4  0      0 96921568 100540 28561632    0    0     0     0 2020 1530  8  1 91  0  0
 4  0      0 96919456 100540 28561712    0    0     0    32 2319 1631  8  1 91  0  0
 8  0      0 96920640 100540 28563212    0    0     0     0 2110 1443  8  1 91  0  0
 4  0      0 96919472 100540 28560820    0    0     0     0 2173 1697  8  1 91  0  0
 4  0      0 96919744 100540 28561528    0    0     0     0 2129 1561  8  1 91  0  0
 4  0      0 96926704 100540 28560240    0    0     0     0 1967 1313  8  1 91  0  0
 4  0      0 96927648 100540 28560528    0    0     0    32 2212 1851  9  1 90  0  0
 7  0      0 96892592 100540 28592028    0    0     0     0 2126 1543  8  1 90  0  0
 4  0      0 96925568 100540 28561004    0    0     0     0 2070 1540  8  1 91  0  0
 4  0      0 96924400 100540 28560728    0    0     0     0 2231 1642  8  1 90  0  0
procs -----------memory---------- ---swap-- -----io---- -system-- ------cpu-----
 r  b   swpd   free   buff  cache   si   so    bi    bo   in   cs us sy id wa st
 8  0      0 96922000 100540 28560788    0    0     0     0 2084 1510  8  1 91  0  0
 4  0      0 96924792 100544 28560384    0    0     0    20 2189 1706  8  1 91  0  0
 4  0      0 96926176 100544 28562360    0    0     0     8 2216 1597  8  1 90  0  0
 8  0      0 96924928 100544 28560644    0    0     0     0 2062 1408  8  1 91  0  0
 4  0      0 96923616 100544 28560808    0    0     0     0 2308 1788  9  1 90  0  0
 6  0      0 96913424 100544 28572792    0    0     0     0 2164 1496  8  1 90  0  0
 4  0      0 96923408 100544 28560660    0    0     0    16 2083 1456  8  1 91  0  0
 4  0      0 96920736 100544 28560876    0    0     0     0 2123 1746  9  1 91  0  0
 8  0      0 96921072 100544 28561804    0    0     0     0 2009 1493  8  1 91  0  0
 4  0      0 96920440 100544 28562224    0    0     0     0 2105 1695  8  1 91  0  0
 4  0      0 96919632 100544 28561568    0    0     0     0 2189 1641  8  1 91  0  0
 8  0      0 96924640 100552 28561464    0    0     0    52 2181 1428  8  1 91  0  0
 4  0      0 96921936 100552 28560880    0    0     0     0 2207 1763  8  1 91  0  0
 6  0      0 96910896 100552 28574408    0    0     0     4 2037 1570  8  1 91  0  0
 4  0      0 96923120 100552 28561492    0    0     0     0 2011 1401  8  1 91  0  0
 4  0      0 96919328 100552 28561640    0    0     0     0 2193 1738  9  1 90  0  0
 8  0      0 96917552 100556 28560648    0    0     0    32 2133 1519  8  1 91  0  0
 4  0      0 96918320 100556 28560304    0    0     0     0 2208 1585  8  1 91  0  0
 4  0      0 96920920 100556 28561364    0    0     0     0 2092 1739  8  1 90  0  0
 8  0      0 96924232 100556 28560588    0    0     0   132 2170 1453  8  1 91  0  0
 8  0      0 96891848 100556 28591952    0    0     0     0 2133 1557  8  1 91  0  0
procs -----------memory---------- ---swap-- -----io---- -system-- ------cpu-----
 r  b   swpd   free   buff  cache   si   so    bi    bo   in   cs us sy id wa st
 8  0      0 96874432 100560 28609240    0    0     0    40 2295 1781  8  1 90  0  0
 4  0      0 96924080 100560 28560952    0    0     0     0 2132 1374  8  1 91  0  0
 4  0      0 96918256 100560 28561020    0    0     0     0 2279 1773  9  1 90  0  0
 8  0      0 96919656 100560 28560520    0    0     0     0 2126 1537  8  1 90  0  0
 4  0      0 96917872 100560 28560596    0    0     0     0 2158 1537  8  1 91  0  0
 4  0      0 96915448 100564 28562356    0    0     0    16 2070 1765  8  1 90  0  0
 8  0      0 96917264 100564 28560804    0    0     0     0 2065 1389  8  1 91  0  0
 4  0      0 96919520 100564 28562172    0    0     0     0 2276 1651  9  1 90  0  0
 8  0      0 96885008 100564 28597976    0    0     0     0 2155 1618  8  1 90  0  0
 4  0      0 96920624 100564 28561316    0    0     0     0 2085 1481  8  1 91  0  0
 8  0      0 96916176 100564 28561100    0    0     0    16 2022 1456  8  1 91  0  0
 8  0      0 96921264 100564 28560840    0    0     0     0 2303 1747  8  1 90  0  0
 4  0      0 96921352 100564 28560452    0    0     0    20 2161 1529  8  1 90  0  0
 7  0      0 96872024 100564 28615100    0    0     0     0 2070 1679  9  1 90  0  0
 4  0      0 96919264 100564 28560320    0    0     0     0 2105 1430  8  1 91  0  0
 4  0      0 96919792 100564 28561428    0    0     0    28 2219 1752  9  1 90  0  0
 8  0      0 96882160 100564 28598052    0    0     0     0 2042 1597  8  1 91  0  0
 4  0      0 96918464 100564 28561376    0    0     0     0 2067 1458  8  1 91  0  0
 4  0      0 96920192 100564 28560924    0    0     0     0 2079 1610  8  1 90  0  0
 8  0      0 96924144 100564 28560972    0    0     0     0 2054 1591  8  1 91  0  0
 4  0      0 96924624 100564 28561336    0    0     0    16 2242 1547  8  1 91  0  0
procs -----------memory---------- ---swap-- -----io---- -system-- ------cpu-----
 r  b   swpd   free   buff  cache   si   so    bi    bo   in   cs us sy id wa st
 4  0      0 96919152 100564 28560868    0    0     0     0 1900 1256  8  1 91  0  0
 4  0      0 96923992 100564 28560592    0    0     0     0 2144 1704  8  1 91  0  0
 4  0      0 96923584 100564 28560868    0    0     0     0 2157 1710  8  1 91  0  0
 8  0      0 96849984 100564 28636672    0    0     0     0 2013 1698  8  1 91  0  0
 4  0      0 96920448 100564 28560188    0    0     0    64 1998 1299  8  1 91  0  0
 4  0      0 96916808 100564 28561824    0    0     0     0 2076 1589  8  1 91  0  0
 8  0      0 96919504 100564 28560276    0    0     0     8 2027 1591  8  1 91  0  0
 4  0      0 96917848 100564 28561136    0    0     0     0 1892 1550  8  1 91  0  0
 4  0      0 96917512 100564 28561640    0    0     0     0 2533 1730  8  1 91  0  0
 4  0      0 96915824 100564 28561664    0    0     0    40 1906 1460  8  1 91  0  0
 4  0      0 96915808 100564 28561228    0    0     0     0 2275 1710  8  1 90  0  0
 4  0      0 96915912 100564 28559988    0    0     0     0 1979 1344  8  1 91  0  0
 4  0      0 96914496 100564 28561488    0    0     0     0 2307 1735  9  1 90  0  0
 4  0      0 96913960 100564 28561344    0    0     0     4 2184 1709  9  1 90  0  0
 8  0      0 96912080 100568 28560632    0    0     0    32 2240 1641  8  1 91  0  0
 4  0      0 96913344 100568 28561004    0    0     0     0 2289 1596  8  1 90  0  0
 6  0      0 96877632 100568 28599376    0    0     0     0 2273 1609  8  1 90  0  0
 8  0      0 96915696 100568 28560704    0    0     0     0 2166 1550  8  1 91  0  0
 4  0      0 96920912 100568 28560884    0    0     0     0 2353 1678  8  1 90  0  0
 8  0      0 96845320 100572 28635484    0    0     0    16 2044 1589  8  1 91  0  0
 4  0      0 96919664 100572 28561364    0    0     0     0 2083 1419  8  1 91  0  0
procs -----------memory---------- ---swap-- -----io---- -system-- ------cpu-----
 r  b   swpd   free   buff  cache   si   so    bi    bo   in   cs us sy id wa st
 4  0      0 96918240 100572 28562168    0    0     0     0 2075 1595  8  1 91  0  0
 4  0      0 96923776 100580 28560916    0    0     0    16 2071 1457  8  1 91  0  0
 4  0      0 96920608 100580 28560536    0    0     0     0 2173 1771  9  1 90  0  0
 7  0      0 96865888 100580 28617728    0    0     0    40 2226 1623  9  1 90  0  0
 8  0      0 96919696 100580 28560784    0    0     0     0 2130 1526  8  1 91  0  0
 4  0      0 96918352 100580 28560568    0    0     0     0 2339 1632  9  1 90  0  0
 8  0      0 96845544 100580 28636460    0    0     0     0 1960 1566  8  1 91  0  0
 4  0      0 96920160 100580 28560616    0    0     0     0 2071 1453  8  1 91  0  0
 4  0      0 96919392 100580 28562448    0    0     0    28 2186 1654  9  1 90  0  0
 8  0      0 96917488 100580 28561196    0    0     0     0 2099 1488  8  1 91  0  0
 4  0      0 96920800 100580 28561472    0    0     0     0 2108 1655  8  1 90  0  0
 6  0      0 96905976 100580 28575788    0    0     0     0 2194 1607  8  1 90  0  0
 4  0      0 96918792 100580 28560948    0    0     0     0 2018 1378  8  1 91  0  0
 4  0      0 96918184 100580 28560940    0    0     0    16 2497 1815  9  1 90  0  0
 8  0      0 96873760 100580 28600464    0    0     0     0 2059 1618  8  1 91  0  0
 4  0      0 96915096 100580 28560612    0    0     0     0 2041 1460  8  1 91  0  0
 4  0      0 96915296 100580 28560560    0    0     0     0 2029 1553  8  1 91  0  0
 8  0      0 96918976 100580 28561900    0    0     0     0 2036 1458  8  1 91  0  0
 4  0      0 96916192 100584 28560800    0    0     0   332 2058 1715  8  1 91  0  0
 4  0      0 96919552 100584 28561176    0    0     0     0 2026 1540  8  1 91  0  0
 8  0      0 96916840 100584 28560864    0    0     0     0 1714 1348  8  1 91  0  0
procs -----------memory---------- ---swap-- -----io---- -system-- ------cpu-----
 r  b   swpd   free   buff  cache   si   so    bi    bo   in   cs us sy id wa st
 4  0      0 96920112 100584 28561620    0    0     0     4 2143 1745  8  1 91  0  0
 6  0      0 96909616 100584 28573976    0    0     0     0 2139 1589  8  1 91  0  0
 4  0      0 96922224 100584 28560964    0    0     0    44 2045 1426  8  1 91  0  0
 4  0      0 96919632 100584 28561672    0    0     0     0 2138 1712  8  1 90  0  0
 8  0      0 96921080 100584 28561436    0    0     0     0 2175 1423  8  1 91  0  0
 4  0      0 96917848 100584 28562588    0    0     0     0 2025 1637  8  1 91  0  0
 4  0      0 96919136 100584 28562564    0    0     0     0 2221 1612  8  1 90  0  0
 8  0      0 96922368 100588 28561272    0    0     0    16 1981 1386  8  1 91  0  0
 4  0      0 96925520 100588 28561732    0    0     0     0 2210 1754  8  1 91  0  0
 8  0      0 96883192 100588 28597644    0    0     0     0 1904 1522  8  1 91  0  0
 4  0      0 96926128 100596 28561308    0    0     0    96 2155 1409  8  1 91  0  0
 4  0      0 96923768 100596 28560476    0    0     0     0 2124 1730  8  1 90  0  0
 8  0      0 96925888 100596 28561124    0    0     0     0 2122 1453  8  1 91  0  0
 4  0      0 96929336 100596 28560196    0    0     0     0 2002 1501  8  1 91  0  0
 4  0      0 96929568 100596 28561856    0    0     0     0 2073 1731  8  1 91  0  0
 8  0      0 96932000 100596 28560128    0    0     0    16 1814 1354  8  1 91  0  0
 8  0      0 96881936 100596 28603492    0    0     0    16 2355 1602  8  1 91  0  0
 8  0      0 96845648 100596 28634124    0    0     0     0 2095 1847  8  1 91  0  0
 4  0      0 96926704 100596 28561188    0    0     0     0 2024 1310  8  1 91  0  0
 4  0      0 96922320 100600 28560604    0    0     0    44 2236 1755  8  1 91  0  0
 8  0      0 96920128 100600 28561496    0    0     0     0 2036 1447  8  1 91  0  0
procs -----------memory---------- ---swap-- -----io---- -system-- ------cpu-----
 r  b   swpd   free   buff  cache   si   so    bi    bo   in   cs us sy id wa st
 4  0      0 96921264 100600 28561016    0    0     0     0 2040 1504  8  1 91  0  0
 5  0      0 96912400 100600 28571104    0    0     0     0 2070 1752  9  1 90  0  0
 8  0      0 96918464 100600 28560760    0    0     0     0 1909 1380  8  1 91  0  0
 4  0      0 96917728 100600 28561348    0    0     0     0 2151 1664  8  1 90  0  0
 8  0      0 96863920 100604 28618460    0    0     0    28 2066 1666  8  1 90  0  0
 4  0      0 96918256 100604 28561348    0    0     0     0 2122 1375  8  1 91  0  0
 8  0      0 96918880 100604 28560820    0    0     0     0 1981 1478  8  1 91  0  0
 8  0      0 96921152 100604 28560528    0    0     0     0 2249 1715  8  1 90  0  0
 4  0      0 96920752 100604 28560880    0    0     0     0 2069 1497  8  1 91  0  0
 4  0      0 96917104 100604 28562264    0    0     0    32 2219 1731  8  1 90  0  0
 8  0      0 96916872 100604 28560668    0    0     0     0 2025 1357  8  1 91  0  0
 4  0      0 96916400 100604 28561064    0    0     0   196 2215 1707  8  1 91  0  0
 8  0      0 96862184 100604 28618636    0    0     0     0 1965 1662  8  1 91  0  0
 4  0      0 96919160 100604 28561024    0    0     0     0 2114 1371  8  1 91  0  0
 4  0      0 96917600 100604 28562000    0    0     0    24 2180 1626  9  1 90  0  0
 8  0      0 96919424 100608 28561044    0    0     0     8 2202 1623  8  1 91  0  0
 4  0      0 96916864 100608 28561568    0    0     0     0 2204 1553  8  1 90  0  0
 4  0      0 96915656 100608 28560800    0    0     0     0 1997 1331  8  1 91  0  0
 8  0      0 96914384 100608 28561380    0    0     0     0 2182 1816  9  1 90  0  0
 4  0      0 96915312 100612 28561508    0    0     0    56 2299 1637  9  1 90  0  0
 7  0      0 96906560 100612 28571756    0    0     0     0 2029 1536  9  1 90  0  0
procs -----------memory---------- ---swap-- -----io---- -system-- ------cpu-----
 r  b   swpd   free   buff  cache   si   so    bi    bo   in   cs us sy id wa st
 4  0      0 96915616 100612 28561692    0    0     0     0 2178 1583  8  1 90  0  0
 4  0      0 96919744 100612 28562008    0    0     0     0 2084 1593  9  1 90  0  0
 8  0      0 96918608 100612 28561016    0    0     0     0 2166 1577  8  1 90  0  0
 4  0      0 96918784 100616 28561416    0    0     0    32 2048 1553  8  1 91  0  0
 4  0      0 96917696 100616 28561264    0    0     0     4 2175 1639  8  1 90  0  0
 8  0      0 96922408 100616 28561356    0    0     0     0 1948 1489  8  1 91  0  0
 4  0      0 96921592 100616 28561164    0    0     0     0 2114 1602  8  1 91  0  0
 4  0      0 96919184 100616 28560400    0    0     0     0 1892 1289  8  1 91  0  0
 4  0      0 96915056 100620 28561252    0    0     0    36 2190 1722  8  1 91  0  0
 4  0      0 96914320 100620 28561516    0    0     0     4 2067 1550  8  1 91  0  0
 8  0      0 96920096 100620 28560316    0    0     0     0 2058 1579  8  1 91  0  0
 4  0      0 96919280 100620 28561120    0    0     0     0 2001 1533  8  1 91  0  0
 5  0      0 96898384 100620 28577900    0    0     0     0 2117 1633  8  1 91  0  0
 4  0      0 96920384 100624 28560736    0    0     0    16 2063 1480  8  1 91  0  0
 4  0      0 96919640 100624 28560900    0    0     0     0 2256 1685  8  1 90  0  0
 8  0      0 96862704 100624 28617196    0    0     0     0 1981 1537  8  1 91  0  0
 4  0      0 96918656 100624 28561448    0    0     0     0 2094 1488  8  1 91  0  0
 4  0      0 96918912 100624 28561340    0    0     0     0 2064 1565  8  1 91  0  0
 4  0      0 96918736 100624 28559980    0    0     0    28 2022 1427  8  1 91  0  0
 4  0      0 96920016 100624 28560884    0    0     0     0 2118 1725  8  1 91  0  0
 4  0      0 96919248 100624 28561576    0    0     0     0 2102 1597  8  1 91  0  0
procs -----------memory---------- ---swap-- -----io---- -system-- ------cpu-----
 r  b   swpd   free   buff  cache   si   so    bi    bo   in   cs us sy id wa st
 8  0      0 96919344 100624 28559684    0    0     0     0 1899 1523  8  1 91  0  0
 4  0      0 96918608 100624 28560788    0    0     0     0 2278 1616  9  1 90  0  0
 7  0      0 96894768 100624 28586540    0    0     0    92 2087 1484  8  1 90  0  0
 4  0      0 96920880 100624 28560584    0    0     0     0 2210 1576  8  1 91  0  0
 5  0      0 96919304 100624 28562184    0    0     0    88 2232 1685  9  1 90  0  0
 8  0      0 96919088 100624 28560120    0    0     0     0 2125 1445  8  1 90  0  0
 4  0      0 96916520 100624 28561876    0    0     0     0 2092 1646  8  1 90  0  0
 6  0      0 96892080 100624 28586660    0    0     0    32 2221 1586  9  1 90  0  0
 4  0      0 96912976 100624 28560644    0    0     0     0 2025 1385  8  1 91  0  0
 4  0      0 96912968 100624 28561200    0    0     0     4 2284 1843  8  1 90  0  0
 8  0      0 96843176 100624 28634548    0    0     0     0 1999 1635  8  1 91  0  0
 4  0      0 96916976 100624 28561360    0    0     0     0 2043 1455  8  1 91  0  0
 4  0      0 96915872 100624 28562428    0    0     0    16 2429 1700  8  1 90  0  0
 8  0      0 96918544 100624 28560652    0    0     0     0 2616 1617  8  1 91  0  0
 4  0      0 96918984 100624 28560656    0    0     0     8 2551 1743  8  1 91  0  0
 5  0      0 96896656 100624 28579500    0    0     0     0 2581 1733  8  1 91  0  0
 4  0      0 96914224 100624 28560616    0    0     0     0 2423 1469  8  1 91  0  0
 4  0      0 96920232 100624 28560884    0    0     0    44 2555 1922  9  1 90  0  0
 8  0      0 96895104 100624 28579488    0    0     0     4 2076 1467  9  1 90  0  0
 4  0      0 96910624 100624 28560316    0    0     0     8 2268 1536  8  1 91  0  0
 4  0      0 96915024 100624 28560388    0    0     0     0 2150 1821  8  1 90  0  0
procs -----------memory---------- ---swap-- -----io---- -system-- ------cpu-----
 r  b   swpd   free   buff  cache   si   so    bi    bo   in   cs us sy id wa st
 8  0      0 96911424 100624 28561340    0    0     0     0 2034 1460  8  1 91  0  0
 8  0      0 96858632 100624 28615924    0    0     0    36 2014 1578  8  1 91  0  0
 4  0      0 96915032 100624 28561848    0    0     0     0 2153 1682  8  1 91  0  0
 4  0      0 96916536 100624 28560920    0    0     0     0 1876 1309  8  1 91  0  0
 4  0      0 96915544 100624 28561232    0    0     0     0 2236 1868  8  1 90  0  0
 8  0      0 96883840 100624 28592428    0    0     0     0 2028 1370  8  1 90  0  0
 4  0      0 96915368 100624 28560904    0    0     0    32 2242 1575  8  1 91  0  0
 4  0      0 96915944 100624 28561396    0    0     0     0 2226 1719  9  1 90  0  0
 8  0      0 96916768 100624 28560868    0    0     0     0 2122 1492  8  1 91  0  0
 4  0      0 96916896 100624 28560836    0    0     0     0 1989 1550  8  1 91  0  0
 4  0      0 96916072 100624 28561680    0    0     0     0 2067 1720  8  1 91  0  0
 4  0      0 96914816 100624 28560852    0    0     0    32 1896 1329  8  1 91  0  0
 8  0      0 96909384 100624 28568476    0    0     0     0 2016 1525  8  1 91  0  0
 8  0      0 96842504 100624 28634832    0    0     0     0 2238 1759  8  1 91  0  0
 7  0      0 96913952 100624 28560704    0    0     0   328 2402 1506  8  1 91  0  0
 4  0      0 96912560 100624 28560772    0    0     0     0 2715 1884  8  1 90  0  0
 8  0      0 96910688 100628 28560652    0    0     0    36 2528 1599  8  1 91  0  0
 4  0      0 96913200 100628 28560784    0    0     0    36 2447 1630  8  1 91  0  0
 7  0      0 96875456 100628 28597716    0    0     0     0 2559 1817  8  1 90  0  0
 4  0      0 96917392 100628 28561288    0    0     0     0 2316 1426  8  1 91  0  0
 4  0      0 96917296 100628 28561324    0    0     0     8 2207 1772  9  1 90  0  0
procs -----------memory---------- ---swap-- -----io---- -system-- ------cpu-----
 r  b   swpd   free   buff  cache   si   so    bi    bo   in   cs us sy id wa st
 8  0      0 96854024 100632 28617120    0    0     0    52 2031 1673  8  1 91  0  0
 4  0      0 96912816 100632 28560900    0    0     0     0 2045 1370  8  1 91  0  0
 8  0      0 96911040 100632 28561236    0    0     0     0 2099 1487  8  1 91  0  0
 8  0      0 96909008 100632 28561364    0    0     0    12 2684 1836  9  1 90  0  0
 4  0      0 96905520 100632 28560920    0    0     0     0 2267 1573  9  1 90  0  0
 6  0      0 96869096 100632 28599312    0    0     0    48 2192 1714  8  1 90  0  0
 4  0      0 96907792 100632 28560652    0    0     0     0 2229 1331  8  1 91  0  0
 4  0      0 96909616 100632 28560556    0    0     0     0 2257 1672  8  1 90  0  0
 8  0      0 96869328 100632 28598464    0    0     0    16 2110 1514  8  1 91  0  0
 4  0      0 96905872 100632 28562044    0    0     0     0 2079 1555  8  1 91  0  0
 4  0      0 96908544 100632 28562140    0    0     0    32 2323 1672  9  1 90  0  0
 8  0      0 96911920 100632 28561040    0    0     0     0 2126 1615  8  1 91  0  0
 4  0      0 96910128 100632 28561192    0    0     0     0 2227 1580  8  1 90  0  0
 4  0      0 96908720 100632 28560764    0    0     0     0 1971 1337  8  1 91  0  0
 4  0      0 96907928 100632 28561692    0    0     0     0 2163 1735  8  1 91  0  0
 4  0      0 96907480 100632 28561232    0    0     0    32 2092 1688  8  1 91  0  0
 8  0      0 96885696 100632 28580548    0    0     0     0 2065 1547  8  1 91  0  0
 4  0      0 96914192 100632 28561184    0    0     0     0 2096 1549  8  1 90  0  0
 4  0      0 96912832 100632 28562004    0    0     0     0 2191 1621  9  1 90  0  0
 8  0      0 96913640 100632 28562040    0    0     0     0 2305 1620  8  1 91  0  0
 4  0      0 96912360 100632 28561748    0    0     0    32 2429 1679  8  1 90  0  0
procs -----------memory---------- ---swap-- -----io---- -system-- ------cpu-----
 r  b   swpd   free   buff  cache   si   so    bi    bo   in   cs us sy id wa st
 6  0      0 96871600 100632 28599108    0    0     0     0 2164 1635  9  1 90  0  0
 5  0      0 96906704 100632 28560844    0    0     0     0 2106 1475  8  1 91  0  0
 4  0      0 96906480 100632 28561272    0    0     0     0 2254 1643  9  1 90  0  0
 4  0      0 96909904 100632 28561744    0    0     0   488 2017 1421  8  1 91  0  0
 4  0      0 96910824 100632 28561168    0    0     0    48 2013 1720  8  1 91  0  0
 4  0      0 96909824 100632 28560216    0    0     0     0 2091 1618  8  1 91  0  0
 8  0      0 96906920 100632 28561896    0    0     0     0 1994 1592  8  1 91  0  0
 4  0      0 96911288 100632 28560960    0    0     0     0 2064 1554  8  1 91  0  0
 4  0      0 96909952 100632 28560940    0    0     0    16 1908 1607  8  1 91  0  0
 4  0      0 96912840 100632 28561388    0    0     0    40 1890 1439  8  1 91  0  0
 4  0      0 96911872 100632 28560808    0    0     0    84 2097 1616  8  1 91  0  0
 8  0      0 96835960 100632 28636112    0    0     0     0 1916 1550  8  1 91  0  0
 4  0      0 96909456 100632 28560532    0    0     0     0 1967 1418  8  1 91  0  0
 4  0      0 96906208 100632 28561572    0    0     0     4 2044 1592  8  1 91  0  0
 4  0      0 96908328 100636 28560716    0    0     0    16 1826 1387  8  1 91  0  0
 4  0      0 96907480 100636 28561120    0    0     0     0 2096 1679  8  1 91  0  0
 4  0      0 96906144 100636 28560740    0    0     0     0 2043 1574  8  1 91  0  0
 8  0      0 96910656 100636 28561224    0    0     0     0 1919 1493  8  1 91  0  0
 4  0      0 96909296 100636 28560444    0    0     0    16 2039 1643  8  1 91  0  0
 8  0      0 96832608 100636 28627940    0    0     0    48 1918 1621  8  1 91  0  0
 4  0      0 96905096 100636 28561252    0    0     0     0 1924 1434  8  1 91  0  0
procs -----------memory---------- ---swap-- -----io---- -system-- ------cpu-----
 r  b   swpd   free   buff  cache   si   so    bi    bo   in   cs us sy id wa st
 4  0      0 96905360 100636 28561148    0    0     0     0 2107 1632  8  1 91  0  0
 8  0      0 96906784 100636 28561072    0    0     0     0 1925 1432  8  1 91  0  0
 4  0      0 96901232 100636 28562772    0    0     0     8 2143 1672  8  1 91  0  0
 4  0      0 96901616 100636 28561840    0    0     0    28 2111 1616  8  1 90  0  0
 4  0      0 96905504 100636 28560928    0    0     0     0 1974 1359  8  1 91  0  0
 4  0      0 96905216 100636 28560464    0    0     0     0 2138 1795  8  1 91  0  0
 6  0      0 96896720 100636 28571016    0    0     0     0 2073 1604  8  1 91  0  0
 4  0      0 96906624 100636 28560988    0    0     0     0 1914 1470  8  1 91  0  0
 4  0      0 96906048 100644 28560872    0    0     0    16 2136 1694  8  1 91  0  0
 8  0      0 96896144 100644 28572612    0    0     0     0 1931 1449  8  1 91  0  0
 4  0      0 96906208 100644 28560936    0    0     0     0 2115 1679  8  1 91  0  0
 4  0      0 96905280 100644 28561344    0    0     0     0 2127 1574  8  1 90  0  0
 8  0      0 96903984 100644 28561040    0    0     0     0 2038 1392  8  1 91  0  0
 4  0      0 96903504 100644 28561596    0    0     0    36 2193 1815  8  1 90  0  0
 8  0      0 96844408 100644 28629844    0    0     0     0 2009 1559  8  1 91  0  0
 4  0      0 96912368 100644 28560660    0    0     0     0 1955 1362  8  1 91  0  0
 4  0      0 96910720 100644 28562316    0    0     0     0 2281 1795  8  1 90  0  0
 8  0      0 96910216 100644 28561668    0    0     0     0 2159 1535  8  1 91  0  0
 4  0      0 96909360 100644 28562396    0    0     0    32 2119 1737  8  1 91  0  0
 4  0      0 96912656 100644 28561384    0    0     0     0 2094 1626  8  1 91  0  0
 8  0      0 96914608 100644 28561180    0    0     0     0 1966 1423  8  1 91  0  0
procs -----------memory---------- ---swap-- -----io---- -system-- ------cpu-----
 r  b   swpd   free   buff  cache   si   so    bi    bo   in   cs us sy id wa st
 4  0      0 96913856 100644 28561216    0    0     0     0 2095 1707  8  1 91  0  0
 8  0      0 96862296 100644 28605844    0    0     0     0 2212 1577  8  1 91  0  0
 4  0      0 96913968 100644 28561844    0    0     0    72 2009 1292  8  1 91  0  0
 4  0      0 96908152 100644 28561720    0    0     0    92 2148 1728  8  1 91  0  0
 8  0      0 96913816 100644 28561304    0    0     0     0 1972 1418  8  1 91  0  0
 4  0      0 96912256 100644 28561216    0    0     0   224 2054 1574  8  1 91  0  0
 4  0      0 96912232 100644 28562196    0    0     0     0 2059 1698  9  1 90  0  0
 8  0      0 96908592 100644 28561528    0    0     0    24 2143 1477  8  1 91  0  0
 8  0      0 96868248 100644 28604520    0    0     0     0 2108 1550  8  1 90  0  0
 5  0      0 96905392 100644 28570524    0    0     0     0 2227 1720  8  1 90  0  0
 4  0      0 96912192 100644 28561312    0    0     0     0 1985 1384  8  1 91  0  0
 4  0      0 96908944 100644 28561732    0    0     0    16 2531 1737  8  1 90  0  0
 8  0      0 96895056 100644 28580868    0    0     0    44 2073 1434  8  1 91  0  0
 4  0      0 96912656 100644 28561048    0    0     0     0 2064 1642  8  1 91  0  0
 4  0      0 96911888 100644 28560640    0    0     0     0 2029 1680  8  1 91  0  0
 8  0      0 96913328 100644 28561468    0    0     0     0 1897 1348  8  1 91  0  0
 4  0      0 96911416 100644 28560920    0    0     0     0 2059 1586  8  1 91  0  0
 6  0      0 96904184 100644 28573772    0    0     0    32 2185 1645  9  1 90  0  0
 4  0      0 96913072 100644 28560872    0    0     0     0 2217 1486  8  1 90  0  0
 8  0      0 96913024 100644 28560420    0    0     0     0 2052 1461  9  1 90  0  0
 8  0      0 96910424 100644 28560788    0    0     0     0 2242 1673  9  1 90  0  0
procs -----------memory---------- ---swap-- -----io---- -system-- ------cpu-----
 r  b   swpd   free   buff  cache   si   so    bi    bo   in   cs us sy id wa st
 4  0      0 96909984 100644 28561236    0    0     0     0 2178 1525  9  1 90  0  0
 4  0      0 96911568 100644 28560996    0    0     0    48 2187 1738  9  1 90  0  0
 8  0      0 96912984 100644 28560868    0    0     0     0 2098 1418  8  1 91  0  0
 4  0      0 96911392 100644 28561500    0    0     0     0 2214 1634  9  1 90  0  0
 4  0      0 96910600 100644 28561984    0    0     0     0 2045 1681  8  1 90  0  0
 4  0      0 96913480 100644 28560808    0    0     0     0 1902 1291  8  1 91  0  0
 4  0      0 96914200 100644 28561704    0    0     0    32 2303 1655  8  1 91  0  0
 8  0      0 96861168 100644 28619272    0    0     0     0 2068 1588  8  1 91  0  0
 4  0      0 96915464 100644 28560656    0    0     0     0 2082 1498  8  1 91  0  0
 8  0      0 96909264 100644 28560792    0    0     0     0 1983 1472  8  1 91  0  0
 8  0      0 96913272 100644 28560728    0    0     0     8 2153 1640  8  1 91  0  0
 4  0      0 96912960 100644 28560792    0    0     0    32 2212 1610  8  1 91  0  0
 4  0      0 96914960 100644 28562448    0    0     0     0 2176 1693  8  1 91  0  0
 4  0      0 96912352 100644 28560664    0    0     0     0 1933 1298  8  1 91  0  0
 4  0      0 96909152 100644 28561100    0    0     0     0 2201 1614  8  1 91  0  0
 8  0      0 96837392 100644 28635240    0    0     0     0 2094 1628  8  1 91  0  0
 4  0      0 96910672 100648 28560704    0    0     0    96 2083 1533  8  1 91  0  0
 4  0      0 96910240 100648 28560208    0    0     0     0 2168 1623  8  1 91  0  0
 8  0      0 96908480 100648 28560700    0    0     0     0 2020 1525  8  1 91  0  0
 5  0      0 96910752 100648 28561036    0    0     0     0 2054 1630  8  1 91  0  0
 4  0      0 96914224 100648 28560780    0    0     0   232 2169 1399  8  1 91  0  0
procs -----------memory---------- ---swap-- -----io---- -system-- ------cpu-----
 r  b   swpd   free   buff  cache   si   so    bi    bo   in   cs us sy id wa st
 4  0      0 96912416 100648 28560828    0    0     0    60 2221 1766  8  1 90  0  0
 4  0      0 96911472 100648 28560660    0    0     0     0 2228 1631  9  1 90  0  0
 8  0      0 96874504 100648 28598036    0    0     0     0 2145 1677  8  1 90  0  0
 4  0      0 96910208 100648 28560724    0    0     0     0 2095 1432  8  1 91  0  0
 4  0      0 96910048 100648 28560448    0    0     0     0 2089 1565  8  1 91  0  0
 8  0      0 96911408 100652 28560668    0    0     0    52 2057 1551  8  1 91  0  0
 4  0      0 96911568 100652 28560516    0    0     0     0 2189 1646  8  1 90  0  0
 6  0      0 96874800 100652 28598292    0    0     0     0 2180 1594  9  1 90  0  0
 8  0      0 96915608 100652 28560956    0    0     0     0 2054 1477  8  1 91  0  0
 4  0      0 96915264 100652 28561116    0    0     0     0 2259 1598  9  1 90  0  0
 4  0      0 96913328 100652 28560592    0    0     0    28 2053 1407  8  1 91  0  0
 4  0      0 96912064 100652 28560952    0    0     0     0 2174 1703  8  1 90  0  0
 4  0      0 96911344 100652 28560748    0    0     0     0 2128 1518  8  1 91  0  0
 8  0      0 96912672 100652 28560700    0    0     0     0 1954 1511  8  1 91  0  0
 4  0      0 96911360 100652 28560208    0    0     0     0 2067 1633  8  1 91  0  0
 4  0      0 96915200 100656 28561292    0    0     0    16 2040 1577  8  1 91  0  0
 8  0      0 96914008 100656 28560720    0    0     0     0 1962 1528  8  1 91  0  0
 4  0      0 96912896 100656 28560640    0    0     0     0 2321 1606  9  1 90  0  0
 6  0      0 96913392 100656 28561452    0    0     0     0 2123 1561  8  1 90  0  0
 4  0      0 96911312 100656 28560880    0    0     0     0 2145 1537  8  1 91  0  0
 4  0      0 96912256 100660 28561024    0    0     0    32 2268 1594  9  1 90  0  0
procs -----------memory---------- ---swap-- -----io---- -system-- ------cpu-----
 r  b   swpd   free   buff  cache   si   so    bi    bo   in   cs us sy id wa st
 4  0      0 96844912 100660 28626224    0    0     0     0 1989 1369  8  1 91  0  0
 4  0      0 96963400 100660 28626216    0    0     0     0 2138 1364  6  1 93  0  0
 4  0      0 95052288 100660 28626244    0    0     0     0 1393  366  6  2 93  0  0
 7  0      0 92232504 100660 30983064    0    0     0     0 2536  563  4  4 93  0  0
 8  0      0 89452160 100664 33735172    0    0     0    96 3443 1082  8  6 86  0  0
 8  0      0 88071600 100664 34454912    0    0     0     0 2574 1439 10  4 86  0  0
 8  0      0 88351216 100664 34598228    0    0     0     0 4626 1093 13  3 84  0  0
 8  0      0 89027936 100664 33225012    0    0     0     0 3273 1066 12  3 85  0  0
13  0      0 88902992 100664 33819896    0    0     0     0 4419 1359 12  5 82  0  0
10  0      0 89796824 100664 32830580    0    0     0   324 3093 1206 14  1 85  0  0
14  0      0 87531376 100664 35186324    0    0     0     8 4005 1355 11  5 84  0  0
 9  0      0 89894096 100664 32831060    0    0     0     0 3381 1044 14  3 83  0  0
 9  0      0 87684160 100664 34684712    0    0     0     0 3077  942 11  4 85  0  0
 8  0      0 89895200 100664 32831176    0    0     0     0 4504 1519 14  4 82  0  0
 8  0      0 88599816 100668 33649936    0    0     0    44 2711  933 12  3 85  0  0
 9  0      0 89303504 100668 33420956    0    0     0     8 4675 1575 13  5 82  0  0
 8  0      0 89004080 100668 33431956    0    0     0     0 2864 1107 13  2 85  0  0
 9  0      0 88619640 100668 33981712    0    0     0     0 4176 1461 12  5 83  0  0
 8  0      0 89322672 100668 33164600    0    0     0     0 3340 1204 14  3 84  0  0
 9  0      0 88246744 100672 34238500    0    0     0    24 3720 1114 12  4 84  0  0
10  0      0 89701664 100672 32902504    0    0     0     4 3844 1378 14  3 83  0  0
procs -----------memory---------- ---swap-- -----io---- -system-- ------cpu-----
 r  b   swpd   free   buff  cache   si   so    bi    bo   in   cs us sy id wa st
 9  0      0 88679000 100672 33805576    0    0     0     0 3637 1213 12  4 84  0  0
11  0      0 89328736 100672 33276768    0    0     0     0 4260 1535 14  4 82  0  0
 8  0      0 89101680 100672 33315576    0    0     0     0 3431 1164 12  3 85  0  0
 5  0      0 89300432 100672 33420820    0    0     0    36 2847 1365  9  4 88  0  0
 4  0      0 89888416 100672 32830900    0    0     0     0 2377 1071  7  1 92  0  0
 5  0      0 89888664 100672 32830900    0    0     0     0 2197 1097  7  1 92  0  0
 8  0      0 92815288 100676 32873764    0    0     0     0 4008 2928  7  2 91  0  0
 8  0      0 92787024 100676 32904876    0    0     0     4 2146 1879  8  1 90  0  0
 4  0      0 92859008 100676 32830556    0    0     0    96 2183 1393  8  1 91  0  0
 4  0      0 92858960 100676 32830156    0    0     0     0 2156 1718  8  1 91  0  0
 8  0      0 92860400 100676 32830732    0    0     0     0 2075 1338  8  1 91  0  0
 4  0      0 92859536 100676 32830524    0    0     0     0 2142 1552  8  1 91  0  0
 4  0      0 92857776 100676 32830116    0    0     0     0 2719 1894  8  1 91  0  0
 8  0      0 92853776 100676 32830560    0    0     0    32 1987 1393  8  1 91  0  0
 4  0      0 92852736 100676 32830928    0    0     0     4 2089 1562  8  1 91  0  0
 8  0      0 92801000 100676 32883520    0    0     0     0 1993 1758  8  1 91  0  0
 4  0      0 92851640 100676 32830268    0    0     0     0 1986 1396  8  1 91  0  0
 8  0      0 92854656 100676 32829016    0    0     0     4 1887 1448  8  1 91  0  0
 8  0      0 92853872 100676 32830444    0    0     0    44 2206 1628  8  1 91  0  0
 4  0      0 92852792 100676 32830484    0    0     0     0 2008 1482  8  1 91  0  0
 4  0      0 92856112 100676 32830564    0    0     0     0 2183 1741  8  1 91  0  0
procs -----------memory---------- ---swap-- -----io---- -system-- ------cpu-----
 r  b   swpd   free   buff  cache   si   so    bi    bo   in   cs us sy id wa st
 9  0      0 92856928 100676 32830084    0    0     0    84 1865 1322  8  1 91  0  0
 4  0      0 92855920 100676 32830144    0    0     0   284 2302 1593  8  1 91  0  0
 8  0      0 92799296 100676 32881868    0    0     0    28 2058 1678  8  1 91  0  0
 4  0      0 92852808 100676 32829792    0    0     0   124 2338 1510  8  1 91  0  0
 4  0      0 92851280 100676 32830512    0    0     0    16 2151 1555  8  1 91  0  0
 8  0      0 92851720 100676 32829872    0    0     0     0 2118 1543  8  1 90  0  0
 4  0      0 92853200 100676 32830160    0    0     0     0 2200 1535  8  1 91  0  0
 4  0      0 92854320 100680 32830180    0    0     0    52 2112 1374  8  1 91  0  0
 8  0      0 92855232 100680 32830360    0    0     0     0 2167 1762  8  1 90  0  0
 4  0      0 92853968 100680 32830012    0    0     0     0 2149 1515  8  1 91  0  0
 6  0      0 92835408 100680 32846740    0    0     0     0 2145 1730  8  1 91  0  0
 4  0      0 92856160 100680 32829904    0    0     0     0 2067 1409  8  1 91  0  0
 4  0      0 92854048 100684 32831172    0    0     0    16 2026 1609  8  1 91  0  0
 8  0      0 92849328 100684 32830520    0    0     0     0 2185 1536  8  1 91  0  0
 4  0      0 92848728 100684 32830672    0    0     0     0 2332 1626  8  1 90  0  0
 6  0      0 92812360 100684 32868668    0    0     0     0 2332 1716  9  1 90  0  0
 8  0      0 92852288 100684 32830908    0    0     0     0 2084 1544  8  1 91  0  0
 4  0      0 92852192 100684 32830188    0    0     0    36 2211 1552  9  1 90  0  0
 4  0      0 92854096 100684 32831016    0    0     0     0 2211 1414  8  1 91  0  0
 4  0      0 92854744 100684 32830536    0    0     0     8 2498 1893  9  1 90  0  0
 5  0      0 92853872 100684 32830424    0    0     0     0 2177 1593  8  1 90  0  0
procs -----------memory---------- ---swap-- -----io---- -system-- ------cpu-----
 r  b   swpd   free   buff  cache   si   so    bi    bo   in   cs us sy id wa st
 8  0      0 92853536 100684 32829920    0    0     0     0 2065 1516  8  1 91  0  0
 4  0      0 92857648 100684 32830920    0    0     0    48 2267 1597  8  1 90  0  0
 5  0      0 92836304 100684 32849240    0    0     0     0 2331 1663  8  1 90  0  0
 4  0      0 92855000 100684 32830612    0    0     0     4 2087 1467  8  1 91  0  0
 4  0      0 92849640 100684 32831140    0    0     0     0 2344 1644  8  1 90  0  0
 8  0      0 92797040 100684 32885836    0    0     0     0 1961 1539  8  1 91  0  0
 4  0      0 92848208 100684 32831096    0    0     0    32 2173 1607  8  1 91  0  0
 4  0      0 92849320 100684 32830628    0    0     0     0 2132 1605  8  1 90  0  0
 4  0      0 92850432 100684 32831008    0    0     0     0 1936 1317  8  1 91  0  0
 4  0      0 92851088 100684 32831224    0    0     0     0 2154 1773  8  1 90  0  0
 5  0      0 92832432 100684 32849704    0    0     0     0 2273 1640  8  1 90  0  0
 4  0      0 92850896 100684 32830116    0    0     0    16 2025 1491  8  1 91  0  0
 4  0      0 92847896 100684 32830948    0    0     0     0 2263 1566  8  1 90  0  0
 8  0      0 92798224 100684 32887080    0    0     0    12 2064 1587  8  1 91  0  0
 4  0      0 92851248 100684 32830784    0    0     0     0 2151 1582  8  1 91  0  0
 4  0      0 92850960 100684 32831132    0    0     0     0 2132 1559  8  1 90  0  0
 8  0      0 92848392 100688 32830644    0    0     0    28 2075 1395  8  1 91  0  0
 4  0      0 92851728 100688 32831068    0    0     0    84 2119 1696  8  1 91  0  0
 4  0      0 92852160 100688 32832116    0    0     0     4 2192 1685  8  1 90  0  0
 4  0      0 92849008 100688 32831984    0    0     0     0 1857 1294  8  1 91  0  0
 4  0      0 92849656 100688 32830464    0    0     0     0 2259 1700  9  1 90  0  0
procs -----------memory---------- ---swap-- -----io---- -system-- ------cpu-----
 r  b   swpd   free   buff  cache   si   so    bi    bo   in   cs us sy id wa st
 8  0      0 92812992 100692 32868396    0    0     0    28 2066 1558  9  1 90  0  0
 4  0      0 92845104 100692 32831744    0    0     0     0 2246 1751  8  1 91  0  0
 4  0      0 92845224 100692 32831324    0    0     0     0 2034 1550  8  1 91  0  0
 8  0      0 92846688 100692 32830932    0    0     0     0 2013 1341  8  1 91  0  0
 4  0      0 92846768 100696 32831292    0    0     0   236 2138 1797  8  1 91  0  0
 6  0      0 92808992 100696 32869364    0    0     0   104 2293 1717  9  1 90  0  0
 8  0      0 92846288 100696 32831268    0    0     0     0 2037 1376  8  1 91  0  0
 4  0      0 92846136 100696 32831076    0    0     0     0 2166 1618  9  1 90  0  0
 8  0      0 92839712 100696 32840764    0    0     0     0 2114 1377  9  1 90  0  0
 4  0      0 92846544 100696 32831152    0    0     0     0 2150 1582  8  2 90  0  0
 4  0      0 92844576 100696 32832372    0    0     0     4 2219 1676  9  1 90  0  0
 8  0      0 92845776 100696 32831012    0    0     0    40 2148 1361  9  1 90  0  0
 6  0      0 92809976 100696 32868224    0    0     0     0 2108 1539  9  1 90  0  0
 6  0      0 92827248 100696 32851328    0    0     0     8 2391 1777  9  1 90  0  0
 8  0      0 92849968 100696 32831300    0    0     0     0 1970 1417  8  1 91  0  0
 4  0      0 92842832 100696 32831176    0    0     0     0 2216 1675  8  1 90  0  0
 4  0      0 92839584 100696 32832644    0    0     0    28 2040 1626  8  1 91  0  0
 4  0      0 92844872 100696 32830924    0    0     0     0 2045 1370  8  1 91  0  0
 4  0      0 92842872 100696 32832788    0    0     0     0 2159 1688  9  1 90  0  0
 8  0      0 92844896 100696 32831108    0    0     0     0 2064 1412  8  1 91  0  0
 4  0      0 92844064 100696 32830672    0    0     0     0 2186 1626  8  1 90  0  0
procs -----------memory---------- ---swap-- -----io---- -system-- ------cpu-----
 r  b   swpd   free   buff  cache   si   so    bi    bo   in   cs us sy id wa st
 5  0      0 92832320 100700 32840552    0    0     0    16 2334 1819  9  1 90  0  0
 8  0      0 92841000 100700 32831024    0    0     0     0 2189 1437  8  1 91  0  0
 8  0      0 92807200 100700 32863700    0    0     0     4 2229 1429  9  1 90  0  0
 6  0      0 92824816 100700 32847876    0    0     0     0 2308 1953  9  1 90  0  0
 4  0      0 92845736 100700 32831524    0    0     0     0 2122 1366  8  1 91  0  0
 4  0      0 92842624 100704 32830376    0    0     0    32 2151 1737  8  1 90  0  0
 8  0      0 92841296 100704 32835756    0    0     0     0 2063 1453  8  1 90  0  0
 4  0      0 92844608 100704 32830496    0    0     0     8 2141 1639  8  1 90  0  0
 4  0      0 92845696 100704 32830456    0    0     0     0 2165 1822  8  1 90  0  0
 8  0      0 92850480 100704 32831296    0    0     0     0 1938 1359  8  1 91  0  0
 4  0      0 92842880 100704 32830328    0    0     0    72 2312 1622  8  1 91  0  0
 4  0      0 92845104 100704 32832612    0    0     0     0 2068 1769  8  1 91  0  0
 4  0      0 92848432 100704 32830820    0    0     0     0 2048 1395  8  1 91  0  0
 8  0      0 92847104 100704 32830732    0    0     0     0 1840 1468  8  1 91  0  0
 8  0      0 92829744 100704 32850744    0    0     0     0 2149 1665  8  1 90  0  0
 4  0      0 92846960 100708 32830816    0    0     0    80 1969 1579  8  1 91  0  0
 4  0      0 92844624 100708 32831328    0    0     0     0 2104 1746  8  1 91  0  0
 8  0      0 92847304 100708 32830924    0    0     0     0 1944 1387  8  1 91  0  0
 4  0      0 92847248 100708 32830052    0    0     0     0 2125 1531  8  1 91  0  0
 6  0      0 92825584 100708 32853680    0    0     0     0 2088 1749  8  1 90  0  0
 4  0      0 92850976 100708 32831468    0    0     0    24 2061 1436  8  1 91  0  0
procs -----------memory---------- ---swap-- -----io---- -system-- ------cpu-----
 r  b   swpd   free   buff  cache   si   so    bi    bo   in   cs us sy id wa st
 4  0      0 92848480 100708 32830620    0    0     0     0 2122 1532  8  1 91  0  0
 8  0      0 92845088 100708 32832848    0    0     0     0 2044 1484  8  1 91  0  0
 4  0      0 92844208 100708 32830760    0    0     0     0 2022 1605  8  1 91  0  0
 4  0      0 92842784 100708 32831156    0    0     0     0 2060 1394  8  1 91  0  0
 8  0      0 92843232 100708 32831820    0    0     0    32 2106 1780  8  1 90  0  0
 4  0      0 92842696 100708 32829844    0    0     0     0 2232 1518  8  1 90  0  0
 7  0      0 92835424 100708 32840200    0    0     0     0 2153 1664  9  1 90  0  0
 4  0      0 92842848 100708 32831684    0    0     0     4 2265 1559  8  1 91  0  0
 4  0      0 92843944 100708 32830108    0    0     0     0 2235 1620  9  1 90  0  0
 8  0      0 92849048 100712 32832596    0    0     0    16 2063 1525  8  1 91  0  0
 4  0      0 92852552 100712 32830728    0    0     0     0 2165 1616  8  1 91  0  0
 4  0      0 92850752 100712 32831560    0    0     0     8 2159 1632  8  1 90  0  0
 8  0      0 92846752 100712 32831332    0    0     0     8 2078 1539  8  1 91  0  0
 4  0      0 92843952 100712 32831236    0    0     0     0 2206 1597  9  1 90  0  0
 4  0      0 92846656 100712 32830772    0    0     0    28 2104 1400  8  1 91  0  0
 4  0      0 92845192 100712 32830544    0    0     0     0 2302 1806  9  1 90  0  0
 4  0      0 92846752 100712 32832092    0    0     0     0 2306 1620  9  1 90  0  0
 8  0      0 92846304 100712 32830428    0    0     0     8 2009 1518  8  1 90  0  0
 4  0      0 92845040 100712 32831212    0    0     0     0 2326 1651  8  1 90  0  0
 5  0      0 92840944 100712 32834124    0    0     0    28 2235 1678  9  1 90  0  0
 8  0      0 92842600 100712 32831720    0    0     0    44 2062 1525  8  1 91  0  0
procs -----------memory---------- ---swap-- -----io---- -system-- ------cpu-----
 r  b   swpd   free   buff  cache   si   so    bi    bo   in   cs us sy id wa st
 4  0      0 92841272 100712 32830392    0    0     0     0 2141 1546  9  1 90  0  0
 8  0      0 92804000 100712 32867820    0    0     0     0 2133 1542  8  1 90  0  0
 4  0      0 92838544 100712 32830720    0    0     0     0 2037 1652  8  1 91  0  0
 4  0      0 92840992 100712 32831120    0    0     0    16 2155 1641  8  1 90  0  0
 4  0      0 92843408 100712 32831404    0    0     0     0 1949 1353  8  1 91  0  0
 4  0      0 92847312 100712 32831188    0    0     0     0 2148 1755  8  1 90  0  0
 5  0      0 92838960 100712 32836624    0    0     0     0 2071 1661  8  1 90  0  0
 8  0      0 92845776 100712 32829960    0    0     0     0 2103 1504  8  1 91  0  0
 4  0      0 92843136 100712 32831200    0    0     0    16 2077 1542  8  1 91  0  0
 9  0      0 92776000 100712 32906116    0    0     0     0 2079 1566  8  1 91  0  0
 4  0      0 92846640 100712 32831804    0    0     0     0 2040 1490  8  1 91  0  0
 4  0      0 92846840 100712 32831892    0    0     0     0 2240 1648  9  1 90  0  0
 8  0      0 92845184 100712 32831720    0    0     0    84 2195 1486  8  1 91  0  0
 4  0      0 92846960 100712 32831296    0    0     0    32 2326 1737  9  1 90  0  0
 8  0      0 92774288 100712 32905332    0    0     0     0 2239 1668  9  2 90  0  0
 4  0      0 92844800 100712 32831600    0    0     0     0 2214 1344  8  1 90  0  0
 4  0      0 92847032 100712 32831216    0    0     0     0 2248 1726  9  1 90  0  0
 8  0      0 92850944 100712 32831432    0    0     0     0 2147 1446  9  1 90  0  0
 4  0      0 92846656 100716 32831132    0    0     0    36 2133 1749  8  1 90  0  0
 4  0      0 92845824 100716 32832216    0    0     0     0 2462 1602  9  1 90  0  0
 8  0      0 92846552 100716 32831004    0    0     0     0 2159 1358  8  1 91  0  0
procs -----------memory---------- ---swap-- -----io---- -system-- ------cpu-----
 r  b   swpd   free   buff  cache   si   so    bi    bo   in   cs us sy id wa st
 4  0      0 92845640 100716 32831048    0    0     0    16 2297 1659  8  1 91  0  0
 5  0      0 92830192 100716 32844480    0    0     0     0 2203 1654  8  1 90  0  0
 6  0      0 92843520 100716 32831416    0    0     0    32 2054 1367  8  1 91  0  0
 4  0      0 92840792 100716 32831048    0    0     0     0 2221 1685  8  1 90  0  0
 8  0      0 92810440 100716 32868688    0    0     0     0 2129 1537  8  1 90  0  0
 4  0      0 92845856 100716 32830404    0    0     0     0 2096 1484  8  1 91  0  0
 4  0      0 92844712 100716 32831740    0    0     0     4 2228 1712  8  1 90  0  0
 8  0      0 92843728 100716 32831036    0    0     0    16 2050 1399  8  1 91  0  0
 6  0      0 92817024 100716 32855516    0    0     0     0 2328 1721  8  1 91  0  0
 5  0      0 92828256 100716 32850224    0    0     0     0 2315 1636  8  1 90  0  0
 4  0      0 92846800 100716 32831192    0    0     0     0 2081 1322  8  1 91  0  0
 4  0      0 92848512 100716 32830552    0    0     0     0 2211 1705  8  1 90  0  0
 8  0      0 92793368 100716 32886684    0    0     0    32 2141 1530  8  1 91  0  0
 4  0      0 92847656 100716 32830152    0    0     0    40 2248 1544  8  1 91  0  0
 4  0      0 92846720 100716 32831044    0    0     0     0 2145 1703  8  1 91  0  0
 8  0      0 92844544 100716 32830644    0    0     0     0 1976 1352  8  1 91  0  0
 4  0      0 92843248 100716 32830752    0    0     0     0 2235 1607  8  1 91  0  0
 4  0      0 92842784 100716 32830872    0    0     0    32 2123 1750  8  1 90  0  0
 4  0      0 92848792 100716 32830000    0    0     0     0 2004 1298  8  1 91  0  0
 8  0      0 92820400 100716 32860248    0    0     0     0 1892 1396  8  1 91  0  0
 8  0      0 92804368 100716 32868040    0    0     0    12 2242 1825  8  1 90  0  0
procs -----------memory---------- ---swap-- -----io---- -system-- ------cpu-----
 r  b   swpd   free   buff  cache   si   so    bi    bo   in   cs us sy id wa st
 4  0      0 92842352 100716 32831620    0    0     0     0 2141 1498  8  1 91  0  0
 4  0      0 92843312 100716 32831720    0    0     0   156 2216 1839  9  1 90  0  0
 8  0      0 92846976 100716 32830948    0    0     0     0 2048 1425  8  1 91  0  0
 4  0      0 92846656 100716 32830596    0    0     0     0 2351 1648  8  1 90  0  0
 6  0      0 92808288 100716 32869052    0    0     0     0 2175 1794  9  1 90  0  0
 4  0      0 92848496 100716 32830272    0    0     0     0 2170 1357  8  1 91  0  0
 4  0      0 92847704 100716 32830908    0    0     0    24 2242 1622  9  1 90  0  0
 8  0      0 92789136 100716 32886400    0    0     0     0 2190 1584  8  1 91  0  0
 4  0      0 92840752 100716 32830824    0    0     0     0 2222 1568  8  1 91  0  0
 8  0      0 92839776 100716 32831248    0    0     0     0 2096 1445  8  1 91  0  0
 8  0      0 92844784 100716 32831576    0    0     0    16 2193 1604  9  1 90  0  0
 4  0      0 92843712 100720 32830480    0    0     0    48 2220 1630  8  1 91  0  0
 4  0      0 92842480 100720 32833012    0    0     0     0 2146 1789  8  1 91  0  0
 4  0      0 92843872 100720 32830144    0    0     0     0 1983 1315  8  1 91  0  0
 4  0      0 92843344 100720 32831756    0    0     0     0 2124 1567  8  1 91  0  0
 8  0      0 92774336 100720 32898628    0    0     0     4 2096 1556  8  1 91  0  0
 4  0      0 92840912 100724 32830968    0    0     0    16 2165 1570  8  1 91  0  0
 4  0      0 92840136 100724 32831580    0    0     0     0 2274 1601  8  1 90  0  0
 8  0      0 92841352 100724 32830900    0    0     0     0 2005 1478  8  1 91  0  0
 4  0      0 92842096 100724 32830440    0    0     0     0 2247 1615  8  1 90  0  0
 4  0      0 92840520 100724 32830888    0    0     0     8 2033 1364  8  1 91  0  0
procs -----------memory---------- ---swap-- -----io---- -system-- ------cpu-----
 r  b   swpd   free   buff  cache   si   so    bi    bo   in   cs us sy id wa st
 4  0      0 92839504 100728 32830932    0    0     0    28 2236 1905  9  1 90  0  0
 4  0      0 92839176 100728 32830808    0    0     0     0 2063 1617  9  1 90  0  0
 8  0      0 92797088 100728 32878588    0    0     0     0 2096 1543  8  1 91  0  0
 4  0      0 92844792 100728 32831180    0    0     0     0 2046 1537  8  1 91  0  0
 4  0      0 92844800 100728 32831084    0    0     0     0 2099 1550  8  1 91  0  0
 8  0      0 92841616 100728 32831088    0    0     0    32 1971 1524  8  1 91  0  0
 4  0      0 92843376 100728 32830596    0    0     0    44 2155 1580  8  1 91  0  0
 4  0      0 92841408 100728 32832540    0    0     0     0 1987 1601  8  1 91  0  0
 4  0      0 92839168 100728 32830820    0    0     0     0 2048 1446  8  1 91  0  0
 4  0      0 92845824 100728 32832244    0    0     0     0 2196 1601  9  1 90  0  0
 4  0      0 92841984 100728 32830388    0    0     0    32 2159 1458  8  1 91  0  0
 4  0      0 92845120 100728 32830836    0    0     0     0 2193 1755  9  1 90  0  0
 4  0      0 92843696 100728 32831832    0    0     0     0 2190 1586  9  1 90  0  0
 8  0      0 92842632 100728 32831644    0    0     0     0 2065 1528  8  1 91  0  0
 4  0      0 92844832 100728 32830276    0    0     0     0 2212 1601  8  1 90  0  0
 7  0      0 92819496 100732 32857340    0    0     0    24 2226 1622  8  1 90  0  0
 4  0      0 92844144 100732 32832136    0    0     0     0 2182 1541  8  1 91  0  0
 4  0      0 92844464 100732 32831296    0    0     0   116 2281 1666  9  1 90  0  0
 8  0      0 92823792 100732 32851636    0    0     0     0 2204 1462  8  1 90  0  0
 4  0      0 92844640 100732 32830480    0    0     0     0 2189 1702  8  1 91  0  0
 4  0      0 92844464 100736 32831804    0    0     0    40 2190 1639  9  1 90  0  0
procs -----------memory---------- ---swap-- -----io---- -system-- ------cpu-----
 r  b   swpd   free   buff  cache   si   so    bi    bo   in   cs us sy id wa st
 4  0      0 92839792 100736 32829964    0    0     0     0 2053 1358  8  1 91  0  0
 4  0      0 92842240 100736 32831256    0    0     0     0 2313 1774  8  1 90  0  0
 5  0      0 92828496 100736 32846620    0    0     0     0 2162 1597  8  1 90  0  0
 4  0      0 92847912 100736 32830932    0    0     0     0 2137 1480  8  1 91  0  0
 4  0      0 92845512 100740 32831236    0    0     0    52 2148 1601  8  1 90  0  0
 8  0      0 92806352 100740 32863352    0    0     0     0 2198 1443  8  1 91  0  0
 4  0      0 92844424 100740 32830280    0    0     0     0 2181 1676  8  1 91  0  0
 4  0      0 92844272 100740 32832416    0    0     0     0 2220 1611  9  1 90  0  0
 8  0      0 92845416 100740 32830624    0    0     0     0 1993 1384  8  1 91  0  0
 4  0      0 92846336 100744 32830440    0    0     0    48 2291 1727  8  1 90  0  0
 4  0      0 92844368 100744 32832588    0    0     0     0 2029 1641  8  1 91  0  0
 4  0      0 92841760 100744 32831280    0    0     0     0 2033 1299  8  1 91  0  0
 4  0      0 92836992 100744 32831080    0    0     0     0 2103 1681  8  1 91  0  0
 8  0      0 92799672 100744 32871420    0    0     0     0 2307 1443  8  1 91  0  0
 4  0      0 92836192 100748 32831872    0    0     0    16 2230 1748  8  1 91  0  0
 4  0      0 92837584 100748 32830900    0    0     0     0 2202 1620  8  1 91  0  0
 8  0      0 92837488 100748 32830976    0    0     0     0 1936 1363  8  1 91  0  0
 4  0      0 92837344 100748 32830852    0    0     0     0 2462 1755  8  1 91  0  0
 4  0      0 92836320 100748 32832192    0    0     0     0 2382 1692  8  1 91  0  0
 4  0      0 92837648 100752 32830560    0    0     0    36 2071 1316  8  1 91  0  0
 4  0      0 92837056 100752 32831736    0    0     0    68 2163 1779  8  1 90  0  0
procs -----------memory---------- ---swap-- -----io---- -system-- ------cpu-----
 r  b   swpd   free   buff  cache   si   so    bi    bo   in   cs us sy id wa st
 8  0      0 92797304 100752 32873184    0    0     0     0 2138 1446  8  1 91  0  0
 4  0      0 92837536 100752 32830924    0    0     0     0 2004 1583  8  1 91  0  0
 4  0      0 92833728 100752 32831132    0    0     0     0 2194 1712  9  1 90  0  0
 8  0      0 92836080 100756 32830904    0    0     0    32 2022 1401  8  1 91  0  0
 8  0      0 92802592 100756 32865812    0    0     0     0 2097 1696  8  1 91  0  0
 5  0      0 92820992 100756 32850368    0    0     0     0 2164 1565  8  1 90  0  0
 4  0      0 92842752 100756 32829988    0    0     0     0 2032 1351  8  1 91  0  0
 4  0      0 92841904 100756 32832532    0    0     0     0 2140 1709  9  1 90  0  0
 8  0      0 92798568 100756 32876128    0    0     0    32 2147 1438  8  1 90  0  0
 4  0      0 92843904 100756 32829972    0    0     0     0 2088 1591  8  1 91  0  0
 4  0      0 92841632 100756 32831204    0    0     0   228 2301 1829  8  1 90  0  0
 8  0      0 92845056 100756 32830760    0    0     0     0 2017 1402  8  1 91  0  0
 4  0      0 92844152 100756 32830236    0    0     0     0 2265 1631  8  1 91  0  0
 7  0      0 92792656 100760 32882040    0    0     0    36 2204 1682  9  1 90  0  0
 4  0      0 92843264 100760 32831404    0    0     0     4 2240 1512  8  1 90  0  0
 8  0      0 92845248 100760 32833208    0    0     0     0 2077 1462  9  1 90  0  0
 8  0      0 92832672 100760 32847288    0    0     0     0 2428 1719  9  1 90  0  0
 4  0      0 92848800 100760 32830120    0    0     0     0 2163 1622  8  1 90  0  0
 5  0      0 92846704 100760 32831480    0    0     0    16 2214 1745  9  1 90  0  0
 8  0      0 92842696 100760 32829768    0    0     0     8 2096 1419  8  1 90  0  0
 4  0      0 92843920 100760 32830660    0    0     0     0 2239 1709  9  1 90  0  0
procs -----------memory---------- ---swap-- -----io---- -system-- ------cpu-----
 r  b   swpd   free   buff  cache   si   so    bi    bo   in   cs us sy id wa st
 5  0      0 92824656 100760 32850276    0    0     0     0 2146 1737  8  1 90  0  0
 4  0      0 92843424 100760 32830292    0    0     0     0 2070 1310  8  1 91  0  0
 4  0      0 92846192 100764 32830944    0    0     0    28 2210 1606  8  1 90  0  0
 8  0      0 92793824 100764 32884432    0    0     0     4 2053 1612  8  1 91  0  0
 4  0      0 92846448 100764 32830884    0    0     0     0 2176 1595  8  1 91  0  0
 8  0      0 92843744 100764 32830940    0    0     0     4 1912 1424  8  1 91  0  0
 8  0      0 92842992 100764 32829844    0    0     0     0 2255 1650  9  1 90  0  0
 4  0      0 92841040 100764 32830096    0    0     0    16 2096 1626  8  1 90  0  0
 5  0      0 92823128 100764 32850312    0    0     0     0 2140 1737  8  1 90  0  0
 4  0      0 92841336 100764 32830284    0    0     0     0 1937 1347  8  1 91  0  0
 4  0      0 92838480 100764 32831096    0    0     0     0 2702 1687  9  1 90  0  0
 8  0      0 92800224 100764 32875428    0    0     0     0 2393 1696  8  1 91  0  0
 4  0      0 92843440 100772 32830908    0    0     0    36 2155 1575  8  1 91  0  0
 4  0      0 92841752 100772 32830512    0    0     0    48 2066 1649  8  1 90  0  0
 8  0      0 92844240 100772 32830436    0    0     0     0 2089 1484  8  1 91  0  0
 4  0      0 92842880 100772 32830552    0    0     0     0 2188 1637  8  1 90  0  0
 4  0      0 92844784 100772 32830488    0    0     0     4 2058 1356  8  1 91  0  0
 4  0      0 92839728 100772 32830964    0    0     0    32 2279 1768  8  1 90  0  0
 4  0      0 92841576 100772 32830384    0    0     0     0 2351 1614  9  1 90  0  0
 8  0      0 92777776 100772 32892448    0    0     0     0 2029 1625  8  1 91  0  0
 4  0      0 92838912 100772 32830356    0    0     0   200 2140 1592  8  1 91  0  0
procs -----------memory---------- ---swap-- -----io---- -system-- ------cpu-----
 r  b   swpd   free   buff  cache   si   so    bi    bo   in   cs us sy id wa st
 4  0      0 92842072 100772 32830428    0    0     0     0 2025 1569  8  1 91  0  0
 8  0      0 92838696 100776 32830732    0    0     0    24 1914 1503  8  1 91  0  0
 4  0      0 92841656 100776 32829940    0    0     0     8 2081 1580  8  1 91  0  0
 4  0      0 92837280 100776 32831804    0    0     0     0 2282 1639  8  1 91  0  0
 4  0      0 92839216 100776 32830456    0    0     0     0 2353 1565  8  1 91  0  0
 4  0      0 92839168 100776 32830900    0    0     0     0 2590 1716  8  1 91  0  0
 4  0      0 92839480 100776 32830088    0    0     0    44 2358 1504  8  1 91  0  0
 4  0      0 92836384 100776 32831004    0    0     0     0 2646 1858  8  1 90  0  0
 4  0      0 92836816 100776 32830512    0    0     0     0 2063 1632  8  1 90  0  0
 8  0      0 92838000 100776 32830712    0    0     0     8 2068 1574  8  1 91  0  0
 4  0      0 92838920 100776 32830520    0    0     0     0 2263 1664  9  1 90  0  0
 6  0      0 92805200 100780 32868452    0    0     0    52 2300 1591  9  1 90  0  0
 4  0      0 92844816 100780 32830300    0    0     0     0 1986 1540  8  1 91  0  0
 4  0      0 92844400 100780 32831096    0    0     0     4 2120 1574  8  1 91  0  0
 8  0      0 92771040 100780 32905688    0    0     0     0 2088 1636  8  1 91  0  0
 4  0      0 92849088 100780 32831364    0    0     0     0 2192 1483  8  1 91  0  0
 4  0      0 92847864 100780 32830724    0    0     0    16 2109 1589  9  1 90  0  0
 4  0      0 92850120 100780 32830044    0    0     0     0 2037 1324  8  1 91  0  0
 4  0      0 92846784 100780 32831020    0    0     0     8 2229 1785  9  1 90  0  0
 7  0      0 92792424 100780 32887824    0    0     0     0 2206 1668  9  1 90  0  0
 4  0      0 92846576 100780 32831140    0    0     0     4 2054 1431  8  1 91  0  0
procs -----------memory---------- ---swap-- -----io---- -system-- ------cpu-----
 r  b   swpd   free   buff  cache   si   so    bi    bo   in   cs us sy id wa st
 4  0      0 92846928 100780 32830716    0    0     0    28 2168 1623  9  1 90  0  0
 9  0      0 92829816 100780 32849120    0    0     0     0 2052 1490  9  1 90  0  0
 4  0      0 92850128 100780 32829424    0    0     0     4 2160 1581  8  1 91  0  0
 4  0      0 92847952 100780 32831208    0    0     0     0 2114 1598  8  1 90  0  0
 8  0      0 92851888 100780 32830272    0    0     0    12 2001 1386  8  1 91  0  0
 4  0      0 92843888 100780 32830468    0    0     0    44 2309 1769  8  1 91  0  0
 5  0      0 92824640 100780 32850520    0    0     0    72 2347 1617  8  1 90  0  0
 4  0      0 92842984 100780 32830456    0    0     0     0 2033 1283  8  1 91  0  0
 4  0      0 92840608 100780 32830476    0    0     0     0 2324 1766  9  1 90  0  0
 8  0      0 92804976 100780 32868232    0    0     0     0 2109 1595  8  1 90  0  0
 4  0      0 92841888 100780 32831344    0    0     0    16 2203 1602  8  1 91  0  0
 5  0      0 92843840 100780 32831488    0    0     0     0 2196 1617  8  1 90  0  0
 8  0      0 92846704 100780 32830928    0    0     0     0 1968 1403  8  1 91  0  0
 4  0      0 92842752 100780 32830852    0    0     0     0 2123 1750  8  1 91  0  0
 5  0      0 92827360 100780 32850540    0    0     0   312 2204 1728  8  1 91  0  0
 4  0      0 92837736 100780 32830928    0    0     0    36 1941 1364  8  1 91  0  0
 4  0      0 92839560 100780 32831132    0    0     0     0 2213 1735  9  1 90  0  0
 8  0      0 92823208 100780 32850324    0    0     0     8 2047 1473  9  1 90  0  0
 4  0      0 92839360 100780 32831232    0    0     0     0 2107 1595  8  1 91  0  0
 4  0      0 92840112 100780 32830796    0    0     0     0 2226 1683  9  1 90  0  0
 8  0      0 92842112 100788 32831636    0    0     0    44 2108 1398  8  1 91  0  0
procs -----------memory---------- ---swap-- -----io---- -system-- ------cpu-----
 r  b   swpd   free   buff  cache   si   so    bi    bo   in   cs us sy id wa st
 8  0      0 92808592 100788 32864080    0    0     0     0 2188 1605  8  1 90  0  0
 6  0      0 92805648 100788 32868688    0    0     0     0 2316 1754  9  1 90  0  0
 4  0      0 92843808 100788 32830396    0    0     0     0 2092 1370  8  1 91  0  0
 4  0      0 92843024 100788 32830804    0    0     0     0 2278 1770  9  1 90  0  0
 8  0      0 92804816 100792 32867336    0    0     0    32 2175 1573  8  1 90  0  0
 4  0      0 92843072 100792 32829976    0    0     0     0 2207 1487  8  1 91  0  0
 4  0      0 92846368 100792 32830944    0    0     0     8 2121 1680  8  1 91  0  0
 8  0      0 92845504 100792 32830796    0    0     0     0 1975 1392  8  1 91  0  0
 4  0      0 92848736 100792 32830724    0    0     0     0 2151 1638  8  1 91  0  0
 5  0      0 92827760 100800 32849152    0    0     0    44 2089 1754  8  1 91  0  0
 4  0      0 92844408 100800 32830472    0    0     0     0 1937 1389  8  1 91  0  0
 8  0      0 92834440 100800 32842292    0    0     0     8 1953 1488  8  1 91  0  0
 8  0      0 92829328 100800 32848168    0    0     0     0 2281 1780  9  1 90  0  0
 4  0      0 92846904 100800 32830440    0    0     0     0 2242 1610  8  1 90  0  0
 4  0      0 92843872 100800 32831912    0    0     0    44 2098 1738  8  1 90  0  0
 8  0      0 92841024 100800 32830828    0    0     0     0 2149 1402  8  1 91  0  0
 4  0      0 92840472 100800 32830872    0    0     0     0 2184 1638  8  1 91  0  0
 5  0      0 92824296 100800 32849200    0    0     0     0 2201 1698  8  1 91  0  0
 4  0      0 92842992 100800 32830856    0    0     0     0 1992 1350  8  1 91  0  0
 4  0      0 92842136 100804 32830828    0    0     0    16 2240 1596  8  1 90  0  0
 9  0      0 92757728 100804 32896576    0    0   104    52 3214 2183  9  1 89  0  0
procs -----------memory---------- ---swap-- -----io---- -system-- ------cpu-----
 r  b   swpd   free   buff  cache   si   so    bi    bo   in   cs us sy id wa st
 5  0      0 92800048 100804 32830304    0    0     0     0 2855 1830 10  1 89  0  0
 9  0      0 92793984 100804 32830816    0    0     0    12 2282 1494 10  1 89  0  0
 8  0      0 92833072 100804 32830680    0    0     0     0 2909 1996  9  1 89  0  0
 4  0      0 92835600 100804 32830712    0    0     0   136 2203 1709  8  1 91  0  0
 5  0      0 92812424 100804 32850128    0    0     0    72 2236 1732  8  1 90  0  0
 4  0      0 92833424 100804 32830620    0    0     0   320 2172 1404  8  1 91  0  0
 4  0      0 92833120 100804 32830472    0    0     0     0 2268 1612  8  1 90  0  0
 8  0      0 92800280 100804 32862416    0    0     0     0 2125 1674  8  1 91  0  0
 4  0      0 92832192 100804 32830520    0    0     0    40 2215 1545  8  1 91  0  0
 4  0      0 92830608 100804 32830692    0    0     0     0 2223 1625  9  1 90  0  0
 8  0      0 92832592 100804 32830068    0    0     0     0 2213 1508  8  1 91  0  0
 4  0      0 92831120 100804 32832044    0    0     0     8 2371 1653  9  1 90  0  0
 4  0      0 92834640 100804 32830856    0    0     0     0 2159 1378  8  1 91  0  0
 4  0      0 92831456 100808 32831716    0    0     0    76 2199 1760  9  1 90  0  0
 4  0      0 92832080 100808 32830028    0    0     0     0 2197 1612  9  1 90  0  0
 8  0      0 92800536 100808 32857572    0    0     0     0 2086 1581  8  1 90  0  0
 4  0      0 92827152 100808 32831412    0    0     0     8 2069 1520  8  1 91  0  0
 4  0      0 92827008 100808 32830624    0    0     0     0 2146 1624  8  1 91  0  0
 8  0      0 92829504 100812 32831300    0    0     0    28 2042 1517  8  1 91  0  0
 4  0      0 92829696 100812 32830592    0    0     0     0 2232 1638  8  1 91  0  0
 4  0      0 92827408 100812 32831964    0    0     0     0 2132 1597  8  1 90  0  0
procs -----------memory---------- ---swap-- -----io---- -system-- ------cpu-----
 r  b   swpd   free   buff  cache   si   so    bi    bo   in   cs us sy id wa st
 4  0      0 92823552 100812 32830964    0    0     0     0 1983 1461  8  1 91  0  0
 4  0      0 92822504 100812 32831856    0    0     0     0 2203 1636  9  1 90  0  0
 4  0      0 92821416 100812 32830828    0    0     0    32 2017 1480  8  1 91  0  0
 4  0      0 92818912 100812 32831672    0    0     0     0 2287 1764  8  1 90  0  0
 4  0      0 92824256 100812 32830868    0    0     0     0 2205 1623  8  1 90  0  0
 8  0      0 92824376 100812 32831344    0    0     0     4 1965 1526  8  1 91  0  0
 4  0      0 92824264 100812 32830760    0    0     0     0 2304 1671  8  1 91  0  0
 5  0      0 92805184 100812 32849992    0    0     0    32 2308 1725  8  1 90  0  0
 4  0      0 92825888 100812 32830760    0    0     0     0 2016 1462  8  1 91  0  0
 4  0      0 92825840 100812 32831136    0    0     0     0 2216 1617  8  1 90  0  0
 8  0      0 92768576 100812 32886904    0    0     0     0 2116 1626  8  1 91  0  0
 4  0      0 92823904 100816 32830692    0    0     0   132 2330 1619  8  1 90  0  0
 4  0      0 92828016 100816 32831780    0    0     0     0 2277 1610  9  1 90  0  0
 4  0      0 92825648 100816 32831124    0    0     0   184 2167 1350  8  1 91  0  0
 4  0      0 92825920 100816 32830672    0    0     0     0 2324 1839  9  1 90  0  0
 7  0      0 92771088 100816 32887960    0    0     0     0 2261 1593  9  1 90  0  0
 7  0      0 92826720 100816 32829820    0    0     0    16 2126 1505  8  1 91  0  0
 4  0      0 92827600 100816 32831044    0    0     0     0 2263 1601  9  1 90  0  0
 8  0      0 92788016 100816 32869108    0    0     0    32 2234 1603  8  1 90  0  0
 4  0      0 92824184 100816 32831040    0    0     0     0 2166 1583  8  1 91  0  0
 4  0      0 92827072 100816 32832084    0    0     0     0 2201 1601  8  1 90  0  0
procs -----------memory---------- ---swap-- -----io---- -system-- ------cpu-----
 r  b   swpd   free   buff  cache   si   so    bi    bo   in   cs us sy id wa st
 8  0      0 92825408 100816 32831200    0    0     0     8 2093 1391  8  1 91  0  0
 4  0      0 92827504 100816 32831272    0    0     0    60 2338 1784  8  1 90  0  0
 6  0      0 92790688 100824 32867924    0    0     0    36 2244 1609  8  1 90  0  0
 4  0      0 92828000 100824 32831224    0    0     0     0 1986 1332  8  1 91  0  0
 5  0      0 92827608 100824 32831224    0    0     0     0 2231 1711  9  1 90  0  0
 6  0      0 92821056 100824 32839156    0    0     0     8 2250 1608  8  1 90  0  0
 4  0      0 92823488 100824 32831980    0    0     0     0 2111 1584  8  1 91  0  0
 4  0      0 92826864 100828 32831456    0    0     0    32 2301 1568  9  1 90  0  0
 8  0      0 92826416 100828 32830540    0    0     0     0 1975 1376  9  1 91  0  0
 4  0      0 92825040 100828 32831484    0    0     0     0 2348 1773  8  1 90  0  0
 5  0      0 92817664 100828 32838204    0    0     0     0 2166 1623  9  1 90  0  0
 8  0      0 92826648 100828 32831148    0    0     0     0 2062 1370  8  1 91  0  0
 4  0      0 92825664 100828 32830752    0    0     0    16 2231 1643  9  1 90  0  0
 6  0      0 92814408 100828 32843476    0    0     0     0 2308 1589  9  1 90  0  0
 4  0      0 92826728 100828 32830264    0    0     0     0 2109 1449  8  1 91  0  0
 4  0      0 92825232 100828 32832004    0    0     0     0 2253 1733  9  1 90  0  0
 8  0      0 92817968 100828 32841140    0    0     0     0 2314 1510  8  1 91  0  0
 4  0      0 92821536 100828 32832772    0    0     0    92 2240 1823  8  1 91  0  0
 4  0      0 92818448 100828 32831484    0    0     0     0 2141 1600  8  1 90  0  0
 8  0      0 92824608 100828 32831204    0    0     0     0 2094 1369  8  1 91  0  0
 4  0      0 92823848 100828 32831704    0    0     0     8 2294 1673  8  1 90  0  0
procs -----------memory---------- ---swap-- -----io---- -system-- ------cpu-----
 r  b   swpd   free   buff  cache   si   so    bi    bo   in   cs us sy id wa st
 6  0      0 92816960 100828 32839040    0    0     0     0 2284 1692  8  1 90  0  0
 4  0      0 92822544 100828 32830856    0    0     0    28 2154 1438  8  1 91  0  0
 4  0      0 92823720 100828 32831372    0    0     0     0 2220 1724  8  1 90  0  0
 8  0      0 92823608 100828 32831228    0    0     0     0 1896 1401  8  1 91  0  0
 4  0      0 92828008 100828 32830972    0    0     0     0 2179 1664  8  1 91  0  0
 4  0      0 92821680 100828 32832216    0    0     0    92 2134 1768  8  1 90  0  0
 8  0      0 92824680 100828 32830772    0    0     0    32 2061 1392  8  1 91  0  0
 8  0      0 92785232 100828 32873448    0    0     0    12 1945 1388  8  1 91  0  0
 8  0      0 92770016 100828 32889096    0    0     0     0 2350 1886  8  1 90  0  0
 4  0      0 92825088 100828 32831232    0    0     0     4 2090 1393  8  1 91  0  0
 4  0      0 92826616 100828 32831076    0    0     0     0 2172 1714  9  1 90  0  0
 8  0      0 92828112 100828 32830892    0    0     0    32 2051 1384  8  1 90  0  0
 4  0      0 92829336 100828 32831128    0    0     0     0 2344 1664  9  1 90  0  0
 7  0      0 92774576 100828 32883132    0    0     0     0 2153 1682  9  1 90  0  0
 8  0      0 92829008 100828 32830828    0    0     0    12 2094 1442  8  1 90  0  0
 4  0      0 92829880 100828 32830740    0    0     0     0 2195 1566  9  1 90  0  0
 8  0      0 92766096 100828 32895816    0    0     0    28 2210 1883  8  1 91  0  0
 4  0      0 92830016 100828 32830952    0    0     0     0 2059 1278  8  1 91  0  0
 8  0      0 92827664 100828 32831568    0    0     0     0 2110 1459  8  1 91  0  0
 8  0      0 92828176 100828 32830052    0    0     0     0 2228 1613  8  1 90  0  0
 4  0      0 92828768 100828 32831028    0    0     0     0 2256 1654  8  1 91  0  0
procs -----------memory---------- ---swap-- -----io---- -system-- ------cpu-----
 r  b   swpd   free   buff  cache   si   so    bi    bo   in   cs us sy id wa st
 4  0      0 92832648 100828 32830384    0    0     0    36 2169 1700  9  1 90  0  0
 8  0      0 92831424 100828 32830756    0    0     0     0 2049 1383  8  1 91  0  0
 4  0      0 92830328 100828 32831044    0    0     0     0 2274 1578  8  1 90  0  0
 7  0      0 92808664 100828 32852808    0    0     0     0 2277 1746  9  1 90  0  0
 4  0      0 92831072 100828 32830572    0    0     0   172 2125 1476  8  1 91  0  0
 4  0      0 92828736 100828 32831780    0    0     0    24 2273 1644  8  1 90  0  0
 8  0      0 92830640 100828 32830328    0    0     0     4 2023 1558  8  1 90  0  0
 4  0      0 92831448 100828 32830852    0    0     0     0 2314 1635  8  1 91  0  0
 5  0      0 92829496 100828 32830424    0    0     0     0 1988 1340  8  1 91  0  0
 8  0      0 92832872 100828 32831480    0    0     0     4 2219 1767  8  1 90  0  0
 4  0      0 92832664 100828 32830380    0    0     0    32 2144 1548  8  1 91  0  0
 6  0      0 92807504 100828 32857592    0    0     0     0 2200 1777  8  1 91  0  0
 4  0      0 92832016 100828 32830328    0    0     0     0 2497 1475  8  1 91  0  0
 4  0      0 92828960 100828 32831708    0    0     0     0 2145 1567  8  1 90  0  0
 8  0      0 92831080 100828 32834260    0    0     0     0 2034 1483  8  1 91  0  0
 4  0      0 92832480 100828 32830900    0    0     0    36 2256 1687  8  1 91  0  0
 4  0      0 92825312 100828 32830868    0    0     0    60 2399 1621  8  1 91  0  0
 4  0      0 92599400 100828 32830904    0    0     0     4 2585 1528  6  1 93  0  0
 4  0      0 90689184 100828 32830888    0    0     0     0 1292  353  6  2 93  0  0
 4  0      0 87760136 100828 34593500    0    0     0     0 1580  479  4  3 93  0  0
 8  0      0 89978408 100832 32833136    0    0     0    88 3901 1073 11  2 87  0  0
procs -----------memory---------- ---swap-- -----io---- -system-- ------cpu-----
 r  b   swpd   free   buff  cache   si   so    bi    bo   in   cs us sy id wa st
 8  0      0 88073360 100832 34159408    0    0     0     0 2755  819 12  3 85  0  0
 8  0      0 89874936 100832 32830244    0    0     0     0 4644 1720 13  5 82  0  0
 8  0      0 89020288 100832 33226452    0    0     0     0 2763  657 13  1 85  0  0
10  0      0 89283424 100832 33422352    0    0     0    16 4970 1470 12  6 82  0  0
 8  0      0 89680704 100832 32831080    0    0     0    28 2860  901 14  1 85  0  0
11  0      0 87778808 100832 34803548    0    0     0     0 3874 1171 12  5 83  0  0
 8  0      0 89874336 100832 32831160    0    0     0     0 3549 1226 14  2 84  0  0
10  0      0 87679944 100832 34784944    0    0     0     0 3460 1130 12  4 84  0  0
 8  0      0 89875360 100832 32832864    0    0     0     0 3814 1349 14  3 83  0  0
 9  0      0 88095488 100832 34252204    0    0     0    28 3071  937 12  3 85  0  0
 8  0      0 89870624 100832 32832648    0    0     0     0 4541 1730 13  4 82  0  0
 8  0      0 88938768 100832 33379108    0    0     0     8 2814  762 13  2 85  0  0
10  0      0 88784640 100832 33916888    0    0     0     0 4713 1576 12  5 82  0  0
10  0      0 89278896 100832 33193804    0    0     0     0 2948  828 13  2 85  0  0
11  0      0 88104048 100836 34598840    0    0     0    24 4648 1648 12  5 83  0  0
 8  0      0 89557728 100836 33025100    0    0     0     0 3233  975 14  2 84  0  0
11  0      0 88346672 100836 34231892    0    0     0     0 4062 1397 12  4 84  0  0
 8  0      0 89567808 100836 33013416    0    0     0   272 3528 1179 14  3 83  0  0
 7  0      0 88472000 100836 33996984    0    0     0     0 3002 1234 11  3 85  0  0
 4  0      0 89870088 100840 32831672    0    0     0    20 2569 1274  8  2 89  0  0
 4  0      0 89870368 100840 32831068    0    0     0     0 2024 1003  7  1 92  0  0
procs -----------memory---------- ---swap-- -----io---- -system-- ------cpu-----
 r  b   swpd   free   buff  cache   si   so    bi    bo   in   cs us sy id wa st
 3  0      0 92759184 100840 32831072    0    0     0     4 2216 1291  6  1 93  0  0
 3  0      0 96478400 100840 31522328    0    0     0     0 2385 1052  3  2 96  0  0
 1  0      0 102558760 100840 27943984    0    0     0     0 3676  939  1  2 97  0  0
