procs -----------memory---------- ---swap-- -----io---- -system-- ------cpu-----
 r  b   swpd   free   buff  cache   si   so    bi    bo   in   cs us sy id wa st
 1  0      0 123254216  92172 7388708    0    0     4     1    3    3  0  0 100  0  0
 1  0      0 123078592  92224 7389948    0    0  1144     0 1638  719  5  0 95  0  0
 1  0      0 123031256  92224 7389948    0    0    24     0  576  419  2  0 98  0  0
 1  0      0 122978216  92224 7390032    0    0     0     0  513  360  2  0 98  0  0
 1  0      0 122702896  92236 7572336    0    0 181988   252  907  781  1  0 98  0  0
 1  0      0 122370064  92260 7572524    0    0    28   260 1151 1644  1  0 98  0  0
 1  0      0 122348696  92260 7572528    0    0   308   168  701  250  2  0 98  0  0
 2  0      0 122047584  92260 7623936    0    0  2944     0 4706 1306  2  1 97  0  0
 4  0      0 121463328  92260 7725696    0    0 16668     0 11368 3045  1  2 98  0  0
 3  1      0 120941744  92272 7960812    0    0 45016     0 16553 21622  1  1 97  0  0
 4  0      0 120630416  92272 7987436    0    0 26156    12 16383 10828  3  1 96  0  0
 4  0      0 120617784  92280 7990060    0    0  1596   100 1946 18942  4  0 96  0  0
 5  0      0 120603072  92280 8003048    0    0     0     0 1899 15814  4  0 96  0  0
 1  0      0 120599520  92296 8007936    0    0     4   364 2325 19241  4  0 96  0  0
 4  0      0 120616816  92296 7990012    0    0     0    72 1964 19974  4  0 96  0  0
 2  0      0 120615936  92296 7989712    0    0     0     0 2083 17579  4  0 96  0  0
 1  0      0 120597840  92296 8008484    0    0     0     8 1842 17282  4  0 96  0  0
 1  0      0 120616824  92296 7989160    0    0     0     0 2030 19714  4  0 96  0  0
 4  0      0 120616480  92300 7990140    0    0     0    80 1829 18869  4  0 96  0  0
 4  0      0 120616248  92300 7989648    0    0     0     0 1895 18731  4  0 96  0  0
 1  0      0 120594616  92300 8008420    0    0     0    68 1917 16372  4  0 96  0  0
procs -----------memory---------- ---swap-- -----io---- -system-- ------cpu-----
 r  b   swpd   free   buff  cache   si   so    bi    bo   in   cs us sy id wa st
 1  0      0 120613088  92300 7989696    0    0     0     8 1960 20336  4  0 96  0  0
 3  0      0 120612704  92300 7989632    0    0     0     0 1745 18825  4  0 96  0  0
 4  0      0 120611840  92300 7990044    0    0     0    32 1828 16011  4  0 96  0  0
 2  0      0 120613136  92300 7989660    0    0     0    40 1874 18813  4  0 96  0  0
 1  0      0 120613240  92300 7989616    0    0     0     0 2065 19788  4  0 96  0  0
 1  0      0 120612360  92300 7990148    0    0     0    60 1870 18857  4  0 96  0  0
 1  0      0 120594768  92316 8008484    0    0     0    60 1833 15279  4  0 96  0  0
 2  0      0 120612736  92316 7989620    0    0     0    28 1871 20084  4  0 96  0  0
 1  0      0 120613344  92316 7989252    0    0     0    32 2347 19924  4  0 96  0  0
 4  0      0 120612928  92316 7989660    0    0     0     0 1944 19829  4  0 96  0  0
 1  0      0 120594856  92316 8008084    0    0     0     0 1825 13633  4  0 96  0  0
 2  0      0 120607040  92316 7995516    0    0     0    64 1992 19575  4  0 96  0  0
 4  0      0 120612176  92324 7989660    0    0     0    40 2049 19200  4  0 96  0  0
 1  0      0 120593352  92324 8008496    0    0     0     0 2077 15125  4  0 96  0  0
 2  0      0 120612616  92324 7989712    0    0     0     0 2212 19377  4  0 96  0  0
 1  0      0 120612192  92324 7989664    0    0     0     0 1856 19415  4  0 96  0  0
 4  0      0 120612096  92324 7990108    0    0     0     0 1971 18700  4  0 96  0  0
 1  0      0 120590624  92324 8008136    0    0     0    76 1730 15648  4  0 96  0  0
 2  0      0 120602064  92324 7996924    0    0     0     4 2032 20409  4  0 96  0  0
 1  0      0 120608960  92324 7989680    0    0     0   184 2031 19497  4  0 96  0  0
 4  0      0 120609056  92324 7989600    0    0     0     0 2000 17163  4  0 96  0  0
procs -----------memory---------- ---swap-- -----io---- -system-- ------cpu-----
 r  b   swpd   free   buff  cache   si   so    bi    bo   in   cs us sy id wa st
 4  0      0 120608416  92324 7989696    0    0     0     0 1897 16913  4  0 96  0  0
 4  0      0 120607504  92324 7990096    0    0     0    52 2010 19625  4  0 96  0  0
 1  0      0 120589904  92324 8008172    0    0     0     0 1899 19557  4  0 96  0  0
 2  0      0 120608632  92324 7989576    0    0     0     0 2079 19815  4  0 96  0  0
 1  0      0 120607736  92324 7990084    0    0     0     0 2002 19545  4  0 96  0  0
 1  0      0 120606464  92324 7989736    0    0     0     0 2090 19958  4  0 96  0  0
 1  0      0 120606080  92332 7990236    0    0     0    88 1807 17443  4  0 96  0  0
 1  0      0 120605152  92332 7990132    0    0     0    80 2428 17208  4  0 96  0  0
 1  0      0 120587344  92332 8008556    0    0     0     0 1974 19938  4  0 96  0  0
 1  0      0 120586928  92332 8008524    0    0     0     0 2036 20160  4  0 96  0  0
 4  0      0 120605728  92332 7990072    0    0     0     0 1901 18820  4  0 96  0  0
 4  0      0 120603936  92332 7990188    0    0     0    40 1993 16601  4  0 96  0  0
 1  0      0 120586592  92332 8008192    0    0     0   168 2000 18988  4  0 96  0  0
 1  0      0 120605080  92332 7989816    0    0     0     0 2004 19533  4  0 96  0  0
 4  0      0 120604688  92332 7990188    0    0     0     0 1826 18723  4  0 96  0  0
 4  0      0 120605032  92332 7989768    0    0     0     0 1978 16457  4  0 96  0  0
 1  0      0 120587200  92332 8008660    0    0     0    52 1987 18637  4  0 96  0  0
 2  0      0 120606192  92332 7989768    0    0     0     0 2083 19678  4  0 96  0  0
 2  0      0 120606016  92332 7989720    0    0     0     8 2098 19790  4  0 96  0  0
 1  0      0 120606128  92332 7989312    0    0     0     0 2046 19977  4  0 96  0  0
 3  0      0 120604992  92332 7990220    0    0     0     0 1811 16312  4  0 96  0  0
procs -----------memory---------- ---swap-- -----io---- -system-- ------cpu-----
 r  b   swpd   free   buff  cache   si   so    bi    bo   in   cs us sy id wa st
 1  0      0 120587672  92336 8008572    0    0     0    32 1932 18446  4  0 96  0  0
 2  0      0 120606400  92336 7989844    0    0     0     0 1867 19508  4  0 96  0  0
 1  0      0 120606336  92336 7990352    0    0     0     8 2008 18660  4  0 96  0  0
 5  0      0 120588520  92336 8004832    0    0     0     0 1827 15907  4  0 96  0  0
 2  0      0 120592040  92336 8001932    0    0     0    64 1938 19511  4  0 96  0  0
 1  0      0 120603472  92340 7989884    0    0     0    52 1992 20369  4  0 96  0  0
 4  0      0 120603392  92340 7990348    0    0     0     0 1915 15440  4  0 96  0  0
 1  0      0 120586040  92340 8008736    0    0     0     0 1868 19170  4  0 96  0  0
 2  0      0 120604552  92340 7989832    0    0     0     0 1931 19600  4  0 96  0  0
 1  0      0 120603920  92340 7990288    0    0     0     0 1966 19381  4  0 96  0  0
 1  0      0 120586576  92340 8008656    0    0     0    16 1782 15249  3  0 96  0  0
 1  0      0 120590280  92340 8008656    0    0     0     0 1919 19562  4  0 96  0  0
 1  0      0 120608440  92340 7989840    0    0     0   100 3012 20625  4  0 96  0  0
 4  0      0 120608128  92340 7990260    0    0     0     0 2274 17550  4  0 96  0  0
 1  0      0 120589984  92340 8008660    0    0     0     0 2482 19665  4  0 96  0  0
 2  0      0 120607440  92340 7989416    0    0     0    20 2479 20631  4  0 96  0  0
 2  0      0 120607040  92344 7990352    0    0     0   136 3023 21212  4  0 96  0  0
 4  0      0 120607080  92344 7990316    0    0     0   256 1956 19086  4  0 96  0  0
 3  0      0 120607008  92344 7990356    0    0     0     0 2159 19432  4  0 96  0  0
 2  0      0 120606784  92344 7989916    0    0     0     0 1870 18163  4  0 96  0  0
 1  0      0 120589904  92344 8008772    0    0     0     0 1895 17603  4  0 96  0  0
procs -----------memory---------- ---swap-- -----io---- -system-- ------cpu-----
 r  b   swpd   free   buff  cache   si   so    bi    bo   in   cs us sy id wa st
 2  1      0 120607816  92348 7989948    0    0     0    80 1960 20328  4  0 96  0  0
 1  0      0 120607584  92352 7989952    0    0     0     0 2117 19761  4  0 96  0  0
 1  0      0 120589448  92352 8008356    0    0     0     0 1732 14864  3  0 96  0  0
 1  0      0 120588464  92352 8008776    0    0     0     0 1994 20155  4  0 96  0  0
 2  0      0 120600592  92352 7996252    0    0     0     0 2012 19887  4  0 96  0  0
 2  0      0 120605680  92352 7990392    0    0     0    76 2129 19460  4  0 96  0  0
 4  0      0 120605680  92352 7990388    0    0     0    92 1746 16510  4  0 96  0  0
 5  0      0 120587288  92352 8008780    0    0     0     0 2046 18405  4  0 96  0  0
 1  0      0 120587552  92352 8008508    0    0     0     0 1950 19683  4  0 96  0  0
 2  0      0 120603952  92352 7989832    0    0     0     0 2081 19993  4  0 96  0  0
 1  0      0 120603720  92352 7989832    0    0     0     0 1929 19166  4  0 96  0  0
 3  0      0 120603488  92352 7989832    0    0     0    32 2058 20433  4  0 96  0  0
 3  0      0 120603280  92360 7989844    0    0     4   200 2027 18815  4  0 96  0  0
 1  0      0 120585664  92360 8008664    0    0     0     0 1879 16058  4  0 96  0  0
 1  0      0 120585248  92360 8008364    0    0     0     0 1975 19445  4  0 96  0  0
 2  0      0 120603976  92360 7989860    0    0     0     0 2014 19744  4  0 96  0  0
 2  0      0 120603816  92360 7989972    0    0     0    40 1827 18164  4  0 96  0  0
 2  0      0 120603424  92360 7989924    0    0     0    84 2090 18322  4  0 96  0  0
 3  0      0 120603248  92360 7990432    0    0     0     0 1857 17649  4  0 96  0  0
 1  0      0 120585416  92360 8008308    0    0     0     0 2063 19212  4  0 96  0  0
 2  0      0 120604648  92360 7989860    0    0     0     0 2043 19382  4  0 96  0  0
procs -----------memory---------- ---swap-- -----io---- -system-- ------cpu-----
 r  b   swpd   free   buff  cache   si   so    bi    bo   in   cs us sy id wa st
 3  0      0 120604480  92360 7989496    0    0     0     4 1900 18640  4  0 96  0  0
 4  0      0 120604096  92360 7990288    0    0     0    40 1967 17038  4  0 96  0  0
 1  0      0 120604896  92368 7989452    0    0     0    44 1977 18912  4  0 96  0  0
 4  0      0 120604976  92368 7989864    0    0     0   112 2039 19488  4  0 96  0  0
 4  0      0 120605312  92368 7989516    0    0     0     0 2004 17961  4  0 96  0  0
 4  0      0 120604208  92368 7990292    0    0     0     0 1859 17335  4  0 96  0  0
 2  0      0 120601888  92368 7989944    0    0     0     0 1806 18663  4  0 96  0  0
 1  0      0 120601712  92372 7989864    0    0     0    72 2081 19331  4  0 96  0  0
 1  0      0 120603824  92372 7989912    0    0     0     0 1957 18888  4  0 96  0  0
 2  0      0 120594008  92372 8000076    0    0     0    68 1857 15178  4  0 96  0  0
 1  0      0 120603600  92372 7989912    0    0     0     0 1974 19276  4  0 96  0  0
 4  0      0 120603360  92372 7989912    0    0     0     4 2078 19566  4  0 96  0  0
 2  0      0 120602640  92376 7990340    0    0     0    36 1896 17883  4  0 96  0  0
 2  0      0 120601632  92376 7989832    0    0     0     0 2015 17644  4  0 96  0  0
 2  0      0 120601456  92376 7989896    0    0     0     0 1912 19955  4  0 96  0  0
 4  0      0 120601048  92376 7989832    0    0     0     0 2050 19370  4  0 96  0  0
 1  0      0 120582976  92376 8008320    0    0     0     0 1807 15416  4  0 96  0  0
 2  0      0 120601200  92380 7989832    0    0     0    44 2041 19725  4  0 96  0  0
 1  0      0 120600544  92380 7989932    0    0     0     0 2088 19672  4  0 96  0  0
 4  0      0 120600624  92380 7989476    0    0     0     0 2082 19163  4  0 96  0  0
 1  0      0 120582560  92380 8008788    0    0     0     0 1811 15186  4  0 96  0  0
procs -----------memory---------- ---swap-- -----io---- -system-- ------cpu-----
 r  b   swpd   free   buff  cache   si   so    bi    bo   in   cs us sy id wa st
 2  0      0 120591472  92380 7999520    0    0     0     0 2042 19566  4  0 96  0  0
 1  0      0 120598032  92388 7989936    0    0     0    44 1994 19796  4  0 96  0  0
 3  0      0 120597560  92388 7990364    0    0     0    64 1848 17919  4  0 96  0  0
 3  0      0 120579920  92388 8008756    0    0     0     0 2008 17045  4  0 96  0  0
 1  0      0 120579184  92388 8008760    0    0     0     0 2020 19398  4  0 96  0  0
 2  0      0 120598096  92388 7989716    0    0     0     0 2006 19347  4  0 96  0  0
 2  0      0 120600048  92392 7990316    0    0     0    40 2051 17791  4  0 96  0  0
 3  0      0 120578320  92392 8008700    0    0     0     0 1908 16722  4  0 96  0  0
 1  0      0 120581680  92392 8008700    0    0     0     0 2053 19675  4  0 96  0  0
 2  0      0 120599584  92392 7989880    0    0     0     0 2001 19944  4  0 96  0  0
 3  0      0 120599872  92392 7990308    0    0     0     8 1953 17538  4  0 96  0  0
 5  0      0 120583184  92396 8003376    0    0     0    32 1995 18733  4  0 96  0  0
 1  0      0 120580000  92396 8008336    0    0     0     0 2039 19356  4  0 96  0  0
 4  0      0 120599248  92396 7989832    0    0     0     0 1888 19158  4  0 96  0  0
 2  0      0 120598352  92396 7989768    0    0     0     0 2031 19320  4  0 96  0  0
 4  0      0 120587280  92396 8000940    0    0     0     0 1905 17125  4  0 96  0  0
 1  0      0 120599736  92396 7989408    0    0     0    36 2068 17971  4  0 96  0  0
 3  0      0 120599072  92396 7989736    0    0     0     0 2117 19648  4  0 96  0  0
 4  0      0 120598680  92396 7989864    0    0     0     0 1926 19243  4  0 96  0  0
 1  0      0 120581336  92396 8008652    0    0     0     0 1925 15725  4  0 96  0  0
 1  0      0 120599808  92396 7989340    0    0     0     0 2026 19322  4  0 96  0  0
procs -----------memory---------- ---swap-- -----io---- -system-- ------cpu-----
 r  b   swpd   free   buff  cache   si   so    bi    bo   in   cs us sy id wa st
 2  0      0 120599664  92396 7989864    0    0     0    16 2030 20192  4  0 96  0  0
 3  0      0 120599776  92396 7989468    0    0     0     0 1972 17440  4  0 96  0  0
 2  0      0 120583720  92396 8006676    0    0     0     0 1848 16853  4  0 96  0  0
 2  0      0 120599936  92396 7989864    0    0     0     0 1987 19552  4  0 96  0  0
 1  0      0 120600016  92396 7989832    0    0     0     0 1963 19524  4  0 96  0  0
 1  0      0 120600856  92396 7989372    0    0     0    20 1862 18876  4  0 96  0  0
 1  0      0 120578448  92396 8008716    0    0     0     0 1822 15908  4  0 96  0  0
 2  0      0 120597432  92396 7989832    0    0     0     0 2024 20050  4  0 96  0  0
 1  0      0 120597264  92396 7989768    0    0     0     0 1889 19394  4  0 96  0  0
 6  0      0 120578952  92396 8008280    0    0     0     0 1706 14381  4  0 96  0  0
 1  0      0 120578800  92404 8008664    0    0     0    40 2000 19429  4  0 96  0  0
 2  0      0 120583168  92404 8003348    0    0     0    20 2074 19874  4  0 96  0  0
 4  0      0 120597120  92404 7989832    0    0     0     0 1913 19750  4  0 96  0  0
 2  0      0 120596728  92404 7989888    0    0     0     0 1868 16693  4  0 96  0  0
 2  0      0 120596048  92404 7990212    0    0     0     0 1999 18807  4  0 96  0  0
 1  0      0 120579216  92412 8008304    0    0     0    56 2092 19057  4  0 96  0  0
 1  0      0 120597256  92412 7990168    0    0     0     0 2113 20233  4  0 96  0  0
 4  0      0 120597536  92412 7989388    0    0     0     0 2091 19919  4  0 96  0  0
 5  0      0 120578992  92412 8008684    0    0     0     0 1806 15695  4  0 96  0  0
 1  0      0 120598472  92412 7989768    0    0     0     0 2050 19069  4  0 96  0  0
 4  0      0 120598128  92420 7990244    0    0     0    40 1937 19537  4  0 96  0  0
procs -----------memory---------- ---swap-- -----io---- -system-- ------cpu-----
 r  b   swpd   free   buff  cache   si   so    bi    bo   in   cs us sy id wa st
 4  0      0 120597712  92420 7990172    0    0     0     0 2006 16024  4  0 96  0  0
 1  0      0 120580832  92420 8008604    0    0     0   204 2059 19046  4  0 96  0  0
 1  0      0 120599120  92420 7990196    0    0     0     0 2021 19743  4  0 96  0  0
 4  0      0 120598896  92420 7989768    0    0     0     0 2023 19231  4  0 96  0  0
 1  0      0 120598784  92428 7990300    0    0     0    68 1988 19094  4  0 96  0  0
 2  0      0 120592688  92428 7993672    0    0     0     0 1852 16186  4  0 96  0  0
 1  0      0 120595344  92428 7990280    0    0     0     0 2064 20180  4  0 96  0  0
 2  0      0 120595904  92428 7990212    0    0     0     0 1906 19450  4  0 96  0  0
 4  0      0 120596224  92428 7989960    0    0     0    56 2004 19332  4  0 96  0  0
 3  0      0 120595584  92432 7990316    0    0     0    16 1800 15552  4  0 96  0  0
 5  0      0 120577552  92432 8009200    0    0     0     0 1985 19004  4  0 96  0  0
 1  0      0 120578064  92432 8008772    0    0     0     0 1992 19718  4  0 96  0  0
 3  0      0 120597232  92432 7989952    0    0     0     0 1972 19054  4  0 96  0  0
 2  0      0 120596752  92432 7990372    0    0     0     0 1833 18115  4  0 96  0  0
 1  0      0 120578888  92436 8008772    0    0     0    20 1817 16581  4  0 96  0  0
 2  0      0 120595536  92436 7991404    0    0     0     0 1989 19354  4  0 96  0  0
 4  0      0 120596320  92436 7990372    0    0     0     0 1886 18686  4  0 96  0  0
 2  0      0 120578176  92436 8008772    0    0     0     0 1855 16031  4  0 96  0  0
 2  0      0 120589024  92436 7997696    0    0     0     0 1962 19008  4  0 96  0  0
 4  0      0 120596112  92440 7990380    0    0     0    16 1807 18989  4  0 96  0  0
 2  0      0 120595872  92440 7990372    0    0     0     0 2014 18087  4  0 96  0  0
procs -----------memory---------- ---swap-- -----io---- -system-- ------cpu-----
 r  b   swpd   free   buff  cache   si   so    bi    bo   in   cs us sy id wa st
 4  0      0 120596144  92444 7990380    0    0     0    16 2040 17678  4  0 96  0  0
 1  0      0 120578256  92444 8008772    0    0     0     0 1816 18493  4  0 96  0  0
 2  0      0 120595936  92444 7989960    0    0     0     0 1924 20127  4  0 96  0  0
 1  0      0 120595936  92452 7990380    0    0     0    80 1821 18902  4  0 96  0  0
 3  0      0 120595696  92452 7990376    0    0     0     0 1948 17982  4  0 96  0  0
 1  0      0 120578064  92452 8008772    0    0     0     0 2010 18130  4  0 96  0  0
 2  0      0 120593952  92452 7992372    0    0     0     4 1993 19699  4  0 96  0  0
 2  0      0 120595728  92452 7989952    0    0     0   132 2152 19377  4  0 96  0  0
 2  0      0 120595024  92460 7989960    0    0     0    24 1924 17572  4  0 96  0  0
 5  0      0 120577616  92460 8008772    0    0     0     0 1842 16163  4  0 96  0  0
 2  0      0 120588720  92460 7997212    0    0     0     0 1973 19712  4  0 96  0  0
 2  0      0 120595536  92460 7989952    0    0     0     8 2042 19405  4  0 96  0  0
 4  0      0 120595064  92460 7990380    0    0     0     0 1757 16755  4  0 96  0  0
 1  0      0 120577168  92468 8008772    0    0     0    28 1987 18061  4  0 96  0  0
 3  0      0 120577440  92468 8008344    0    0     0     0 1921 19535  4  0 96  0  0
 4  0      0 120595344  92468 7989952    0    0     0     0 2023 19622  4  0 96  0  0
 1  0      0 120594872  92468 7989960    0    0     0     0 1996 19359  4  0 96  0  0
 4  0      0 120594640  92468 7990380    0    0     0     0 1937 19847  4  0 96  0  0
 2  0      0 120594528  92468 7990316    0    0     0    32 1985 18573  4  0 96  0  0
 2  0      0 120591864  92468 7989968    0    0     0     0 1938 15748  4  0 96  0  0
 2  0      0 120595360  92468 7990260    0    0     0     0 2029 20312  4  0 96  0  0
procs -----------memory---------- ---swap-- -----io---- -system-- ------cpu-----
 r  b   swpd   free   buff  cache   si   so    bi    bo   in   cs us sy id wa st
 2  0      0 120594624  92468 7989904    0    0     0    68 2056 19726  4  0 96  0  0
 4  0      0 120594768  92468 7990324    0    0     0     0 1814 18835  4  0 96  0  0
 4  0      0 120595120  92476 7990316    0    0     0    52 2079 20026  4  0 96  0  0
 3  0      0 120594392  92476 7989872    0    0     0     0 1973 18506  4  0 96  0  0
 1  0      0 120573488  92476 8008740    0    0     0     0 1981 16839  4  0 96  0  0
 2  0      0 120591504  92476 7990388    0    0     0     0 1937 19767  4  0 96  0  0
 1  0      0 120591296  92476 7989952    0    0     0     0 2067 19584  4  0 96  0  0
 4  0      0 120591424  92480 7990260    0    0     0    32 1945 19213  4  0 96  0  0
 4  0      0 120590992  92480 7990432    0    0     0    60 1861 15667  4  0 96  0  0
 5  0      0 120590840  92484 7991340    0    0     4   136 2083 19561  4  0 96  0  0
 1  0      0 120573008  92484 8008748    0    0     0    16 2006 19362  4  0 96  0  0
 1  0      0 120591728  92484 7989976    0    0     0     0 2022 19838  4  0 96  0  0
 4  0      0 120591360  92484 7990300    0    0     0    44 2032 19657  4  0 96  0  0
 4  0      0 120592168  92484 7989912    0    0     0     0 1870 19538  4  0 96  0  0
 2  0      0 120591776  92488 7990388    0    0     0    80 1931 19532  4  0 96  0  0
 1  0      0 120575880  92488 8008356    0    0     0     0 1827 16249  4  0 96  0  0
 2  0      0 120594680  92488 7990428    0    0     0     0 2067 19511  4  0 96  0  0
 1  0      0 120594448  92488 7990020    0    0     0     0 1888 19723  4  0 96  0  0
 1  0      0 120594080  92488 7990372    0    0     0     0 1804 17604  4  0 96  0  0
 5  0      0 120583520  92492 8000020    0    0     0    92 2077 18228  4  0 96  0  0
 5  0      0 120572248  92492 8009184    0    0     0     0 2035 19656  4  0 96  0  0
procs -----------memory---------- ---swap-- -----io---- -system-- ------cpu-----
 r  b   swpd   free   buff  cache   si   so    bi    bo   in   cs us sy id wa st
 1  0      0 120573296  92492 8008756    0    0     0     0 1965 19542  4  0 96  0  0
 2  0      0 120591568  92492 7990396    0    0     0     0 2126 20202  4  0 96  0  0
 1  0      0 120591600  92492 7989944    0    0     0     0 2019 19512  4  0 96  0  0
 4  0      0 120594800  92496 7989912    0    0     0    16 1925 19031  4  0 96  0  0
 2  0      0 120583984  92496 7998184    0    0     0     0 1765 14371  4  0 96  0  0
 2  0      0 120589144  92496 7992848    0    0     0     8 2062 20300  4  0 96  0  0
 2  0      0 120592216  92496 7990024    0    0     0     0 2004 19914  4  0 96  0  0
 4  0      0 120591328  92496 7990316    0    0     0     0 1959 19789  4  0 96  0  0
 2  0      0 120591152  92500 7990340    0    0     0    16 1953 18782  4  0 96  0  0
 4  0      0 120590960  92500 7989992    0    0     0     0 2027 19878  4  0 96  0  0
 1  0      0 120573392  92500 8008764    0    0     0     0 1820 16366  4  0 96  0  0
 2  0      0 120591664  92500 7990396    0    0     0     0 2165 20053  4  0 96  0  0
 1  0      0 120592208  92500 7989944    0    0     0     0 1862 19781  4  0 96  0  0
 1  0      0 120592040  92504 7989912    0    0     0    28 2045 19212  4  0 96  0  0
 4  0      0 120573720  92504 8008812    0    0     0     0 1823 13955  4  0 96  0  0
 5  0      0 120573312  92504 8008764    0    0     0     0 1969 19694  4  0 96  0  0
 1  0      0 120573136  92504 8008876    0    0     0     0 1994 19395  4  0 96  0  0
 5  0      0 120591656  92504 7990316    0    0     0     0 1878 19140  4  0 96  0  0
 3  0      0 120591944  92508 7989912    0    0     0    32 2238 19155  4  0 96  0  0
 3  0      0 120591536  92508 7989992    0    0     0    56 1970 19104  4  0 96  0  0
 2  0      0 120591360  92508 7989944    0    0     0     8 1962 18126  4  0 96  0  0
procs -----------memory---------- ---swap-- -----io---- -system-- ------cpu-----
 r  b   swpd   free   buff  cache   si   so    bi    bo   in   cs us sy id wa st
 2  0      0 120592016  92508 7990396    0    0     0     0 1879 16316  4  0 96  0  0
 2  0      0 120591528  92508 7989936    0    0     0     0 2066 19597  4  0 96  0  0
 2  0      0 120591608  92516 7989912    0    0     0    48 2023 19581  4  0 96  0  0
 3  0      0 120590712  92516 7990412    0    0     0     0 1923 16640  4  0 96  0  0
 3  0      0 120592224  92516 7990420    0    0     0     0 1979 18294  4  0 96  0  0
 5  0      0 120574592  92516 8008812    0    0     0   160 2097 18922  4  0 96  0  0
 1  0      0 120574104  92516 8008808    0    0     0     0 1959 18970  4  0 96  0  0
 1  0      0 120591760  92524 7989984    0    0     0    32 2108 19401  4  0 96  0  0
 1  0      0 120591520  92524 7989992    0    0     0     0 1929 19171  4  0 96  0  0
 4  0      0 120591552  92524 7990412    0    0     0     0 2021 18634  4  0 96  0  0
 2  0      0 120573408  92524 8008816    0    0     0     0 1795 15353  4  0 96  0  0
 2  0      0 120591096  92524 7990008    0    0     0     0 1970 19775  4  0 96  0  0
 4  0      0 120591088  92528 7990428    0    0     0    36 1835 19352  4  0 96  0  0
 4  0      0 120595064  92528 7989904    0    0     0     0 1915 16137  4  0 96  0  0
 2  0      0 120592256  92528 7989880    0    0     0     0 1813 19260  4  0 96  0  0
 1  0      0 120591872  92528 7989832    0    0     0     0 2015 20501  4  0 96  0  0
 4  0      0 120591408  92528 7989932    0    0     0     0 1901 19878  4  0 96  0  0
 1  0      0 120573368  92548 8008308    0    0     0   408 2044 16249  3  0 96  0  0
 2  0      0 120574248  92548 8008248    0    0     0     0 1952 19088  4  0 96  0  0
 2  0      0 120577560  92548 8005820    0    0     0     0 2046 19799  4  0 96  0  0
 1  0      0 120593200  92548 7989856    0    0     0     0 1808 19024  4  0 96  0  0
procs -----------memory---------- ---swap-- -----io---- -system-- ------cpu-----
 r  b   swpd   free   buff  cache   si   so    bi    bo   in   cs us sy id wa st
 4  0      0 120574816  92548 8008676    0    0     0     0 1926 15979  4  0 96  0  0
 2  0      0 120577856  92548 8005344    0    0     0    20 1968 18714  4  0 96  0  0
 2  0      0 120592496  92556 7989876    0    0     0   192 2231 19729  4  0 96  0  0
 1  0      0 120592736  92556 7989868    0    0     0     8 1777 19176  4  0 96  0  0
 4  0      0 120592768  92556 7990296    0    0     0     4 2056 19329  4  0 96  0  0
 4  0      0 120592528  92556 7990296    0    0     0     0 1957 16490  4  0 96  0  0
 2  0      0 120585976  92556 7997128    0    0     0    12 1995 18468  4  0 96  0  0
 2  0      0 120592072  92556 7989876    0    0     0    36 1996 19596  4  0 96  0  0
 1  0      0 120592304  92564 7989868    0    0     0    88 2099 19764  4  0 96  0  0
 1  0      0 120592080  92564 7990296    0    0     0    16 1895 18965  4  0 96  0  0
 1  0      0 120574192  92564 8008684    0    0     0     0 1807 15516  4  0 96  0  0
 2  0      0 120592096  92564 7989868    0    0     0     0 1970 19488  4  0 96  0  0
 1  0      0 120591896  92564 7989876    0    0     0     0 2174 19900  4  0 96  0  0
 2  0      0 120591640  92568 7990296    0    0     0   128 1849 16474  4  0 96  0  0
 4  0      0 120573496  92568 8004816    0    0     0     0 2137 17455  4  0 96  0  0
 1  0      0 120573520  92568 8008688    0    0     0     8 1972 18905  4  0 96  0  0
 2  0      0 120591688  92568 7989876    0    0     0     0 2156 19721  4  0 96  0  0
 3  0      0 120591200  92568 7990296    0    0     0     0 1727 16874  4  0 96  0  0
 5  0      0 120573808  92576 8008688    0    0     0    32 1888 18259  4  0 96  0  0
 2  0      0 120579624  92576 8001968    0    0     0     0 1893 20253  4  0 96  0  0
 1  0      0 120588272  92576 7990336    0    0     0   184 2100 19281  4  0 96  0  0
procs -----------memory---------- ---swap-- -----io---- -system-- ------cpu-----
 r  b   swpd   free   buff  cache   si   so    bi    bo   in   cs us sy id wa st
 5  0      0 120577440  92576 8001976    0    0     0     0 1712 15354  4  0 96  0  0
 1  0      0 120570736  92576 8008832    0    0     0     0 2042 19309  4  0 96  0  0
 1  0      0 120569872  92580 8009264    0    0     0    48 1988 19380  4  0 96  0  0
 1  0      0 120588552  92580 7990044    0    0     0     0 2097 19398  4  0 96  0  0
 5  0      0 120588632  92580 7989964    0    0     0     0 1875 19709  4  0 96  0  0
 4  0      0 120588000  92580 7990360    0    0     0     8 1962 16434  4  0 96  0  0
 1  0      0 120570912  92580 8008832    0    0     0     0 1849 19241  4  0 96  0  0
 2  0      0 120588672  92580 7990448    0    0     0    16 2041 20307  4  0 96  0  0
 4  0      0 120588976  92580 7990044    0    0     0     0 1906 19645  4  0 96  0  0
 4  0      0 120590000  92580 7990044    0    0     0     0 2086 19806  4  0 96  0  0
 5  0      0 120579376  92580 7998700    0    0     0     8 1764 15227  4  0 96  0  0
 1  0      0 120572384  92580 8008868    0    0     0     0 2040 18642  4  0 96  0  0
 2  0      0 120590304  92588 7990060    0    0     0    52 2009 19515  4  0 96  0  0
 6  0      0 120572416  92588 8008872    0    0     0     0 1749 15076  4  0 96  0  0
 2  0      0 120576464  92588 8005056    0    0     0     0 1953 19013  4  0 96  0  0
 1  0      0 120590840  92588 7990052    0    0     0     0 2061 20187  4  0 96  0  0
 4  0      0 120590616  92588 7990480    0    0     0    80 1921 18971  4  0 96  0  0
 2  0      0 120591120  92596 7990052    0    0     0    32 1768 15375  4  0 96  0  0
 1  0      0 120590416  92596 7990064    0    0     0     0 1843 19828  4  0 96  0  0
 4  0      0 120591152  92596 7990056    0    0     0     0 1997 19827  4  0 96  0  0
 1  0      0 120573520  92596 8008400    0    0     0     0 1752 15471  4  0 96  0  0
procs -----------memory---------- ---swap-- -----io---- -system-- ------cpu-----
 r  b   swpd   free   buff  cache   si   so    bi    bo   in   cs us sy id wa st
 1  0      0 120591432  92596 7990048    0    0     0     8 1999 19617  4  0 96  0  0
 4  0      0 120590192  92600 7989692    0    0     0    80 2011 20312  4  0 96  0  0
 2  0      0 120589808  92600 7990500    0    0     0     0 2063 16312  4  0 96  0  0
 2  0      0 120591360  92600 7989960    0    0     0     0 1867 18895  4  0 96  0  0
 3  0      0 120591440  92600 7989548    0    0     0     0 1984 19023  4  0 96  0  0
 3  0      0 120591272  92600 7990024    0    0     0     0 1779 16024  4  0 96  0  0
 1  0      0 120572960  92604 8008780    0    0     0    40 2012 18254  4  0 96  0  0
 2  0      0 120591944  92604 7989612    0    0     0     0 1989 19459  4  0 96  0  0
 2  0      0 120591552  92604 7990388    0    0     0     0 1874 17436  4  0 96  0  0
 5  0      0 120573216  92604 8008908    0    0     0     0 1849 16393  4  0 96  0  0
 1  0      0 120591944  92604 7989976    0    0     0     0 2078 19745  4  0 96  0  0
 2  0      0 120592024  92608 7989564    0    0     0    44 1934 19455  4  0 96  0  0
 4  0      0 120591376  92608 7990468    0    0     0     0 1960 18728  4  0 96  0  0
 1  0      0 120573792  92608 8008780    0    0     0   204 2009 15852  4  0 96  0  0
 1  0      0 120592528  92608 7989628    0    0     0     0 2139 19889  4  0 96  0  0
 4  0      0 120592352  92608 7989968    0    0     0     0 1925 19204  4  0 96  0  0
 3  0      0 120592256  92608 7989984    0    0     0     0 1815 15183  4  0 96  0  0
 2  0      0 120589432  92608 7990000    0    0     0     8 1999 18564  4  0 96  0  0
 1  0      0 120589760  92616 7989572    0    0     0    92 2092 19993  4  0 96  0  0
 4  0      0 120589600  92616 7990048    0    0     0     0 1922 19181  4  0 96  0  0
 1  0      0 120589432  92616 7989968    0    0     0     0 1831 14901  4  0 96  0  0
procs -----------memory---------- ---swap-- -----io---- -system-- ------cpu-----
 r  b   swpd   free   buff  cache   si   so    bi    bo   in   cs us sy id wa st
 1  0      0 120590264  92616 7989524    0    0     0     0 1879 17570  4  0 96  0  0
 4  0      0 120590592  92616 7990000    0    0     0     8 1904 18771  4  0 96  0  0
 4  0      0 120589712  92620 7990364    0    0     0    16 1866 16091  4  0 96  0  0
 2  0      0 120591016  92620 7990016    0    0     0     0 2012 18781  4  0 96  0  0
 4  0      0 120590848  92620 7989616    0    0     4   140 2004 19620  4  0 96  0  0
 1  0      0 120590176  92620 7989964    0    0     0     0 1989 17371  4  0 96  0  0
 1  0      0 120571856  92620 8008832    0    0     0     0 1846 17086  4  0 96  0  0
 2  0      0 120590288  92620 7990012    0    0     0    36 2117 19987  4  0 96  0  0
 1  0      0 120590816  92620 7990012    0    0     0     0 1966 20183  4  0 96  0  0
 1  0      0 120590336  92624 7990440    0    0     0    68 1993 18553  4  0 96  0  0
 2  0      0 120592432  92624 7989948    0    0     0     0 2149 14280  4  0 96  0  0
 1  0      0 120591512  92628 7989588    0    0     8     0 2145 19422  4  0 96  0  0
 3  0      0 120591408  92628 7990412    0    0     0    48 2249 18732  4  0 96  0  0
 1  0      0 120569952  92628 8009016    0    0     0     0 2107 15555  4  0 96  0  0
 1  0      0 120589152  92628 7989740    0    0     0    48 2195 19446  4  0 96  0  0
 2  0      0 120589512  92628 7990092    0    0     0     0 2469 20220  4  0 96  0  0
 1  0      0 120588848  92628 7990140    0    0     0     0 1849 17868  4  0 96  0  0
 2  0      0 120582640  92632 7997384    0    0     0   280 2515 17609  4  0 96  0  0
 2  0      0 120591952  92632 7990124    0    0     0    16 1966 19718  4  0 96  0  0
 1  0      0 120591968  92632 7990124    0    0     0     0 2364 18897  4  0 96  0  0
 1  0      0 120591792  92632 7990204    0    0     0     0 1900 18549  4  0 96  0  0
procs -----------memory---------- ---swap-- -----io---- -system-- ------cpu-----
 r  b   swpd   free   buff  cache   si   so    bi    bo   in   cs us sy id wa st
 1  0      0 120570440  92632 8008620    0    0     0     0 2165 16006  4  0 96  0  0
 2  0      0 120579368  92636 8003192    0    0     0   324 2179 19537  4  0 96  0  0
 2  0      0 120588560  92636 7990496    0    0     0     8 2339 19552  4  0 96  0  0
 3  0      0 120589784  92636 7990520    0    0     0     0 2640 15897  4  0 96  0  0
 1  0      0 120568880  92636 8009364    0    0     0     0 2806 18351  4  0 96  0  0
 2  0      0 120587808  92636 7990124    0    0     0     0 2321 19759  4  0 96  0  0
 4  0      0 120586704  92640 7990576    0    0     0    40 1935 18289  4  0 96  0  0
 3  0      0 120588288  92640 7990128    0    0     0     4 2312 17662  4  0 96  0  0
 4  0      0 120587688  92640 7990540    0    0     0    16 1994 18049  4  0 96  0  0
 1  0      0 120568832  92640 8008996    0    0     0     0 2328 19389  4  0 96  0  0
 3  0      0 120587520  92640 7990612    0    0     0     0 2187 19759  4  0 96  0  0
 3  0      0 120587816  92644 7990636    0    0     0    92 2063 17858  4  0 96  0  0
 5  0      0 120569848  92644 8009320    0    0     0   448 2254 16462  4  0 96  0  0
 2  0      0 120589448  92644 7990160    0    0     0     8 1999 19374  4  0 96  0  0
 1  0      0 120589712  92644 7990160    0    0     0     0 1973 19290  4  0 96  0  0
 1  0      0 120589480  92644 7990160    0    0     0     0 1979 19637  4  0 96  0  0
 4  0      0 120589496  92644 7990160    0    0     0    36 1992 18569  4  0 96  0  0
 1  0      0 120571360  92644 8008564    0    0     0   240 1761 15390  3  0 96  0  0
 2  0      0 120589776  92644 7990160    0    0     0     0 2036 19189  4  0 96  0  0
 1  0      0 120589792  92644 7990160    0    0     0     8 1980 19168  4  0 96  0  0
 1  0      0 120571664  92644 8008980    0    0     0     0 1779 14571  3  0 96  0  0
procs -----------memory---------- ---swap-- -----io---- -system-- ------cpu-----
 r  b   swpd   free   buff  cache   si   so    bi    bo   in   cs us sy id wa st
 3  0      0 120581248  92648 7998880    0    0     0    40 1974 19342  4  0 96  0  0
 2  0      0 120589584  92648 7990160    0    0     0     0 1999 19591  4  0 96  0  0
 1  0      0 120589344  92648 7990160    0    0     0     0 2004 19825  4  0 96  0  0
 1  0      0 120571216  92648 8008980    0    0     0     8 1748 14877  4  0 96  0  0
 2  0      0 120589632  92648 7990160    0    0     0     0 1989 19603  4  0 96  0  0
 1  0      0 120589648  92652 7990160    0    0     0    16 1951 18961  4  0 96  0  0
 4  0      0 120589176  92652 7990588    0    0     0     0 1743 15320  4  0 96  0  0
 2  0      0 120577328  92652 8002752    0    0     0     0 1912 18972  4  0 96  0  0
 1  0      0 120589440  92652 7990160    0    0     0     0 1998 19300  4  0 96  0  0
 4  0      0 120589712  92652 7990160    0    0     0     8 1779 18797  4  0 96  0  0
 1  0      0 120572080  92652 8008568    0    0     0    44 1813 14746  4  0 96  0  0
 2  0      0 120589992  92652 7990164    0    0     0     0 2064 19520  4  0 96  0  0
 4  0      0 120589760  92652 7990156    0    0     0     0 1927 19243  4  0 96  0  0
 1  0      0 120571624  92652 8008976    0    0     0     0 1731 15054  4  0 96  0  0
 2  0      0 120590088  92652 7990156    0    0     0     8 2093 20064  4  0 96  0  0
 4  0      0 120590104  92656 7990164    0    0     0   136 1913 18719  4  0 96  0  0
 1  0      0 120589632  92656 7990592    0    0     0     0 1872 16331  4  0 96  0  0
 2  0      0 120589152  92656 7990172    0    0     0     0 1928 18847  4  0 96  0  0
 1  0      0 120589392  92656 7990164    0    0     0     0 2047 20365  4  0 96  0  0
 1  0      0 120588912  92656 7990592    0    0     0     0 1838 18766  4  0 96  0  0
 1  0      0 120571776  92660 8008984    0    0     0   132 1849 15603  4  0 96  0  0
procs -----------memory---------- ---swap-- -----io---- -system-- ------cpu-----
 r  b   swpd   free   buff  cache   si   so    bi    bo   in   cs us sy id wa st
 2  0      0 120589936  92660 7990164    0    0     0     0 1939 19248  4  0 96  0  0
 2  0      0 120587440  92660 7990100    0    0     0     0 1970 19387  4  0 96  0  0
 1  0      0 120590608  92660 7990180    0    0     0    64 1984 20441  4  0 96  0  0
 1  0      0 120568704  92660 8008952    0    0     0     0 1782 13827  4  0 96  0  0
 2  0      0 120587432  92664 7990212    0    0     0    24 1896 19876  4  0 96  0  0
 1  0      0 120587760  92664 7990132    0    0     0     0 2032 19567  4  0 96  0  0
 4  0      0 120587376  92664 7990528    0    0     0     0 1769 15861  4  0 96  0  0
 1  0      0 120569328  92664 8009372    0    0     0     0 1966 18295  4  0 96  0  0
 2  0      0 120581712  92664 7996908    0    0     0     0 1938 19894  4  0 96  0  0
 1  0      0 120588344  92672 7990212    0    0     0    52 2067 19141  4  0 96  0  0
 2  0      0 120588272  92672 7990448    0    0     0    92 1784 15375  3  0 96  0  0
 1  0      0 120570368  92672 8008920    0    0     0     0 1962 18881  4  0 96  0  0
 2  0      0 120590040  92672 7990100    0    0     0     0 2031 19334  4  0 96  0  0
 1  0      0 120569640  92672 8008968    0    0     0     0 1832 13297  3  0 96  0  0
 2  0      0 120587416  92672 7990616    0    0     0    28 1988 19363  4  0 96  0  0
 1  0      0 120586880  92672 7990132    0    0     0     8 1978 19987  4  0 96  0  0
 1  0      0 120590304  92672 7990116    0    0     0     0 1857 18921  4  0 96  0  0
 3  0      0 120590464  92672 7990512    0    0     0     0 1830 15391  4  0 96  0  0
 1  0      0 120572256  92672 8009016    0    0     0     0 1896 18880  4  0 96  0  0
 1  0      0 120571760  92676 8008588    0    0     0    32 2016 19595  4  0 96  0  0
 4  0      0 120590432  92676 7990196    0    0     0     0 1905 17489  4  0 96  0  0
procs -----------memory---------- ---swap-- -----io---- -system-- ------cpu-----
 r  b   swpd   free   buff  cache   si   so    bi    bo   in   cs us sy id wa st
 4  0      0 120589952  92676 7990624    0    0     0     8 1876 16330  4  0 96  0  0
 1  0      0 120572064  92676 8008600    0    0     0     0 1897 19168  4  0 96  0  0
 2  0      0 120590208  92676 7990196    0    0     0     0 2399 19459  4  0 96  0  0
 3  0      0 120589760  92684 7990624    0    0     0    40 1769 18314  4  0 96  0  0
 1  0      0 120572112  92684 8009016    0    0     0     0 1898 16171  4  0 96  0  0
 1  0      0 120570784  92684 8006656    0    0     0   212 2069 19092  4  0 96  0  0
 1  0      0 120554496  92684 8008484    0    0  1920     0 1338 9542  3  0 97  0  0
 1  0      0 120072672  92684 8008528    0    0     0     4  380  239  1  0 98  0  0
 1  0      0 119264584  92684 8571340    0    0     0   112  521  324  1  1 98  0  0
 2  0      0 118857840  92684 9059776    0    0     0     0 1321  642  2  1 96  0  0
 1  0      0 118232352  92684 9475180    0    0  5924     0 5343 4292  5  1 94  0  0
 2  0      0 118708816  92684 9065716    0    0     0   196 1403 4112  3  1 97  0  0
 1  0      0 118454080  92684 9200328    0    0     0     0  753  416  2  1 97  0  0
 2  0      0 118705464  92688 9066388    0    0     0    64 1163 4058  2  1 97  0  0
 2  0      0 118628128  92700 9065720    0    0     0   148  822  441  2  0 97  0  0
 2  0      0 118115856  92700 9654968    0    0     0     0  782  429  1  1 98  0  0
 1  0      0 118704904  92700 9065732    0    0     0    12 1061 4061  3  0 96  0  0
 1  0      0 118055312  92700 9595256    0    0     0    56  495  357  1  1 98  0  0
 2  0      0 118707144  92700 9065544    0    0     0    72 1401 4351  3  0 96  0  0
 1  0      0 118199920  92704 9454204    0    0     0    80  447  300  1  1 98  0  0
 2  0      0 118707824  92704 9065532    0    0     0     0 1326 3747  3  1 97  0  0
procs -----------memory---------- ---swap-- -----io---- -system-- ------cpu-----
 r  b   swpd   free   buff  cache   si   so    bi    bo   in   cs us sy id wa st
 1  0      0 118345472  92704 9308500    0    0     0     0  519  376  2  1 98  0  0
 2  0      0 118706208  92704 9065564    0    0     0    12 1289 3722  3  1 97  0  0
 1  0      0 118370064  92704 9282396    0    0     0     0  514  267  2  0 98  0  0
 2  0      0 118707952  92704 9065548    0    0     0    32 1347 3998  2  1 97  0  0
 1  0      0 118527528  92704 9127500    0    0     0   120  691  488  2  0 98  0  0
 2  0      0 118707096  92704 9066268    0    0     0     0 1222 3811  2  1 97  0  0
 1  0      0 118486368  92704 9167704    0    0     0     8  622  316  2  0 97  0  0
 1  0      0 118705504  92704 9065580    0    0     0     0  749 3651  1  1 98  0  0
 1  0      0 119501056  92704 9084872    0    0     0     0 11623 5634  2  1 97  0  0
 1  0      0 119494528  92712 9084036    0    0     0    92 2060 19693  4  0 96  0  0
 4  0      0 119457504  92712 9065400    0    0     0    64 1911 19075  4  0 96  0  0
 4  0      0 119457240  92712 9065408    0    0     0     0 1876 16220  4  0 96  0  0
 1  0      0 119439248  92712 9084316    0    0     0     0 1903 18112  4  0 96  0  0
 2  0      0 119456384  92712 9067456    0    0     0     0 1998 19628  4  0 96  0  0
 4  0      0 119461632  92720 9065996    0    0     0    88 1874 19090  4  0 96  0  0
 4  0      0 119461920  92720 9065684    0    0     0     0 1942 16452  4  0 96  0  0
 4  0      0 119451152  92720 9074968    0    0     0     0 1975 19495  4  0 96  0  0
 2  0      0 119458736  92720 9065600    0    0     0    80 2002 19109  4  0 96  0  0
 1  0      0 119462152  92720 9065712    0    0     0     0 1916 19468  4  0 96  0  0
 3  0      0 119462480  92720 9065696    0    0     0    36 1933 18456  4  0 96  0  0
 4  0      0 119440112  92720 9084572    0    0     0     0 1898 16357  4  0 96  0  0
procs -----------memory---------- ---swap-- -----io---- -system-- ------cpu-----
 r  b   swpd   free   buff  cache   si   so    bi    bo   in   cs us sy id wa st
 1  0      0 119459048  92720 9065552    0    0     0     0 1941 18838  4  0 96  0  0
 1  0      0 119458384  92720 9066060    0    0     0     0 1826 18746  4  0 96  0  0
 5  0      0 119441056  92720 9084168    0    0     0     0 1768 15620  4  0 96  0  0
 1  0      0 119459032  92724 9065680    0    0     0    40 2008 19603  4  0 96  0  0
 4  0      0 119458872  92724 9066076    0    0     0     0 1895 18534  4  0 96  0  0
 5  0      0 119441056  92724 9084420    0    0     0     0 1813 15954  4  0 96  0  0
 1  0      0 119441392  92724 9084068    0    0     0     0 1947 19053  4  0 96  0  0
 4  0      0 119459864  92728 9065672    0    0     4   132 2080 19325  4  0 96  0  0
 2  0      0 119459280  92728 9065596    0    0     0     0 1854 15971  4  0 96  0  0
 1  0      0 119441664  92728 9084480    0    0     0     0 1828 18058  4  0 96  0  0
 4  0      0 119460392  92728 9065676    0    0     0     0 1871 19307  4  0 96  0  0
 2  0      0 119460048  92728 9066164    0    0     0     0 1765 17541  4  0 96  0  0
 4  0      0 119438576  92736 9084200    0    0     0    96 1896 17930  4  0 96  0  0
 1  0      0 119438144  92736 9084652    0    0     0     0 1868 18926  4  0 96  0  0
 1  0      0 119457632  92736 9065708    0    0     0     0 1943 20040  4  0 96  0  0
 1  0      0 119460816  92736 9065708    0    0     0     0 1950 19515  4  0 96  0  0
 4  0      0 119460136  92736 9065596    0    0     0     8 1941 19856  4  0 96  0  0
 1  0      0 119441888  92736 9084852    0    0     0    36 1748 14775  3  0 96  0  0
 1  0      0 119441408  92740 9084404    0    0     0    28 2073 18975  4  0 96  0  0
 2  0      0 119459632  92740 9065572    0    0     0     0 1881 19379  4  0 96  0  0
 3  0      0 119443384  92744 9065760    0    0   356     0 2946 20777  5  0 95  0  0
procs -----------memory---------- ---swap-- -----io---- -system-- ------cpu-----
 r  b   swpd   free   buff  cache   si   so    bi    bo   in   cs us sy id wa st
 2  0      0 119461408  92744 9065948    0    0     0     4 2105 18335  4  0 96  0  0
 3  0      0 119461000  92744 9065980    0    0     0     0 2018 18217  4  0 96  0  0
 3  0      0 119442496  92752 9084796    0    0     0   288 1899 18431  4  0 96  0  0
 2  0      0 119461664  92752 9065888    0    0     0     0 2017 19529  4  0 96  0  0
 4  0      0 119460496  92752 9065956    0    0     0   316 2008 19363  4  0 96  0  0
 1  0      0 119460400  92752 9066288    0    0     0     0 1866 17652  4  0 96  0  0
 1  0      0 119438656  92752 9084392    0    0     0     0 1793 17732  4  0 96  0  0
 1  0      0 119457136  92752 9065908    0    0     0   336 2074 19466  4  0 96  0  0
 3  0      0 119456016  92752 9066288    0    0     0     0 1757 19265  4  0 96  0  0
 4  0      0 119455824  92752 9066372    0    0     0     0 1892 16708  4  0 96  0  0
 2  0      0 119456624  92752 9065492    0    0     0     0 1903 17365  4  0 96  0  0
 1  0      0 119456456  92752 9065960    0    0     0     0 2004 20076  4  0 96  0  0
 1  0      0 119456048  92752 9066008    0    0     0    32 1944 20378  4  0 96  0  0
 4  0      0 119455648  92752 9066372    0    0     0   184 1922 16339  4  0 96  0  0
 1  0      0 119438056  92752 9084476    0    0     0     0 1854 18792  4  0 96  0  0
 1  0      0 119437888  92752 9084776    0    0     0     0 1930 19803  4  0 96  0  0
 2  0      0 119456120  92752 9066008    0    0     0     0 1952 19282  4  0 96  0  0
 1  0      0 119455472  92760 9066388    0    0     0    64 1873 17239  4  0 96  0  0
 1  0      0 119438640  92760 9084460    0    0     0     0 2091 17635  4  0 96  0  0
 2  0      0 119456880  92760 9065944    0    0     0     0 2081 19846  4  0 96  0  0
 1  0      0 119456480  92760 9066484    0    0     0     0 2080 16026  3  0 96  0  0
procs -----------memory---------- ---swap-- -----io---- -system-- ------cpu-----
 r  b   swpd   free   buff  cache   si   so    bi    bo   in   cs us sy id wa st
 2  0      0 119448752  92760 9075172    0    0     0     0 1932 17994  4  0 96  0  0
 2  0      0 119457904  92764 9065988    0    0     0    40 1983 20187  4  0 96  0  0
 2  0      0 119457984  92764 9066040    0    0     0   228 2128 20438  4  0 96  0  0
 1  0      0 119439936  92764 9084340    0    0     0     0 1635 15533  3  0 96  0  0
 2  0      0 119449352  92764 9074784    0    0     0     4 2037 19717  4  0 96  0  0
 2  0      0 119462096  92764 9066088    0    0     0    16 1942 19533  4  0 96  0  0
 1  0      0 119461920  92772 9066088    0    0     0   100 1863 18344  4  0 96  0  0
 3  0      0 119462272  92772 9065948    0    0     0    64 1875 18033  4  0 96  0  0
 3  0      0 119461832  92772 9066056    0    0     0     0 1936 20680  4  0 96  0  0
 5  0      0 119443760  92772 9084088    0    0     0     0 1791 18315  4  0 96  0  0
 1  0      0 119462752  92780 9066032    0    0     0   148 2096 19820  4  0 96  0  0
 4  0      0 119458768  92780 9066100    0    0     0     0 1914 20417  4  0 96  0  0
 2  0      0 119459104  92780 9065708    0    0     0     0 1870 20209  4  0 96  0  0
 4  0      0 119458952  92780 9066592    0    0     0     0 1797 14947  4  0 96  0  0
 2  0      0 119451392  92780 9071036    0    0     0     0 1824 19529  4  0 96  0  0
 2  0      0 119459360  92784 9066224    0    0     0   100 2023 20072  4  0 96  0  0
 1  0      0 119459440  92784 9066116    0    0     0     0 2008 20138  4  0 96  0  0
 2  0      0 119459584  92784 9066496    0    0     0     0 1795 15821  4  0 96  0  0
 1  0      0 119438368  92784 9084544    0    0     0     0 1904 19071  4  0 96  0  0
 2  0      0 119454576  92784 9068556    0    0     0     0 1976 19871  4  0 96  0  0
 4  0      0 119460288  92784 9066676    0    0     0     0 1814 19467  4  0 96  0  0
procs -----------memory---------- ---swap-- -----io---- -system-- ------cpu-----
 r  b   swpd   free   buff  cache   si   so    bi    bo   in   cs us sy id wa st
 3  0      0 119460368  92784 9066264    0    0     0    84 1958 17774  4  0 96  0  0
 3  0      0 119438960  92784 9085104    0    0     0     0 1802 19062  4  0 96  0  0
 2  0      0 119438528  92784 9084844    0    0     0     0 2020 19098  4  0 96  0  0
 4  0      0 119461112  92784 9066140    0    0     0     0 1806 19800  4  0 96  0  0
 3  0      0 119460448  92784 9065868    0    0     0     0 1915 19623  4  0 96  0  0
 4  0      0 119460080  92784 9066616    0    0     0    16 1739 15665  4  0 96  0  0
 2  0      0 119457280  92784 9065856    0    0     0     0 1973 18829  4  0 96  0  0
 2  0      0 119457360  92784 9066220    0    0     0     0 2004 19802  4  0 96  0  0
 1  0      0 119461024  92784 9066172    0    0     0     0 1951 20059  4  0 96  0  0
 3  0      0 119456760  92784 9066108    0    0     0     0 1804 19315  4  0 96  0  0
 5  0      0 119438200  92788 9084636    0    0     0    16 1915 15916  4  0 96  0  0
 1  0      0 119437776  92788 9085008    0    0     0     0 1977 19159  4  0 96  0  0
 2  0      0 119444736  92788 9081724    0    0     0     0 1971 19274  4  0 96  0  0
 4  0      0 119456592  92788 9066028    0    0     0     0 1920 19267  4  0 96  0  0
 2  0      0 119456944  92788 9066152    0    0     0     0 1892 17028  4  0 96  0  0
 1  0      0 119438624  92792 9085072    0    0     0    84 1950 18397  4  0 96  0  0
 1  0      0 119457096  92792 9066044    0    0     0     0 2068 19636  4  0 96  0  0
 4  0      0 119456432  92792 9066168    0    0     0     0 1833 19585  4  0 96  0  0
 3  0      0 119460656  92792 9066520    0    0     0     0 2066 18226  4  0 96  0  0
 4  0      0 119456856  92792 9066248    0    0     0    72 1968 17533  4  0 96  0  0
 2  0      0 119457680  92796 9066248    0    0     0    52 1981 18927  4  0 96  0  0
procs -----------memory---------- ---swap-- -----io---- -system-- ------cpu-----
 r  b   swpd   free   buff  cache   si   so    bi    bo   in   cs us sy id wa st
 2  0      0 119457264  92796 9066060    0    0     0     0 1878 19153  4  0 96  0  0
 2  0      0 119456848  92796 9066092    0    0     0     0 1979 19780  4  0 96  0  0
 5  0      0 119446064  92796 9079668    0    0     0     0 1899 15443  3  0 96  0  0
 1  0      0 119439112  92796 9084608    0    0     0     0 1985 19183  4  0 96  0  0
 2  0      0 119457600  92800 9066156    0    0     0    48 1900 20243  4  0 96  0  0
 1  0      0 119457424  92800 9066204    0    0     0     0 1956 19694  4  0 96  0  0
 3  0      0 119435768  92800 9084640    0    0     0     0 1640 15136  3  0 96  0  0
 1  0      0 119439456  92800 9085120    0    0     0     0 2020 19371  4  0 96  0  0
 2  0      0 119458688  92800 9066236    0    0     0   140 1962 19674  4  0 96  0  0
 2  0      0 119454432  92800 9066632    0    0     0    32 1855 16811  4  0 96  0  0
 1  0      0 119436360  92800 9084576    0    0     0     4 1836 17112  4  0 96  0  0
 2  0      0 119450800  92800 9070432    0    0     0     0 1951 19688  4  0 96  0  0
 2  0      0 119455168  92800 9066188    0    0     0     0 1883 19410  4  0 96  0  0
 3  0      0 119454768  92800 9066280    0    0     0     0 1814 14096  4  0 96  0  0
 1  0      0 119435936  92808 9085104    0    0     0    36 1874 19098  4  0 96  0  0
 1  0      0 119436264  92808 9085068    0    0     0     0 1999 19235  4  0 96  0  0
 3  0      0 119454496  92808 9066252    0    0     0     0 1865 19392  4  0 96  0  0
 4  0      0 119454592  92808 9066232    0    0     0     0 1853 17381  4  0 96  0  0
 1  0      0 119436512  92808 9085036    0    0     0     0 1824 16939  4  0 96  0  0
 2  0      0 119452976  92808 9068544    0    0     0    16 2037 19823  4  0 96  0  0
 4  0      0 119454584  92808 9066220    0    0     0     0 1860 19289  4  0 96  0  0
procs -----------memory---------- ---swap-- -----io---- -system-- ------cpu-----
 r  b   swpd   free   buff  cache   si   so    bi    bo   in   cs us sy id wa st
 4  0      0 119454424  92808 9066248    0    0     0     0 1837 15554  4  0 96  0  0
 2  0      0 119440200  92820 9085448    0    0     4   156 1957 19397  4  0 96  0  0
 4  0      0 119458624  92832 9066800    0    0     0   260 2543 18635  4  0 96  0  0
 2  0      0 119458656  92832 9066400    0    0     0    56 2366 18748  4  0 96  0  0
 1  0      0 119440808  92832 9085224    0    0     0     0 2420 18431  4  0 96  0  0
 2  0      0 119443152  92832 9082248    0    0     0    64 2541 21159  4  0 96  0  0
 4  0      0 119458624  92852 9066256    0    0     0   288 2429 20427  4  0 96  0  0
 3  0      0 119457752  92852 9066400    0    0     0    12 1818 17201  4  0 96  0  0
 3  0      0 119440128  92852 9085096    0    0     0    16 1903 18052  4  0 96  0  0
 1  0      0 119458608  92852 9066308    0    0     0     0 2008 19267  4  0 96  0  0
 4  0      0 119457744  92852 9066336    0    0     0     0 1818 19064  4  0 96  0  0
 5  0      0 119436784  92852 9085160    0    0     0    24 1753 16668  4  0 96  0  0
 1  0      0 119436864  92856 9085092    0    0     0    76 1961 19444  4  0 96  0  0
 4  0      0 119454848  92856 9066340    0    0     0     0 1864 19494  4  0 96  0  0
 4  0      0 119453952  92856 9066368    0    0     0     0 1775 16865  4  0 96  0  0
 1  0      0 119436608  92856 9085192    0    0     0     0 1817 18299  4  0 96  0  0
 2  0      0 119455088  92856 9066276    0    0     0     0 1895 19972  4  0 96  0  0
 4  0      0 119457824  92856 9066400    0    0     0    76 1800 18805  4  0 96  0  0
 5  0      0 119436352  92856 9085128    0    0     0     0 1903 16274  4  0 96  0  0
 1  0      0 119435928  92856 9085112    0    0     0     0 1887 19728  4  0 96  0  0
 3  0      0 119453696  92856 9066772    0    0     0     0 1926 17188  4  0 96  0  0
procs -----------memory---------- ---swap-- -----io---- -system-- ------cpu-----
 r  b   swpd   free   buff  cache   si   so    bi    bo   in   cs us sy id wa st
 2  0      0 119454048  92856 9066376    0    0     0     0 1913 17029  4  0 96  0  0
 1  0      0 119436176  92856 9085228    0    0     0   132 2079 18792  4  0 96  0  0
 1  0      0 119454904  92856 9066312    0    0     0     0 1931 20242  4  0 96  0  0
 4  0      0 119454072  92856 9066724    0    0     0     0 1880 19192  4  0 96  0  0
 4  0      0 119453600  92856 9066796    0    0     0     0 1837 16464  4  0 96  0  0
 1  0      0 119436512  92856 9084692    0    0     0     0 1931 18825  4  0 96  0  0
 4  0      0 119454824  92860 9066720    0    0     0    32 1922 17476  4  0 96  0  0
 2  0      0 119454112  92860 9066420    0    0     0     0 1922 18205  4  0 96  0  0
 1  0      0 119436768  92860 9085116    0    0     0     0 1829 17036  4  0 96  0  0
 1  0      0 119436848  92860 9085216    0    0     0     0 2114 19208  4  0 96  0  0
 2  0      0 119455152  92860 9066628    0    0     0     0 1831 19566  4  0 96  0  0
 4  0      0 119455472  92860 9066356    0    0     0    36 1862 18888  4  0 96  0  0
 1  0      0 119433544  92860 9085568    0    0     0     0 1744 15774  4  0 96  0  0
 2  0      0 119452736  92860 9066296    0    0     0     0 1937 19548  4  0 96  0  0
 4  0      0 119451872  92860 9066324    0    0     0     0 1811 18511  4  0 96  0  0
 3  0      0 119452176  92860 9066768    0    0     0     0 1853 17643  4  0 96  0  0
 2  0      0 119434336  92860 9085120    0    0     0    20 1964 19031  4  0 96  0  0
 1  0      0 119452896  92860 9066696    0    0     0     0 2131 19203  4  0 96  0  0
 1  0      0 119452896  92860 9065996    0    0     0     8 1776 19869  4  0 96  0  0
 2  0      0 119452560  92860 9066728    0    0     0     0 1872 18577  4  0 96  0  0
 2  0      0 119443728  92860 9076028    0    0     0     0 1876 17655  4  0 96  0  0
procs -----------memory---------- ---swap-- -----io---- -system-- ------cpu-----
 r  b   swpd   free   buff  cache   si   so    bi    bo   in   cs us sy id wa st
 2  0      0 119453648  92864 9066300    0    0     0    24 1996 19716  4  0 96  0  0
 4  0      0 119453568  92864 9066728    0    0     0     0 1846 19728  4  0 96  0  0
 4  0      0 119453816  92864 9066004    0    0     0     0 1863 18981  4  0 96  0  0
 1  0      0 119435312  92864 9085608    0    0     0     0 1777 15965  4  0 96  0  0
 2  0      0 119453984  92864 9066388    0    0     0     0 1926 19409  4  0 96  0  0
 4  0      0 119453392  92868 9066320    0    0     0    28 1877 19596  4  0 96  0  0
 1  0      0 119435744  92868 9085124    0    0     0     0 1870 15553  4  0 96  0  0
 2  0      0 119453984  92868 9066356    0    0     0   144 2056 19497  4  0 96  0  0
 1  0      0 119453888  92868 9066400    0    0     0     0 1894 19230  4  0 96  0  0
 1  0      0 119432400  92868 9085240    0    0     0     0 1723 15552  4  0 96  0  0
 2  0      0 119451128  92868 9066324    0    0     0    52 2000 19733  4  0 96  0  0
 4  0      0 119450968  92868 9066308    0    0     0     0 1886 19285  4  0 96  0  0
 2  0      0 119450080  92868 9066432    0    0     4   140 2088 18142  4  0 96  0  0
 1  0      0 119431768  92868 9085524    0    0     0    68 1885 17220  4  0 96  0  0
 2  0      0 119450464  92868 9066320    0    0     0     0 2030 19829  4  0 96  0  0
 2  0      0 119450128  92868 9066684    0    0     0     0 1983 19207  4  0 96  0  0
 1  0      0 119450880  92868 9065984    0    0     0     0 1856 19097  4  0 96  0  0
 1  0      0 119432568  92872 9085248    0    0     0   100 1820 15615  4  0 96  0  0
 2  0      0 119451128  92872 9066652    0    0     0     0 1993 19363  4  0 96  0  0
 2  0      0 119451120  92872 9066320    0    0     0     0 2025 19640  4  0 96  0  0
 5  0      0 119432624  92872 9085196    0    0     0     0 1762 15444  3  0 96  0  0
procs -----------memory---------- ---swap-- -----io---- -system-- ------cpu-----
 r  b   swpd   free   buff  cache   si   so    bi    bo   in   cs us sy id wa st
 1  0      0 119432640  92872 9085156    0    0     0     0 1887 19797  4  0 96  0  0
 1  0      0 119451624  92872 9066320    0    0     0    32 2047 19718  4  0 96  0  0
 5  0      0 119433120  92880 9085196    0    0     0    28 1793 15373  3  0 96  0  0
 1  0      0 119433648  92880 9085140    0    0     0     0 1889 19109  4  0 96  0  0
 1  0      0 119433224  92880 9085248    0    0     0     0 1878 20044  4  0 96  0  0
 2  0      0 119452456  92892 9066336    0    0     4   156 2136 19454  4  0 96  0  0
 2  0      0 119451864  92892 9066752    0    0     0     0 1698 18629  4  0 96  0  0
 4  0      0 119451184  92892 9066456    0    0     0    60 2281 17129  4  0 96  0  0
 1  0      0 119430064  92892 9085156    0    0     0     0 1962 18930  4  0 96  0  0
 2  0      0 119448784  92892 9066332    0    0     0   212 2140 19782  4  0 96  0  0
 1  0      0 119447680  92896 9066688    0    0     0   100 2008 19882  4  0 96  0  0
 1  0      0 119448224  92896 9065996    0    0     0     0 1930 19504  4  0 96  0  0
 3  0      0 119447824  92896 9066872    0    0     0     8 1823 17262  4  0 96  0  0
 2  0      0 119449136  92896 9066348    0    0     0     0 1912 18464  4  0 96  0  0
 2  0      0 119449056  92896 9066760    0    0     0     0 1937 19647  4  0 96  0  0
 4  0      0 119448544  92896 9066400    0    0     0     0 1899 19621  4  0 96  0  0
 1  0      0 119430800  92900 9085220    0    0     0   124 1769 15052  4  0 96  0  0
 2  0      0 119449976  92900 9066324    0    0     0     0 1938 20085  4  0 96  0  0
 1  0      0 119449808  92904 9066380    0    0     0    24 2010 19750  4  0 96  0  0
 3  0      0 119431304  92904 9085292    0    0     0     0 1724 15844  3  0 96  0  0
 1  0      0 119431816  92904 9085264    0    0     0     0 1927 20141  4  0 96  0  0
procs -----------memory---------- ---swap-- -----io---- -system-- ------cpu-----
 r  b   swpd   free   buff  cache   si   so    bi    bo   in   cs us sy id wa st
 2  0      0 119438448  92904 9078480    0    0     0     0 1967 19118  4  0 96  0  0
 2  0      0 119450192  92904 9066792    0    0     0     0 2106 19697  4  0 96  0  0
 3  0      0 119454144  92908 9066268    0    0     0    20 1696 14413  4  0 96  0  0
 4  0      0 119454176  92908 9066840    0    0     0     0 1859 19418  4  0 96  0  0
 1  0      0 119435824  92908 9085304    0    0     0     0 1862 19488  4  0 96  0  0
 2  0      0 119455568  92908 9066388    0    0     0     0 1931 20039  4  0 96  0  0
 1  0      0 119454648  92908 9066420    0    0     0     0 1990 19327  4  0 96  0  0
 1  0      0 119454304  92912 9066736    0    0     0    20 2098 20161  4  0 96  0  0
 1  0      0 119454304  92912 9066388    0    0     0     0 1970 20741  4  0 96  0  0
 5  0      0 119444016  92912 9078640    0    0     0     0 1819 15467  4  0 96  0  0
 1  0      0 119436328  92912 9085236    0    0     0     0 1930 19530  4  0 96  0  0
 2  0      0 119455312  92912 9066516    0    0     0     0 2025 20238  4  0 96  0  0
 3  0      0 119455200  92916 9066848    0    0     0    16 1834 18454  4  0 96  0  0
 4  0      0 119454032  92920 9066872    0    0     0    32 2009 18285  4  0 96  0  0
 4  0      0 119454064  92920 9066704    0    0     0     0 1857 17940  4  0 96  0  0
 2  0      0 119443056  92920 9077892    0    0     0     0 2001 18596  4  0 96  0  0
 1  0      0 119435584  92920 9085188    0    0     0     0 2034 19722  4  0 96  0  0
 2  0      0 119454056  92920 9066340    0    0     0    72 2018 19445  4  0 96  0  0
 2  0      0 119453392  92920 9066420    0    0     0     8 1962 19564  4  0 96  0  0
 3  0      0 119453488  92928 9066360    0    0     0    36 1844 17406  4  0 96  0  0
 4  0      0 119453056  92928 9066764    0    0     0     0 1876 17692  4  0 96  0  0
procs -----------memory---------- ---swap-- -----io---- -system-- ------cpu-----
 r  b   swpd   free   buff  cache   si   so    bi    bo   in   cs us sy id wa st
 1  0      0 119434488  92928 9084688    0    0     0     0 2032 18984  4  0 96  0  0
 1  0      0 119453216  92928 9066292    0    0     0     8 1910 19806  4  0 96  0  0
 4  0      0 119452792  92928 9065916    0    0     0     0 1972 19069  4  0 96  0  0
 4  0      0 119452144  92932 9066764    0    0     0    44 1870 19042  4  0 96  0  0
 3  0      0 119451952  92932 9066732    0    0     0   136 2029 17586  4  0 96  0  0
 2  0      0 119453040  92932 9066324    0    0     0     0 1858 18039  4  0 96  0  0
 2  0      0 119453360  92948 9066376    0    0     4   168 2237 19909  4  0 96  0  0
 1  0      0 119454024  92948 9065952    0    0     0     0 1920 19523  4  0 96  0  0
 4  0      0 119453664  92948 9066948    0    0     0    60 1877 15229  3  0 96  0  0
 2  0      0 119431952  92948 9084848    0    0     0     0 1977 18948  4  0 96  0  0
 2  0      0 119432536  92948 9084380    0    0     0     0 2015 19886  4  0 96  0  0
 4  0      0 119450032  92952 9066772    0    0     0   160 1910 19496  4  0 96  0  0
 4  0      0 119453688  92952 9066472    0    0     0     0 1966 19356  4  0 96  0  0
 4  0      0 119453776  92952 9066412    0    0     0     0 2160 19513  4  0 96  0  0
 4  0      0 119449760  92952 9066816    0    0     0     0 2003 16810  4  0 96  0  0
 2  0      0 119454680  92952 9066296    0    0     0     0 1954 18216  4  0 96  0  0
 2  0      0 119450672  92952 9066408    0    0     0   256 2211 19309  4  0 96  0  0
 1  0      0 119450768  92956 9066508    0    0     0    44 1935 19505  4  0 96  0  0
 5  0      0 119435792  92956 9085148    0    0     0     0 1737 15232  3  0 96  0  0
 1  0      0 119436368  92956 9084768    0    0     0     0 1872 19253  4  0 96  0  0
 2  0      0 119450752  92956 9066360    0    0     0     4 2069 19391  4  0 96  0  0
procs -----------memory---------- ---swap-- -----io---- -system-- ------cpu-----
 r  b   swpd   free   buff  cache   si   so    bi    bo   in   cs us sy id wa st
 2  0      0 119451104  92956 9066444    0    0     0     0 1920 20026  4  0 96  0  0
 1  0      0 119436112  92960 9085272    0    0     0    44 1767 14682  3  0 96  0  0
 1  0      0 119436192  92960 9085240    0    0     0     0 2032 20062  4  0 96  0  0
 2  0      0 119450848  92960 9066932    0    0     0     0 2071 19653  4  0 96  0  0
 4  0      0 119454768  92960 9066076    0    0     0     0 1806 19005  4  0 96  0  0
 3  0      0 119454592  92960 9066380    0    0     0     0 1951 17857  4  0 96  0  0
 1  0      0 119432928  92964 9085168    0    0     0    20 1855 17749  4  0 96  0  0
 1  0      0 119433040  92964 9085300    0    0     0     0 2009 20060  4  0 96  0  0
 4  0      0 119451568  92964 9066604    0    0     0     0 1799 14665  4  0 96  0  0
 5  0      0 119443856  92964 9072084    0    0     0     0 1973 19082  4  0 96  0  0
 2  0      0 119442104  92964 9076096    0    0     0    16 1910 18981  4  0 96  0  0
 4  0      0 119451760  92964 9066464    0    0     0    32 1921 18940  4  0 96  0  0
 3  0      0 119450624  92964 9066940    0    0     0     0 1918 16351  4  0 96  0  0
 1  0      0 119433280  92964 9085232    0    0     0     0 2036 18990  4  0 96  0  0
 1  0      0 119433360  92964 9085220    0    0     0     0 1902 19810  4  0 96  0  0
 4  0      0 119451376  92964 9066276    0    0     0     0 1921 19278  4  0 96  0  0
 4  0      0 119433792  92968 9085248    0    0     0    68 1795 15598  4  0 96  0  0
 3  0      0 119434120  92968 9084760    0    0     0     0 1942 18949  4  0 96  0  0
 3  0      0 119448768  92968 9066924    0    0     0     0 1769 16295  4  0 96  0  0
 4  0      0 119448112  92968 9066468    0    0     0     0 1970 17074  4  0 96  0  0
 4  0      0 119448440  92968 9066828    0    0     0    64 1834 18869  4  0 96  0  0
procs -----------memory---------- ---swap-- -----io---- -system-- ------cpu-----
 r  b   swpd   free   buff  cache   si   so    bi    bo   in   cs us sy id wa st
 1  0      0 119430608  92968 9085332    0    0     0    16 1923 18997  4  0 96  0  0
 1  0      0 119449112  92968 9066860    0    0     0     0 1968 19634  4  0 96  0  0
 4  0      0 119449160  92968 9066032    0    0     0     0 1997 19030  4  0 96  0  0
 2  0      0 119448512  92968 9066908    0    0     0     0 1858 16861  4  0 96  0  0
 2  0      0 119449832  92968 9066432    0    0     0     0 2160 16661  4  0 96  0  0
 2  0      0 119453072  92976 9066876    0    0     0    20 2016 19462  4  0 96  0  0
 2  0      0 119453088  92976 9066436    0    0     0     0 2246 20229  4  0 96  0  0
 1  0      0 119452944  92976 9066476    0    0     0     0 1829 18517  4  0 96  0  0
 2  0      0 119450168  92976 9066480    0    0     0     0 1822 15424  4  0 96  0  0
 2  0      0 119449760  92976 9066596    0    0     0     0 1985 19009  4  0 96  0  0
 4  0      0 119453424  92980 9066400    0    0     0    32 1846 17360  4  0 96  0  0
 1  0      0 119432016  92980 9085300    0    0     0   172 1762 16442  4  0 96  0  0
 1  0      0 119453920  92980 9066700    0    0     0     0 1974 19320  4  0 96  0  0
 1  0      0 119454672  92980 9065876    0    0     0     0 1892 18896  4  0 96  0  0
 3  0      0 119454040  92980 9066716    0    0     0     0 1795 15838  4  0 96  0  0
 1  0      0 119432600  92988 9084924    0    0     0    68 1885 18606  4  0 96  0  0
 2  0      0 119444592  92988 9077148    0    0     0     0 2001 19397  4  0 96  0  0
 2  0      0 119451664  92988 9066096    0    0     0     0 2083 19676  4  0 96  0  0
 1  0      0 119455080  92988 9065792    0    0     0    68 1955 18518  4  0 96  0  0
 3  0      0 119454448  92988 9066556    0    0     0     0 1873 16636  4  0 96  0  0
 3  0      0 119437104  92988 9084980    0    0     0    24 1920 17771  4  0 96  0  0
procs -----------memory---------- ---swap-- -----io---- -system-- ------cpu-----
 r  b   swpd   free   buff  cache   si   so    bi    bo   in   cs us sy id wa st
 2  0      0 119455832  92988 9066208    0    0     0     0 2027 19340  4  0 96  0  0
 1  0      0 119450880  92988 9066308    0    0     0     0 2008 19314  4  0 96  0  0
 2  0      0 119454752  92988 9066208    0    0     0     0 1933 19450  4  0 96  0  0
 3  0      0 119454160  92988 9066188    0    0     0     0 1979 18405  4  0 96  0  0
 1  0      0 119436352  92996 9085592    0    0     0    20 1882 15661  3  0 96  0  0
 2  0      0 119455264  92996 9066420    0    0     0     0 2044 19618  4  0 96  0  0
 2  0      0 119455120  92996 9066060    0    0     0     0 2007 19392  4  0 96  0  0
 1  0      0 119455456  92996 9066948    0    0     0     0 1724 17458  4  0 96  0  0
 3  0      0 119436864  92996 9084852    0    0     0     0 1773 16507  4  0 96  0  0
 1  0      0 119436944  93000 9085308    0    0     0    16 2003 19656  4  0 96  0  0
 2  0      0 119454944  93000 9066884    0    0     0     0 1832 19104  4  0 96  0  0
 2  0      0 119455024  93000 9066580    0    0     0     0 1665 15875  4  0 96  0  0
 1  0      0 119437440  93000 9085340    0    0     0     0 1913 18360  4  0 96  0  0
 2  0      0 119452088  93000 9067044    0    0     0     0 1927 19381  4  0 96  0  0
 4  0      0 119451920  93000 9066744    0    0     0    20 1850 19210  4  0 96  0  0
 4  0      0 119451776  93000 9067120    0    0     0     0 1877 15770  4  0 96  0  0
 1  0      0 119434176  93000 9085480    0    0     0     0 1924 18793  4  0 96  0  0
 2  0      0 119452704  93000 9067188    0    0     0     0 2023 19375  4  0 96  0  0
 3  0      0 119453248  93000 9066344    0    0     0     0 1733 18949  4  0 96  0  0
 3  0      0 119452352  93004 9067224    0    0     0    32 1893 16902  4  0 96  0  0
 1  0      0 119434768  93004 9085520    0    0     0     4 1796 17445  4  0 96  0  0
procs -----------memory---------- ---swap-- -----io---- -system-- ------cpu-----
 r  b   swpd   free   buff  cache   si   so    bi    bo   in   cs us sy id wa st
 1  0      0 119453280  93004 9067224    0    0     0     0 2060 19353  4  0 96  0  0
 4  0      0 119453328  93004 9066380    0    0     0     0 1831 18915  4  0 96  0  0
 5  0      0 119435272  93004 9085648    0    0     0    80 1886 15782  3  0 96  0  0
 2  0      0 119437120  93008 9083636    0    0     0    76 1970 19347  4  0 96  0  0
 3  0      0 119453824  93008 9066284    0    0     0     0 1911 17910  4  0 96  0  0
 2  0      0 119432928  93008 9085520    0    0     0     0 1746 16613  4  0 96  0  0
 2  0      0 119433192  93008 9084512    0    0     0     0 2024 19753  4  0 96  0  0
 4  0      0 119450928  93008 9066300    0    0     0     0 1817 19566  4  0 96  0  0
 4  0      0 119450032  93016 9067044    0    0     0    32 1817 15892  4  0 96  0  0
 1  0      0 119433440  93016 9085520    0    0     0    92 1941 18622  4  0 96  0  0
 2  0      0 119451600  93016 9066700    0    0     0     0 1968 19269  4  0 96  0  0
 2  0      0 119451120  93016 9067128    0    0     0     0 1714 15329  4  0 96  0  0
 4  0      0 119451136  93016 9067128    0    0     0     0 1912 19147  4  0 96  0  0
 1  0      0 119432992  93020 9085516    0    0     0    84 1913 19465  4  0 96  0  0
 4  0      0 119451152  93020 9066700    0    0     0     8 1934 19132  4  0 96  0  0
 4  0      0 119450680  93020 9067124    0    0     0     0 1668 15018  4  0 96  0  0
 1  0      0 119432784  93020 9085520    0    0     0    64 2059 18460  4  0 96  0  0
 2  0      0 119450696  93020 9066700    0    0     0     0 1913 19201  4  0 96  0  0
 4  0      0 119450720  93024 9067124    0    0     0    28 1794 16702  3  0 96  0  0
 5  0      0 119443232  93024 9071968    0    0     0     0 1751 18599  4  0 96  0  0
 2  0      0 119440160  93024 9077832    0    0     0     0 2035 19222  4  0 96  0  0
procs -----------memory---------- ---swap-- -----io---- -system-- ------cpu-----
 r  b   swpd   free   buff  cache   si   so    bi    bo   in   cs us sy id wa st
 1  0      0 119450504  93024 9066700    0    0     0     0 1803 19561  4  0 96  0  0
 4  0      0 119450784  93024 9067128    0    0     0     0 1898 16494  4  0 96  0  0
 3  0      0 119432384  93028 9085516    0    0     0    64 1925 19836  4  0 96  0  0
 2  0      0 119450544  93028 9066700    0    0     0     0 2047 19177  4  0 96  0  0
 1  0      0 119432672  93028 9085520    0    0     0     0 1655 15562  3  0 96  0  0
 1  0      0 119450336  93028 9066712    0    0     0    64 2043 20094  4  0 96  0  0
 5  0      0 119432192  93028 9085520    0    0     0     0 1787 15624  4  0 96  0  0
 4  0      0 119450096  93028 9066704    0    0     0    16 1934 19448  4  0 96  0  0
 1  0      0 119431968  93028 9085524    0    0     0     0 1930 16867  4  0 96  0  0
 2  0      0 119450128  93028 9066704    0    0     0     0 2003 19756  4  0 96  0  0
 3  0      0 119432000  93028 9085528    0    0     0     0 1880 15743  4  0 96  0  0
 4  0      0 119450168  93028 9067136    0    0     0     0 1891 14844  4  0 96  0  0
 2  0      0 119449920  93036 9066700    0    0     0    20 2110 19313  4  0 96  0  0
 3  0      0 119449968  93036 9067136    0    0     0     0 1866 18220  4  0 96  0  0
 2  0      0 119450224  93036 9066708    0    0     0     0 1940 18140  4  0 96  0  0
 1  0      0 119432096  93036 9085528    0    0     0     0 1754 15384  3  0 96  0  0
 2  0      0 119449528  93036 9066720    0    0     0     0 2072 20490  4  0 96  0  0
 2  0      0 119431872  93036 9085528    0    0     0    28 1717 15859  4  0 96  0  0
 1  0      0 119449808  93036 9066708    0    0     0     8 2174 20425  4  0 96  0  0
 2  0      0 119438224  93036 9078808    0    0     0   140 1804 15664  4  0 96  0  0
 1  0      0 119449344  93036 9067136    0    0     0     0 1986 19714  4  0 96  0  0
procs -----------memory---------- ---swap-- -----io---- -system-- ------cpu-----
 r  b   swpd   free   buff  cache   si   so    bi    bo   in   cs us sy id wa st
 2  0      0 119450096  93036 9066708    0    0     0     0 1803 16711  4  0 96  0  0
 4  0      0 119449368  93036 9067136    0    0     0    56 1780 15896  4  0 96  0  0
 1  0      0 119449616  93036 9066708    0    0     0     0 1975 18736  4  0 96  0  0
 5  0      0 119431232  93036 9085528    0    0     0     8 1878 15459  4  0 96  0  0
 1  0      0 119449392  93036 9066708    0    0     0     0 2033 20761  4  0 96  0  0
 1  0      0 119431520  93036 9085528    0    0     0     0 1735 15311  3  0 96  0  0
 2  0      0 119449440  93040 9066708    0    0     0    28 2100 20518  4  0 96  0  0
 5  0      0 119431312  93040 9085528    0    0     0     0 1839 16159  4  0 96  0  0
 2  0      0 119449472  93040 9066708    0    0     0     0 1979 20586  4  0 96  0  0
 1  0      0 119431088  93040 9085532    0    0     0     0 1829 15646  4  0 96  0  0
 1  0      0 119450080  93040 9066808    0    0     0     0 2171 20583  4  0 96  0  0
 3  0      0 119450160  93044 9066388    0    0     0    64 1991 17013  4  0 96  0  0
 2  0      0 119450768  93044 9067236    0    0     0     0 1954 18910  4  0 96  0  0
 1  0      0 119433184  93044 9085532    0    0     0     0 1868 15640  4  0 96  0  0
 1  0      0 119451952  93044 9066836    0    0     0    88 2220 20439  4  0 96  0  0
 1  0      0 119451272  93044 9067140    0    0     0     0 1928 16073  4  0 96  0  0
 4  0      0 119452648  93048 9066836    0    0     0    48 1938 20094  4  0 96  0  0
 1  0      0 119430928  93048 9085536    0    0     0     0 1876 15668  4  0 96  0  0
 1  0      0 119449688  93048 9067240    0    0     0     0 2050 21183  4  0 96  0  0
 1  0      0 119449008  93048 9067144    0    0     0    56 1914 16363  4  0 96  0  0
 1  0      0 119449856  93048 9067240    0    0     0     0 1957 19762  4  0 96  0  0
procs -----------memory---------- ---swap-- -----io---- -system-- ------cpu-----
 r  b   swpd   free   buff  cache   si   so    bi    bo   in   cs us sy id wa st
 4  0      0 119449680  93052 9067140    0    0     0    76 1998 15741  4  0 96  0  0
 2  0      0 119451328  93052 9067184    0    0     0     0 1998 19042  4  0 96  0  0
 2  0      0 119437408  93052 9079776    0    0     0     0 2111 13829  4  0 96  0  0
 4  0      0 119450400  93052 9066712    0    0     0     0 2198 19905  4  0 96  0  0
 2  0      0 119437848  93052 9080720    0    0     0     0 1900 16214  4  0 96  0  0
 4  0      0 119451584  93056 9066756    0    0     0    32 2038 20156  4  0 96  0  0
 2  0      0 119452632  93056 9066716    0    0     0     0 1930 15537  4  0 96  0  0
 3  0      0 119452240  93056 9066760    0    0     0     4 1880 19031  4  0 96  0  0
 2  0      0 119453296  93056 9067156    0    0     0   176 2023 16756  4  0 96  0  0
 4  0      0 119453152  93056 9066796    0    0     0     0 1926 19785  4  0 96  0  0
 1  0      0 119454472  93056 9066640    0    0     0    60 1986 15837  4  0 96  0  0
 5  0      0 119439584  93056 9078384    0    0     0     0 1837 16122  4  0 96  0  0
 2  0      0 119450816  93056 9067104    0    0     0     8 2213 19702  4  0 96  0  0
 1  0      0 119433728  93056 9085192    0    0     0     0 1805 15989  4  0 96  0  0
 2  0      0 119451744  93056 9067088    0    0     0    64 1942 17632  4  0 96  0  0
 2  0      0 119453056  93056 9066676    0    0     0    28 1928 16360  4  0 96  0  0
 3  0      0 119452160  93056 9066676    0    0     0     0 2252 19730  4  0 96  0  0
 2  0      0 119453952  93056 9066252    0    0     0     0 1965 16638  4  0 96  0  0
 2  0      0 119451472  93056 9067124    0    0     0     0 1971 15543  4  0 96  0  0
 4  0      0 119451808  93056 9066772    0    0     0     0 1937 19248  4  0 96  0  0
 2  0      0 119452128  93056 9067156    0    0     0    64 2053 16537  4  0 96  0  0
procs -----------memory---------- ---swap-- -----io---- -system-- ------cpu-----
 r  b   swpd   free   buff  cache   si   so    bi    bo   in   cs us sy id wa st
 1  0      0 119434800  93056 9085164    0    0     0     0 1752 15670  4  0 96  0  0
 4  0      0 119452800  93056 9067184    0    0     0     0 2085 19595  4  0 96  0  0
 1  0      0 119435712  93056 9085512    0    0     0   188 1803 15582  4  0 96  0  0
 4  0      0 119454248  93056 9066708    0    0     0     0 2040 19613  4  0 96  0  0
 1  0      0 119451696  93060 9066700    0    0     0    44 1992 16090  4  0 96  0  0
 3  0      0 119451048  93060 9067112    0    0     0     0 1925 16522  4  0 96  0  0
 1  0      0 119452104  93060 9066732    0    0     0     0 2000 19516  4  0 96  0  0
 5  0      0 119435576  93060 9085456    0    0     0     0 2107 16351  4  0 96  0  0
 4  0      0 119453344  93060 9066764    0    0     0     0 2213 19914  4  0 96  0  0
 1  0      0 119436000  93064 9085460    0    0     0    72 1897 15966  4  0 96  0  0
 1  0      0 119454536  93064 9066700    0    0     0     0 1989 19678  4  0 96  0  0
 4  0      0 119454080  93064 9066988    0    0     0     0 1759 15024  3  0 96  0  0
 1  0      0 119432688  93064 9085884    0    0     0     0 1885 19160  4  0 96  0  0
 1  0      0 119452144  93064 9066240    0    0     0   268 2044 19237  4  0 96  0  0
 3  0      0 119451496  93072 9066980    0    0     0    48 1807 18572  4  0 96  0  0
 2  0      0 119439192  93072 9080128    0    0     0     0 1836 15510  4  0 96  0  0
 2  0      0 119452624  93072 9066176    0    0     0     0 1897 19790  4  0 96  0  0
 4  0      0 119455648  93072 9066940    0    0     0     8 1940 19577  4  0 96  0  0
 1  0      0 119438000  93072 9085044    0    0     0     0 1640 14966  4  0 96  0  0
 2  0      0 119456472  93080 9066640    0    0     0    96 2020 19627  4  0 96  0  0
 2  0      0 119456312  93080 9066224    0    0     0     0 1984 18948  4  0 96  0  0
procs -----------memory---------- ---swap-- -----io---- -system-- ------cpu-----
 r  b   swpd   free   buff  cache   si   so    bi    bo   in   cs us sy id wa st
 4  0      0 119455888  93080 9066496    0    0     0     0 1841 18658  4  0 96  0  0
 1  0      0 119438072  93080 9085024    0    0     0     0 1680 14829  4  0 96  0  0
 2  0      0 119456304  93080 9066544    0    0     0    72 2113 19226  4  0 96  0  0
 3  0      0 119456336  93084 9066552    0    0     0    32 1982 19468  4  0 96  0  0
 2  0      0 119456096  93084 9066972    0    0     0     0 1907 18401  4  0 96  0  0
 2  0      0 119447280  93084 9075752    0    0     0     0 1792 15933  4  0 96  0  0
 1  0      0 119456112  93084 9066544    0    0     0     4 2031 19444  4  0 96  0  0
 1  0      0 119455888  93132 9066968    0    0     0   448 2034 18547  4  0 96  0  0
 2  0      0 119456144  93132 9066548    0    0     0    24 2020 16249  4  0 96  0  0
 1  0      0 119456176  93132 9066560    0    0     0    64 2018 19859  4  0 96  0  0
 3  0      0 119454720  93132 9066552    0    0     0     0 2388 19258  4  0 96  0  0
 1  0      0 119204704  93132 9066560    0    0     0     0 1257  660  1  1 98  0  0
 1  0      0 118723136  93132 9066560    0    0     0     0  439  237  1  0 98  0  0
 2  0      0 118805936  93144 9067184    0    0     0    88  998  473  2  1 97  0  0
 1  0      0 118678152  93144 9066616    0    0     0     0 3840 3564  3  0 97  0  0
 5  0      0 118776848  93144 9066704    0    0     0     0  958  679  2  1 97  0  0
 1  0      0 118767776  93144 9066712    0    0     0     8  972 3682  3  0 97  0  0
 2  0      0 118187064  93144 9655280    0    0     0     0  770  348  1  1 98  0  0
 1  0      0 118779584  93152 9066600    0    0     0   140 1133 3787  3  0 96  0  0
 1  0      0 118077312  93152 9655276    0    0     0     0  482  390  1  1 98  0  0
 1  0      0 118777216  93152 9066616    0    0     0     0 1487 3730  3  1 96  0  0
procs -----------memory---------- ---swap-- -----io---- -system-- ------cpu-----
 r  b   swpd   free   buff  cache   si   so    bi    bo   in   cs us sy id wa st
 1  0      0 118232688  93152 9491336    0    0     0     0  381  245  1  1 98  0  0
 2  0      0 118720672  93152 9066472    0    0     0     0 1413 3852  3  1 96  0  0
 2  0      0 118287024  93160 9380588    0    0     0    16  628  415  2  1 98  0  0
 2  0      0 118721952  93160 9067136    0    0     0     0 1338 4277  2  1 97  0  0
 1  0      0 118435408  93160 9234484    0    0     0     0  586  294  2  0 98  0  0
 2  0      0 118721808  93160 9066616    0    0     0     0 1215 3724  2  1 97  0  0
 1  0      0 118556512  93160 9113564    0    0     0     8  671  423  2  0 97  0  0
 2  0      0 118719936  93160 9067296    0    0     0    76 1033  435  1  1 97  0  0
 1  0      0 118620656  93160 9066520    0    0     0     0  854 3721  3  0 97  0  0
 5  0      0 118723440  93160 9066552    0    0     0     0  987  442  2  1 97  0  0
 1  0      0 118616592  93160 9066552    0    0     0     0  904 3882  3  0 97  0  0
 1  0      0 118721568  93160 9067240    0    0     0    68  526  356  1  1 98  0  0
 1  0      0 119748040  93164 9067324    0    0   744    32  829 4043  2  0 98  0  0
 1  0      0 121424632  93164 7694148    0    0 15492     0 2778 1033  1  1 98  0  0
