procs -----------memory---------- ---swap-- -----io---- -system-- ------cpu-----
 r  b   swpd   free   buff  cache   si   so    bi    bo   in   cs us sy id wa st
 1  0      0 95973608 106636 34670188    0    0     0     3    1    1  0  0 100  0  0
 1  0      0 95797168 106636 34670196    0    0     0     0 1507 1393  3  0 97  0  0
 1  0      0 95752176 106636 34670196    0    0     0     0  942 1339  2  0 98  0  0
 1  0      0 95698288 106636 34670204    0    0     0   384 1097 1368  2  0 98  0  0
 1  0      0 95651376 106636 34670216    0    0     0    12  494  401  1  0 98  0  0
 1  0      0 95317824 106636 34670220    0    0     0     0  430  209  1  0 98  0  0
 1  0      0 95232400 106636 34670220    0    0     0     0  387  274  2  0 98  0  0
 1  0      0 95030912 106636 34678428    0    0     0     0 2321  908  2  1 97  0  0
 1  0      0 94378232 106636 34881112    0    0     0   120 6619 10897  1  1 98  0  0
 1  0      0 94150376 106636 34900004    0    0     0     0 1319 3633  2  1 97  0  0
 1  0      0 94169632 106636 34881196    0    0     0     0 1158 5616  3  0 97  0  0
 2  0      0 94169424 106636 34881196    0    0     0     0 1016 4169  3  0 97  0  0
 1  0      0 94168720 106636 34881200    0    0     0     8  955 3850  3  0 97  0  0
 2  0      0 94168944 106636 34881196    0    0     0     0  963 3862  3  0 97  0  0
 2  0      0 94168704 106636 34881184    0    0     0    44 1047 5072  3  0 97  0  0
 2  0      0 94166752 106636 34881688    0    0     0     0  969 4256  3  0 97  0  0
 1  0      0 94167584 106636 34880928    0    0     0     0  891 4296  3  0 97  0  0
 1  0      0 94167480 106636 34881912    0    0     0    12 1102 4195  3  0 97  0  0
 2  0      0 94146768 106636 34899852    0    0     0     0  975 4490  3  0 97  0  0
 2  0      0 94165592 106636 34881768    0    0     0    40 1152 5279  3  0 97  0  0
 2  0      0 94166848 106636 34881372    0    0     0     0  986 4420  3  0 97  0  0
procs -----------memory---------- ---swap-- -----io---- -system-- ------cpu-----
 r  b   swpd   free   buff  cache   si   so    bi    bo   in   cs us sy id wa st
 2  0      0 94163840 106636 34881008    0    0     0     0 1003 4186  3  0 97  0  0
 2  0      0 94149616 106636 34900368    0    0     0     0 1093 4640  3  0 97  0  0
 1  0      0 94168352 106636 34881088    0    0     0     0 1016 4272  3  0 97  0  0
 1  0      0 94168272 106636 34881832    0    0     0    24  947 4915  3  0 97  0  0
 1  0      0 94165928 106636 34881068    0    0     0     0 1000 4321  3  0 97  0  0
 1  0      0 94165032 106636 34881944    0    0     0   312 1104 4428  3  0 97  0  0
 2  0      0 94166840 106636 34881064    0    0     0     0 1274 4310  3  0 97  0  0
 1  0      0 94166448 106636 34881856    0    0     0     0 1139 5141  3  0 97  0  0
 2  0      0 94164128 106636 34881180    0    0     0    96 1074 4198  3  0 97  0  0
 1  0      0 94168240 106636 34881468    0    0     0     0 1014 4392  3  0 97  0  0
 2  0      0 94149600 106636 34899852    0    0     0     0 1010 4205  3  0 97  0  0
 1  0      0 94167760 106636 34881468    0    0     0     0  912 3982  3  0 97  0  0
 2  0      0 94168944 106636 34881040    0    0     0     4 1049 4950  3  0 97  0  0
 1  0      0 94165200 106636 34881976    0    0     0    36 1025 4298  3  0 97  0  0
 1  0      0 94166016 106636 34881220    0    0     0    16 1105 3947  3  0 97  0  0
 2  0      0 94147952 106636 34900388    0    0     0     0  910 4186  3  0 97  0  0
 1  0      0 94166928 106636 34881120    0    0     0     0 1081 4254  3  0 97  0  0
 2  0      0 94167520 106636 34881364    0    0     0     0 1016 5169  3  0 97  0  0
 1  0      0 94164768 106636 34881392    0    0     0   188 1020 3869  3  0 97  0  0
 2  0      0 94150792 106636 34899940    0    0     0     0  896 4314  3  0 97  0  0
 2  0      0 94152384 106636 34898832    0    0     0     0 1067 4260  3  0 97  0  0
procs -----------memory---------- ---swap-- -----io---- -system-- ------cpu-----
 r  b   swpd   free   buff  cache   si   so    bi    bo   in   cs us sy id wa st
 1  0      0 94169664 106636 34881916    0    0     0     0 1051 3984  3  0 97  0  0
 2  0      0 94167112 106636 34881468    0    0     0     0 1073 5305  3  0 97  0  0
 1  0      0 94167680 106636 34881460    0    0     0    28  957 4270  3  0 97  0  0
 2  0      0 94150384 106636 34898892    0    0     0     0  966 3932  3  0 97  0  0
 2  0      0 94150456 106636 34900276    0    0     0     0  964 4336  3  0 97  0  0
 2  0      0 94168992 106636 34881576    0    0     0     0 1054 5090  3  0 97  0  0
 2  0      0 94166176 106636 34881412    0    0     0    12 1003 4812  3  0 97  0  0
 1  0      0 94166512 106636 34881520    0    0     0    76 1003 4278  3  0 97  0  0
 1  0      0 94166120 106636 34881852    0    0     0     0 1093 4540  3  0 97  0  0
 2  0      0 94167424 106636 34881112    0    0     0     0  976 4213  3  0 97  0  0
 1  0      0 94168256 106636 34881408    0    0     0     0 1072 5158  3  0 97  0  0
 1  0      0 94165008 106636 34881104    0    0     0     0  977 4120  3  0 97  0  0
 1  0      0 94165584 106636 34881408    0    0     0    28 1003 4032  3  0 97  0  0
 2  0      0 94157088 106636 34890724    0    0     0     0  925 3817  3  0 97  0  0
 1  0      0 94166000 106636 34881396    0    0     0     0 1023 4154  3  0 97  0  0
 2  0      0 94166368 106636 34881532    0    0     0   240 1030 4427  3  0 97  0  0
 2  0      0 94167664 106636 34881392    0    0     0     4 1052 4836  3  0 97  0  0
 2  0      0 94164912 106636 34881384    0    0     0    20  997 4357  3  0 97  0  0
 1  0      0 94164496 106636 34881312    0    0     0     0 1046 4131  3  0 97  0  0
 1  0      0 94165832 106636 34880876    0    0     0     0  909 4069  3  0 97  0  0
 2  0      0 94165904 106636 34881440    0    0     0     0 1108 4817  3  0 97  0  0
procs -----------memory---------- ---swap-- -----io---- -system-- ------cpu-----
 r  b   swpd   free   buff  cache   si   so    bi    bo   in   cs us sy id wa st
 2  0      0 94166752 106636 34880964    0    0     0     0 1022 4985  3  0 97  0  0
 2  0      0 94163744 106636 34881408    0    0     0    28 1027 4079  3  0 97  0  0
 1  0      0 94167232 106636 34881336    0    0     0     8 1138 4444  3  0 97  0  0
 2  0      0 94163656 106636 34881408    0    0     0   176 1324 4896  3  0 97  0  0
 2  0      0 94164488 106636 34880948    0    0     0     0  939 5010  3  0 97  0  0
 2  0      0 94165080 106636 34881804    0    0     0     0 1005 4175  3  0 97  0  0
 1  0      0 94164848 106636 34881792    0    0     0     0  921 4161  3  0 97  0  0
 2  0      0 94165104 106636 34881380    0    0     0     8  997 4457  3  0 97  0  0
 2  0      0 94165104 106636 34881364    0    0     0     0  981 4996  3  0 97  0  0
 2  0      0 94165120 106636 34881376    0    0     0    28  975 3924  3  0 97  0  0
 1  0      0 94165152 106636 34881376    0    0     0     0  936 4159  3  0 97  0  0
 2  0      0 94165160 106636 34881376    0    0     0   100  997 4112  2  0 97  0  0
 3  0      0 94165176 106636 34881376    0    0     0     0 1050 4126  3  0 97  0  0
 2  0      0 94165200 106636 34881368    0    0     0     0 1002 5013  3  0 97  0  0
 1  0      0 94165456 106636 34881376    0    0     0    28 1221 3972  3  0 97  0  0
 1  0      0 94165232 106636 34881380    0    0     0     0 1267 4551  3  0 97  0  0
 1  0      0 94165232 106636 34881376    0    0     0     8  932 4265  3  0 97  0  0
 2  0      0 94165000 106636 34881368    0    0     0     0  933 4100  3  0 97  0  0
 2  0      0 94165000 106636 34881376    0    0     0     0 1014 5068  3  0 97  0  0
 2  0      0 94165264 106636 34881368    0    0     0    28 1177 4186  3  0 97  0  0
 1  0      0 94164784 106636 34881384    0    0     0     4  987 4127  3  0 97  0  0
procs -----------memory---------- ---swap-- -----io---- -system-- ------cpu-----
 r  b   swpd   free   buff  cache   si   so    bi    bo   in   cs us sy id wa st
 2  0      0 94165040 106636 34881380    0    0     0     0 1018 4389  3  0 97  0  0
 2  0      0 94164560 106636 34881372    0    0     0     0  996 4992  3  0 97  0  0
 2  0      0 94164816 106636 34881380    0    0     0     0 1067 4169  3  0 97  0  0
 2  0      0 94164824 106636 34881384    0    0     0    28  920 3929  3  0 97  0  0
 2  0      0 94164840 106636 34881384    0    0     0     0 1064 4079  3  0 97  0  0
 2  0      0 94164608 106636 34881376    0    0     0     0  964 4983  3  0 97  0  0
 2  0      0 94164864 106636 34881384    0    0     0     0 1024 4319  3  0 97  0  0
 1  0      0 94164640 106636 34881388    0    0     0     0  936 4250  3  0 97  0  0
 2  0      0 94164896 106636 34881384    0    0     0   244 1103 3938  3  0 97  0  0
 2  0      0 94164416 106636 34881376    0    0     0     0  938 4094  3  0 97  0  0
 2  0      0 94164912 106636 34881384    0    0     0     0 1182 5130  3  0 97  0  0
 2  0      0 94164672 106636 34881376    0    0     0     0  919 3922  3  0 97  0  0
 1  0      0 94165200 106636 34881388    0    0     0     8 1025 3968  3  0 97  0  0
 2  0      0 94164464 106636 34881392    0    0     0    40  904 4156  3  0 97  0  0
 1  0      0 94164720 106636 34881376    0    0     0     0 1120 5124  3  0 97  0  0
 2  0      0 94164736 106636 34881392    0    0     0     0  957 3963  3  0 97  0  0
 2  0      0 94164736 106636 34881388    0    0     0     0  985 3960  3  0 97  0  0
 1  0      0 94164784 106636 34881392    0    0     0     8 1002 4200  3  0 97  0  0
 2  0      0 94164792 106636 34881816    0    0     0    20 1095 4699  3  0 97  0  0
 2  0      0 94162784 106636 34881380    0    0     0     0 1229 5041  3  0 97  0  0
 2  0      0 94163296 106636 34881388    0    0     0     0 1026 3927  3  0 97  0  0
procs -----------memory---------- ---swap-- -----io---- -system-- ------cpu-----
 r  b   swpd   free   buff  cache   si   so    bi    bo   in   cs us sy id wa st
 2  0      0 94162800 106636 34881388    0    0     0     0 1071 3879  3  0 97  0  0
 1  0      0 94162816 106636 34881388    0    0     0     0 1119 4133  3  0 97  0  0
 2  0      0 94162840 106636 34881392    0    0     0    56  999 4461  3  0 97  0  0
 1  0      0 94163104 106636 34881368    0    0     0     0 1049 4905  3  0 97  0  0
 2  0      0 94158576 106636 34886220    0    0     0     0  940 3985  3  0 97  0  0
 1  0      0 94162880 106636 34881808    0    0     0     4 1073 4070  3  0 97  0  0
 1  0      0 94162888 106636 34881384    0    0     0     0  930 4583  3  0 97  0  0
 2  0      0 94162640 106636 34881368    0    0     0    68  969 4338  3  0 97  0  0
 1  0      0 94162912 106636 34881384    0    0     0     0  945 4466  3  0 97  0  0
 2  0      0 94147536 106636 34897344    0    0     0     0 1074 4057  3  0 97  0  0
 1  0      0 94162688 106636 34881384    0    0     0    12  980 4237  3  0 97  0  0
 2  0      0 94162688 106636 34881368    0    0     0     0 1036 5192  3  0 97  0  0
 1  0      0 94162712 106636 34881384    0    0     0    28  998 4540  3  0 97  0  0
 2  0      0 94144568 106636 34900188    0    0     0     0 1081 4269  3  0 97  0  0
 1  0      0 94144832 106636 34899776    0    0     0     0  955 4218  3  0 97  0  0
 2  0      0 94162736 106636 34881368    0    0     0     0 1075 5291  3  0 97  0  0
 1  0      0 94162768 106636 34881384    0    0     0     0 1003 4022  3  0 97  0  0
 2  0      0 94144624 106636 34900188    0    0     0    28 1103 4315  3  0 97  0  0
 1  0      0 94162792 106636 34881384    0    0     0     0  990 4216  3  0 97  0  0
 1  0      0 94161280 106636 34881372    0    0     0     0 1314 5285  3  0 97  0  0
 2  0      0 94161056 106636 34881388    0    0     0     0 1089 4241  3  0 97  0  0
procs -----------memory---------- ---swap-- -----io---- -system-- ------cpu-----
 r  b   swpd   free   buff  cache   si   so    bi    bo   in   cs us sy id wa st
 2  0      0 94161056 106636 34881372    0    0     0   272 1152 4556  3  0 97  0  0
 1  0      0 94161104 106636 34881392    0    0     0    40  971 4215  3  0 97  0  0
 3  0      0 94161328 106636 34881384    0    0     0     0 1018 3918  3  0 97  0  0
 2  0      0 94161104 106636 34881376    0    0     0     0 1005 5304  3  0 97  0  0
 2  0      0 94161360 106636 34881384    0    0     0     4 1069 4401  3  0 97  0  0
 1  0      0 94161384 106636 34881388    0    0     0     0  930 4174  3  0 97  0  0
 1  0      0 94161136 106640 34881384    0    0     0    20 1075 3857  3  0 97  0  0
 3  0      0 94143248 106640 34899784    0    0     0     0  894 3941  3  0 97  0  0
 2  0      0 94161152 106640 34881376    0    0     0     0 1125 5391  3  0 97  0  0
 2  0      0 94161672 106640 34881096    0    0     0     0  942 4141  3  0 97  0  0
 2  0      0 94158416 106640 34881332    0    0     0     0  974 4074  2  0 97  0  0
 2  0      0 94158752 106640 34881036    0    0     0    36  994 4201  3  0 97  0  0
 2  0      0 94159112 106640 34881916    0    0     0     0 1251 5122  3  0 97  0  0
 1  0      0 94160672 106640 34881376    0    0     0     0  937 4173  3  0 97  0  0
 1  0      0 94159784 106640 34881544    0    0     0     0 1001 4214  3  0 97  0  0
 2  0      0 94160616 106640 34881804    0    0     0     0  929 3978  3  0 97  0  0
 2  0      0 94161920 106640 34881060    0    0     0   104 1240 5096  3  0 97  0  0
 2  0      0 94158704 106640 34881772    0    0     0     0  980 3993  3  0 97  0  0
 1  0      0 94158752 106640 34881064    0    0     0     0  960 3980  3  0 97  0  0
 1  0      0 94159360 106640 34881776    0    0     0     0  884 3809  3  0 97  0  0
 2  0      0 94160424 106640 34881032    0    0     0     0 1108 4386  3  0 97  0  0
procs -----------memory---------- ---swap-- -----io---- -system-- ------cpu-----
 r  b   swpd   free   buff  cache   si   so    bi    bo   in   cs us sy id wa st
 2  0      0 94161312 106640 34881776    0    0     0    28 1040 4909  3  0 97  0  0
 2  0      0 94151184 106640 34888776    0    0     0     0  981 4206  3  0 97  0  0
 1  0      0 94158112 106640 34881776    0    0     0     0  909 3896  3  0 97  0  0
 2  0      0 94159424 106640 34881044    0    0     0     0 1087 4808  3  0 97  0  0
 1  0      0 94160000 106640 34881336    0    0     0    12  990 4725  3  0 97  0  0
 1  0      0 94160864 106640 34881808    0    0     0    40 1042 4012  3  0 97  0  0
 2  0      0 94160920 106640 34882436    0    0     0     0  925 3992  3  0 97  0  0
 1  0      0 94161816 106640 34881472    0    0     0     0 1091 4290  3  0 97  0  0
 2  0      0 94159504 106640 34881476    0    0     0     0  935 4759  3  0 97  0  0
 1  0      0 94159840 106640 34881000    0    0     0     4  951 4422  3  0 97  0  0
 2  0      0 94165024 106640 34881444    0    0     0    32  946 4106  3  0 97  0  0
 1  0      0 94163632 106640 34881600    0    0     0     0 1148 4638  3  0 97  0  0
 1  0      0 94164936 106640 34881508    0    0     0     0  917 3891  3  0 97  0  0
 1  0      0 94165768 106640 34881192    0    0     0     0 1013 4910  3  0 97  0  0
 1  0      0 94166160 106640 34882064    0    0     0     0  906 3842  3  0 97  0  0
 1  0      0 94166192 106640 34881528    0    0     0    48 1043 4145  3  0 97  0  0
 1  0      0 94163424 106640 34881236    0    0     0     0  870 3731  3  0 97  0  0
 1  0      0 94163768 106640 34881936    0    0     0     0 1014 5292  3  0 97  0  0
 2  0      0 94164600 106640 34881412    0    0     0     0 1058 4014  3  0 97  0  0
 2  0      0 94161584 106640 34881464    0    0     0   160 1102 4207  3  0 97  0  0
 2  0      0 94162416 106640 34880984    0    0     0   636  871 4176  3  0 97  0  0
procs -----------memory---------- ---swap-- -----io---- -system-- ------cpu-----
 r  b   swpd   free   buff  cache   si   so    bi    bo   in   cs us sy id wa st
 2  0      0 94162000 106640 34881464    0    0     0     4 1020 4013  3  0 97  0  0
 2  0      0 94162840 106640 34880988    0    0     0     0  931 5248  3  0 97  0  0
 1  0      0 94163168 106640 34881432    0    0     0     0 1000 4222  3  0 97  0  0
 1  0      0 94162752 106640 34881012    0    0     0     0  960 4135  3  0 97  0  0
 1  0      0 94162920 106640 34881860    0    0     0    48 1140 3954  3  0 97  0  0
 2  0      0 94163296 106640 34881444    0    0     0     0 1109 3963  3  0 97  0  0
 2  0      0 94164320 106640 34881624    0    0     0     0 1097 5412  3  0 97  0  0
 2  0      0 94160864 106640 34881624    0    0     0     0  945 4043  3  0 97  0  0
 1  0      0 94161144 106640 34881628    0    0     0     0  976 3962  3  0 97  0  0
 2  0      0 94162088 106640 34881640    0    0     0   196 1099 4075  3  0 97  0  0
 2  0      0 94162416 106640 34881584    0    0     0   380 1722 6073  3  0 97  0  0
 2  0      0 94163752 106640 34881500    0    0     0     0 1469 4913  3  0 97  0  0
 1  0      0 94163424 106640 34881512    0    0     0     0 1439 4813  3  0 97  0  0
 2  0      0 94160848 106640 34881500    0    0     0     0 1314 5334  3  0 97  0  0
 2  0      0 94161264 106640 34881500    0    0     0   124 1597 6076  3  0 97  0  0
 2  0      0 94159992 106640 34883920    0    0     0     0  928 4029  3  0 97  0  0
 1  0      0 94162184 106640 34881512    0    0     0     0  861 3892  3  0 97  0  0
 1  0      0 94162680 106640 34881500    0    0     0     0  900 3946  3  0 97  0  0
 2  0      0 94163600 106640 34881512    0    0     0     0  931 4534  3  0 97  0  0
 2  0      0 94160496 106640 34881616    0    0     0    80 1037 5215  3  0 97  0  0
 2  0      0 94161848 106640 34881500    0    0     0     0  981 4423  3  0 97  0  0
procs -----------memory---------- ---swap-- -----io---- -system-- ------cpu-----
 r  b   swpd   free   buff  cache   si   so    bi    bo   in   cs us sy id wa st
 1  0      0 94160952 106640 34882044    0    0     0     0 1118 4805  3  0 97  0  0
 1  0      0 94162848 106640 34881640    0    0     0     0 1016 4137  3  0 97  0  0
 1  0      0 94162096 106640 34881588    0    0     0     0  974 4087  3  0 97  0  0
 2  0      0 94162272 106640 34882096    0    0     0    32  965 4091  3  0 97  0  0
 2  0      0 94163760 106644 34881552    0    0     0     8 1174 5308  3  0 97  0  0
 1  0      0 94164176 106644 34881580    0    0     0     0 1108 4713  3  0 97  0  0
 1  0      0 94163352 106644 34881524    0    0     0     0 1040 4711  3  0 97  0  0
 1  0      0 94162520 106644 34881552    0    0     0     0  923 3951  3  0 97  0  0
 2  0      0 94163256 106644 34881536    0    0     0     0  962 4158  3  0 97  0  0
 1  0      0 94163680 106644 34881536    0    0     0    32  974 4925  3  0 97  0  0
 2  0      0 94151576 106644 34894088    0    0     0     0  982 4067  3  0 97  0  0
 1  0      0 94164088 106644 34881536    0    0     0     0  876 3830  3  0 97  0  0
 1  0      0 94164352 106644 34881200    0    0     0     0 1250 4503  3  0 97  0  0
 1  0      0 94164112 106644 34881540    0    0     0     0 1017 5017  3  0 97  0  0
 2  0      0 94162608 106644 34883488    0    0     0    32 1181 4176  3  0 97  0  0
 1  0      0 94162912 106644 34881544    0    0     0   160 1016 4434  3  0 97  0  0
 2  0      0 94153856 106644 34889416    0    0     0     0 1164 4353  3  0 97  0  0
 1  0      0 94161024 106644 34882160    0    0     0     0 1004 4034  3  0 97  0  0
 2  0      0 94161856 106644 34881724    0    0     0     4 1062 4386  3  0 97  0  0
 1  0      0 94163168 106644 34881728    0    0     0    48  965 4465  3  0 97  0  0
 2  0      0 94163280 106644 34881840    0    0     0   108 1132 4791  3  0 97  0  0
procs -----------memory---------- ---swap-- -----io---- -system-- ------cpu-----
 r  b   swpd   free   buff  cache   si   so    bi    bo   in   cs us sy id wa st
 2  0      0 94164328 106644 34881712    0    0     0     4 1023 4279  3  0 97  0  0
 2  0      0 94162080 106644 34882224    0    0     0     0 1050 4534  3  0 97  0  0
 2  0      0 94162416 106644 34881904    0    0     0     0  926 4195  3  0 97  0  0
 2  0      0 94152408 106644 34895392    0    0     0    28 1109 4463  3  0 97  0  0
 1  0      0 94144352 106644 34900612    0    0     0     0  925 4091  3  0 97  0  0
 2  0      0 94162896 106644 34881368    0    0     0     0 1259 5154  3  0 97  0  0
 1  0      0 94163552 106644 34882208    0    0     0     0  970 4078  3  0 97  0  0
 1  0      0 94160784 106644 34881792    0    0     0     0  946 3902  3  0 97  0  0
 1  0      0 94160128 106644 34881336    0    0     0    28 1025 4404  3  0 97  0  0
 2  0      0 94160320 106644 34882124    0    0     0    76 1261 4902  3  0 97  0  0
 1  0      0 94161568 106644 34881296    0    0     0     0 1024 4775  3  0 97  0  0
 2  0      0 94161728 106644 34882112    0    0     0     0 1028 4200  3  0 97  0  0
 1  0      0 94161520 106644 34881340    0    0     0     0 1046 4056  3  0 97  0  0
 2  0      0 94158056 106644 34882128    0    0     0     8 1156 4785  3  0 97  0  0
 1  0      0 94159584 106644 34881300    0    0     0   144 1108 4807  3  0 97  0  0
 1  0      0 94159664 106644 34881800    0    0     0     0 1009 4219  3  0 97  0  0
 2  0      0 94149168 106644 34893532    0    0     0     0 1001 4256  3  0 97  0  0
 1  0      0 94160592 106644 34881816    0    0     0     0  965 4038  3  0 97  0  0
 2  0      0 94161504 106644 34881772    0    0     0     0  936 4981  3  0 97  0  0
 1  0      0 94158656 106644 34881788    0    0     0    64 1076 4711  3  0 97  0  0
 2  0      0 94143376 106644 34898380    0    0     0     0  986 4315  3  0 97  0  0
procs -----------memory---------- ---swap-- -----io---- -system-- ------cpu-----
 r  b   swpd   free   buff  cache   si   so    bi    bo   in   cs us sy id wa st
 1  0      0 94159584 106644 34881804    0    0     0     0  958 3981  3  0 97  0  0
 1  0      0 94160752 106644 34881772    0    0     0     0  884 3907  3  0 97  0  0
 1  0      0 94161008 106644 34881580    0    0     0     0 1082 4191  3  0 97  0  0
 2  0      0 94162176 106648 34881544    0    0     0    56 1288 5479  3  0 97  0  0
 1  0      0 94162256 106648 34882088    0    0     0     0 1223 4458  3  0 97  0  0
 2  0      0 94141528 106648 34900304    0    0     0   376 1069 4375  3  0 97  0  0
 1  0      0 94159752 106648 34881772    0    0     0     0 1011 4110  3  0 97  0  0
 2  0      0 94160672 106648 34881740    0    0     0     0  991 4998  3  0 97  0  0
 2  0      0 94161680 106648 34881756    0    0     0     0 1130 4524  3  0 97  0  0
 2  0      0 94144304 106648 34900220    0    0     0    48  911 4015  3  0 97  0  0
 1  0      0 94162464 106648 34881836    0    0     0     0 1017 4018  3  0 97  0  0
 2  0      0 94162240 106648 34881836    0    0     0     0 1054 5310  3  0 97  0  0
 1  0      0 94162736 106648 34881836    0    0     0    80 1077 4299  3  0 97  0  0
 2  0      0 94144352 106648 34900228    0    0     0     0 1016 4309  3  0 97  0  0
 1  0      0 94162768 106648 34881836    0    0     0    32 1001 4197  2  0 97  0  0
 1  0      0 94162528 106648 34881820    0    0     0     0 1011 4254  3  0 97  0  0
 2  0      0 94161816 106648 34881848    0    0     0     0 1101 5035  3  0 97  0  0
 1  0      0 94162552 106648 34881824    0    0     0     0  904 4242  3  0 97  0  0
 1  0      0 94162328 106648 34881852    0    0     0     0  999 4333  3  0 97  0  0
 2  0      0 94162576 106648 34881836    0    0     0    20 1010 4186  3  0 97  0  0
 2  0      0 94161872 106648 34881836    0    0     0     0  966 3931  3  0 97  0  0
procs -----------memory---------- ---swap-- -----io---- -system-- ------cpu-----
 r  b   swpd   free   buff  cache   si   so    bi    bo   in   cs us sy id wa st
 2  0      0 94162352 106648 34881836    0    0     0     0 1059 5475  3  0 97  0  0
 2  0      0 94161136 106648 34881836    0    0     0     0 1071 4113  3  0 97  0  0
 1  0      0 94162128 106648 34881836    0    0     0    12 1103 4500  3  0 97  0  0
 2  0      0 94161888 106648 34881836    0    0     0    28 1008 4139  3  0 97  0  0
 2  0      0 94161928 106648 34881848    0    0     0     0  993 4946  3  0 97  0  0
 2  0      0 94161928 106648 34881824    0    0     0     0  960 4315  3  0 97  0  0
 1  0      0 94161944 106648 34881836    0    0     0     0 1022 4266  3  0 97  0  0
 1  0      0 94161704 106648 34881824    0    0     0     0 1036 4410  3  0 97  0  0
 2  0      0 94161728 106648 34881848    0    0     0    20 1016 5318  3  0 97  0  0
 2  0      0 94161728 106648 34881824    0    0     0     0 1106 4631  3  0 97  0  0
 1  0      0 94161760 106648 34882260    0    0     0     0 1122 4484  3  0 97  0  0
 2  0      0 94161760 106648 34881836    0    0     0     0 1044 4444  3  0 97  0  0
 2  0      0 94161528 106648 34881852    0    0     0     0  986 4537  3  0 97  0  0
 2  0      0 94160768 106652 34881840    0    0     0    48 1196 5288  3  0 97  0  0
 2  0      0 94160544 106652 34881844    0    0     0     0  993 4374  3  0 97  0  0
 1  0      0 94160304 106652 34882272    0    0     0     0 1107 4668  3  0 97  0  0
 2  0      0 94160560 106652 34881832    0    0     0     0  976 4326  3  0 97  0  0
 2  0      0 94160096 106652 34881856    0    0     0     4 1127 5193  3  0 97  0  0
 2  0      0 94160584 106652 34881832    0    0     0    32  998 4316  3  0 97  0  0
 2  0      0 94160592 106652 34881844    0    0     0     0 1051 4234  3  0 97  0  0
 1  0      0 94160608 106652 34881844    0    0     0    84  995 4388  3  0 97  0  0
procs -----------memory---------- ---swap-- -----io---- -system-- ------cpu-----
 r  b   swpd   free   buff  cache   si   so    bi    bo   in   cs us sy id wa st
 2  0      0 94160368 106652 34881844    0    0     0     0  995 4589  3  0 97  0  0
 1  0      0 94160640 106652 34881844    0    0     0     0 1059 5170  3  0 97  0  0
 2  0      0 94159672 106652 34881844    0    0     0    84 1047 4153  3  0 97  0  0
 2  0      0 94160656 106652 34881844    0    0     0     0  867 4317  3  0 97  0  0
 1  0      0 94160424 106652 34881844    0    0     0     0 1063 4685  3  0 97  0  0
 1  0      0 94160192 106652 34881856    0    0     0     0 1037 5282  3  0 97  0  0
 1  0      0 94161352 106652 34882148    0    0     0     0  967 3944  3  0 97  0  0
 1  0      0 94161912 106652 34881900    0    0     0    12  908 4055  3  0 97  0  0
 2  0      0 94159104 106652 34881592    0    0     0     0  939 4098  3  0 97  0  0
 4  0      0 94159936 106652 34881300    0    0     0     0 1059 5415  3  0 97  0  0
 2  0      0 94159192 106652 34881704    0    0     0     0  983 4125  3  0 97  0  0
 2  0      0 94158704 106652 34881716    0    0     0     0  893 3791  3  0 97  0  0
 1  0      0 94158720 106652 34881704    0    0     0    28  989 4113  3  0 97  0  0
 2  0      0 94160384 106652 34882032    0    0     0     0  972 4435  3  0 97  0  0
 2  0      0 94161400 106652 34881296    0    0     0     0 1060 4804  3  0 97  0  0
 2  0      0 94157936 106652 34882016    0    0     0     0  922 4018  3  0 97  0  0
 1  0      0 94162120 106652 34882140    0    0     0     0 1011 4128  3  0 97  0  0
 2  0      0 94159552 106652 34881296    0    0     0    56  978 4266  3  0 97  0  0
 2  0      0 94159888 106652 34881600    0    0     0     0  910 3745  3  0 97  0  0
 1  0      0 94160720 106652 34881296    0    0     0     0  995 5115  3  0 97  0  0
 2  0      0 94159872 106652 34883468    0    0     0     0  984 3996  3  0 97  0  0
procs -----------memory---------- ---swap-- -----io---- -system-- ------cpu-----
 r  b   swpd   free   buff  cache   si   so    bi    bo   in   cs us sy id wa st
 1  0      0 94161144 106652 34881648    0    0     0     0 1016 4174  3  0 97  0  0
 2  0      0 94158672 106652 34881704    0    0     0    24 1019 4564  3  0 97  0  0
 1  0      0 94159408 106652 34881716    0    0     0    12  908 4515  3  0 97  0  0
 2  0      0 94150592 106652 34890428    0    0     0     0  983 4102  3  0 97  0  0
 2  0      0 94150104 106652 34891396    0    0     0     0  931 4280  3  0 97  0  0
 1  0      0 94159192 106652 34881704    0    0     0     0  986 4297  3  0 97  0  0
 1  0      0 94160528 106652 34881300    0    0     0    40  927 4945  3  0 97  0  0
 2  0      0 94155304 106652 34883956    0    0     0     0  935 4047  3  0 97  0  0
 1  0      0 94157360 106652 34881652    0    0     0     0  954 4325  3  0 97  0  0
 2  0      0 94157936 106652 34881336    0    0     0     0  967 4484  3  0 97  0  0
 2  0      0 94155200 106652 34882240    0    0     0     0  896 4162  3  0 97  0  0
 1  0      0 94156272 106652 34881348    0    0     0    28 1016 4386  3  0 97  0  0
 2  0      0 94145232 106652 34894324    0    0     0     0  923 4277  3  0 97  0  0
 1  0      0 94140800 106652 34899684    0    0     0     0 1225 3888  3  0 97  0  0
 2  0      0 94158784 106652 34881736    0    0     0     0 1127 5047  3  0 97  0  0
 1  0      0 94156272 106652 34881288    0    0     0     0  999 3870  3  0 97  0  0
 1  0      0 94156128 106652 34882136    0    0     0    36  989 4171  3  0 97  0  0
 2  0      0 94149216 106652 34889488    0    0     0     0  984 4090  3  0 97  0  0
 1  0      0 94156568 106652 34882136    0    0     0     0  908 3808  3  0 97  0  0
 1  0      0 94157888 106652 34881256    0    0     0     4 1063 4978  3  0 97  0  0
 2  0      0 94158720 106652 34881688    0    0     0   204  982 4279  3  0 97  0  0
procs -----------memory---------- ---swap-- -----io---- -system-- ------cpu-----
 r  b   swpd   free   buff  cache   si   so    bi    bo   in   cs us sy id wa st
 1  0      0 94158616 106652 34881800    0    0     0   100 1010 4093  3  0 97  0  0
 2  0      0 94155792 106652 34881688    0    0     0     0  850 4013  3  0 97  0  0
 2  0      0 94156624 106652 34881224    0    0     0     0 1038 5159  3  0 97  0  0
 2  0      0 94156736 106652 34882072    0    0     0     0 1044 4473  3  0 97  0  0
 1  0      0 94157552 106652 34881252    0    0     0     0  874 4159  3  0 97  0  0
 2  0      0 94157688 106652 34882072    0    0     0    28  951 4215  3  0 97  0  0
 2  0      0 94155624 106652 34881352    0    0     0     0  912 4767  3  0 97  0  0
 2  0      0 94155952 106652 34881612    0    0     0     0 1012 4260  3  0 97  0  0
 1  0      0 94155584 106652 34881752    0    0     0     0 1055 4423  3  0 97  0  0
 1  0      0 94156368 106652 34881612    0    0     0     0  934 3914  3  0 97  0  0
 2  0      0 94157656 106652 34881616    0    0     0    12  916 4366  3  0 97  0  0
 2  0      0 94157656 106652 34881624    0    0     0     4 1206 5390  3  0 97  0  0
 2  0      0 94157184 106652 34881616    0    0     0     0  918 4215  3  0 97  0  0
 1  0      0 94157200 106652 34882052    0    0     0     0 1006 4129  3  0 97  0  0
 2  0      0 94157200 106652 34881612    0    0     0     0 1067 4488  3  0 97  0  0
 2  0      0 94157224 106652 34881628    0    0     0    24 1103 5215  3  0 97  0  0
 2  0      0 94157224 106652 34881612    0    0     0     8  905 4151  3  0 97  0  0
 2  0      0 94156744 106652 34881628    0    0     0     8 1039 4379  3  0 97  0  0
 1  0      0 94156744 106652 34881616    0    0     0     0  981 4652  3  0 97  0  0
 2  0      0 94156512 106652 34881632    0    0     0     0 1083 4724  3  0 97  0  0
 1  0      0 94156768 106652 34881620    0    0     0    40 1067 4392  3  0 97  0  0
procs -----------memory---------- ---swap-- -----io---- -system-- ------cpu-----
 r  b   swpd   free   buff  cache   si   so    bi    bo   in   cs us sy id wa st
 2  0      0 94154512 106652 34884056    0    0     0     0  967 4148  3  0 97  0  0
 1  0      0 94156800 106652 34881620    0    0     0     0 1002 4514  3  0 97  0  0
 2  0      0 94156568 106652 34881636    0    0     0     0  986 4391  3  0 97  0  0
 2  0      0 94156848 106652 34881620    0    0     0     0 1047 5176  3  0 97  0  0
 2  0      0 94156624 106652 34881636    0    0     0    12 1000 4049  3  0 97  0  0
 1  0      0 94157136 106652 34881632    0    0     0     4  882 3859  3  0 97  0  0
 2  0      0 94156144 106652 34881624    0    0     0     0 1426 4894  3  0 97  0  0
 1  0      0 94155920 106652 34881636    0    0     0     0 1110 4906  3  0 97  0  0
 1  0      0 94155216 106652 34881628    0    0     0     0  939 3944  3  0 97  0  0
 2  0      0 94154944 106652 34883572    0    0     0    36  955 4180  3  0 97  0  0
 1  0      0 94155216 106652 34881632    0    0     0   244 1172 4221  3  0 97  0  0
 2  0      0 94155472 106652 34881628    0    0     0     0  935 4514  3  0 97  0  0
 1  0      0 94155248 106652 34881620    0    0     0     8 1101 4708  3  0 97  0  0
 2  0      0 94137104 106652 34900448    0    0     0     0  900 3897  3  0 97  0  0
 1  0      0 94155512 106652 34881628    0    0     0    84 1159 4225  3  0 97  0  0
 1  0      0 94155520 106652 34881628    0    0     0    88 1009 4491  3  0 97  0  0
 2  0      0 94155536 106652 34881616    0    0     0     0 1014 4940  3  0 97  0  0
 1  0      0 94155056 106652 34881632    0    0     0     0  973 3961  3  0 97  0  0
 1  0      0 94155072 106652 34882044    0    0     0     0 1090 4189  3  0 97  0  0
 3  0      0 94154064 106652 34881664    0    0     0    28  906 3762  3  0 97  0  0
 1  0      0 94154640 106652 34881748    0    0     0     0 1045 5418  3  0 97  0  0
procs -----------memory---------- ---swap-- -----io---- -system-- ------cpu-----
 r  b   swpd   free   buff  cache   si   so    bi    bo   in   cs us sy id wa st
 2  0      0 94155744 106652 34881296    0    0     0     8  946 4163  3  0 97  0  0
 2  0      0 94140856 106652 34893320    0    0     0     0 1119 4496  3  0 97  0  0
 1  0      0 94153056 106652 34881632    0    0     0     0  964 4039  3  0 97  0  0
 2  0      0 94152928 106652 34881756    0    0     0    40 1007 5268  3  0 97  0  0
 1  0      0 94154232 106652 34881632    0    0     0     0  978 4220  3  0 97  0  0
 2  0      0 94136160 106652 34900548    0    0     0     0 1016 4355  3  0 97  0  0
 1  0      0 94133416 106652 34900452    0    0     0     0  918 3998  3  0 97  0  0
 2  0      0 94152144 106652 34881700    0    0     0     0 1072 4090  3  0 97  0  0
 2  0      0 94153232 106652 34881236    0    0     0    16 1131 5323  3  0 97  0  0
 1  0      0 94153336 106652 34882084    0    0     0    12 1027 4306  3  0 97  0  0
 1  0      0 94153176 106652 34882220    0    0     0     8  982 4291  3  0 97  0  0
 2  0      0 94154736 106652 34881652    0    0     0     0 1022 4000  3  0 97  0  0
 2  0      0 94151968 106652 34881764    0    0     0     0  995 5533  3  0 97  0  0
 2  0      0 94151984 106652 34881752    0    0     0    40 1044 4203  3  0 97  0  0
 2  0      0 94152272 106652 34881764    0    0     0     0  951 3884  3  0 97  0  0
 1  0      0 94152048 106652 34881768    0    0     0     0 1092 4442  3  0 97  0  0
 2  0      0 94152560 106652 34881764    0    0     0     0  948 4232  3  0 97  0  0
 2  0      0 94152320 106652 34881764    0    0     0     0 1124 5260  3  0 97  0  0
 2  0      0 94152576 106652 34881764    0    0     0    28  946 3811  3  0 97  0  0
 1  0      0 94151856 106652 34881768    0    0     0     0 1074 4343  3  0 97  0  0
 2  0      0 94152104 106652 34881764    0    0     0     4  934 4301  3  0 97  0  0
procs -----------memory---------- ---swap-- -----io---- -system-- ------cpu-----
 r  b   swpd   free   buff  cache   si   so    bi    bo   in   cs us sy id wa st
 2  0      0 94151392 106652 34881776    0    0     0     0 1112 5285  3  0 97  0  0
 2  0      0 94151872 106652 34881764    0    0     0     0  976 4509  3  0 97  0  0
 1  0      0 94151888 106656 34881764    0    0     0    16 1359 4197  3  0 97  0  0
 1  0      0 94151904 106656 34881764    0    0     0     0  902 3790  3  0 97  0  0
 2  0      0 94151920 106656 34881768    0    0     0     0 1120 5446  3  0 97  0  0
 2  0      0 94151928 106656 34881768    0    0     0     0  917 3915  3  0 97  0  0
 2  0      0 94152192 106656 34881768    0    0     0   204 1003 3920  3  0 97  0  0
 1  0      0 94151952 106656 34881768    0    0     0   104  921 3878  3  0 97  0  0
 2  0      0 94152224 106656 34881768    0    0     0     0  943 4028  3  0 97  0  0
 2  0      0 94152232 106656 34881768    0    0     0     0  986 4911  3  0 97  0  0
 2  0      0 94152496 106656 34881772    0    0     0     8  996 4071  3  0 97  0  0
 1  0      0 94152016 106656 34881788    0    0     0     0  857 3949  3  0 97  0  0
 1  0      0 94152560 106656 34881772    0    0     0    40 1006 4137  3  0 97  0  0
 3  0      0 94134168 106656 34900592    0    0     0     0  825 3836  3  0 97  0  0
 2  0      0 94152576 106656 34881772    0    0     0     0 1006 4988  3  0 97  0  0
 2  0      0 94151872 106656 34881772    0    0     0     0  878 3926  3  0 97  0  0
 2  0      0 94152608 106656 34881772    0    0     0     0  967 3964  3  0 97  0  0
 2  0      0 94153192 106656 34881528    0    0     0    28  974 4128  3  0 97  0  0
 2  0      0 94150192 106656 34881996    0    0     0     0  986 5028  3  0 97  0  0
 1  0      0 94152792 106656 34881476    0    0     0     0  861 3752  3  0 97  0  0
 1  0      0 94155648 106656 34881888    0    0     0    16 1137 4216  3  0 97  0  0
procs -----------memory---------- ---swap-- -----io---- -system-- ------cpu-----
 r  b   swpd   free   buff  cache   si   so    bi    bo   in   cs us sy id wa st
 2  0      0 94155408 106656 34881888    0    0     0     0  868 3997  3  0 97  0  0
 2  0      0 94155176 106656 34881892    0    0     0    32 1032 4791  3  0 97  0  0
 2  0      0 94154416 106656 34881728    0    0     0     0  913 4230  3  0 97  0  0
 1  0      0 94153944 106656 34882156    0    0     0    12 1060 3921  3  0 97  0  0
 1  0      0 94154192 106656 34881728    0    0     0     0  875 3673  3  0 97  0  0
 2  0      0 94153200 106656 34881728    0    0     0     0  960 3904  3  0 97  0  0
 2  0      0 94153472 106656 34881728    0    0     0    40  954 4686  3  0 97  0  0
 2  0      0 94153480 106656 34881728    0    0     0     0 1037 4017  3  0 97  0  0
 1  0      0 94156096 106656 34881744    0    0     0     0  920 3806  3  0 97  0  0
 2  0      0 94155856 106656 34881744    0    0     0     0  946 3964  3  0 97  0  0
 1  0      0 94155872 106656 34881744    0    0     0     0  918 4768  3  0 97  0  0
 1  0      0 94154640 106656 34881776    0    0     0    28 1015 4160  3  0 97  0  0
 1  0      0 94154648 106656 34881776    0    0     0     0  922 4117  3  0 97  0  0
 2  0      0 94154656 106656 34881776    0    0     0     4 1040 4542  3  0 97  0  0
 2  0      0 94154168 106656 34881776    0    0     0     0  927 4314  3  0 97  0  0
 2  0      0 94154176 106656 34881776    0    0     0     0 1087 4239  3  0 97  0  0
 2  0      0 94139184 106656 34897208    0    0     0    28  919 4403  3  0 97  0  0
 2  0      0 94145144 106656 34889104    0    0     0     0 1013 4229  3  0 97  0  0
 2  0      0 94155424 106656 34881960    0    0     0     0  980 4379  3  0 97  0  0
 2  0      0 94156208 106656 34881700    0    0     0     0 1125 4823  3  0 97  0  0
 1  0      0 94153712 106656 34881748    0    0     0   132  987 4257  3  0 97  0  0
procs -----------memory---------- ---swap-- -----io---- -system-- ------cpu-----
 r  b   swpd   free   buff  cache   si   so    bi    bo   in   cs us sy id wa st
 1  0      0 94153224 106656 34881844    0    0     0    84 1094 4017  3  0 97  0  0
 2  0      0 94153232 106656 34881844    0    0     0     0  902 4227  3  0 97  0  0
 2  0      0 94153248 106656 34881844    0    0     0     0 1044 4813  3  0 97  0  0
 2  0      0 94149232 106656 34886200    0    0     0     0  888 4269  3  0 97  0  0
 2  0      0 94135632 106656 34899964    0    0     0     4  943 3890  3  0 97  0  0
 1  0      0 94153288 106656 34881844    0    0     0    20  864 4094  3  0 97  0  0
 2  0      0 94153048 106656 34881844    0    0     0     0  964 4400  3  0 97  0  0
 1  0      0 94153056 106656 34881844    0    0     0     0  918 4752  3  0 97  0  0
 2  0      0 94152816 106656 34881844    0    0     0     0  987 3971  3  0 97  0  0
 1  0      0 94152832 106656 34881848    0    0     0     4  980 3969  3  0 97  0  0
 1  0      0 94152592 106656 34881848    0    0     0    28 1044 4424  3  0 97  0  0
 1  0      0 94152864 106656 34881848    0    0     0     0  962 4643  3  0 97  0  0
 1  0      0 94152872 106656 34881848    0    0     0     0 1069 4877  3  0 97  0  0
 1  0      0 94152400 106656 34882276    0    0     0    12  837 3997  3  0 97  0  0
 1  0      0 94152896 106656 34881848    0    0     0     0  926 3901  3  0 97  0  0
 2  0      0 94152408 106656 34881848    0    0     0    28  935 4939  3  0 97  0  0
 1  0      0 94152416 106656 34881848    0    0     0     0 1063 4574  3  0 97  0  0
 2  0      0 94134032 106656 34900240    0    0     0     0  932 4052  3  0 97  0  0
 1  0      0 94152192 106656 34881848    0    0     0     0 1058 4247  3  0 97  0  0
 2  0      0 94151952 106656 34881848    0    0     0     0  889 4896  3  0 97  0  0
 1  0      0 94151968 106656 34881848    0    0     0    12 1061 4707  3  0 97  0  0
procs -----------memory---------- ---swap-- -----io---- -system-- ------cpu-----
 r  b   swpd   free   buff  cache   si   so    bi    bo   in   cs us sy id wa st
 2  0      0 94134088 106656 34900244    0    0     0     0  916 4252  3  0 97  0  0
 1  0      0 94152248 106656 34881852    0    0     0     0 1041 4130  3  0 97  0  0
 1  0      0 94152008 106656 34881840    0    0     0     0  868 4032  3  0 97  0  0
 2  0      0 94152528 106656 34881852    0    0     0     0  994 5124  3  0 97  0  0
 2  0      0 94152536 106656 34881852    0    0     0    12  938 4306  3  0 97  0  0
 1  0      0 94152312 106656 34882280    0    0     0     0 1054 3907  3  0 97  0  0
 1  0      0 94134672 106656 34900244    0    0     0     0  889 3965  3  0 97  0  0
 2  0      0 94152832 106656 34881852    0    0     0     0 1065 5002  3  0 97  0  0
 1  0      0 94153344 106656 34881852    0    0     0     0  955 4361  3  0 97  0  0
 1  0      0 94152848 106656 34881852    0    0     0   100 1114 4145  3  0 97  0  0
 2  0      0 94134976 106656 34900244    0    0     0     0  946 4337  3  0 97  0  0
 1  0      0 94152640 106656 34881852    0    0     0     0 1045 4417  3  0 97  0  0
 2  0      0 94152896 106656 34881852    0    0     0     0  936 5267  3  0 97  0  0
 2  0      0 94152904 106656 34881852    0    0     0     8  997 4692  3  0 97  0  0
 1  0      0 94152928 106656 34881852    0    0     0    80  988 3763  3  0 97  0  0
 1  0      0 94151920 106656 34882336    0    0     0     0  826 4155  3  0 97  0  0
 1  0      0 94152400 106656 34881852    0    0     0     0 1069 5506  3  0 97  0  0
 2  0      0 94152160 106656 34881852    0    0     0     0  993 4447  3  0 97  0  0
 1  0      0 94151696 106656 34881852    0    0     0     0 1038 4040  3  0 97  0  0
 1  0      0 94151944 106656 34881852    0    0     0    32 1001 4349  3  0 97  0  0
 2  0      0 94152192 106656 34881852    0    0     0     0 1046 5280  3  0 97  0  0
procs -----------memory---------- ---swap-- -----io---- -system-- ------cpu-----
 r  b   swpd   free   buff  cache   si   so    bi    bo   in   cs us sy id wa st
 2  0      0 94152208 106656 34881852    0    0     0     0 1002 4417  3  0 97  0  0
 2  0      0 94151496 106656 34881864    0    0     0     0 1011 4209  3  0 97  0  0
 1  0      0 94152240 106656 34881852    0    0     0     0  936 4243  3  0 97  0  0
 1  0      0 94152248 106656 34881852    0    0     0    12  994 4558  3  0 97  0  0
 2  0      0 94152256 106656 34881848    0    0     0   540 1119 5606  3  0 97  0  0
 2  0      0 94146728 106656 34887656    0    0     0     0  888 4017  3  0 97  0  0
 1  0      0 94152048 106656 34881852    0    0     0     0  822 3855  3  0 97  0  0
 2  0      0 94152304 106656 34881848    0    0     0     0  994 4452  3  0 97  0  0
 2  0      0 94152312 106656 34881848    0    0     0     0  962 4419  3  0 97  0  0
 1  0      0 94152576 106656 34881848    0    0     0    64 1037 5173  3  0 97  0  0
 2  0      0 94150320 106656 34884268    0    0     0     0  982 4471  3  0 97  0  0
 1  0      0 94152352 106656 34881848    0    0     0     0 1043 4388  3  0 97  0  0
 1  0      0 94152112 106656 34881848    0    0     0     0  976 4985  3  0 97  0  0
 1  0      0 94152128 106656 34881848    0    0     0     0 1092 4858  3  0 97  0  0
 2  0      0 94147344 106656 34886688    0    0     0     0  987 4236  3  0 97  0  0
 1  0      0 94133272 106656 34900672    0    0     0    12 1148 4185  3  0 97  0  0
 2  0      0 94151192 106656 34882276    0    0     0   120 1091 4845  3  0 97  0  0
 1  0      0 94151440 106656 34881852    0    0     0     0 1121 4940  3  0 97  0  0
 2  0      0 94133312 106656 34900668    0    0     0     0  969 3895  3  0 97  0  0
 2  0      0 94149704 106656 34883788    0    0     0    96 1037 4144  3  0 97  0  0
 1  0      0 94151488 106656 34881856    0    0     0     0 1032 4588  3  0 97  0  0
procs -----------memory---------- ---swap-- -----io---- -system-- ------cpu-----
 r  b   swpd   free   buff  cache   si   so    bi    bo   in   cs us sy id wa st
 2  0      0 94151744 106656 34881856    0    0     0     0  959 4114  3  0 97  0  0
 1  0      0 94151504 106656 34881856    0    0     0     0  883 4668  3  0 97  0  0
 2  0      0 94141944 106656 34891540    0    0     0     8 1010 3812  3  0 97  0  0
 1  0      0 94151280 106656 34881860    0    0     0     0  989 4481  3  0 97  0  0
 1  0      0 94151296 106656 34881860    0    0     0    44 1034 4789  3  0 97  0  0
 1  0      0 94152896 106656 34881892    0    0     0     0  995 4789  3  0 97  0  0
 2  0      0 94141632 106656 34894412    0    0     0     0  952 3840  3  0 97  0  0
 2  0      0 94132824 106656 34900252    0    0     0    88  928 4217  3  0 97  0  0
 1  0      0 94151312 106656 34881828    0    0     0     0 1020 4373  3  0 97  0  0
 2  0      0 94152144 106656 34881860    0    0     0    28  910 4771  3  0 97  0  0
 2  0      0 94152976 106656 34881956    0    0     0     0  968 3808  3  0 97  0  0
 1  0      0 94294560 106656 34898356    0    0     0     0  858 4174  2  0 98  0  0
 1  0      0 93872264 106656 34898360    0    0     0     8  551  281  1  0 98  0  0
 1  0      0 93371048 106656 34939016    0    0     0     0  357  191  1  1 98  0  0
 2  0      0 91990480 106656 36435920    0    0     0    64 1191  426  1  2 97  0  0
 3  0      0 92251840 106656 35982504    0    0     0     0 2076  755  4  1 96  0  0
 3  0      0 92397664 106656 35949592    0    0     0     0 1705 1120  3  1 96  0  0
 2  0      0 92350288 106656 35949592    0    0     0     0 1018 1167  4  0 96  0  0
 2  0      0 91779536 106656 36538836    0    0     0   108 1614  606  2  1 97  0  0
 2  0      0 92371472 106656 35949572    0    0     0     0 1469 2178  3  0 96  0  0
 1  0      0 91844840 106656 36354692    0    0     0     0 1456 1306  3  1 96  0  0
procs -----------memory---------- ---swap-- -----io---- -system-- ------cpu-----
 r  b   swpd   free   buff  cache   si   so    bi    bo   in   cs us sy id wa st
 2  0      0 92368352 106656 35949540    0    0     0     0 1712 2376  3  1 97  0  0
 2  0      0 92043040 106656 36155996    0    0     0     0 1420 1152  3  0 96  0  0
 2  0      0 92367424 106656 35949100    0    0     0   132 1758 2408  2  1 97  0  0
 2  0      0 92201696 106656 35996472    0    0     0     0  961  196  3  0 96  0  0
 2  0      0 92369248 106656 35949508    0    0     0     0 1198 1236  2  1 97  0  0
 2  0      0 92228128 106656 35971772    0    0     0     0  959  208  3  0 96  0  0
 2  0      0 92368552 106656 35948796    0    0     0     0 1258  574  2  1 97  0  0
 2  0      0 92332848 106656 35949492    0    0     0    52 1067 1054  4  0 96  0  0
 2  0      0 92368448 106656 35950400    0    0     0   184 1253  543  2  1 96  0  0
 2  0      0 92330240 106656 35949460    0    0     0    12 1020 1256  4  0 96  0  0
 2  0      0 91918288 106656 36400792    0    0     0     0 1116  525  2  1 97  0  0
 2  0      0 92371280 106656 35949444    0    0     0     0 1096 1337  3  0 96  0  0
 2  0      0 91779008 106660 36538008    0    0     0    44  733  386  2  1 97  0  0
 2  0      0 92368144 106660 35949428    0    0     0     0  619 1114  2  0 98  0  0
 1  0      0 93328208 106660 35949420    0    0     0     0  624  584  2  0 98  0  0
