procs -----------memory---------- ---swap-- -----io---- -system-- ------cpu-----
 r  b   swpd   free   buff  cache   si   so    bi    bo   in   cs us sy id wa st
 1  0      0 114264328  93776 16357304    0    0     8     1    4   11  0  0 100  0  0
 1  0      0 114096848  93776 16357312    0    0     0   208 1487 1392  3  0 97  0  0
 1  0      0 114049472  93776 16357312    0    0     0     0  967 1293  2  0 98  0  0
 1  0      0 113995800  93788 16357324    0    0     0   244  948 1399  2  0 98  0  0
 1  0      0 113946952  93788 16357336    0    0     0   112  734  535  1  0 98  0  0
 1  0      0 113613712  93788 16357336    0    0     0     0  363  297  1  0 98  0  0
 1  0      0 113528032  93788 16357340    0    0     0     0  432  178  2  0 98  0  0
 1  0      0 113318816  93788 16365592    0    0     0    88 2415  957  2  1 97  0  0
 1  0      0 112674656  93788 16567928    0    0     0     0 6686 11372  1  1 97  0  0
 2  0      0 112461920  93788 16568420    0    0     0   132 1911 3934  2  1 97  0  0
 2  0      0 112461896  93788 16567992    0    0     0     0 1118 4994  3  0 97  0  0
 2  0      0 112461152  93788 16567984    0    0     0     0  997 3719  3  0 97  0  0
 1  0      0 112461208  93788 16567992    0    0     0     0 1022 4063  3  0 97  0  0
 2  0      0 112460968  93788 16567992    0    0     0     0  908 4279  3  0 97  0  0
 2  0      0 112460976  93788 16567992    0    0     0   136 1134 4810  3  0 97  0  0
 2  0      0 112457712  93788 16570404    0    0     0     0  937 3938  3  0 97  0  0
 1  0      0 112457728  93788 16568104    0    0     0     0 1045 4315  2  0 97  0  0
 1  0      0 112457088  93788 16568472    0    0     0     0  924 3885  3  0 97  0  0
 1  0      0 112439440  93788 16586876    0    0     0     0  932 3725  3  0 97  0  0
 2  0      0 112455872  93792 16568064    0    0     0    12 1050 5147  3  0 97  0  0
 2  0      0 112456104  93792 16568048    0    0     0     0 1096 4086  3  0 97  0  0
procs -----------memory---------- ---swap-- -----io---- -system-- ------cpu-----
 r  b   swpd   free   buff  cache   si   so    bi    bo   in   cs us sy id wa st
 1  0      0 112456368  93792 16568056    0    0     0     0  882 3864  3  0 97  0  0
 1  0      0 112456144  93792 16568484    0    0     0     0 1109 4267  3  0 97  0  0
 1  0      0 112456648  93792 16568056    0    0     0     0  952 4140  3  0 97  0  0
 2  0      0 112456456  93796 16568056    0    0     0    12 1301 5206  3  0 97  0  0
 1  0      0 112456216  93796 16568048    0    0     0     8  998 4496  3  0 97  0  0
 2  0      0 112438080  93796 16586444    0    0     0     0 1002 3888  3  0 97  0  0
 1  0      0 112455992  93796 16568056    0    0     0     0 1050 4044  3  0 97  0  0
 2  0      0 112455768  93796 16568056    0    0     0     0 1169 4818  3  0 97  0  0
 2  0      0 112455280  93796 16568056    0    0     0    20 1020 3397  3  0 97  0  0
 2  0      0 112454560  93796 16568064    0    0     0    56 1107 4905  3  0 97  0  0
 2  0      0 112456960  93796 16568452    0    0     0     0  911 4041  3  0 97  0  0
 1  0      0 112457232  93796 16568436    0    0     0     0 1112 4125  3  0 97  0  0
 2  0      0 112458048  93796 16567676    0    0     0     0  946 4052  3  0 97  0  0
 2  0      0 112456064  93800 16568040    0    0     0    40 1136 5259  3  0 97  0  0
 2  0      0 112455616  93800 16568412    0    0     0    16  860 3772  3  0 97  0  0
 2  0      0 112457424  93800 16568008    0    0     0     0 1128 3956  3  0 97  0  0
 1  0      0 112456832  93800 16568372    0    0     0     0 1114 4273  3  0 97  0  0
 2  0      0 112457600  93800 16568056    0    0     0     0 1021 4104  3  0 97  0  0
 2  0      0 112458000  93804 16568428    0    0     0   172 1015 4903  3  0 97  0  0
 1  0      0 112459024  93804 16567580    0    0     0     0 1059 4292  3  0 97  0  0
 1  0      0 112455576  93804 16568380    0    0     0     0  902 3817  3  0 97  0  0
procs -----------memory---------- ---swap-- -----io---- -system-- ------cpu-----
 r  b   swpd   free   buff  cache   si   so    bi    bo   in   cs us sy id wa st
 2  0      0 112447296  93804 16577708    0    0     0     0 1030 3637  3  0 97  0  0
 1  0      0 112438824  93804 16586868    0    0     0     0  932 4044  3  0 97  0  0
 2  0      0 112457592  93812 16567716    0    0     0    24 1094 4600  3  0 97  0  0
 1  0      0 112457664  93812 16568080    0    0     0     0 1027 4399  3  0 97  0  0
 1  0      0 112458752  93812 16567688    0    0     0     0  999 4195  3  0 97  0  0
 1  0      0 112458088  93812 16568240    0    0     0   144  991 4008  3  0 97  0  0
 2  0      0 112458736  93812 16568712    0    0     0     0 1030 4326  3  0 97  0  0
 1  0      0 112459248  93816 16568212    0    0     0    52  946 3933  3  0 97  0  0
 2  0      0 112437600  93816 16587160    0    0     0     0 1041 3755  3  0 97  0  0
 1  0      0 112456080  93816 16568212    0    0     0     0  951 3650  3  0 97  0  0
 2  0      0 112456448  93816 16568680    0    0     0     0 1058 4333  3  0 97  0  0
 2  0      0 112457488  93816 16568196    0    0     0     0 1183 4039  3  0 97  0  0
 1  0      0 112457408  93820 16568640    0    0     0    28 1070 3893  3  0 97  0  0
 2  0      0 112436200  93820 16586592    0    0     0     0 1089 3656  3  0 97  0  0
 2  0      0 112441608  93820 16584460    0    0     0   208 1155 4182  3  0 97  0  0
 1  0      0 112457288  93820 16568212    0    0     0     0  989 3895  3  0 97  0  0
 2  0      0 112457912  93820 16568252    0    0     0     0 1105 4868  3  0 97  0  0
 1  0      0 112462544  93820 16568196    0    0     0    60 1037 4330  3  0 97  0  0
 2  0      0 112441392  93820 16586552    0    0     0     0 1022 3971  3  0 97  0  0
 2  0      0 112460112  93820 16568664    0    0     0    72  921 3926  3  0 97  0  0
 1  0      0 112460224  93820 16568680    0    0     0     0 1049 4034  3  0 97  0  0
procs -----------memory---------- ---swap-- -----io---- -system-- ------cpu-----
 r  b   swpd   free   buff  cache   si   so    bi    bo   in   cs us sy id wa st
 1  0      0 112461288  93820 16568212    0    0     0     0  946 4576  3  0 97  0  0
 1  0      0 112461616  93824 16567820    0    0     0    28 1086 4777  3  0 97  0  0
 2  0      0 112459360  93824 16568320    0    0     0     0  939 3993  3  0 97  0  0
 1  0      0 112457872  93824 16568768    0    0     0    16 1077 3996  3  0 97  0  0
 2  0      0 112457872  93824 16568340    0    0     0     0  991 4548  3  0 97  0  0
 2  0      0 112457392  93824 16568348    0    0     0     0 1162 4824  3  0 97  0  0
 2  0      0 112456408  93828 16568356    0    0     0   132  995 4126  3  0 97  0  0
 1  0      0 112456184  93828 16568784    0    0     0     0 1116 4104  3  0 97  0  0
 2  0      0 112455696  93828 16568784    0    0     0     0 1160 4543  3  0 97  0  0
 2  0      0 112454176  93828 16568420    0    0     0     0 1143 5042  3  0 97  0  0
 2  0      0 112455080  93828 16568460    0    0     0     0 1202 3989  3  0 97  0  0
 1  0      0 112455888  93832 16568436    0    0     0    32 1046 4090  3  0 97  0  0
 2  0      0 112451648  93832 16569428    0    0     0   208 1033 3751  3  0 97  0  0
 1  0      0 112457744  93832 16568404    0    0     0     0 1130 4084  3  0 97  0  0
 2  0      0 112457248  93832 16568404    0    0     0     0  944 4592  3  0 97  0  0
 1  0      0 112457264  93832 16568404    0    0     0     0 1075 4272  3  0 97  0  0
 1  0      0 112435856  93832 16587160    0    0     0    44  966 3668  3  0 97  0  0
 1  0      0 112457104  93832 16568340    0    0     0     0 1078 3848  3  0 97  0  0
 1  0      0 112454664  93832 16568352    0    0     0     0  875 3956  3  0 97  0  0
 2  0      0 112455696  93832 16568324    0    0     0     0 1031 3840  3  0 97  0  0
 2  0      0 112454696  93832 16568356    0    0     0     0 1046 5030  3  0 97  0  0
procs -----------memory---------- ---swap-- -----io---- -system-- ------cpu-----
 r  b   swpd   free   buff  cache   si   so    bi    bo   in   cs us sy id wa st
 2  0      0 112454704  93836 16568356    0    0     0    12 1018 3985  3  0 97  0  0
 1  0      0 112454480  93836 16568112    0    0     0     0  893 3912  3  0 97  0  0
 2  0      0 112451472  93836 16568472    0    0     0     0 1010 4181  3  0 97  0  0
 2  0      0 112452560  93836 16567980    0    0     0     0 1029 5058  3  0 97  0  0
 1  0      0 112453136  93836 16568440    0    0     0     0 1031 3960  3  0 97  0  0
 2  0      0 112435328  93844 16586988    0    0     0    28  969 3899  3  0 97  0  0
 1  0      0 112452736  93844 16568568    0    0     0     0  972 3719  3  0 97  0  0
 2  0      0 112453000  93844 16568568    0    0     0     0  975 5036  3  0 97  0  0
 2  0      0 112452520  93844 16568576    0    0     0    76 1034 4020  3  0 97  0  0
 1  0      0 112452640  93844 16568628    0    0     0     0  879 3946  3  0 97  0  0
 2  0      0 112445744  93848 16577272    0    0     0    44  990 3829  3  0 97  0  0
 1  0      0 112453944  93848 16568980    0    0     0     0  974 3808  3  0 97  0  0
 2  0      0 112451880  93848 16568080    0    0     0     0 1056 4861  3  0 97  0  0
 1  0      0 112452712  93848 16568524    0    0     0    16  992 4170  3  0 97  0  0
 2  0      0 112435664  93848 16585956    0    0     0     0  968 3820  3  0 97  0  0
 2  0      0 112437760  93852 16584948    0    0     0    20  961 4081  3  0 97  0  0
 1  0      0 112454248  93852 16568616    0    0     0     0 1148 4185  3  0 97  0  0
 1  0      0 112454808  93852 16568492    0    0     0     0  936 3954  3  0 97  0  0
 2  0      0 112455640  93852 16568160    0    0     0     0 1092 4652  3  0 97  0  0
 2  0      0 112455968  93852 16568476    0    0     0     0  948 4115  3  0 97  0  0
 1  0      0 112455360  93860 16569016    0    0     0    52 1075 3993  3  0 97  0  0
procs -----------memory---------- ---swap-- -----io---- -system-- ------cpu-----
 r  b   swpd   free   buff  cache   si   so    bi    bo   in   cs us sy id wa st
 2  0      0 112452800  93860 16568476    0    0     0   176  957 4003  3  0 97  0  0
 2  0      0 112453632  93860 16568556    0    0     0     0  943 4007  3  0 97  0  0
 2  0      0 112454208  93860 16568080    0    0     0     0 1005 5006  3  0 97  0  0
 2  0      0 112455040  93860 16568524    0    0     0     0  960 4097  3  0 97  0  0
 1  0      0 112454384  93860 16568528    0    0     0    32 1114 4280  3  0 97  0  0
 2  0      0 112455208  93860 16568524    0    0     0     0  957 4030  3  0 97  0  0
 2  0      0 112452192  93860 16568048    0    0     0     0 1102 5229  3  0 97  0  0
 1  0      0 112454288  93860 16568476    0    0     0    72 1005 4344  3  0 97  0  0
 2  0      0 112454304  93860 16568476    0    0     0     0  908 3803  3  0 97  0  0
 2  0      0 112435920  93860 16586872    0    0     0    48  916 3869  3  0 97  0  0
 1  0      0 112453568  93860 16568476    0    0     0     0 1050 4011  3  0 97  0  0
 2  0      0 112453328  93860 16568476    0    0     0     0  959 4534  3  0 97  0  0
 2  0      0 112453088  93860 16568476    0    0     0     0 1021 4185  3  0 97  0  0
 2  0      0 112435464  93860 16586868    0    0     0     0  868 3466  3  0 97  0  0
 1  0      0 112452616  93864 16568476    0    0     0    28 1094 3796  3  0 97  0  0
 2  0      0 112453136  93864 16568460    0    0     0     0 1033 4981  3  0 97  0  0
 2  0      0 112453648  93864 16568460    0    0     0     0 1138 4239  3  0 97  0  0
 1  0      0 112453168  93864 16568888    0    0     0    64  985 3831  3  0 97  0  0
 1  0      0 112453928  93864 16568460    0    0     0     0 1000 3727  3  0 97  0  0
 2  0      0 112453448  93876 16568892    0    0     0   132 1044 4771  3  0 97  0  0
 2  0      0 112454280  93876 16568480    0    0     0     0  983 3528  3  0 97  0  0
procs -----------memory---------- ---swap-- -----io---- -system-- ------cpu-----
 r  b   swpd   free   buff  cache   si   so    bi    bo   in   cs us sy id wa st
 1  0      0 112454576  93876 16568488    0    0     0     0  934 4819  3  0 97  0  0
 1  0      0 112454808  93876 16568480    0    0     0     0 1012 4164  3  0 97  0  0
 1  0      0 112454824  93876 16568484    0    0     0     8 1003 4238  3  0 97  0  0
 2  0      0 112454096  93876 16568492    0    0     0    28 1047 4354  3  0 97  0  0
 1  0      0 112454344  93876 16568488    0    0     0     0  964 5050  3  0 97  0  0
 2  0      0 112436464  93876 16586892    0    0     0     0  962 3969  3  0 97  0  0
 3  0      0 112445040  93876 16578168    0    0     0     0  880 3719  3  0 97  0  0
 1  0      0 112453408  93876 16568500    0    0     0    84 1035 3855  3  0 97  0  0
 2  0      0 112453640  93876 16568488    0    0     0    68  952 4189  3  0 97  0  0
 2  0      0 112452928  93876 16568492    0    0     0     0 1083 4869  3  0 97  0  0
 2  0      0 112441824  93876 16580588    0    0     0     0  978 3814  3  0 97  0  0
 1  0      0 112452704  93876 16568500    0    0     0     0  976 4125  3  0 97  0  0
 1  0      0 112453184  93876 16568488    0    0     0     0  945 3920  3  0 97  0  0
 1  0      0 112450720  93876 16568892    0    0     0    12 1136 4900  3  0 97  0  0
 2  0      0 112452088  93876 16568876    0    0     0     0  995 3965  3  0 97  0  0
 2  0      0 112437384  93876 16580076    0    0     0     0 1070 3852  3  0 97  0  0
 2  0      0 112452496  93876 16568860    0    0     0     0 1004 3887  3  0 97  0  0
 2  0      0 112453520  93876 16568372    0    0     0     0 1326 5062  3  0 97  0  0
 1  0      0 112450304  93880 16568852    0    0     0    28 1006 4353  3  0 97  0  0
 2  0      0 112451344  93880 16568472    0    0     0     0  972 4091  3  0 97  0  0
 1  0      0 112450960  93880 16568828    0    0     0     0  948 4117  3  0 97  0  0
procs -----------memory---------- ---swap-- -----io---- -system-- ------cpu-----
 r  b   swpd   free   buff  cache   si   so    bi    bo   in   cs us sy id wa st
 2  0      0 112451768  93880 16568448    0    0     0     0 1044 3880  3  0 97  0  0
 2  0      0 112452600  93880 16568440    0    0     0   104 1145 4977  3  0 97  0  0
 2  0      0 112449840  93884 16568416    0    0     0    68 1162 4323  3  0 97  0  0
 1  0      0 112449200  93884 16568832    0    0     0     0  946 3931  3  0 97  0  0
 2  0      0 112450752  93884 16568480    0    0     0     0 1011 4190  3  0 97  0  0
 1  0      0 112433696  93884 16587260    0    0     0     0  925 4266  3  0 97  0  0
 2  0      0 112451744  93884 16568868    0    0     0     0 1053 5248  3  0 97  0  0
 1  0      0 112449416  93892 16568472    0    0     0   196 1016 4098  3  0 97  0  0
 1  0      0 112449536  93892 16568852    0    0     0     0  988 4203  3  0 97  0  0
 1  0      0 112450848  93892 16568400    0    0     0     0 1010 3964  3  0 97  0  0
 1  0      0 112451680  93892 16568012    0    0     0     0  985 4724  3  0 97  0  0
 1  0      0 112448416  93892 16568448    0    0     0     0  886 4242  3  0 97  0  0
 1  0      0 112449504  93896 16568020    0    0     0   160  997 4063  3  0 97  0  0
 1  0      0 112448584  93896 16568404    0    0     0     8 1008 4405  3  0 97  0  0
 1  0      0 112449664  93896 16568480    0    0     0     0  967 4548  3  0 97  0  0
 1  0      0 112450248  93896 16568440    0    0     0     0  947 4782  3  0 97  0  0
 2  0      0 112432624  93900 16586352    0    0     0    80 2061 5459  3  0 97  0  0
 1  0      0 112450648  93900 16568368    0    0     0     0 1461 5063  3  0 97  0  0
 1  0      0 112446928  93900 16568904    0    0     0     0 1454 5010  3  0 97  0  0
 2  0      0 112448224  93900 16568468    0    0     0     0 1443 5651  3  0 97  0  0
 1  0      0 112449312  93908 16567984    0    0     0   140 1619 5989  3  0 97  0  0
procs -----------memory---------- ---swap-- -----io---- -system-- ------cpu-----
 r  b   swpd   free   buff  cache   si   so    bi    bo   in   cs us sy id wa st
 2  0      0 112450584  93908 16568420    0    0     0   160 1016 4078  3  0 97  0  0
 1  0      0 112450128  93908 16568440    0    0     0     0 1001 3936  3  0 97  0  0
 1  0      0 112450608  93908 16568420    0    0     0     0  845 3819  3  0 97  0  0
 2  0      0 112450384  93908 16568436    0    0     0     0 1021 5102  3  0 97  0  0
 2  0      0 112450640  93908 16568428    0    0     0     0  851 3704  3  0 97  0  0
 2  0      0 112450160  93912 16568436    0    0     0    60  993 3979  3  0 97  0  0
 1  0      0 112450176  93912 16568856    0    0     0     0  945 3822  3  0 97  0  0
 2  0      0 112450424  93912 16568440    0    0     0     0 1074 3991  3  0 97  0  0
 2  0      0 112449968  93912 16568448    0    0     0     0  986 4744  3  0 97  0  0
 2  0      0 112450208  93912 16568868    0    0     0     0 1020 3745  3  0 97  0  0
 2  0      0 112433120  93920 16584040    0    0     0   192 1040 4017  3  0 97  0  0
 2  0      0 112430896  93920 16585832    0    0     0     0 1032 3639  3  0 97  0  0
 2  0      0 112448392  93960 16568472    0    0     0   516 1068 4920  3  0 97  0  0
 1  0      0 112449696  93960 16568408    0    0     0     0 1023 4821  3  0 97  0  0
 2  0      0 112450784  93960 16568004    0    0     0     0  877 3992  3  0 97  0  0
 2  0      0 112451120  93960 16568440    0    0     0    44 1058 3873  3  0 97  0  0
 2  0      0 112451456  93960 16567972    0    0     0     0  986 4493  3  0 97  0  0
 2  0      0 112448440  93964 16568404    0    0     0    56  975 3769  3  0 97  0  0
 1  0      0 112449776  93964 16568044    0    0     0     0  981 4383  3  0 97  0  0
 2  0      0 112450872  93964 16568376    0    0     0     0 1029 4174  3  0 97  0  0
 1  0      0 112450952  93964 16568408    0    0     0     0  963 3861  3  0 97  0  0
procs -----------memory---------- ---swap-- -----io---- -system-- ------cpu-----
 r  b   swpd   free   buff  cache   si   so    bi    bo   in   cs us sy id wa st
 2  0      0 112450712  93964 16568408    0    0     0     0  905 4156  3  0 97  0  0
 1  0      0 112450472  93972 16568400    0    0     0    96 1057 5019  3  0 97  0  0
 2  0      0 112449760  93972 16568420    0    0     0     0 1037 3797  3  0 97  0  0
 2  0      0 112440672  93972 16578092    0    0     0     0  887 3540  3  0 97  0  0
 1  0      0 112449768  93972 16568420    0    0     0     0  946 3677  3  0 97  0  0
 2  0      0 112449768  93972 16568412    0    0     0     8  941 4120  3  0 97  0  0
 1  0      0 112449312  93972 16568420    0    0     0   132 1130 4863  3  0 97  0  0
 2  0      0 112449536  93972 16568412    0    0     0     0  933 4260  3  0 97  0  0
 1  0      0 112449568  93972 16568424    0    0     0     0  985 3807  3  0 97  0  0
 2  0      0 112449568  93972 16568412    0    0     0     0  901 3901  3  0 97  0  0
 2  0      0 112449104  93972 16568420    0    0     0     0 1106 5011  3  0 97  0  0
 2  0      0 112449344  93984 16568412    0    0     0   308 1995 5743  3  0 97  0  0
 1  0      0 112449144  93984 16568424    0    0     0     0 1769 5385  3  0 97  0  0
 2  0      0 112449144  93984 16568412    0    0     0     0 1430 5227  3  0 97  0  0
 2  0      0 112448936  93984 16568420    0    0     0     0 1498 5708  3  0 97  0  0
 2  0      0 112449168  93996 16568412    0    0     0   148 1423 5199  3  0 97  0  0
 2  0      0 112448960  93996 16568420    0    0     0     0  923 3892  3  0 97  0  0
 1  0      0 112448960  93996 16568840    0    0     0     0  937 3794  3  0 97  0  0
 1  0      0 112449208  93996 16568412    0    0     0     0 1033 4191  3  0 97  0  0
 2  0      0 112448728  93996 16568420    0    0     0     0  945 5010  3  0 97  0  0
 2  0      0 112448976  93996 16568412    0    0     0    16 1000 3993  3  0 97  0  0
procs -----------memory---------- ---swap-- -----io---- -system-- ------cpu-----
 r  b   swpd   free   buff  cache   si   so    bi    bo   in   cs us sy id wa st
 1  0      0 112448528  94000 16568424    0    0     0    64  979 3817  3  0 97  0  0
 1  0      0 112449024  94000 16568840    0    0     0   124 1018 4096  3  0 97  0  0
 2  0      0 112449040  94000 16568420    0    0     0     8  911 3877  3  0 97  0  0
 2  0      0 112449288  94000 16568412    0    0     0     0 1036 4746  3  0 97  0  0
 1  0      0 112448808  94000 16568420    0    0     0     0  882 3555  3  0 97  0  0
 1  0      0 112449072  94004 16568836    0    0     0    64 1055 4111  3  0 97  0  0
 1  0      0 112449136  94004 16568412    0    0     0     0  890 4008  3  0 97  0  0
 2  0      0 112448672  94004 16568420    0    0     0     0  978 4672  3  0 97  0  0
 2  0      0 112449152  94004 16568416    0    0     0     0  917 4066  3  0 97  0  0
 1  0      0 112449184  94004 16568428    0    0     0     0 1043 4087  3  0 97  0  0
 1  0      0 112449184  94004 16568416    0    0     0    28  926 3669  3  0 97  0  0
 1  0      0 112448704  94008 16568416    0    0     0    16 1005 4938  3  0 97  0  0
 2  0      0 112449240  94008 16568416    0    0     0     0  918 3887  3  0 97  0  0
 1  0      0 112448768  94008 16568428    0    0     0    72 1013 3911  3  0 97  0  0
 1  0      0 112448768  94008 16567940    0    0     0     0  861 4074  3  0 97  0  0
 1  0      0 112449600  94016 16568448    0    0     0    76  925 3821  3  0 97  0  0
 2  0      0 112446096  94016 16568384    0    0     0     0  954 4907  3  0 97  0  0
 2  0      0 112446968  94016 16568852    0    0     0     0 1050 4320  3  0 97  0  0
 2  0      0 112429104  94016 16586812    0    0     0     0  920 3894  3  0 97  0  0
 1  0      0 112447664  94016 16568828    0    0     0     0 1002 4040  3  0 97  0  0
 2  0      0 112448944  94020 16568384    0    0     0    28  987 5198  3  0 97  0  0
procs -----------memory---------- ---swap-- -----io---- -system-- ------cpu-----
 r  b   swpd   free   buff  cache   si   so    bi    bo   in   cs us sy id wa st
 1  0      0 112446184  94020 16568384    0    0     0     0 1020 4166  3  0 97  0  0
 1  0      0 112446304  94020 16568708    0    0     0     0  887 3860  3  0 97  0  0
 2  0      0 112431472  94020 16584356    0    0     0     0  981 3950  3  0 97  0  0
 1  0      0 112447424  94020 16568416    0    0     0    68  898 4073  3  0 97  0  0
 2  0      0 112447440  94024 16568412    0    0     0    48 1042 4738  3  0 97  0  0
 1  0      0 112446944  94024 16568416    0    0     0     0  991 4260  3  0 97  0  0
 1  0      0 112446464  94024 16568420    0    0     0     0 1033 3636  3  0 97  0  0
 1  0      0 112446216  94024 16568416    0    0     0     0  835 3872  3  0 97  0  0
 2  0      0 112444464  94024 16568052    0    0     0     0 1309 5178  3  0 97  0  0
 1  0      0 112445040  94024 16568372    0    0     0    12 1153 4117  3  0 97  0  0
 2  0      0 112427232  94024 16586864    0    0     0     0 1251 4130  3  0 97  0  0
 1  0      0 112427888  94024 16587728    0    0     0     0  959 4144  3  0 97  0  0
 2  0      0 112447056  94024 16568480    0    0     0     0 1096 4923  3  0 97  0  0
 1  0      0 112444288  94024 16568380    0    0     0     0 1067 4462  3  0 97  0  0
 1  0      0 112445376  94024 16568468    0    0     0    40  992 3931  3  0 97  0  0
 2  0      0 112437472  94024 16577140    0    0     0   228 1102 4147  3  0 97  0  0
 1  0      0 112445792  94024 16568028    0    0     0     0 1052 4260  3  0 97  0  0
 2  0      0 112447136  94024 16568380    0    0     0     0 1060 4850  3  0 97  0  0
 1  0      0 112444128  94024 16568476    0    0     0     0  974 4733  3  0 97  0  0
 1  0      0 112447384  94024 16568844    0    0     0    88  980 4013  3  0 97  0  0
 1  0      0 112445040  94024 16568036    0    0     0     0  980 3893  3  0 97  0  0
procs -----------memory---------- ---swap-- -----io---- -system-- ------cpu-----
 r  b   swpd   free   buff  cache   si   so    bi    bo   in   cs us sy id wa st
 1  0      0 112445456  94024 16568828    0    0     0    96 1047 4379  3  0 97  0  0
 1  0      0 112446216  94024 16568476    0    0     0     0  968 4779  3  0 97  0  0
 1  0      0 112447552  94024 16568564    0    0     0     0 1109 4374  3  0 97  0  0
 2  0      0 112437744  94024 16575316    0    0     0    44 1005 3910  3  0 97  0  0
 1  0      0 112444632  94024 16568576    0    0     0     0 1101 3991  3  0 97  0  0
 2  0      0 112445464  94024 16568508    0    0     0     0  992 4196  3  0 97  0  0
 1  0      0 112446368  94024 16568944    0    0     0    64 1095 4638  3  0 97  0  0
 2  0      0 112446888  94024 16568540    0    0     0     0  982 4048  3  0 97  0  0
 1  0      0 112446968  94028 16568572    0    0     0    44 1089 3839  3  0 97  0  0
 2  0      0 112444208  94028 16568508    0    0     0     0 1067 4256  3  0 97  0  0
 1  0      0 112445088  94028 16568948    0    0     0     0 1052 4212  3  0 97  0  0
 2  0      0 112437824  94028 16576288    0    0     0     0  985 3802  3  0 97  0  0
 1  0      0 112446048  94028 16568896    0    0     0     0 1033 3779  3  0 97  0  0
 1  0      0 112447328  94032 16568088    0    0     0    12  915 3890  3  0 97  0  0
 2  0      0 112447664  94032 16568568    0    0     0     0 1045 3979  3  0 97  0  0
 1  0      0 112445152  94032 16568544    0    0     0     0 1044 4816  3  0 97  0  0
 2  0      0 112445984  94032 16568560    0    0     0     0 1075 3622  3  0 97  0  0
 1  0      0 112445816  94032 16568076    0    0     0     0 1010 3944  3  0 97  0  0
 2  0      0 112446656  94040 16568568    0    0     0    28 1115 4434  3  0 97  0  0
 2  0      0 112444152  94040 16568576    0    0     0     0  958 3658  3  0 97  0  0
 1  0      0 112445232  94040 16568608    0    0     0     0 1155 4702  3  0 97  0  0
procs -----------memory---------- ---swap-- -----io---- -system-- ------cpu-----
 r  b   swpd   free   buff  cache   si   so    bi    bo   in   cs us sy id wa st
 1  0      0 112446576  94040 16568544    0    0     0    64  964 3663  3  0 97  0  0
 1  0      0 112446416  94040 16568564    0    0     0     0 1080 3967  3  0 97  0  0
 2  0      0 112449264  94044 16568324    0    0     0    16 1043 4200  3  0 97  0  0
 2  0      0 112446496  94044 16568472    0    0     0     0 1105 4761  3  0 97  0  0
 2  0      0 112447840  94044 16568116    0    0     0     0  906 3499  3  0 97  0  0
 1  0      0 112447680  94044 16568372    0    0     0     4  991 3882  3  0 97  0  0
 2  0      0 112446464  94044 16568396    0    0     0     0  943 4261  3  0 97  0  0
 2  0      0 112446944  94048 16568412    0    0     0    92 1132 4422  3  0 97  0  0
 2  0      0 112428816  94048 16586820    0    0     0     0  938 4096  3  0 97  0  0
 1  0      0 112446720  94056 16568404    0    0     0    84 1095 3764  3  0 97  0  0
 1  0      0 112446256  94056 16568428    0    0     0    12  955 4474  3  0 97  0  0
 1  0      0 112446744  94056 16568416    0    0     0     0 1052 4072  3  0 97  0  0
 1  0      0 112446752  94056 16568416    0    0     0     8  985 4422  3  0 97  0  0
 1  0      0 112446784  94056 16568432    0    0     0   144 1075 4305  3  0 97  0  0
 1  0      0 112446784  94056 16568408    0    0     0     0  925 3647  3  0 97  0  0
 2  0      0 112447048  94056 16568424    0    0     0    44 1102 4361  3  0 97  0  0
 1  0      0 112447056  94056 16568416    0    0     0     0 1080 4214  3  0 97  0  0
 1  0      0 112446592  94056 16568436    0    0     0     0 1234 4013  3  0 97  0  0
 2  0      0 112428696  94056 16587232    0    0     0     0 1105 4038  3  0 97  0  0
 1  0      0 112446864  94056 16568436    0    0     0   212 1150 3912  3  0 97  0  0
 2  0      0 112446864  94064 16568416    0    0     0    80  959 4709  3  0 97  0  0
procs -----------memory---------- ---swap-- -----io---- -system-- ------cpu-----
 r  b   swpd   free   buff  cache   si   so    bi    bo   in   cs us sy id wa st
 1  0      0 112447136  94064 16568424    0    0     0     0 1108 4495  3  0 97  0  0
 2  0      0 112445632  94064 16570368    0    0     0     0  918 3797  3  0 97  0  0
 1  0      0 112447160  94064 16568412    0    0     0     4 1107 3953  3  0 97  0  0
 1  0      0 112444904  94064 16568520    0    0     0     0 1010 4423  3  0 97  0  0
 1  0      0 112445248  94064 16568616    0    0     0    24 1149 4687  3  0 97  0  0
 2  0      0 112446576  94064 16568504    0    0     0     0 1000 4234  3  0 97  0  0
 1  0      0 112446496  94064 16568448    0    0     0     0 1084 3905  3  0 97  0  0
 2  0      0 112446936  94064 16569028    0    0     0     0  934 4391  3  0 97  0  0
 2  0      0 112447184  94064 16568592    0    0     0     0 1133 4991  3  0 97  0  0
 2  0      0 112446960  94064 16568608    0    0     0   200 1010 3820  3  0 97  0  0
 1  0      0 112447216  94064 16568592    0    0     0     0 1005 3856  3  0 97  0  0
 1  0      0 112446504  94064 16568612    0    0     0     0  965 4066  3  0 97  0  0
 2  0      0 112446992  94064 16568596    0    0     0     0  998 3733  3  0 97  0  0
 2  0      0 112446752  94064 16568604    0    0     0     0 1055 4748  3  0 97  0  0
 2  0      0 112447008  94068 16568600    0    0     0    12 1057 3954  3  0 97  0  0
 1  0      0 112446560  94068 16568604    0    0     0     0  912 3737  3  0 97  0  0
 2  0      0 112447040  94068 16568596    0    0     0     0 1023 4183  3  0 97  0  0
 2  0      0 112447056  94068 16568604    0    0     0     0 1021 3834  3  0 97  0  0
 2  0      0 112447064  94068 16568604    0    0     0     0 1073 4844  3  0 97  0  0
 2  0      0 112446608  94076 16568612    0    0     0    28  935 3841  3  0 97  0  0
 1  0      0 112447600  94076 16568604    0    0     0    16 1102 3951  3  0 97  0  0
procs -----------memory---------- ---swap-- -----io---- -system-- ------cpu-----
 r  b   swpd   free   buff  cache   si   so    bi    bo   in   cs us sy id wa st
 2  0      0 112446880  94076 16568616    0    0     0     0 1004 4267  3  0 97  0  0
 2  0      0 112447120  94076 16568604    0    0     0    68 1116 4822  3  0 97  0  0
 2  0      0 112444904  94076 16569008    0    0     0     0 1004 4006  3  0 97  0  0
 2  0      0 112445952  94084 16568536    0    0     0    84 1013 4031  3  0 97  0  0
 2  0      0 112447040  94084 16568500    0    0     0     0 1013 4462  3  0 97  0  0
 2  0      0 112447560  94084 16568500    0    0     0     0 1071 5201  3  0 97  0  0
 2  0      0 112446576  94084 16568508    0    0     0     0 1104 3764  3  0 97  0  0
 1  0      0 112447096  94084 16568928    0    0     0   292 1291 3969  3  0 97  0  0
 2  0      0 112447344  94092 16568500    0    0     0    56  989 3855  3  0 97  0  0
 1  0      0 112447616  94092 16568500    0    0     0     0  987 3925  3  0 97  0  0
 2  0      0 112447376  94092 16568500    0    0     0     0  943 4709  3  0 97  0  0
 2  0      0 112447168  94092 16568508    0    0     0     0 1033 3789  3  0 97  0  0
 1  0      0 112447160  94092 16568924    0    0     0     4  984 3797  3  0 97  0  0
 2  0      0 112447424  94100 16568504    0    0     0    72 1083 3844  3  0 97  0  0
 2  0      0 112447680  94100 16568500    0    0     0     0 1068 5073  3  0 97  0  0
 2  0      0 112447472  94100 16568508    0    0     0     0 1018 3763  3  0 97  0  0
 1  0      0 112447696  94100 16568500    0    0     0    72 1029 3915  3  0 97  0  0
 2  0      0 112447488  94100 16568508    0    0     0     0  964 3795  3  0 97  0  0
 2  0      0 112447744  94100 16568500    0    0     0    12  994 4030  3  0 97  0  0
 2  0      0 112448512  94100 16568504    0    0     0     0 1065 4683  3  0 97  0  0
 1  0      0 112448272  94100 16568504    0    0     0     0 1016 3777  3  0 97  0  0
procs -----------memory---------- ---swap-- -----io---- -system-- ------cpu-----
 r  b   swpd   free   buff  cache   si   so    bi    bo   in   cs us sy id wa st
 1  0      0 112448296  94100 16568512    0    0     0     0 1067 4003  3  0 97  0  0
 2  0      0 112448296  94100 16568504    0    0     0     0  969 4017  3  0 97  0  0
 2  0      0 112447048  94104 16568500    0    0     0    12 1271 4761  3  0 97  0  0
 1  0      0 112446848  94104 16568504    0    0     0     0 1163 4251  3  0 97  0  0
 2  0      0 112428976  94104 16586904    0    0     0     0 1099 3932  3  0 97  0  0
 1  0      0 112446896  94104 16568932    0    0     0     0  965 3856  3  0 97  0  0
 2  0      0 112447152  94104 16568516    0    0     0     0 1046 4731  3  0 97  0  0
 1  0      0 112446904  94104 16568504    0    0     0    32 1255 4328  3  0 97  0  0
 1  0      0 112446696  94104 16568512    0    0     0   264 1198 3763  3  0 97  0  0
 2  0      0 112428784  94104 16587320    0    0     0    12  980 4001  3  0 97  0  0
 1  0      0 112446472  94104 16568516    0    0     0     0 1085 3721  3  0 97  0  0
 1  0      0 112446704  94104 16568504    0    0     0     0 1053 5140  3  0 97  0  0
 1  0      0 112446496  94108 16568508    0    0     0    84 1180 4108  3  0 97  0  0
 2  0      0 112442848  94108 16570384    0    0     0     0  940 3948  3  0 97  0  0
 2  0      0 112446528  94108 16568520    0    0     0     0 1057 3684  3  0 97  0  0
 1  0      0 112447264  94108 16568508    0    0     0    68 1037 4021  3  0 97  0  0
 2  0      0 112447272  94108 16568508    0    0     0     0 1018 4701  3  0 97  0  0
 2  0      0 112446560  94112 16568516    0    0     0    12  956 3668  3  0 97  0  0
 1  0      0 112446808  94112 16568936    0    0     0     0 1053 3795  3  0 97  0  0
 1  0      0 112446816  94112 16568520    0    0     0     0  969 3578  3  0 97  0  0
 1  0      0 112447328  94112 16568508    0    0     0     0 1038 4798  3  0 97  0  0
procs -----------memory---------- ---swap-- -----io---- -system-- ------cpu-----
 r  b   swpd   free   buff  cache   si   so    bi    bo   in   cs us sy id wa st
 2  0      0 112446864  94112 16568516    0    0     0     0  959 3763  3  0 97  0  0
 1  0      0 112447112  94120 16568928    0    0     0    12 1083 3610  3  0 97  0  0
 1  0      0 112447136  94120 16568520    0    0     0     0 1034 3908  3  0 97  0  0
 2  0      0 112447392  94120 16568508    0    0     0     0 1044 4983  3  0 97  0  0
 2  0      0 112446928  94120 16568516    0    0     0     0  980 3737  3  0 97  0  0
 1  0      0 112447416  94120 16568508    0    0     0     0 1007 3632  3  0 97  0  0
 3  0      0 112427288  94120 16587392    0    0     0    12  986 3830  3  0 97  0  0
 2  0      0 112446240  94120 16568592    0    0     0     0 1123 3879  3  0 97  0  0
 2  0      0 112446928  94120 16568972    0    0     0     0 1055 4769  3  0 97  0  0
 1  0      0 112447416  94120 16568560    0    0     0     0 1086 3971  3  0 97  0  0
 1  0      0 112447304  94120 16568512    0    0     0     0 1112 4266  3  0 97  0  0
 2  0      0 112444288  94120 16568876    0    0     0    16  981 3814  3  0 97  0  0
 2  0      0 112445832  94120 16568512    0    0     0     0 1100 5131  3  0 97  0  0
 1  0      0 112446416  94120 16568528    0    0     0     0 1036 3920  3  0 97  0  0
 1  0      0 112447064  94120 16568996    0    0     0     0  976 3777  3  0 97  0  0
 2  0      0 112430368  94120 16582548    0    0     0     0 1192 3845  3  0 97  0  0
 1  0      0 112443624  94120 16568484    0    0     0    36  982 4179  3  0 97  0  0
 2  0      0 112445152  94120 16568512    0    0     0     0 1055 4326  3  0 97  0  0
 1  0      0 112447512  94120 16568300    0    0     0     0 1080 4677  3  0 97  0  0
 1  0      0 112446920  94120 16568600    0    0     0    12 1201 4183  3  0 97  0  0
 1  0      0 112447936  94120 16568656    0    0     0     0 1027 3812  3  0 97  0  0
procs -----------memory---------- ---swap-- -----io---- -system-- ------cpu-----
 r  b   swpd   free   buff  cache   si   so    bi    bo   in   cs us sy id wa st
 2  0      0 112448512  94124 16568672    0    0     0   124 1001 4202  3  0 97  0  0
 2  0      0 112446256  94124 16568640    0    0     0     0 1184 4681  3  0 97  0  0
 2  0      0 112430640  94124 16584620    0    0     0     0  911 3490  3  0 97  0  0
 1  0      0 112448800  94124 16568640    0    0     0     0 1058 3456  3  0 97  0  0
 2  0      0 112446592  94124 16568972    0    0     0     0  982 4388  3  0 97  0  0
 1  0      0 112447648  94128 16568564    0    0     0    60 1336 4446  3  0 97  0  0
 1  0      0 112446896  94128 16568564    0    0     0     0 1156 3495  3  0 97  0  0
 2  0      0 112435072  94128 16580672    0    0     0     0 1064 3905  3  0 97  0  0
 1  0      0 112446432  94128 16568988    0    0     0     0  977 3731  3  0 97  0  0
 2  0      0 112446216  94128 16568576    0    0     0   220 1195 4574  3  0 97  0  0
 1  0      0 112446952  94132 16568564    0    0     0    36 1050 4634  3  0 97  0  0
 2  0      0 112428568  94132 16586968    0    0     0     0 1018 3667  3  0 97  0  0
 1  0      0 112446224  94132 16568560    0    0     0     0 1152 3546  3  0 97  0  0
 2  0      0 112445760  94132 16568572    0    0     0     0 1218 3770  3  0 97  0  0
 2  0      0 112446576  94132 16568468    0    0     0     0  999 4440  3  0 97  0  0
 1  0      0 112447408  94136 16568516    0    0     0   284 1164 4418  3  0 97  0  0
 1  0      0 112448240  94136 16568140    0    0     0     0  875 3578  3  0 97  0  0
 1  0      0 112447504  94136 16568520    0    0     0     0 1055 3871  3  0 97  0  0
 2  0      0 112447040  94136 16568532    0    0     0     4  900 4140  3  0 97  0  0
 1  0      0 112447544  94136 16568520    0    0     0     8 1072 4069  3  0 97  0  0
 2  0      0 112429408  94136 16587336    0    0     0    32  971 3957  3  0 97  0  0
procs -----------memory---------- ---swap-- -----io---- -system-- ------cpu-----
 r  b   swpd   free   buff  cache   si   so    bi    bo   in   cs us sy id wa st
 1  0      0 112446848  94136 16568532    0    0     0     0 1114 3600  3  0 97  0  0
 2  0      0 112445592  94136 16568956    0    0     0     0 1011 4124  3  0 97  0  0
 1  0      0 112449808  94136 16569000    0    0     0     0 1124 4584  3  0 97  0  0
 2  0      0 112432008  94136 16587824    0    0     0     0 1005 3850  3  0 97  0  0
 1  0      0 112450912  94136 16568092    0    0     0    60 1134 3687  3  0 97  0  0
 1  0      0 112447472  94136 16568948    0    0     0    64  949 3777  3  0 97  0  0
 2  0      0 112450512  94136 16568552    0    0     0     0  993 4633  3  0 97  0  0
 1  0      0 112450016  94136 16568552    0    0     0     0  947 4295  3  0 97  0  0
 2  0      0 112436424  94136 16582596    0    0     0     8 1066 3697  3  0 97  0  0
 1  0      0 112449544  94136 16568548    0    0     0    24  931 3961  3  0 97  0  0
 2  0      0 112449568  94136 16568564    0    0     0     0 1044 4447  3  0 97  0  0
 2  0      0 112449312  94136 16568552    0    0     0     0  961 3602  3  0 97  0  0
 1  0      0 112449328  94136 16568552    0    0     0     0 1170 4028  3  0 97  0  0
 2  0      0 112431200  94136 16586956    0    0     0     8  925 3787  3  0 97  0  0
 1  0      0 112449104  94140 16568556    0    0     0    72 1164 4256  3  0 97  0  0
 2  0      0 112448392  94140 16568572    0    0     0     0 1061 4857  3  0 97  0  0
 1  0      0 112448624  94140 16568560    0    0     0     0 1160 4159  3  0 97  0  0
 2  0      0 112430496  94140 16586964    0    0     0     0  944 3793  3  0 97  0  0
 1  0      0 112448400  94140 16568556    0    0     0    92 1088 3697  3  0 97  0  0
 2  0      0 112447440  94144 16568572    0    0     0    44 1030 4339  3  0 97  0  0
 1  0      0 112448176  94144 16568560    0    0     0     0 1163 5138  3  0 97  0  0
procs -----------memory---------- ---swap-- -----io---- -system-- ------cpu-----
 r  b   swpd   free   buff  cache   si   so    bi    bo   in   cs us sy id wa st
 2  0      0 112447440  94144 16568568    0    0     0     0  926 3488  3  0 97  0  0
 1  0      0 112447952  94144 16568556    0    0     0     0 1060 3888  3  0 97  0  0
 2  0      0 112446984  94144 16568572    0    0     0     0  951 4162  3  0 97  0  0
 2  0      0 112447720  94148 16568556    0    0     0    44 1145 4002  3  0 97  0  0
 1  0      0 112445216  94148 16568608    0    0     0     0 1060 4507  3  0 97  0  0
 1  0      0 112445792  94148 16568560    0    0     0     0 1011 3985  3  0 97  0  0
 1  0      0 112445872  94148 16568640    0    0     0     0 1035 4183  3  0 97  0  0
 2  0      0 112446544  94148 16568564    0    0     0     0 1029 4336  3  0 97  0  0
 1  0      0 112447512  94148 16568564    0    0     0    12 1006 4660  3  0 97  0  0
 2  0      0 112447520  94148 16568580    0    0     0     0  982 3923  3  0 97  0  0
 2  0      0 112447312  94148 16568588    0    0     0     0  909 4005  3  0 97  0  0
 1  0      0 112447312  94148 16569004    0    0     0     0 1112 4061  3  0 97  0  0
 2  0      0 112446840  94148 16568592    0    0     0     0  993 4163  3  0 97  0  0
 2  0      0 112447576  94152 16568576    0    0     0    12 1140 4824  3  0 97  0  0
 2  0      0 112447336  94152 16568580    0    0     0     0  943 3817  3  0 97  0  0
 1  0      0 112447112  94152 16568588    0    0     0     0 1083 4154  3  0 97  0  0
 2  0      0 112447112  94152 16568588    0    0     0     0 1121 3873  3  0 97  0  0
 2  0      0 112446640  94152 16568604    0    0     0     0 1060 4715  3  0 97  0  0
 1  0      0 112446640  94160 16568592    0    0     0    52 1017 3872  3  0 97  0  0
 1  0      0 112446416  94160 16568604    0    0     0     0 1143 4264  3  0 97  0  0
 2  0      0 112445656  94160 16568164    0    0     0     0  982 3872  3  0 97  0  0
procs -----------memory---------- ---swap-- -----io---- -system-- ------cpu-----
 r  b   swpd   free   buff  cache   si   so    bi    bo   in   cs us sy id wa st
 2  0      0 112446080  94160 16569004    0    0     0   256 1174 4872  3  0 97  0  0
 2  0      0 112447072  94160 16568624    0    0     0     0  958 3771  3  0 97  0  0
 2  0      0 112445856  94164 16568632    0    0     0   112 1118 4226  3  0 97  0  0
 1  0      0 112446096  94164 16569052    0    0     0     0 1023 4231  3  0 97  0  0
 2  0      0 112446112  94164 16568632    0    0     0     0 1077 3968  3  0 97  0  0
 2  0      0 112446112  94164 16568624    0    0     0     0 1010 4802  3  0 97  0  0
 2  0      0 112446376  94164 16568624    0    0     0    76 1129 4028  3  0 97  0  0
 1  0      0 112445664  94172 16568632    0    0     0    48  983 3974  3  0 97  0  0
 2  0      0 112446432  94172 16568624    0    0     0     0  971 3650  3  0 97  0  0
 3  0      0 112427792  94172 16587440    0    0     0     0  883 3753  3  0 97  0  0
 2  0      0 112446208  94172 16568624    0    0     0     0 1173 5092  3  0 97  0  0
 2  0      0 112445712  94172 16568624    0    0     0     0  938 3490  3  0 97  0  0
 2  0      0 112445504  94176 16568632    0    0     0    56  987 3481  3  0 97  0  0
 2  0      0 112445744  94176 16568620    0    0     0     0 1019 3998  3  0 97  0  0
 2  0      0 112445760  94176 16568624    0    0     0     0 1096 4589  3  0 97  0  0
 1  0      0 112445528  94176 16568632    0    0     0    68 1023 3637  3  0 97  0  0
 2  0      0 112445528  94176 16568624    0    0     0     0 1009 3692  3  0 97  0  0
 2  0      0 112445544  94176 16568620    0    0     0    28  989 3923  3  0 97  0  0
 2  0      0 112445568  94176 16568636    0    0     0     0 1128 4875  3  0 97  0  0
 2  0      0 112445824  94176 16568624    0    0     0     0  905 4034  3  0 97  0  0
 1  0      0 112445344  94176 16568636    0    0     0     0  995 3582  3  0 97  0  0
procs -----------memory---------- ---swap-- -----io---- -system-- ------cpu-----
 r  b   swpd   free   buff  cache   si   so    bi    bo   in   cs us sy id wa st
 2  0      0 112445600  94176 16568624    0    0     0   216 1098 3923  3  0 97  0  0
 2  0      0 112445368  94176 16568636    0    0     0    52 1149 4098  3  0 97  0  0
 2  0      0 112445368  94176 16568612    0    0     0     0 1078 4781  3  0 97  0  0
 2  0      0 112445632  94176 16568628    0    0     0     0 1010 3735  3  0 97  0  0
 1  0      0 112445408  94176 16568636    0    0     0     0  990 3856  3  0 97  0  0
 2  0      0 112445912  94176 16568628    0    0     0    60 1031 3920  3  0 97  0  0
 2  0      0 112444944  94184 16568640    0    0     0    28 1019 4636  3  0 97  0  0
 2  0      0 112444672  94184 16569596    0    0     0     0  987 3834  3  0 97  0  0
 2  0      0 112445224  94184 16568636    0    0     0    12  925 3456  3  0 97  0  0
 1  0      0 112445472  94184 16569056    0    0     0     0 1084 3846  3  0 97  0  0
 2  0      0 112445736  94184 16568636    0    0     0     0 1024 4177  3  0 97  0  0
 2  0      0 112445984  94188 16568624    0    0     0    72 1128 4798  3  0 97  0  0
 2  0      0 112445744  94188 16568628    0    0     0     0  918 3511  3  0 97  0  0
 1  0      0 112445544  94188 16568640    0    0     0     0 1111 4125  3  0 97  0  0
 2  0      0 112445792  94188 16568640    0    0     0     0  932 3907  3  0 97  0  0
 2  0      0 112443568  94188 16568684    0    0     0    64 1170 4643  3  0 97  0  0
 2  0      0 112445120  94192 16568600    0    0     0    20 1080 4139  3  0 97  0  0
 1  0      0 112444480  94192 16568588    0    0     0     0 1209 4269  3  0 97  0  0
 2  0      0 112446032  94220 16568640    0    0     0   520 1084 4178  3  0 97  0  0
 2  0      0 112446896  94220 16568160    0    0     0     0 1080 4947  3  0 97  0  0
 2  0      0 112443888  94220 16568632    0    0     0     0  964 3729  3  0 97  0  0
procs -----------memory---------- ---swap-- -----io---- -system-- ------cpu-----
 r  b   swpd   free   buff  cache   si   so    bi    bo   in   cs us sy id wa st
 1  0      0 112444728  94220 16568584    0    0     0   192 1417 4227  3  0 97  0  0
 1  0      0 112446064  94224 16568628    0    0     0   164 1853 5710  3  0 97  0  0
 3  0      0 112445888  94224 16568580    0    0     0    96 1134 4164  3  0 97  0  0
 2  0      0 112446736  94224 16568204    0    0     0     0 1010 4818  3  0 97  0  0
 1  0      0 112443976  94224 16568580    0    0     0     0  997 3810  3  0 97  0  0
 1  0      0 112443840  94224 16568660    0    0     0     0  974 3987  3  0 97  0  0
 2  0      0 112444888  94228 16568596    0    0     0   140  983 3895  3  0 97  0  0
 1  0      0 112446488  94228 16568656    0    0     0     8  952 3956  3  0 97  0  0
 2  0      0 112446512  94228 16568672    0    0     0     0 1120 5099  3  0 97  0  0
 1  0      0 112446256  94228 16568660    0    0     0     0  971 3862  3  0 97  0  0
 1  0      0 112427296  94228 16585332    0    0     0     0 1087 3707  3  0 97  0  0
 1  0      0 112575880  94228 16585008    0    0     0     0  940 3962  2  0 98  0  0
 1  0      0 112124592  94236 16585048    0    0     0   132  600  336  1  0 98  0  0
 1  0      0 111574736  94236 16716696    0    0     0     0  374  222  1  1 98  0  0
 2  0      0 110161184  94236 18224712    0    0     0     0 1243  429  1  2 97  0  0
 3  0      0 110474224  94236 17738680    0    0     0     0 2338 1099  4  1 95  0  0
 2  0      0 110662848  94236 17636072    0    0     0     0 1533  569  3  1 96  0  0
 2  0      0 110602368  94240 17636072    0    0     0    40  946 1108  3  0 96  0  0
 2  0      0 110071856  94240 18224900    0    0     0     0 1098  439  2  1 97  0  0
 2  0      0 110664080  94240 17636056    0    0     0     0  941 1190  3  0 96  0  0
 1  0      0 110081760  94240 18098176    0    0     0     0  830  451  2  1 97  0  0
procs -----------memory---------- ---swap-- -----io---- -system-- ------cpu-----
 r  b   swpd   free   buff  cache   si   so    bi    bo   in   cs us sy id wa st
 2  0      0 110662992  94240 17636744    0    0     0     8 1103 1239  3  1 97  0  0
 2  0      0 110287264  94240 17891992    0    0     0    60  845  223  3  1 96  0  0
 2  0      0 110661344  94240 17636000    0    0     0     0 1187 1337  2  1 97  0  0
 2  0      0 110464056  94240 17714416    0    0     0     0  836  312  3  0 96  0  0
 2  0      0 110663936  94240 17636712    0    0     0     0 1205 1358  2  1 96  0  0
 2  0      0 110550712  94240 17635992    0    0     0     4  802  274  3  0 96  0  0
 2  0      0 110663504  94244 17635856    0    0     0    12 1029  465  2  1 97  0  0
 2  0      0 110605816  94244 17635864    0    0     0     0  909 1201  4  0 96  0  0
 2  0      0 110662600  94244 17636960    0    0     0     0 1180  453  2  1 96  0  0
 2  0      0 110653872  94244 17635912    0    0     0     0  861  958  4  0 96  0  0
 2  0      0 110071712  94244 18224676    0    0     0     4 1074  427  2  1 97  0  0
 2  0      0 110664176  94248 17635956    0    0     0    12  980 1304  3  0 96  0  0
 1  0      0 110073008  94248 18225216    0    0     0     0  945  400  2  1 97  0  0
 1  0      0 110661776  94248 17635800    0    0     0     0  569 1092  2  0 98  0  0
 1  0      0 111618016  94248 17635792    0    0     0     0  646  471  2  0 98  0  0
 1  0      0 114110056  94248 16358400    0    0     0     0 1754  599  1  1 98  0  0
