index, utilization.gpu [%], utilization.memory [%], memory.used [MiB]
0, 0 %, 0 %, 0 MiB
1, 0 %, 0 %, 0 MiB
2, 0 %, 0 %, 0 MiB
3, 0 %, 0 %, 0 MiB
0, 0 %, 0 %, 0 MiB
1, 0 %, 0 %, 0 MiB
2, 0 %, 0 %, 0 MiB
3, 0 %, 0 %, 0 MiB
0, 0 %, 0 %, 0 MiB
1, 0 %, 0 %, 0 MiB
2, 0 %, 0 %, 0 MiB
3, 0 %, 0 %, 0 MiB
0, 0 %, 0 %, 0 MiB
1, 0 %, 0 %, 0 MiB
2, 0 %, 0 %, 0 MiB
3, 0 %, 0 %, 0 MiB
0, 0 %, 0 %, 3 MiB
1, 0 %, 0 %, 3 MiB
2, 0 %, 0 %, 0 MiB
3, 0 %, 0 %, 0 MiB
0, 0 %, 0 %, 3 MiB
1, 0 %, 0 %, 3 MiB
2, 0 %, 0 %, 0 MiB
3, 0 %, 0 %, 0 MiB
0, 0 %, 0 %, 3 MiB
1, 0 %, 0 %, 3 MiB
2, 0 %, 0 %, 0 MiB
3, 0 %, 0 %, 0 MiB
0, 1 %, 0 %, 521 MiB
1, 0 %, 0 %, 11 MiB
2, 0 %, 0 %, 0 MiB
3, 0 %, 0 %, 0 MiB
0, 6 %, 3 %, 2223 MiB
1, 6 %, 4 %, 1869 MiB
2, 0 %, 0 %, 0 MiB
3, 0 %, 0 %, 0 MiB
0, 55 %, 23 %, 4107 MiB
1, 94 %, 33 %, 3781 MiB
2, 0 %, 0 %, 0 MiB
3, 0 %, 0 %, 0 MiB
0, 94 %, 36 %, 4203 MiB
1, 60 %, 19 %, 3781 MiB
2, 0 %, 0 %, 0 MiB
3, 0 %, 0 %, 0 MiB
0, 84 %, 28 %, 4203 MiB
1, 48 %, 18 %, 3781 MiB
2, 0 %, 0 %, 0 MiB
3, 0 %, 0 %, 0 MiB
0, 55 %, 21 %, 4203 MiB
1, 84 %, 33 %, 3781 MiB
2, 0 %, 0 %, 0 MiB
3, 0 %, 0 %, 0 MiB
0, 63 %, 26 %, 4203 MiB
1, 51 %, 17 %, 3781 MiB
2, 0 %, 0 %, 0 MiB
3, 0 %, 0 %, 0 MiB
0, 96 %, 36 %, 4203 MiB
1, 80 %, 31 %, 3781 MiB
2, 0 %, 0 %, 0 MiB
3, 0 %, 0 %, 0 MiB
0, 76 %, 26 %, 4203 MiB
1, 90 %, 31 %, 3781 MiB
2, 0 %, 0 %, 0 MiB
3, 0 %, 0 %, 0 MiB
0, 90 %, 30 %, 4203 MiB
1, 95 %, 36 %, 3781 MiB
2, 0 %, 0 %, 0 MiB
3, 0 %, 0 %, 0 MiB
0, 57 %, 23 %, 4203 MiB
1, 72 %, 23 %, 3781 MiB
2, 0 %, 0 %, 0 MiB
3, 0 %, 0 %, 0 MiB
0, 54 %, 23 %, 4203 MiB
1, 51 %, 17 %, 3781 MiB
2, 0 %, 0 %, 0 MiB
3, 0 %, 0 %, 0 MiB
0, 93 %, 36 %, 4203 MiB
1, 71 %, 28 %, 3781 MiB
2, 0 %, 0 %, 0 MiB
3, 0 %, 0 %, 0 MiB
0, 85 %, 29 %, 4203 MiB
1, 96 %, 35 %, 3781 MiB
2, 0 %, 0 %, 0 MiB
3, 0 %, 0 %, 0 MiB
0, 37 %, 11 %, 4203 MiB
1, 67 %, 21 %, 3781 MiB
2, 0 %, 0 %, 0 MiB
3, 0 %, 0 %, 0 MiB
0, 56 %, 22 %, 4203 MiB
1, 73 %, 23 %, 3781 MiB
2, 0 %, 0 %, 0 MiB
3, 0 %, 0 %, 0 MiB
0, 58 %, 24 %, 4203 MiB
1, 52 %, 18 %, 3781 MiB
2, 0 %, 0 %, 0 MiB
3, 0 %, 0 %, 0 MiB
0, 93 %, 35 %, 4203 MiB
1, 71 %, 29 %, 3781 MiB
2, 0 %, 0 %, 0 MiB
3, 0 %, 0 %, 0 MiB
0, 84 %, 28 %, 4203 MiB
1, 96 %, 35 %, 3781 MiB
2, 0 %, 0 %, 0 MiB
3, 0 %, 0 %, 0 MiB
0, 56 %, 21 %, 4203 MiB
1, 67 %, 21 %, 3781 MiB
2, 0 %, 0 %, 0 MiB
3, 0 %, 0 %, 0 MiB
0, 67 %, 27 %, 4203 MiB
1, 53 %, 17 %, 3781 MiB
2, 0 %, 0 %, 0 MiB
3, 0 %, 0 %, 0 MiB
0, 31 %, 11 %, 4203 MiB
1, 32 %, 15 %, 3781 MiB
2, 0 %, 0 %, 0 MiB
3, 0 %, 0 %, 0 MiB
0, 91 %, 35 %, 4203 MiB
1, 61 %, 25 %, 3781 MiB
2, 0 %, 0 %, 0 MiB
3, 0 %, 0 %, 0 MiB
0, 92 %, 31 %, 4203 MiB
1, 96 %, 36 %, 3781 MiB
2, 0 %, 0 %, 0 MiB
3, 0 %, 0 %, 0 MiB
0, 57 %, 23 %, 4203 MiB
1, 75 %, 24 %, 3781 MiB
2, 0 %, 0 %, 0 MiB
3, 0 %, 0 %, 0 MiB
0, 56 %, 23 %, 4203 MiB
1, 52 %, 18 %, 3781 MiB
2, 0 %, 0 %, 0 MiB
3, 0 %, 0 %, 0 MiB
0, 93 %, 36 %, 4203 MiB
1, 66 %, 27 %, 3781 MiB
2, 0 %, 0 %, 0 MiB
3, 0 %, 0 %, 0 MiB
0, 90 %, 30 %, 4203 MiB
1, 96 %, 37 %, 3781 MiB
2, 0 %, 0 %, 0 MiB
3, 0 %, 0 %, 0 MiB
0, 95 %, 32 %, 4203 MiB
1, 94 %, 35 %, 3781 MiB
2, 0 %, 0 %, 0 MiB
3, 0 %, 0 %, 0 MiB
0, 58 %, 23 %, 4203 MiB
1, 76 %, 24 %, 3781 MiB
2, 0 %, 0 %, 0 MiB
3, 0 %, 0 %, 0 MiB
0, 56 %, 22 %, 4203 MiB
1, 52 %, 18 %, 3781 MiB
2, 0 %, 0 %, 0 MiB
3, 0 %, 0 %, 0 MiB
0, 91 %, 35 %, 4203 MiB
1, 64 %, 26 %, 3781 MiB
2, 0 %, 0 %, 0 MiB
3, 0 %, 0 %, 0 MiB
0, 94 %, 32 %, 4203 MiB
1, 96 %, 36 %, 3781 MiB
2, 0 %, 0 %, 0 MiB
3, 0 %, 0 %, 0 MiB
0, 58 %, 22 %, 4203 MiB
1, 79 %, 25 %, 3781 MiB
2, 0 %, 0 %, 0 MiB
3, 0 %, 0 %, 0 MiB
0, 62 %, 21 %, 4203 MiB
1, 90 %, 29 %, 3781 MiB
2, 0 %, 0 %, 0 MiB
3, 0 %, 0 %, 0 MiB
0, 52 %, 20 %, 4203 MiB
1, 55 %, 21 %, 3781 MiB
2, 0 %, 0 %, 0 MiB
3, 0 %, 0 %, 0 MiB
0, 85 %, 33 %, 4203 MiB
1, 54 %, 22 %, 3781 MiB
2, 0 %, 0 %, 0 MiB
3, 0 %, 0 %, 0 MiB
0, 93 %, 34 %, 4203 MiB
1, 94 %, 35 %, 3781 MiB
2, 0 %, 0 %, 0 MiB
3, 0 %, 0 %, 0 MiB
0, 60 %, 21 %, 4203 MiB
1, 81 %, 26 %, 3781 MiB
2, 0 %, 0 %, 0 MiB
3, 0 %, 0 %, 0 MiB
0, 51 %, 19 %, 4203 MiB
1, 52 %, 18 %, 3781 MiB
2, 0 %, 0 %, 0 MiB
3, 0 %, 0 %, 0 MiB
0, 89 %, 35 %, 4203 MiB
1, 64 %, 26 %, 3781 MiB
2, 0 %, 0 %, 0 MiB
3, 0 %, 0 %, 0 MiB
0, 95 %, 33 %, 4203 MiB
1, 94 %, 35 %, 3781 MiB
2, 0 %, 0 %, 0 MiB
3, 0 %, 0 %, 0 MiB
0, 58 %, 23 %, 4203 MiB
1, 78 %, 25 %, 3781 MiB
2, 0 %, 0 %, 0 MiB
3, 0 %, 0 %, 0 MiB
0, 57 %, 22 %, 4203 MiB
1, 53 %, 18 %, 3781 MiB
2, 0 %, 0 %, 0 MiB
3, 0 %, 0 %, 0 MiB
0, 93 %, 35 %, 4203 MiB
1, 67 %, 27 %, 3781 MiB
2, 0 %, 0 %, 0 MiB
3, 0 %, 0 %, 0 MiB
0, 89 %, 30 %, 4203 MiB
1, 96 %, 36 %, 3781 MiB
2, 0 %, 0 %, 0 MiB
3, 0 %, 0 %, 0 MiB
0, 57 %, 22 %, 4203 MiB
1, 71 %, 22 %, 3781 MiB
2, 0 %, 0 %, 0 MiB
3, 0 %, 0 %, 0 MiB
0, 59 %, 22 %, 4203 MiB
1, 81 %, 26 %, 3781 MiB
2, 0 %, 0 %, 0 MiB
3, 0 %, 0 %, 0 MiB
0, 57 %, 22 %, 4203 MiB
1, 53 %, 19 %, 3781 MiB
2, 0 %, 0 %, 0 MiB
3, 0 %, 0 %, 0 MiB
0, 65 %, 26 %, 4203 MiB
1, 50 %, 17 %, 3781 MiB
2, 0 %, 0 %, 0 MiB
3, 0 %, 0 %, 0 MiB
0, 96 %, 36 %, 4203 MiB
1, 81 %, 32 %, 3781 MiB
2, 0 %, 0 %, 0 MiB
3, 0 %, 0 %, 0 MiB
0, 76 %, 26 %, 4203 MiB
1, 91 %, 32 %, 3781 MiB
2, 0 %, 0 %, 0 MiB
3, 0 %, 0 %, 0 MiB
0, 56 %, 21 %, 4203 MiB
1, 59 %, 18 %, 3781 MiB
2, 0 %, 0 %, 0 MiB
3, 0 %, 0 %, 0 MiB
0, 69 %, 28 %, 4203 MiB
1, 48 %, 18 %, 3781 MiB
2, 0 %, 0 %, 0 MiB
3, 0 %, 0 %, 0 MiB
0, 61 %, 25 %, 4203 MiB
1, 52 %, 17 %, 3781 MiB
2, 0 %, 0 %, 0 MiB
3, 0 %, 0 %, 0 MiB
0, 93 %, 35 %, 4203 MiB
1, 73 %, 29 %, 3781 MiB
2, 0 %, 0 %, 0 MiB
3, 0 %, 0 %, 0 MiB
0, 84 %, 28 %, 4203 MiB
1, 96 %, 34 %, 3781 MiB
2, 0 %, 0 %, 0 MiB
3, 0 %, 0 %, 0 MiB
0, 55 %, 21 %, 4203 MiB
1, 64 %, 20 %, 3781 MiB
2, 0 %, 0 %, 0 MiB
3, 0 %, 0 %, 0 MiB
0, 60 %, 25 %, 4203 MiB
1, 52 %, 17 %, 3781 MiB
2, 0 %, 0 %, 0 MiB
3, 0 %, 0 %, 0 MiB
0, 95 %, 35 %, 4203 MiB
1, 77 %, 30 %, 3781 MiB
2, 0 %, 0 %, 0 MiB
3, 0 %, 0 %, 0 MiB
0, 80 %, 27 %, 4203 MiB
1, 93 %, 32 %, 3781 MiB
2, 0 %, 0 %, 0 MiB
3, 0 %, 0 %, 0 MiB
0, 58 %, 23 %, 4203 MiB
1, 70 %, 22 %, 3781 MiB
2, 0 %, 0 %, 0 MiB
3, 0 %, 0 %, 0 MiB
0, 56 %, 23 %, 4203 MiB
1, 53 %, 17 %, 3781 MiB
2, 0 %, 0 %, 0 MiB
3, 0 %, 0 %, 0 MiB
0, 58 %, 23 %, 4203 MiB
1, 75 %, 30 %, 3781 MiB
2, 0 %, 0 %, 0 MiB
3, 0 %, 0 %, 0 MiB
0, 55 %, 22 %, 4203 MiB
1, 96 %, 34 %, 3781 MiB
2, 0 %, 0 %, 0 MiB
3, 0 %, 0 %, 0 MiB
0, 94 %, 35 %, 4203 MiB
1, 62 %, 20 %, 3781 MiB
2, 0 %, 0 %, 0 MiB
3, 0 %, 0 %, 0 MiB
0, 85 %, 29 %, 4203 MiB
1, 16 %, 1 %, 3781 MiB
2, 0 %, 0 %, 0 MiB
3, 0 %, 0 %, 0 MiB
0, 95 %, 32 %, 4203 MiB
1, 53 %, 18 %, 3781 MiB
2, 0 %, 0 %, 0 MiB
3, 0 %, 0 %, 0 MiB
0, 58 %, 23 %, 4203 MiB
1, 68 %, 28 %, 3781 MiB
2, 0 %, 0 %, 0 MiB
3, 0 %, 0 %, 0 MiB
0, 56 %, 22 %, 4203 MiB
1, 96 %, 36 %, 3781 MiB
2, 0 %, 0 %, 0 MiB
3, 0 %, 0 %, 0 MiB
0, 91 %, 35 %, 4203 MiB
1, 70 %, 22 %, 3781 MiB
2, 0 %, 0 %, 0 MiB
3, 0 %, 0 %, 0 MiB
0, 92 %, 31 %, 4203 MiB
1, 52 %, 18 %, 3781 MiB
2, 0 %, 0 %, 0 MiB
3, 0 %, 0 %, 0 MiB
0, 56 %, 22 %, 4203 MiB
1, 74 %, 29 %, 3781 MiB
2, 0 %, 0 %, 0 MiB
3, 0 %, 0 %, 0 MiB
0, 7 %, 4 %, 4203 MiB
1, 65 %, 27 %, 3781 MiB
2, 0 %, 0 %, 0 MiB
3, 0 %, 0 %, 0 MiB
0, 53 %, 20 %, 4203 MiB
1, 83 %, 32 %, 3781 MiB
2, 0 %, 0 %, 0 MiB
3, 0 %, 0 %, 0 MiB
0, 62 %, 25 %, 4203 MiB
1, 91 %, 32 %, 3781 MiB
2, 0 %, 0 %, 0 MiB
3, 0 %, 0 %, 0 MiB
0, 96 %, 36 %, 4203 MiB
1, 57 %, 18 %, 3781 MiB
2, 0 %, 0 %, 0 MiB
3, 0 %, 0 %, 0 MiB
0, 79 %, 27 %, 4203 MiB
1, 48 %, 18 %, 3781 MiB
2, 0 %, 0 %, 0 MiB
3, 0 %, 0 %, 0 MiB
0, 56 %, 21 %, 4203 MiB
1, 87 %, 34 %, 3781 MiB
2, 0 %, 0 %, 0 MiB
3, 0 %, 0 %, 0 MiB
0, 68 %, 27 %, 4203 MiB
1, 91 %, 31 %, 3781 MiB
2, 0 %, 0 %, 0 MiB
3, 0 %, 0 %, 0 MiB
0, 94 %, 36 %, 4203 MiB
1, 53 %, 16 %, 3781 MiB
2, 0 %, 0 %, 0 MiB
3, 0 %, 0 %, 0 MiB
0, 87 %, 29 %, 4203 MiB
1, 52 %, 17 %, 3781 MiB
2, 0 %, 0 %, 0 MiB
3, 0 %, 0 %, 0 MiB
0, 56 %, 21 %, 4203 MiB
1, 79 %, 31 %, 3781 MiB
2, 0 %, 0 %, 0 MiB
3, 0 %, 0 %, 0 MiB
0, 60 %, 25 %, 4203 MiB
1, 90 %, 31 %, 3781 MiB
2, 0 %, 0 %, 0 MiB
3, 0 %, 0 %, 0 MiB
0, 95 %, 36 %, 4203 MiB
1, 58 %, 20 %, 3781 MiB
2, 0 %, 0 %, 0 MiB
3, 0 %, 0 %, 0 MiB
0, 80 %, 27 %, 4203 MiB
1, 53 %, 20 %, 3781 MiB
2, 0 %, 0 %, 0 MiB
3, 0 %, 0 %, 0 MiB
0, 84 %, 28 %, 4203 MiB
1, 48 %, 18 %, 3781 MiB
2, 0 %, 0 %, 0 MiB
3, 0 %, 0 %, 0 MiB
0, 56 %, 21 %, 4203 MiB
1, 85 %, 33 %, 3781 MiB
2, 0 %, 0 %, 0 MiB
3, 0 %, 0 %, 0 MiB
0, 68 %, 28 %, 4203 MiB
1, 90 %, 31 %, 3781 MiB
2, 0 %, 0 %, 0 MiB
3, 0 %, 0 %, 0 MiB
0, 95 %, 36 %, 4203 MiB
1, 56 %, 18 %, 3781 MiB
2, 0 %, 0 %, 0 MiB
3, 0 %, 0 %, 0 MiB
0, 76 %, 26 %, 4203 MiB
1, 94 %, 33 %, 3781 MiB
2, 0 %, 0 %, 0 MiB
3, 0 %, 0 %, 0 MiB
0, 56 %, 21 %, 4203 MiB
1, 59 %, 18 %, 3781 MiB
2, 0 %, 0 %, 0 MiB
3, 0 %, 0 %, 0 MiB
0, 69 %, 28 %, 4203 MiB
1, 48 %, 17 %, 3781 MiB
2, 0 %, 0 %, 0 MiB
3, 0 %, 0 %, 0 MiB
0, 56 %, 23 %, 4203 MiB
1, 52 %, 18 %, 3781 MiB
2, 0 %, 0 %, 0 MiB
3, 0 %, 0 %, 0 MiB
0, 92 %, 35 %, 4203 MiB
1, 64 %, 26 %, 3781 MiB
2, 0 %, 0 %, 0 MiB
3, 0 %, 0 %, 0 MiB
0, 89 %, 30 %, 4203 MiB
1, 96 %, 36 %, 3781 MiB
2, 0 %, 0 %, 0 MiB
3, 0 %, 0 %, 0 MiB
0, 55 %, 22 %, 4203 MiB
1, 74 %, 23 %, 3781 MiB
2, 0 %, 0 %, 0 MiB
3, 0 %, 0 %, 0 MiB
0, 55 %, 23 %, 4203 MiB
1, 52 %, 18 %, 3781 MiB
2, 0 %, 0 %, 0 MiB
3, 0 %, 0 %, 0 MiB
0, 93 %, 35 %, 4203 MiB
1, 67 %, 27 %, 3781 MiB
2, 0 %, 0 %, 0 MiB
3, 0 %, 0 %, 0 MiB
0, 91 %, 35 %, 4203 MiB
1, 62 %, 25 %, 3781 MiB
2, 0 %, 0 %, 0 MiB
3, 0 %, 0 %, 0 MiB
0, 91 %, 31 %, 4203 MiB
1, 96 %, 36 %, 3781 MiB
2, 0 %, 0 %, 0 MiB
3, 0 %, 0 %, 0 MiB
0, 57 %, 23 %, 4203 MiB
1, 76 %, 24 %, 3781 MiB
2, 0 %, 0 %, 0 MiB
3, 0 %, 0 %, 0 MiB
0, 56 %, 22 %, 4203 MiB
1, 52 %, 18 %, 3781 MiB
2, 0 %, 0 %, 0 MiB
3, 0 %, 0 %, 0 MiB
0, 93 %, 36 %, 4203 MiB
1, 65 %, 26 %, 3781 MiB
2, 0 %, 0 %, 0 MiB
3, 0 %, 0 %, 0 MiB
0, 88 %, 30 %, 4203 MiB
1, 96 %, 37 %, 3781 MiB
2, 0 %, 0 %, 0 MiB
3, 0 %, 0 %, 0 MiB
0, 42 %, 14 %, 4203 MiB
1, 73 %, 23 %, 3781 MiB
2, 0 %, 0 %, 0 MiB
3, 0 %, 0 %, 0 MiB
0, 57 %, 23 %, 4203 MiB
1, 76 %, 24 %, 3781 MiB
2, 0 %, 0 %, 0 MiB
3, 0 %, 0 %, 0 MiB
0, 55 %, 23 %, 4203 MiB
1, 52 %, 18 %, 3781 MiB
2, 0 %, 0 %, 0 MiB
3, 0 %, 0 %, 0 MiB
0, 93 %, 36 %, 4203 MiB
1, 69 %, 28 %, 3781 MiB
2, 0 %, 0 %, 0 MiB
3, 0 %, 0 %, 0 MiB
0, 90 %, 30 %, 4203 MiB
1, 96 %, 35 %, 3781 MiB
2, 0 %, 0 %, 0 MiB
3, 0 %, 0 %, 0 MiB
0, 56 %, 22 %, 4203 MiB
1, 71 %, 22 %, 3781 MiB
2, 0 %, 0 %, 0 MiB
3, 0 %, 0 %, 0 MiB
0, 57 %, 24 %, 4203 MiB
1, 52 %, 18 %, 3781 MiB
2, 0 %, 0 %, 0 MiB
3, 0 %, 0 %, 0 MiB
0, 93 %, 35 %, 4203 MiB
1, 70 %, 28 %, 3781 MiB
2, 0 %, 0 %, 0 MiB
3, 0 %, 0 %, 0 MiB
0, 85 %, 29 %, 4203 MiB
1, 96 %, 36 %, 3781 MiB
2, 0 %, 0 %, 0 MiB
3, 0 %, 0 %, 0 MiB
0, 56 %, 21 %, 4203 MiB
1, 70 %, 22 %, 3781 MiB
2, 0 %, 0 %, 0 MiB
3, 0 %, 0 %, 0 MiB
0, 60 %, 25 %, 4203 MiB
1, 52 %, 17 %, 3781 MiB
2, 0 %, 0 %, 0 MiB
3, 0 %, 0 %, 0 MiB
0, 95 %, 36 %, 4203 MiB
1, 74 %, 29 %, 3781 MiB
2, 0 %, 0 %, 0 MiB
3, 0 %, 0 %, 0 MiB
0, 82 %, 28 %, 4203 MiB
1, 95 %, 34 %, 3781 MiB
2, 0 %, 0 %, 0 MiB
3, 0 %, 0 %, 0 MiB
0, 92 %, 31 %, 4203 MiB
1, 96 %, 36 %, 3781 MiB
2, 0 %, 0 %, 0 MiB
3, 0 %, 0 %, 0 MiB
0, 58 %, 23 %, 4203 MiB
1, 76 %, 24 %, 3781 MiB
2, 0 %, 0 %, 0 MiB
3, 0 %, 0 %, 0 MiB
0, 55 %, 23 %, 4203 MiB
1, 52 %, 18 %, 3781 MiB
2, 0 %, 0 %, 0 MiB
3, 0 %, 0 %, 0 MiB
0, 93 %, 35 %, 4203 MiB
1, 67 %, 27 %, 3781 MiB
2, 0 %, 0 %, 0 MiB
3, 0 %, 0 %, 0 MiB
0, 89 %, 30 %, 4203 MiB
1, 96 %, 36 %, 3781 MiB
2, 0 %, 0 %, 0 MiB
3, 0 %, 0 %, 0 MiB
0, 55 %, 22 %, 4203 MiB
1, 73 %, 23 %, 3781 MiB
2, 0 %, 0 %, 0 MiB
3, 0 %, 0 %, 0 MiB
0, 56 %, 24 %, 4203 MiB
1, 53 %, 18 %, 3781 MiB
2, 0 %, 0 %, 0 MiB
3, 0 %, 0 %, 0 MiB
0, 56 %, 22 %, 4203 MiB
1, 52 %, 18 %, 3781 MiB
2, 0 %, 0 %, 0 MiB
3, 0 %, 0 %, 0 MiB
0, 93 %, 36 %, 4203 MiB
1, 65 %, 27 %, 3781 MiB
2, 0 %, 0 %, 0 MiB
3, 0 %, 0 %, 0 MiB
0, 89 %, 30 %, 4203 MiB
1, 95 %, 36 %, 3781 MiB
2, 0 %, 0 %, 0 MiB
3, 0 %, 0 %, 0 MiB
0, 56 %, 22 %, 4203 MiB
1, 72 %, 23 %, 3781 MiB
2, 0 %, 0 %, 0 MiB
3, 0 %, 0 %, 0 MiB
0, 58 %, 24 %, 4203 MiB
1, 52 %, 18 %, 3781 MiB
2, 0 %, 0 %, 0 MiB
3, 0 %, 0 %, 0 MiB
0, 94 %, 35 %, 4203 MiB
1, 75 %, 30 %, 3781 MiB
2, 0 %, 0 %, 0 MiB
3, 0 %, 0 %, 0 MiB
0, 81 %, 27 %, 4203 MiB
1, 93 %, 33 %, 3781 MiB
2, 0 %, 0 %, 0 MiB
3, 0 %, 0 %, 0 MiB
0, 43 %, 16 %, 4203 MiB
1, 59 %, 18 %, 3781 MiB
2, 0 %, 0 %, 0 MiB
3, 0 %, 0 %, 0 MiB
0, 57 %, 23 %, 4203 MiB
1, 52 %, 18 %, 3781 MiB
2, 0 %, 0 %, 0 MiB
3, 0 %, 0 %, 0 MiB
0, 94 %, 36 %, 4203 MiB
1, 67 %, 27 %, 3781 MiB
2, 0 %, 0 %, 0 MiB
3, 0 %, 0 %, 0 MiB
0, 86 %, 29 %, 4203 MiB
1, 96 %, 36 %, 3781 MiB
2, 0 %, 0 %, 0 MiB
3, 0 %, 0 %, 0 MiB
0, 55 %, 21 %, 4203 MiB
1, 71 %, 22 %, 3781 MiB
2, 0 %, 0 %, 0 MiB
3, 0 %, 0 %, 0 MiB
0, 58 %, 24 %, 4203 MiB
1, 51 %, 17 %, 3781 MiB
2, 0 %, 0 %, 0 MiB
3, 0 %, 0 %, 0 MiB
0, 57 %, 24 %, 4203 MiB
1, 52 %, 18 %, 3781 MiB
2, 0 %, 0 %, 0 MiB
3, 0 %, 0 %, 0 MiB
0, 94 %, 35 %, 4203 MiB
1, 68 %, 27 %, 3781 MiB
2, 0 %, 0 %, 0 MiB
3, 0 %, 0 %, 0 MiB
0, 85 %, 29 %, 4203 MiB
1, 95 %, 35 %, 3781 MiB
2, 0 %, 0 %, 0 MiB
3, 0 %, 0 %, 0 MiB
0, 55 %, 21 %, 4203 MiB
1, 68 %, 21 %, 3781 MiB
2, 0 %, 0 %, 0 MiB
3, 0 %, 0 %, 0 MiB
0, 62 %, 25 %, 4203 MiB
1, 53 %, 18 %, 3781 MiB
2, 0 %, 0 %, 0 MiB
3, 0 %, 0 %, 0 MiB
0, 96 %, 36 %, 4203 MiB
1, 75 %, 30 %, 3781 MiB
2, 0 %, 0 %, 0 MiB
3, 0 %, 0 %, 0 MiB
0, 79 %, 27 %, 4203 MiB
1, 95 %, 34 %, 3781 MiB
2, 0 %, 0 %, 0 MiB
3, 0 %, 0 %, 0 MiB
0, 84 %, 28 %, 4203 MiB
1, 96 %, 35 %, 3781 MiB
2, 0 %, 0 %, 0 MiB
3, 0 %, 0 %, 0 MiB
0, 55 %, 21 %, 4203 MiB
1, 68 %, 21 %, 3781 MiB
2, 0 %, 0 %, 0 MiB
3, 0 %, 0 %, 0 MiB
0, 63 %, 26 %, 4203 MiB
1, 52 %, 17 %, 3781 MiB
2, 0 %, 0 %, 0 MiB
3, 0 %, 0 %, 0 MiB
0, 95 %, 36 %, 4203 MiB
1, 74 %, 29 %, 3781 MiB
2, 0 %, 0 %, 0 MiB
3, 0 %, 0 %, 0 MiB
0, 79 %, 27 %, 4203 MiB
1, 96 %, 34 %, 3781 MiB
2, 0 %, 0 %, 0 MiB
3, 0 %, 0 %, 0 MiB
0, 56 %, 21 %, 4203 MiB
1, 62 %, 19 %, 3781 MiB
2, 0 %, 0 %, 0 MiB
3, 0 %, 0 %, 0 MiB
0, 68 %, 28 %, 4203 MiB
1, 48 %, 17 %, 3781 MiB
2, 0 %, 0 %, 0 MiB
3, 0 %, 0 %, 0 MiB
0, 92 %, 35 %, 4203 MiB
1, 67 %, 27 %, 3781 MiB
2, 0 %, 0 %, 0 MiB
3, 0 %, 0 %, 0 MiB
0, 89 %, 30 %, 4203 MiB
1, 96 %, 35 %, 3781 MiB
2, 0 %, 0 %, 0 MiB
3, 0 %, 0 %, 0 MiB
0, 90 %, 35 %, 4203 MiB
1, 68 %, 21 %, 3781 MiB
2, 0 %, 0 %, 0 MiB
3, 0 %, 0 %, 0 MiB
0, 90 %, 30 %, 4203 MiB
1, 52 %, 18 %, 3781 MiB
2, 0 %, 0 %, 0 MiB
3, 0 %, 0 %, 0 MiB
0, 55 %, 22 %, 4203 MiB
1, 74 %, 29 %, 3781 MiB
2, 0 %, 0 %, 0 MiB
3, 0 %, 0 %, 0 MiB
0, 57 %, 24 %, 4203 MiB
1, 96 %, 34 %, 3781 MiB
2, 0 %, 0 %, 0 MiB
3, 0 %, 0 %, 0 MiB
0, 56 %, 23 %, 4203 MiB
1, 96 %, 35 %, 3781 MiB
2, 0 %, 0 %, 0 MiB
3, 0 %, 0 %, 0 MiB
0, 93 %, 35 %, 4203 MiB
1, 66 %, 21 %, 3781 MiB
2, 0 %, 0 %, 0 MiB
3, 0 %, 0 %, 0 MiB
0, 86 %, 29 %, 4203 MiB
1, 48 %, 16 %, 3781 MiB
2, 0 %, 0 %, 0 MiB
3, 0 %, 0 %, 0 MiB
0, 68 %, 23 %, 4203 MiB
1, 57 %, 22 %, 3781 MiB
2, 0 %, 0 %, 0 MiB
3, 0 %, 0 %, 0 MiB
0, 56 %, 20 %, 4203 MiB
1, 91 %, 35 %, 3781 MiB
2, 0 %, 0 %, 0 MiB
3, 0 %, 0 %, 0 MiB
0, 79 %, 31 %, 4203 MiB
1, 89 %, 28 %, 3781 MiB
2, 0 %, 0 %, 0 MiB
3, 0 %, 0 %, 0 MiB
0, 95 %, 35 %, 4203 MiB
1, 55 %, 21 %, 3781 MiB
2, 0 %, 0 %, 0 MiB
3, 0 %, 0 %, 0 MiB
0, 96 %, 35 %, 4203 MiB
1, 55 %, 20 %, 3781 MiB
2, 0 %, 0 %, 0 MiB
3, 0 %, 0 %, 0 MiB
0, 66 %, 22 %, 4203 MiB
1, 56 %, 22 %, 3781 MiB
2, 0 %, 0 %, 0 MiB
3, 0 %, 0 %, 0 MiB
0, 55 %, 20 %, 4203 MiB
1, 91 %, 35 %, 3781 MiB
2, 0 %, 0 %, 0 MiB
3, 0 %, 0 %, 0 MiB
0, 81 %, 32 %, 4203 MiB
1, 87 %, 28 %, 3781 MiB
2, 0 %, 0 %, 0 MiB
3, 0 %, 0 %, 0 MiB
0, 94 %, 34 %, 4203 MiB
1, 52 %, 19 %, 3781 MiB
2, 0 %, 0 %, 0 MiB
3, 0 %, 0 %, 0 MiB
0, 62 %, 21 %, 4203 MiB
1, 56 %, 23 %, 3781 MiB
2, 0 %, 0 %, 0 MiB
3, 0 %, 0 %, 0 MiB
0, 53 %, 20 %, 4203 MiB
1, 94 %, 35 %, 3781 MiB
2, 0 %, 0 %, 0 MiB
3, 0 %, 0 %, 0 MiB
0, 68 %, 27 %, 4203 MiB
1, 90 %, 31 %, 3781 MiB
2, 0 %, 0 %, 0 MiB
3, 0 %, 0 %, 0 MiB
0, 95 %, 36 %, 4203 MiB
1, 57 %, 19 %, 3781 MiB
2, 0 %, 0 %, 0 MiB
3, 0 %, 0 %, 0 MiB
0, 74 %, 25 %, 4203 MiB
1, 55 %, 21 %, 3781 MiB
2, 0 %, 0 %, 0 MiB
3, 0 %, 0 %, 0 MiB
0, 57 %, 21 %, 4203 MiB
1, 92 %, 35 %, 3781 MiB
2, 0 %, 0 %, 0 MiB
3, 0 %, 0 %, 0 MiB
0, 76 %, 30 %, 4203 MiB
1, 88 %, 28 %, 3781 MiB
2, 0 %, 0 %, 0 MiB
3, 0 %, 0 %, 0 MiB
0, 95 %, 35 %, 4203 MiB
1, 53 %, 19 %, 3781 MiB
2, 0 %, 0 %, 0 MiB
3, 0 %, 0 %, 0 MiB
0, 95 %, 35 %, 4203 MiB
1, 53 %, 19 %, 3781 MiB
2, 0 %, 0 %, 0 MiB
3, 0 %, 0 %, 0 MiB
0, 61 %, 21 %, 4203 MiB
1, 57 %, 24 %, 3781 MiB
2, 0 %, 0 %, 0 MiB
3, 0 %, 0 %, 0 MiB
0, 51 %, 20 %, 4203 MiB
1, 94 %, 35 %, 3781 MiB
2, 0 %, 0 %, 0 MiB
3, 0 %, 0 %, 0 MiB
0, 84 %, 33 %, 4203 MiB
1, 83 %, 26 %, 3781 MiB
2, 0 %, 0 %, 0 MiB
3, 0 %, 0 %, 0 MiB
0, 92 %, 34 %, 4203 MiB
1, 51 %, 19 %, 3781 MiB
2, 0 %, 0 %, 0 MiB
3, 0 %, 0 %, 0 MiB
0, 62 %, 22 %, 4203 MiB
1, 90 %, 29 %, 3781 MiB
2, 0 %, 0 %, 0 MiB
3, 0 %, 0 %, 0 MiB
0, 52 %, 19 %, 4203 MiB
1, 54 %, 20 %, 3781 MiB
2, 0 %, 0 %, 0 MiB
3, 0 %, 0 %, 0 MiB
0, 52 %, 20 %, 4203 MiB
1, 54 %, 20 %, 3781 MiB
2, 0 %, 0 %, 0 MiB
3, 0 %, 0 %, 0 MiB
0, 85 %, 33 %, 4203 MiB
1, 56 %, 22 %, 3781 MiB
2, 0 %, 0 %, 0 MiB
3, 0 %, 0 %, 0 MiB
0, 94 %, 34 %, 4203 MiB
1, 92 %, 35 %, 3781 MiB
2, 0 %, 0 %, 0 MiB
3, 0 %, 0 %, 0 MiB
0, 59 %, 22 %, 4203 MiB
1, 85 %, 27 %, 3781 MiB
2, 0 %, 0 %, 0 MiB
3, 0 %, 0 %, 0 MiB
0, 54 %, 20 %, 4203 MiB
1, 52 %, 19 %, 3781 MiB
2, 0 %, 0 %, 0 MiB
3, 0 %, 0 %, 0 MiB
0, 90 %, 35 %, 4203 MiB
1, 56 %, 24 %, 3781 MiB
2, 0 %, 0 %, 0 MiB
3, 0 %, 0 %, 0 MiB
0, 96 %, 32 %, 4203 MiB
1, 94 %, 35 %, 3781 MiB
2, 0 %, 0 %, 0 MiB
3, 0 %, 0 %, 0 MiB
0, 60 %, 22 %, 4203 MiB
1, 86 %, 27 %, 3781 MiB
2, 0 %, 0 %, 0 MiB
3, 0 %, 0 %, 0 MiB
0, 53 %, 20 %, 4203 MiB
1, 51 %, 19 %, 3781 MiB
2, 0 %, 0 %, 0 MiB
3, 0 %, 0 %, 0 MiB
0, 90 %, 35 %, 4203 MiB
1, 57 %, 24 %, 3781 MiB
2, 0 %, 0 %, 0 MiB
3, 0 %, 0 %, 0 MiB
0, 96 %, 33 %, 4203 MiB
1, 94 %, 35 %, 3781 MiB
2, 0 %, 0 %, 0 MiB
3, 0 %, 0 %, 0 MiB
0, 58 %, 23 %, 4203 MiB
1, 77 %, 24 %, 3781 MiB
2, 0 %, 0 %, 0 MiB
3, 0 %, 0 %, 0 MiB
0, 56 %, 22 %, 4203 MiB
1, 52 %, 18 %, 3781 MiB
2, 0 %, 0 %, 0 MiB
3, 0 %, 0 %, 0 MiB
0, 56 %, 22 %, 4203 MiB
1, 52 %, 18 %, 3781 MiB
2, 0 %, 0 %, 0 MiB
3, 0 %, 0 %, 0 MiB
0, 93 %, 36 %, 4203 MiB
1, 66 %, 27 %, 3781 MiB
2, 0 %, 0 %, 0 MiB
3, 0 %, 0 %, 0 MiB
0, 86 %, 29 %, 4203 MiB
1, 96 %, 36 %, 3781 MiB
2, 0 %, 0 %, 0 MiB
3, 0 %, 0 %, 0 MiB
0, 56 %, 21 %, 4203 MiB
1, 71 %, 22 %, 3781 MiB
2, 0 %, 0 %, 0 MiB
3, 0 %, 0 %, 0 MiB
0, 59 %, 25 %, 4203 MiB
1, 51 %, 18 %, 3781 MiB
2, 0 %, 0 %, 0 MiB
3, 0 %, 0 %, 0 MiB
0, 95 %, 36 %, 4203 MiB
1, 72 %, 29 %, 3781 MiB
2, 0 %, 0 %, 0 MiB
3, 0 %, 0 %, 0 MiB
0, 82 %, 28 %, 4203 MiB
1, 95 %, 35 %, 3781 MiB
2, 0 %, 0 %, 0 MiB
3, 0 %, 0 %, 0 MiB
0, 92 %, 31 %, 4203 MiB
1, 95 %, 36 %, 3781 MiB
2, 0 %, 0 %, 0 MiB
3, 0 %, 0 %, 0 MiB
0, 55 %, 22 %, 4203 MiB
1, 75 %, 24 %, 3781 MiB
2, 0 %, 0 %, 0 MiB
3, 0 %, 0 %, 0 MiB
0, 57 %, 24 %, 4203 MiB
1, 52 %, 18 %, 3781 MiB
2, 0 %, 0 %, 0 MiB
3, 0 %, 0 %, 0 MiB
0, 93 %, 35 %, 4203 MiB
1, 68 %, 27 %, 3781 MiB
2, 0 %, 0 %, 0 MiB
3, 0 %, 0 %, 0 MiB
0, 84 %, 28 %, 4203 MiB
1, 96 %, 36 %, 3781 MiB
2, 0 %, 0 %, 0 MiB
3, 0 %, 0 %, 0 MiB
0, 55 %, 21 %, 4203 MiB
1, 68 %, 21 %, 3781 MiB
2, 0 %, 0 %, 0 MiB
3, 0 %, 0 %, 0 MiB
0, 63 %, 26 %, 4203 MiB
1, 52 %, 17 %, 3781 MiB
2, 0 %, 0 %, 0 MiB
3, 0 %, 0 %, 0 MiB
0, 93 %, 35 %, 4203 MiB
1, 65 %, 27 %, 3781 MiB
2, 0 %, 0 %, 0 MiB
3, 0 %, 0 %, 0 MiB
0, 86 %, 29 %, 4203 MiB
1, 96 %, 37 %, 3781 MiB
2, 0 %, 0 %, 0 MiB
3, 0 %, 0 %, 0 MiB
0, 56 %, 21 %, 4203 MiB
1, 72 %, 23 %, 3781 MiB
2, 0 %, 0 %, 0 MiB
3, 0 %, 0 %, 0 MiB
0, 61 %, 25 %, 4203 MiB
1, 52 %, 17 %, 3781 MiB
2, 0 %, 0 %, 0 MiB
3, 0 %, 0 %, 0 MiB
0, 95 %, 36 %, 4203 MiB
1, 73 %, 29 %, 3781 MiB
2, 0 %, 0 %, 0 MiB
3, 0 %, 0 %, 0 MiB
0, 80 %, 27 %, 4203 MiB
1, 96 %, 35 %, 3781 MiB
2, 0 %, 0 %, 0 MiB
3, 0 %, 0 %, 0 MiB
0, 83 %, 28 %, 4203 MiB
1, 96 %, 35 %, 3781 MiB
2, 0 %, 0 %, 0 MiB
3, 0 %, 0 %, 0 MiB
0, 56 %, 21 %, 4203 MiB
1, 64 %, 20 %, 3781 MiB
2, 0 %, 0 %, 0 MiB
3, 0 %, 0 %, 0 MiB
0, 62 %, 26 %, 4203 MiB
1, 51 %, 17 %, 3781 MiB
2, 0 %, 0 %, 0 MiB
3, 0 %, 0 %, 0 MiB
0, 96 %, 37 %, 4203 MiB
1, 78 %, 31 %, 3781 MiB
2, 0 %, 0 %, 0 MiB
3, 0 %, 0 %, 0 MiB
0, 74 %, 25 %, 4203 MiB
1, 93 %, 32 %, 3781 MiB
2, 0 %, 0 %, 0 MiB
3, 0 %, 0 %, 0 MiB
0, 56 %, 21 %, 4203 MiB
1, 60 %, 19 %, 3781 MiB
2, 0 %, 0 %, 0 MiB
3, 0 %, 0 %, 0 MiB
0, 24 %, 12 %, 4203 MiB
1, 13 %, 1 %, 3781 MiB
2, 0 %, 0 %, 0 MiB
3, 0 %, 0 %, 0 MiB
0, 66 %, 27 %, 4203 MiB
1, 51 %, 17 %, 3781 MiB
2, 0 %, 0 %, 0 MiB
3, 0 %, 0 %, 0 MiB
0, 96 %, 37 %, 4203 MiB
1, 77 %, 30 %, 3781 MiB
2, 0 %, 0 %, 0 MiB
3, 0 %, 0 %, 0 MiB
0, 74 %, 25 %, 4203 MiB
1, 93 %, 32 %, 3781 MiB
2, 0 %, 0 %, 0 MiB
3, 0 %, 0 %, 0 MiB
0, 56 %, 21 %, 4203 MiB
1, 60 %, 19 %, 3781 MiB
2, 0 %, 0 %, 0 MiB
3, 0 %, 0 %, 0 MiB
0, 71 %, 28 %, 4203 MiB
1, 48 %, 17 %, 3781 MiB
2, 0 %, 0 %, 0 MiB
3, 0 %, 0 %, 0 MiB
0, 96 %, 35 %, 4203 MiB
1, 84 %, 33 %, 3781 MiB
2, 0 %, 0 %, 0 MiB
3, 0 %, 0 %, 0 MiB
0, 67 %, 23 %, 4203 MiB
1, 90 %, 31 %, 3781 MiB
2, 0 %, 0 %, 0 MiB
3, 0 %, 0 %, 0 MiB
0, 55 %, 20 %, 4203 MiB
1, 57 %, 19 %, 3781 MiB
2, 0 %, 0 %, 0 MiB
3, 0 %, 0 %, 0 MiB
0, 77 %, 30 %, 4203 MiB
1, 51 %, 19 %, 3781 MiB
2, 0 %, 0 %, 0 MiB
3, 0 %, 0 %, 0 MiB
0, 96 %, 35 %, 4203 MiB
1, 89 %, 34 %, 3781 MiB
2, 0 %, 0 %, 0 MiB
3, 0 %, 0 %, 0 MiB
0, 64 %, 22 %, 4203 MiB
1, 92 %, 31 %, 3781 MiB
2, 0 %, 0 %, 0 MiB
3, 0 %, 0 %, 0 MiB
0, 54 %, 20 %, 4203 MiB
1, 56 %, 19 %, 3781 MiB
2, 0 %, 0 %, 0 MiB
3, 0 %, 0 %, 0 MiB
0, 34 %, 16 %, 4203 MiB
1, 13 %, 3 %, 3781 MiB
2, 0 %, 0 %, 0 MiB
3, 0 %, 0 %, 0 MiB
0, 78 %, 31 %, 4203 MiB
1, 53 %, 20 %, 3781 MiB
2, 0 %, 0 %, 0 MiB
3, 0 %, 0 %, 0 MiB
0, 95 %, 35 %, 4203 MiB
1, 90 %, 35 %, 3781 MiB
2, 0 %, 0 %, 0 MiB
3, 0 %, 0 %, 0 MiB
0, 63 %, 21 %, 4203 MiB
1, 92 %, 30 %, 3781 MiB
2, 0 %, 0 %, 0 MiB
3, 0 %, 0 %, 0 MiB
0, 51 %, 20 %, 4203 MiB
1, 54 %, 20 %, 3781 MiB
2, 0 %, 0 %, 0 MiB
3, 0 %, 0 %, 0 MiB
0, 84 %, 33 %, 4203 MiB
1, 56 %, 23 %, 3781 MiB
2, 0 %, 0 %, 0 MiB
3, 0 %, 0 %, 0 MiB
0, 53 %, 20 %, 4203 MiB
1, 94 %, 35 %, 3781 MiB
2, 0 %, 0 %, 0 MiB
3, 0 %, 0 %, 0 MiB
0, 35 %, 16 %, 4203 MiB
1, 93 %, 36 %, 3781 MiB
2, 0 %, 0 %, 0 MiB
3, 0 %, 0 %, 0 MiB
0, 81 %, 32 %, 4203 MiB
1, 86 %, 27 %, 3781 MiB
2, 0 %, 0 %, 0 MiB
3, 0 %, 0 %, 0 MiB
0, 93 %, 34 %, 4203 MiB
1, 52 %, 19 %, 3781 MiB
2, 0 %, 0 %, 0 MiB
3, 0 %, 0 %, 0 MiB
0, 61 %, 22 %, 4203 MiB
1, 59 %, 25 %, 3781 MiB
2, 0 %, 0 %, 0 MiB
3, 0 %, 0 %, 0 MiB
0, 52 %, 19 %, 4203 MiB
1, 94 %, 35 %, 3781 MiB
2, 0 %, 0 %, 0 MiB
3, 0 %, 0 %, 0 MiB
0, 89 %, 34 %, 4203 MiB
1, 77 %, 24 %, 3781 MiB
2, 0 %, 0 %, 0 MiB
3, 0 %, 0 %, 0 MiB
0, 96 %, 34 %, 4203 MiB
1, 52 %, 18 %, 3781 MiB
2, 0 %, 0 %, 0 MiB
3, 0 %, 0 %, 0 MiB
0, 59 %, 22 %, 4203 MiB
1, 65 %, 26 %, 3781 MiB
2, 0 %, 0 %, 0 MiB
3, 0 %, 0 %, 0 MiB
0, 52 %, 19 %, 4203 MiB
1, 94 %, 35 %, 3781 MiB
2, 0 %, 0 %, 0 MiB
3, 0 %, 0 %, 0 MiB
0, 89 %, 34 %, 4203 MiB
1, 77 %, 24 %, 3781 MiB
2, 0 %, 0 %, 0 MiB
3, 0 %, 0 %, 0 MiB
0, 96 %, 33 %, 4203 MiB
1, 52 %, 18 %, 3781 MiB
2, 0 %, 0 %, 0 MiB
3, 0 %, 0 %, 0 MiB
0, 59 %, 23 %, 4203 MiB
1, 67 %, 27 %, 3781 MiB
2, 0 %, 0 %, 0 MiB
3, 0 %, 0 %, 0 MiB
0, 56 %, 22 %, 4203 MiB
1, 96 %, 36 %, 3781 MiB
2, 0 %, 0 %, 0 MiB
3, 0 %, 0 %, 0 MiB
0, 39 %, 18 %, 4203 MiB
1, 93 %, 35 %, 3781 MiB
2, 0 %, 0 %, 0 MiB
3, 0 %, 0 %, 0 MiB
0, 86 %, 33 %, 4203 MiB
1, 81 %, 26 %, 3781 MiB
2, 0 %, 0 %, 0 MiB
3, 0 %, 0 %, 0 MiB
0, 96 %, 34 %, 4203 MiB
1, 53 %, 18 %, 3781 MiB
2, 0 %, 0 %, 0 MiB
3, 0 %, 0 %, 0 MiB
0, 58 %, 22 %, 4203 MiB
1, 71 %, 28 %, 3781 MiB
2, 0 %, 0 %, 0 MiB
3, 0 %, 0 %, 0 MiB
0, 56 %, 22 %, 4203 MiB
1, 96 %, 34 %, 3781 MiB
2, 0 %, 0 %, 0 MiB
3, 0 %, 0 %, 0 MiB
0, 93 %, 36 %, 4203 MiB
1, 61 %, 19 %, 3781 MiB
2, 0 %, 0 %, 0 MiB
3, 0 %, 0 %, 0 MiB
0, 88 %, 30 %, 4203 MiB
1, 48 %, 17 %, 3781 MiB
2, 0 %, 0 %, 0 MiB
3, 0 %, 0 %, 0 MiB
0, 91 %, 31 %, 4203 MiB
1, 52 %, 17 %, 3781 MiB
2, 0 %, 0 %, 0 MiB
3, 0 %, 0 %, 0 MiB
0, 57 %, 22 %, 4203 MiB
1, 79 %, 31 %, 3781 MiB
2, 0 %, 0 %, 0 MiB
3, 0 %, 0 %, 0 MiB
0, 62 %, 26 %, 4203 MiB
1, 90 %, 31 %, 3781 MiB
2, 0 %, 0 %, 0 MiB
3, 0 %, 0 %, 0 MiB
0, 96 %, 37 %, 4203 MiB
1, 57 %, 18 %, 3781 MiB
2, 0 %, 0 %, 0 MiB
3, 0 %, 0 %, 0 MiB
0, 78 %, 26 %, 4203 MiB
1, 48 %, 18 %, 3781 MiB
2, 0 %, 0 %, 0 MiB
3, 0 %, 0 %, 0 MiB
0, 56 %, 21 %, 4203 MiB
1, 82 %, 32 %, 3781 MiB
2, 0 %, 0 %, 0 MiB
3, 0 %, 0 %, 0 MiB
0, 66 %, 27 %, 4203 MiB
1, 89 %, 31 %, 3781 MiB
2, 0 %, 0 %, 0 MiB
3, 0 %, 0 %, 0 MiB
0, 95 %, 36 %, 4203 MiB
1, 55 %, 18 %, 3781 MiB
2, 0 %, 0 %, 0 MiB
3, 0 %, 0 %, 0 MiB
0, 76 %, 26 %, 4203 MiB
1, 49 %, 19 %, 3781 MiB
2, 0 %, 0 %, 0 MiB
3, 0 %, 0 %, 0 MiB
0, 56 %, 20 %, 4203 MiB
1, 60 %, 19 %, 3781 MiB
2, 0 %, 0 %, 0 MiB
3, 0 %, 0 %, 0 MiB
0, 72 %, 29 %, 4203 MiB
1, 49 %, 18 %, 3781 MiB
2, 0 %, 0 %, 0 MiB
3, 0 %, 0 %, 0 MiB
0, 96 %, 35 %, 4203 MiB
1, 85 %, 33 %, 3781 MiB
2, 0 %, 0 %, 0 MiB
3, 0 %, 0 %, 0 MiB
0, 67 %, 23 %, 4203 MiB
1, 90 %, 31 %, 3781 MiB
2, 0 %, 0 %, 0 MiB
3, 0 %, 0 %, 0 MiB
0, 68 %, 23 %, 4203 MiB
1, 90 %, 31 %, 3781 MiB
2, 0 %, 0 %, 0 MiB
3, 0 %, 0 %, 0 MiB
0, 54 %, 20 %, 4203 MiB
1, 56 %, 19 %, 3781 MiB
2, 0 %, 0 %, 0 MiB
3, 0 %, 0 %, 0 MiB
0, 80 %, 32 %, 4203 MiB
1, 55 %, 21 %, 3781 MiB
2, 0 %, 0 %, 0 MiB
3, 0 %, 0 %, 0 MiB
0, 93 %, 34 %, 4203 MiB
1, 92 %, 36 %, 3781 MiB
2, 0 %, 0 %, 0 MiB
3, 0 %, 0 %, 0 MiB
0, 60 %, 21 %, 4203 MiB
1, 90 %, 29 %, 3781 MiB
2, 0 %, 0 %, 0 MiB
3, 0 %, 0 %, 0 MiB
0, 52 %, 21 %, 4203 MiB
1, 54 %, 20 %, 3781 MiB
2, 0 %, 0 %, 0 MiB
3, 0 %, 0 %, 0 MiB
0, 88 %, 34 %, 4203 MiB
1, 59 %, 24 %, 3781 MiB
2, 0 %, 0 %, 0 MiB
3, 0 %, 0 %, 0 MiB
0, 84 %, 33 %, 4203 MiB
1, 57 %, 23 %, 3781 MiB
2, 0 %, 0 %, 0 MiB
3, 0 %, 0 %, 0 MiB
0, 93 %, 34 %, 4203 MiB
1, 93 %, 35 %, 3781 MiB
2, 0 %, 0 %, 0 MiB
3, 0 %, 0 %, 0 MiB
0, 61 %, 22 %, 4203 MiB
1, 82 %, 26 %, 3781 MiB
2, 0 %, 0 %, 0 MiB
3, 0 %, 0 %, 0 MiB
0, 55 %, 21 %, 4203 MiB
1, 52 %, 19 %, 3781 MiB
2, 0 %, 0 %, 0 MiB
3, 0 %, 0 %, 0 MiB
0, 91 %, 35 %, 4203 MiB
1, 61 %, 25 %, 3781 MiB
2, 0 %, 0 %, 0 MiB
3, 0 %, 0 %, 0 MiB
0, 91 %, 31 %, 4203 MiB
1, 96 %, 36 %, 3781 MiB
2, 0 %, 0 %, 0 MiB
3, 0 %, 0 %, 0 MiB
0, 56 %, 22 %, 4203 MiB
1, 75 %, 24 %, 3781 MiB
2, 0 %, 0 %, 0 MiB
3, 0 %, 0 %, 0 MiB
0, 50 %, 20 %, 4203 MiB
1, 40 %, 13 %, 3781 MiB
2, 0 %, 0 %, 0 MiB
3, 0 %, 0 %, 0 MiB
0, 90 %, 35 %, 4203 MiB
1, 56 %, 23 %, 3781 MiB
2, 0 %, 0 %, 0 MiB
3, 0 %, 0 %, 0 MiB
0, 96 %, 32 %, 4203 MiB
1, 94 %, 35 %, 3781 MiB
2, 0 %, 0 %, 0 MiB
3, 0 %, 0 %, 0 MiB
0, 58 %, 23 %, 4203 MiB
1, 81 %, 26 %, 3781 MiB
2, 0 %, 0 %, 0 MiB
3, 0 %, 0 %, 0 MiB
0, 49 %, 20 %, 4203 MiB
1, 52 %, 18 %, 3781 MiB
2, 0 %, 0 %, 0 MiB
3, 0 %, 0 %, 0 MiB
0, 90 %, 35 %, 4203 MiB
1, 57 %, 23 %, 3781 MiB
2, 0 %, 0 %, 0 MiB
3, 0 %, 0 %, 0 MiB
0, 87 %, 34 %, 4203 MiB
1, 55 %, 22 %, 3781 MiB
2, 0 %, 0 %, 0 MiB
3, 0 %, 0 %, 0 MiB
0, 96 %, 34 %, 4203 MiB
1, 94 %, 36 %, 3781 MiB
2, 0 %, 0 %, 0 MiB
3, 0 %, 0 %, 0 MiB
0, 58 %, 22 %, 4203 MiB
1, 83 %, 26 %, 3781 MiB
2, 0 %, 0 %, 0 MiB
3, 0 %, 0 %, 0 MiB
0, 56 %, 22 %, 4203 MiB
1, 52 %, 19 %, 3781 MiB
2, 0 %, 0 %, 0 MiB
3, 0 %, 0 %, 0 MiB
0, 92 %, 35 %, 4203 MiB
1, 61 %, 25 %, 3781 MiB
2, 0 %, 0 %, 0 MiB
3, 0 %, 0 %, 0 MiB
0, 89 %, 30 %, 4203 MiB
1, 96 %, 36 %, 3781 MiB
2, 0 %, 0 %, 0 MiB
3, 0 %, 0 %, 0 MiB
0, 55 %, 22 %, 4203 MiB
1, 73 %, 23 %, 3781 MiB
2, 0 %, 0 %, 0 MiB
3, 0 %, 0 %, 0 MiB
0, 58 %, 22 %, 4203 MiB
1, 80 %, 25 %, 3781 MiB
2, 0 %, 0 %, 0 MiB
3, 0 %, 0 %, 0 MiB
0, 56 %, 22 %, 4203 MiB
1, 52 %, 18 %, 3781 MiB
2, 0 %, 0 %, 0 MiB
3, 0 %, 0 %, 0 MiB
0, 92 %, 36 %, 4203 MiB
1, 68 %, 28 %, 3781 MiB
2, 0 %, 0 %, 0 MiB
3, 0 %, 0 %, 0 MiB
0, 90 %, 30 %, 4203 MiB
1, 95 %, 35 %, 3781 MiB
2, 0 %, 0 %, 0 MiB
3, 0 %, 0 %, 0 MiB
0, 56 %, 22 %, 4203 MiB
1, 68 %, 21 %, 3781 MiB
2, 0 %, 0 %, 0 MiB
3, 0 %, 0 %, 0 MiB
0, 59 %, 24 %, 4203 MiB
1, 53 %, 18 %, 3781 MiB
2, 0 %, 0 %, 0 MiB
3, 0 %, 0 %, 0 MiB
0, 95 %, 36 %, 4203 MiB
1, 76 %, 30 %, 3781 MiB
2, 0 %, 0 %, 0 MiB
3, 0 %, 0 %, 0 MiB
0, 82 %, 28 %, 4203 MiB
1, 95 %, 34 %, 3781 MiB
2, 0 %, 0 %, 0 MiB
3, 0 %, 0 %, 0 MiB
0, 55 %, 21 %, 4203 MiB
1, 66 %, 21 %, 3781 MiB
2, 0 %, 0 %, 0 MiB
3, 0 %, 0 %, 0 MiB
0, 64 %, 26 %, 4203 MiB
1, 52 %, 17 %, 3781 MiB
2, 0 %, 0 %, 0 MiB
3, 0 %, 0 %, 0 MiB
0, 96 %, 37 %, 4203 MiB
1, 77 %, 30 %, 3781 MiB
2, 0 %, 0 %, 0 MiB
3, 0 %, 0 %, 0 MiB
0, 75 %, 25 %, 4203 MiB
1, 93 %, 33 %, 3781 MiB
2, 0 %, 0 %, 0 MiB
3, 0 %, 0 %, 0 MiB
0, 55 %, 20 %, 4203 MiB
1, 59 %, 19 %, 3781 MiB
2, 0 %, 0 %, 0 MiB
3, 0 %, 0 %, 0 MiB
0, 56 %, 21 %, 4203 MiB
1, 62 %, 19 %, 3781 MiB
2, 0 %, 0 %, 0 MiB
3, 0 %, 0 %, 0 MiB
0, 70 %, 28 %, 4203 MiB
1, 49 %, 17 %, 3781 MiB
2, 0 %, 0 %, 0 MiB
3, 0 %, 0 %, 0 MiB
0, 96 %, 36 %, 4203 MiB
1, 82 %, 32 %, 3781 MiB
2, 0 %, 0 %, 0 MiB
3, 0 %, 0 %, 0 MiB
0, 69 %, 23 %, 4203 MiB
1, 90 %, 31 %, 3781 MiB
2, 0 %, 0 %, 0 MiB
3, 0 %, 0 %, 0 MiB
0, 55 %, 20 %, 4203 MiB
1, 57 %, 19 %, 3781 MiB
2, 0 %, 0 %, 0 MiB
3, 0 %, 0 %, 0 MiB
0, 75 %, 30 %, 4203 MiB
1, 50 %, 19 %, 3781 MiB
2, 0 %, 0 %, 0 MiB
3, 0 %, 0 %, 0 MiB
0, 96 %, 35 %, 4203 MiB
1, 88 %, 34 %, 3781 MiB
2, 0 %, 0 %, 0 MiB
3, 0 %, 0 %, 0 MiB
0, 96 %, 35 %, 4203 MiB
1, 83 %, 32 %, 3781 MiB
2, 0 %, 0 %, 0 MiB
3, 0 %, 0 %, 0 MiB
0, 69 %, 23 %, 4203 MiB
1, 88 %, 31 %, 3781 MiB
2, 0 %, 0 %, 0 MiB
3, 0 %, 0 %, 0 MiB
0, 55 %, 20 %, 4203 MiB
1, 56 %, 19 %, 3781 MiB
2, 0 %, 0 %, 0 MiB
3, 0 %, 0 %, 0 MiB
0, 80 %, 31 %, 4203 MiB
1, 54 %, 21 %, 3781 MiB
2, 0 %, 0 %, 0 MiB
3, 0 %, 0 %, 0 MiB
0, 93 %, 34 %, 4203 MiB
1, 91 %, 35 %, 3781 MiB
2, 0 %, 0 %, 0 MiB
3, 0 %, 0 %, 0 MiB
0, 61 %, 21 %, 4203 MiB
1, 89 %, 28 %, 3781 MiB
2, 0 %, 0 %, 0 MiB
3, 0 %, 0 %, 0 MiB
0, 52 %, 20 %, 4203 MiB
1, 53 %, 20 %, 3781 MiB
2, 0 %, 0 %, 0 MiB
3, 0 %, 0 %, 0 MiB
0, 73 %, 29 %, 4203 MiB
1, 51 %, 19 %, 3781 MiB
2, 0 %, 0 %, 0 MiB
3, 0 %, 0 %, 0 MiB
0, 95 %, 35 %, 4203 MiB
1, 88 %, 34 %, 3781 MiB
2, 0 %, 0 %, 0 MiB
3, 0 %, 0 %, 0 MiB
0, 67 %, 23 %, 4203 MiB
1, 92 %, 30 %, 3781 MiB
2, 0 %, 0 %, 0 MiB
3, 0 %, 0 %, 0 MiB
0, 96 %, 35 %, 4203 MiB
1, 54 %, 20 %, 3781 MiB
2, 0 %, 0 %, 0 MiB
3, 0 %, 0 %, 0 MiB
0, 69 %, 23 %, 4203 MiB
1, 56 %, 22 %, 3781 MiB
2, 0 %, 0 %, 0 MiB
3, 0 %, 0 %, 0 MiB
0, 57 %, 20 %, 4203 MiB
1, 92 %, 35 %, 3781 MiB
2, 0 %, 0 %, 0 MiB
3, 0 %, 0 %, 0 MiB
0, 56 %, 20 %, 4203 MiB
1, 92 %, 35 %, 3781 MiB
2, 0 %, 0 %, 0 MiB
3, 0 %, 0 %, 0 MiB
0, 77 %, 30 %, 4203 MiB
1, 87 %, 28 %, 3781 MiB
2, 0 %, 0 %, 0 MiB
3, 0 %, 0 %, 0 MiB
0, 96 %, 35 %, 4203 MiB
1, 52 %, 19 %, 3781 MiB
2, 0 %, 0 %, 0 MiB
3, 0 %, 0 %, 0 MiB
0, 63 %, 21 %, 4203 MiB
1, 57 %, 24 %, 3781 MiB
2, 0 %, 0 %, 0 MiB
3, 0 %, 0 %, 0 MiB
0, 52 %, 20 %, 4203 MiB
1, 94 %, 35 %, 3781 MiB
2, 0 %, 0 %, 0 MiB
3, 0 %, 0 %, 0 MiB
0, 84 %, 33 %, 4203 MiB
1, 81 %, 26 %, 3781 MiB
2, 0 %, 0 %, 0 MiB
3, 0 %, 0 %, 0 MiB
0, 95 %, 34 %, 4203 MiB
1, 33 %, 8 %, 3781 MiB
2, 0 %, 0 %, 0 MiB
3, 0 %, 0 %, 0 MiB
0, 94 %, 34 %, 4203 MiB
1, 52 %, 19 %, 3781 MiB
2, 0 %, 0 %, 0 MiB
3, 0 %, 0 %, 0 MiB
0, 60 %, 22 %, 4203 MiB
1, 61 %, 25 %, 3781 MiB
2, 0 %, 0 %, 0 MiB
3, 0 %, 0 %, 0 MiB
0, 57 %, 21 %, 4203 MiB
1, 96 %, 36 %, 3781 MiB
2, 0 %, 0 %, 0 MiB
3, 0 %, 0 %, 0 MiB
0, 91 %, 35 %, 4203 MiB
1, 77 %, 24 %, 3781 MiB
2, 0 %, 0 %, 0 MiB
3, 0 %, 0 %, 0 MiB
0, 95 %, 32 %, 4203 MiB
1, 52 %, 18 %, 3781 MiB
2, 0 %, 0 %, 0 MiB
3, 0 %, 0 %, 0 MiB
0, 58 %, 23 %, 4203 MiB
1, 74 %, 29 %, 3781 MiB
2, 0 %, 0 %, 0 MiB
3, 0 %, 0 %, 0 MiB
0, 56 %, 23 %, 4203 MiB
1, 96 %, 34 %, 3781 MiB
2, 0 %, 0 %, 0 MiB
3, 0 %, 0 %, 0 MiB
0, 92 %, 35 %, 4203 MiB
1, 66 %, 21 %, 3781 MiB
2, 0 %, 0 %, 0 MiB
3, 0 %, 0 %, 0 MiB
0, 90 %, 30 %, 4203 MiB
1, 52 %, 17 %, 3781 MiB
2, 0 %, 0 %, 0 MiB
3, 0 %, 0 %, 0 MiB
0, 56 %, 22 %, 4203 MiB
1, 77 %, 30 %, 3781 MiB
2, 0 %, 0 %, 0 MiB
3, 0 %, 0 %, 0 MiB
0, 58 %, 24 %, 4203 MiB
1, 92 %, 32 %, 3781 MiB
2, 0 %, 0 %, 0 MiB
3, 0 %, 0 %, 0 MiB
0, 94 %, 35 %, 4203 MiB
1, 58 %, 18 %, 3781 MiB
2, 0 %, 0 %, 0 MiB
3, 0 %, 0 %, 0 MiB
0, 81 %, 28 %, 4203 MiB
1, 10 %, 1 %, 3781 MiB
2, 0 %, 0 %, 0 MiB
3, 0 %, 0 %, 0 MiB
0, 82 %, 28 %, 4203 MiB
1, 48 %, 18 %, 3781 MiB
2, 0 %, 0 %, 0 MiB
3, 0 %, 0 %, 0 MiB
0, 57 %, 21 %, 4203 MiB
1, 88 %, 34 %, 3781 MiB
2, 0 %, 0 %, 0 MiB
3, 0 %, 0 %, 0 MiB
0, 66 %, 27 %, 4203 MiB
1, 92 %, 31 %, 3781 MiB
2, 0 %, 0 %, 0 MiB
3, 0 %, 0 %, 0 MiB
0, 95 %, 36 %, 4203 MiB
1, 56 %, 19 %, 3781 MiB
2, 0 %, 0 %, 0 MiB
3, 0 %, 0 %, 0 MiB
0, 75 %, 25 %, 4203 MiB
1, 55 %, 20 %, 3781 MiB
2, 0 %, 0 %, 0 MiB
3, 0 %, 0 %, 0 MiB
0, 44 %, 16 %, 4203 MiB
1, 70 %, 28 %, 3781 MiB
2, 0 %, 0 %, 0 MiB
3, 0 %, 0 %, 0 MiB
0, 12 %, 4 %, 4203 MiB
1, 68 %, 28 %, 3781 MiB
2, 0 %, 0 %, 0 MiB
3, 0 %, 0 %, 0 MiB
0, 56 %, 22 %, 4203 MiB
1, 96 %, 36 %, 3781 MiB
2, 0 %, 0 %, 0 MiB
3, 0 %, 0 %, 0 MiB
0, 93 %, 36 %, 4203 MiB
1, 67 %, 21 %, 3781 MiB
2, 0 %, 0 %, 0 MiB
3, 0 %, 0 %, 0 MiB
0, 85 %, 29 %, 4203 MiB
1, 96 %, 37 %, 3781 MiB
2, 0 %, 0 %, 0 MiB
3, 0 %, 0 %, 0 MiB
0, 56 %, 21 %, 4203 MiB
1, 70 %, 22 %, 3781 MiB
2, 0 %, 0 %, 0 MiB
3, 0 %, 0 %, 0 MiB
0, 61 %, 25 %, 4203 MiB
1, 52 %, 17 %, 3781 MiB
2, 0 %, 0 %, 0 MiB
3, 0 %, 0 %, 0 MiB
0, 96 %, 36 %, 4203 MiB
1, 72 %, 29 %, 3781 MiB
2, 0 %, 0 %, 0 MiB
3, 0 %, 0 %, 0 MiB
0, 77 %, 26 %, 4203 MiB
1, 95 %, 33 %, 3781 MiB
2, 0 %, 0 %, 0 MiB
3, 0 %, 0 %, 0 MiB
0, 56 %, 22 %, 4203 MiB
1, 71 %, 22 %, 3781 MiB
2, 0 %, 0 %, 0 MiB
3, 0 %, 0 %, 0 MiB
0, 56 %, 23 %, 4203 MiB
1, 52 %, 18 %, 3781 MiB
2, 0 %, 0 %, 0 MiB
3, 0 %, 0 %, 0 MiB
0, 93 %, 35 %, 4203 MiB
1, 73 %, 29 %, 3781 MiB
2, 0 %, 0 %, 0 MiB
3, 0 %, 0 %, 0 MiB
0, 81 %, 27 %, 4203 MiB
1, 96 %, 34 %, 3781 MiB
2, 0 %, 0 %, 0 MiB
3, 0 %, 0 %, 0 MiB
0, 56 %, 21 %, 4203 MiB
1, 61 %, 19 %, 3781 MiB
2, 0 %, 0 %, 0 MiB
3, 0 %, 0 %, 0 MiB
0, 21 %, 11 %, 4203 MiB
1, 13 %, 1 %, 3781 MiB
2, 0 %, 0 %, 0 MiB
3, 0 %, 0 %, 0 MiB
0, 65 %, 27 %, 4203 MiB
1, 50 %, 17 %, 3781 MiB
2, 0 %, 0 %, 0 MiB
3, 0 %, 0 %, 0 MiB
0, 96 %, 36 %, 4203 MiB
1, 82 %, 32 %, 3781 MiB
2, 0 %, 0 %, 0 MiB
3, 0 %, 0 %, 0 MiB
0, 74 %, 25 %, 4203 MiB
1, 89 %, 31 %, 3781 MiB
2, 0 %, 0 %, 0 MiB
3, 0 %, 0 %, 0 MiB
0, 55 %, 20 %, 4203 MiB
1, 57 %, 18 %, 3781 MiB
2, 0 %, 0 %, 0 MiB
3, 0 %, 0 %, 0 MiB
0, 72 %, 29 %, 4203 MiB
1, 50 %, 19 %, 3781 MiB
2, 0 %, 0 %, 0 MiB
3, 0 %, 0 %, 0 MiB
0, 96 %, 34 %, 4203 MiB
1, 90 %, 35 %, 3781 MiB
2, 0 %, 0 %, 0 MiB
3, 0 %, 0 %, 0 MiB
0, 96 %, 36 %, 4203 MiB
1, 85 %, 33 %, 3781 MiB
2, 0 %, 0 %, 0 MiB
3, 0 %, 0 %, 0 MiB
0, 73 %, 25 %, 4203 MiB
1, 90 %, 31 %, 3781 MiB
2, 0 %, 0 %, 0 MiB
3, 0 %, 0 %, 0 MiB
0, 56 %, 20 %, 4203 MiB
1, 57 %, 19 %, 3781 MiB
2, 0 %, 0 %, 0 MiB
3, 0 %, 0 %, 0 MiB
0, 78 %, 31 %, 4203 MiB
1, 56 %, 21 %, 3781 MiB
2, 0 %, 0 %, 0 MiB
3, 0 %, 0 %, 0 MiB
0, 93 %, 34 %, 4203 MiB
1, 90 %, 35 %, 3781 MiB
2, 0 %, 0 %, 0 MiB
3, 0 %, 0 %, 0 MiB
0, 61 %, 22 %, 4203 MiB
1, 91 %, 29 %, 3781 MiB
2, 0 %, 0 %, 0 MiB
3, 0 %, 0 %, 0 MiB
0, 53 %, 20 %, 4203 MiB
1, 54 %, 20 %, 3781 MiB
2, 0 %, 0 %, 0 MiB
3, 0 %, 0 %, 0 MiB
0, 87 %, 34 %, 4203 MiB
1, 54 %, 22 %, 3781 MiB
2, 0 %, 0 %, 0 MiB
3, 0 %, 0 %, 0 MiB
0, 93 %, 34 %, 4203 MiB
1, 92 %, 35 %, 3781 MiB
2, 0 %, 0 %, 0 MiB
3, 0 %, 0 %, 0 MiB
0, 59 %, 22 %, 4203 MiB
1, 85 %, 27 %, 3781 MiB
2, 0 %, 0 %, 0 MiB
3, 0 %, 0 %, 0 MiB
0, 55 %, 21 %, 4203 MiB
1, 53 %, 18 %, 3781 MiB
2, 0 %, 0 %, 0 MiB
3, 0 %, 0 %, 0 MiB
0, 91 %, 35 %, 4203 MiB
1, 66 %, 27 %, 3781 MiB
2, 0 %, 0 %, 0 MiB
3, 0 %, 0 %, 0 MiB
0, 91 %, 31 %, 4203 MiB
1, 96 %, 36 %, 3781 MiB
2, 0 %, 0 %, 0 MiB
3, 0 %, 0 %, 0 MiB
0, 92 %, 31 %, 4203 MiB
1, 96 %, 36 %, 3781 MiB
2, 0 %, 0 %, 0 MiB
3, 0 %, 0 %, 0 MiB
0, 56 %, 22 %, 4203 MiB
1, 70 %, 22 %, 3781 MiB
2, 0 %, 0 %, 0 MiB
3, 0 %, 0 %, 0 MiB
0, 57 %, 24 %, 4203 MiB
1, 53 %, 18 %, 3781 MiB
2, 0 %, 0 %, 0 MiB
3, 0 %, 0 %, 0 MiB
0, 93 %, 35 %, 4203 MiB
1, 74 %, 30 %, 3781 MiB
2, 0 %, 0 %, 0 MiB
3, 0 %, 0 %, 0 MiB
0, 83 %, 28 %, 4203 MiB
1, 96 %, 34 %, 3781 MiB
2, 0 %, 0 %, 0 MiB
3, 0 %, 0 %, 0 MiB
0, 56 %, 21 %, 4203 MiB
1, 61 %, 19 %, 3781 MiB
2, 0 %, 0 %, 0 MiB
3, 0 %, 0 %, 0 MiB
0, 68 %, 27 %, 4203 MiB
1, 48 %, 18 %, 3781 MiB
2, 0 %, 0 %, 0 MiB
3, 0 %, 0 %, 0 MiB
0, 65 %, 27 %, 4203 MiB
1, 49 %, 17 %, 3781 MiB
2, 0 %, 0 %, 0 MiB
3, 0 %, 0 %, 0 MiB
0, 96 %, 37 %, 4203 MiB
1, 82 %, 32 %, 3781 MiB
2, 0 %, 0 %, 0 MiB
3, 0 %, 0 %, 0 MiB
0, 76 %, 26 %, 4203 MiB
1, 90 %, 31 %, 3781 MiB
2, 0 %, 0 %, 0 MiB
3, 0 %, 0 %, 0 MiB
0, 56 %, 21 %, 4203 MiB
1, 57 %, 18 %, 3781 MiB
2, 0 %, 0 %, 0 MiB
3, 0 %, 0 %, 0 MiB
0, 69 %, 28 %, 4203 MiB
1, 49 %, 18 %, 3781 MiB
2, 0 %, 0 %, 0 MiB
3, 0 %, 0 %, 0 MiB
0, 96 %, 35 %, 4203 MiB
1, 87 %, 34 %, 3781 MiB
2, 0 %, 0 %, 0 MiB
3, 0 %, 0 %, 0 MiB
0, 66 %, 22 %, 4203 MiB
1, 92 %, 31 %, 3781 MiB
2, 0 %, 0 %, 0 MiB
3, 0 %, 0 %, 0 MiB
0, 48 %, 17 %, 4203 MiB
1, 48 %, 15 %, 3781 MiB
2, 0 %, 0 %, 0 MiB
3, 0 %, 0 %, 0 MiB
0, 68 %, 28 %, 4203 MiB
1, 51 %, 17 %, 3781 MiB
2, 0 %, 0 %, 0 MiB
3, 0 %, 0 %, 0 MiB
0, 96 %, 36 %, 4203 MiB
1, 79 %, 31 %, 3781 MiB
2, 0 %, 0 %, 0 MiB
3, 0 %, 0 %, 0 MiB
0, 71 %, 24 %, 4203 MiB
1, 90 %, 31 %, 3781 MiB
2, 0 %, 0 %, 0 MiB
3, 0 %, 0 %, 0 MiB
0, 56 %, 20 %, 4203 MiB
1, 56 %, 18 %, 3781 MiB
2, 0 %, 0 %, 0 MiB
3, 0 %, 0 %, 0 MiB
0, 78 %, 31 %, 4203 MiB
1, 54 %, 20 %, 3781 MiB
2, 0 %, 0 %, 0 MiB
3, 0 %, 0 %, 0 MiB
0, 76 %, 30 %, 4203 MiB
1, 55 %, 21 %, 3781 MiB
2, 0 %, 0 %, 0 MiB
3, 0 %, 0 %, 0 MiB
0, 95 %, 35 %, 4203 MiB
1, 92 %, 35 %, 3781 MiB
2, 0 %, 0 %, 0 MiB
3, 0 %, 0 %, 0 MiB
0, 65 %, 22 %, 4203 MiB
1, 92 %, 29 %, 3781 MiB
2, 0 %, 0 %, 0 MiB
3, 0 %, 0 %, 0 MiB
0, 53 %, 20 %, 4203 MiB
1, 54 %, 20 %, 3781 MiB
2, 0 %, 0 %, 0 MiB
3, 0 %, 0 %, 0 MiB
0, 80 %, 32 %, 4203 MiB
1, 56 %, 22 %, 3781 MiB
2, 0 %, 0 %, 0 MiB
3, 0 %, 0 %, 0 MiB
0, 95 %, 35 %, 4203 MiB
1, 91 %, 35 %, 3781 MiB
2, 0 %, 0 %, 0 MiB
3, 0 %, 0 %, 0 MiB
0, 62 %, 21 %, 4203 MiB
1, 88 %, 28 %, 3781 MiB
2, 0 %, 0 %, 0 MiB
3, 0 %, 0 %, 0 MiB
0, 72 %, 25 %, 4203 MiB
1, 90 %, 31 %, 3781 MiB
2, 0 %, 0 %, 0 MiB
3, 0 %, 0 %, 0 MiB
0, 55 %, 20 %, 4203 MiB
1, 57 %, 19 %, 3781 MiB
2, 0 %, 0 %, 0 MiB
3, 0 %, 0 %, 0 MiB
0, 79 %, 27 %, 4203 MiB
1, 52 %, 20 %, 3781 MiB
2, 0 %, 0 %, 0 MiB
3, 0 %, 0 %, 0 MiB
0, 56 %, 21 %, 4203 MiB
1, 90 %, 35 %, 3781 MiB
2, 0 %, 0 %, 0 MiB
3, 0 %, 0 %, 0 MiB
0, 69 %, 28 %, 4203 MiB
1, 92 %, 30 %, 3781 MiB
2, 0 %, 0 %, 0 MiB
3, 0 %, 0 %, 0 MiB
0, 96 %, 36 %, 4203 MiB
1, 54 %, 20 %, 3781 MiB
2, 0 %, 0 %, 0 MiB
3, 0 %, 0 %, 0 MiB
0, 69 %, 23 %, 4203 MiB
1, 57 %, 23 %, 3781 MiB
2, 0 %, 0 %, 0 MiB
3, 0 %, 0 %, 0 MiB
0, 45 %, 16 %, 4203 MiB
1, 87 %, 34 %, 3781 MiB
2, 0 %, 0 %, 0 MiB
3, 0 %, 0 %, 0 MiB
0, 66 %, 27 %, 4203 MiB
1, 91 %, 31 %, 3781 MiB
2, 0 %, 0 %, 0 MiB
3, 0 %, 0 %, 0 MiB
0, 96 %, 36 %, 4203 MiB
1, 56 %, 19 %, 3781 MiB
2, 0 %, 0 %, 0 MiB
3, 0 %, 0 %, 0 MiB
0, 69 %, 24 %, 4203 MiB
1, 56 %, 21 %, 3781 MiB
2, 0 %, 0 %, 0 MiB
3, 0 %, 0 %, 0 MiB
0, 56 %, 20 %, 4203 MiB
1, 92 %, 36 %, 3781 MiB
2, 0 %, 0 %, 0 MiB
3, 0 %, 0 %, 0 MiB
0, 79 %, 31 %, 4203 MiB
1, 90 %, 29 %, 3781 MiB
2, 0 %, 0 %, 0 MiB
3, 0 %, 0 %, 0 MiB
0, 73 %, 29 %, 4203 MiB
1, 92 %, 30 %, 3781 MiB
2, 0 %, 0 %, 0 MiB
3, 0 %, 0 %, 0 MiB
0, 96 %, 35 %, 4203 MiB
1, 54 %, 20 %, 3781 MiB
2, 0 %, 0 %, 0 MiB
3, 0 %, 0 %, 0 MiB
0, 67 %, 23 %, 4203 MiB
1, 56 %, 23 %, 3781 MiB
2, 0 %, 0 %, 0 MiB
3, 0 %, 0 %, 0 MiB
0, 53 %, 20 %, 4203 MiB
1, 94 %, 35 %, 3781 MiB
2, 0 %, 0 %, 0 MiB
3, 0 %, 0 %, 0 MiB
0, 79 %, 31 %, 4203 MiB
1, 83 %, 26 %, 3781 MiB
2, 0 %, 0 %, 0 MiB
3, 0 %, 0 %, 0 MiB
0, 94 %, 34 %, 4203 MiB
1, 52 %, 18 %, 3781 MiB
2, 0 %, 0 %, 0 MiB
3, 0 %, 0 %, 0 MiB
0, 61 %, 22 %, 4203 MiB
1, 64 %, 26 %, 3781 MiB
2, 0 %, 0 %, 0 MiB
3, 0 %, 0 %, 0 MiB
0, 62 %, 21 %, 4203 MiB
1, 61 %, 25 %, 3781 MiB
2, 0 %, 0 %, 0 MiB
3, 0 %, 0 %, 0 MiB
0, 52 %, 20 %, 4203 MiB
1, 97 %, 37 %, 3781 MiB
2, 0 %, 0 %, 0 MiB
3, 0 %, 0 %, 0 MiB
0, 89 %, 34 %, 4203 MiB
1, 72 %, 23 %, 3781 MiB
2, 0 %, 0 %, 0 MiB
3, 0 %, 0 %, 0 MiB
0, 96 %, 33 %, 4203 MiB
1, 52 %, 18 %, 3781 MiB
2, 0 %, 0 %, 0 MiB
3, 0 %, 0 %, 0 MiB
0, 59 %, 23 %, 4203 MiB
1, 73 %, 29 %, 3781 MiB
2, 0 %, 0 %, 0 MiB
3, 0 %, 0 %, 0 MiB
0, 56 %, 23 %, 4203 MiB
1, 96 %, 34 %, 3781 MiB
2, 0 %, 0 %, 0 MiB
3, 0 %, 0 %, 0 MiB
0, 92 %, 35 %, 4203 MiB
1, 61 %, 19 %, 3781 MiB
2, 0 %, 0 %, 0 MiB
3, 0 %, 0 %, 0 MiB
0, 91 %, 31 %, 4203 MiB
1, 52 %, 17 %, 3781 MiB
2, 0 %, 0 %, 0 MiB
3, 0 %, 0 %, 0 MiB
0, 57 %, 22 %, 4203 MiB
1, 80 %, 32 %, 3781 MiB
2, 0 %, 0 %, 0 MiB
3, 0 %, 0 %, 0 MiB
0, 58 %, 24 %, 4203 MiB
1, 90 %, 31 %, 3781 MiB
2, 0 %, 0 %, 0 MiB
3, 0 %, 0 %, 0 MiB
0, 95 %, 36 %, 4203 MiB
1, 77 %, 30 %, 3781 MiB
2, 0 %, 0 %, 0 MiB
3, 0 %, 0 %, 0 MiB
0, 76 %, 26 %, 4203 MiB
1, 93 %, 32 %, 3781 MiB
2, 0 %, 0 %, 0 MiB
3, 0 %, 0 %, 0 MiB
0, 56 %, 21 %, 4203 MiB
1, 61 %, 19 %, 3781 MiB
2, 0 %, 0 %, 0 MiB
3, 0 %, 0 %, 0 MiB
0, 56 %, 21 %, 4203 MiB
1, 63 %, 20 %, 3781 MiB
2, 0 %, 0 %, 0 MiB
3, 0 %, 0 %, 0 MiB
0, 69 %, 28 %, 4203 MiB
1, 51 %, 17 %, 3781 MiB
2, 0 %, 0 %, 0 MiB
3, 0 %, 0 %, 0 MiB
0, 96 %, 36 %, 4203 MiB
1, 81 %, 32 %, 3781 MiB
2, 0 %, 0 %, 0 MiB
3, 0 %, 0 %, 0 MiB
0, 71 %, 24 %, 4203 MiB
1, 89 %, 31 %, 3781 MiB
2, 0 %, 0 %, 0 MiB
3, 0 %, 0 %, 0 MiB
0, 57 %, 20 %, 4203 MiB
1, 56 %, 19 %, 3781 MiB
2, 0 %, 0 %, 0 MiB
3, 0 %, 0 %, 0 MiB
0, 79 %, 31 %, 4203 MiB
1, 56 %, 22 %, 3781 MiB
2, 0 %, 0 %, 0 MiB
3, 0 %, 0 %, 0 MiB
0, 96 %, 35 %, 4203 MiB
1, 91 %, 35 %, 3781 MiB
2, 0 %, 0 %, 0 MiB
3, 0 %, 0 %, 0 MiB
0, 96 %, 34 %, 4203 MiB
1, 91 %, 36 %, 3781 MiB
2, 0 %, 0 %, 0 MiB
3, 0 %, 0 %, 0 MiB
0, 64 %, 22 %, 4203 MiB
1, 91 %, 29 %, 3781 MiB
2, 0 %, 0 %, 0 MiB
3, 0 %, 0 %, 0 MiB
0, 53 %, 20 %, 4203 MiB
1, 55 %, 21 %, 3781 MiB
2, 0 %, 0 %, 0 MiB
3, 0 %, 0 %, 0 MiB
0, 84 %, 33 %, 4203 MiB
1, 57 %, 23 %, 3781 MiB
2, 0 %, 0 %, 0 MiB
3, 0 %, 0 %, 0 MiB
0, 93 %, 34 %, 4203 MiB
1, 94 %, 35 %, 3781 MiB
2, 0 %, 0 %, 0 MiB
3, 0 %, 0 %, 0 MiB
0, 61 %, 23 %, 4203 MiB
1, 83 %, 26 %, 3781 MiB
2, 0 %, 0 %, 0 MiB
3, 0 %, 0 %, 0 MiB
0, 54 %, 20 %, 4203 MiB
1, 52 %, 19 %, 3781 MiB
2, 0 %, 0 %, 0 MiB
3, 0 %, 0 %, 0 MiB
0, 75 %, 30 %, 4203 MiB
1, 54 %, 20 %, 3781 MiB
2, 0 %, 0 %, 0 MiB
3, 0 %, 0 %, 0 MiB
0, 96 %, 35 %, 4203 MiB
1, 90 %, 35 %, 3781 MiB
2, 0 %, 0 %, 0 MiB
3, 0 %, 0 %, 0 MiB
0, 67 %, 23 %, 4203 MiB
1, 92 %, 30 %, 3781 MiB
2, 0 %, 0 %, 0 MiB
3, 0 %, 0 %, 0 MiB
0, 53 %, 20 %, 4203 MiB
1, 54 %, 20 %, 3781 MiB
2, 0 %, 0 %, 0 MiB
3, 0 %, 0 %, 0 MiB
0, 81 %, 32 %, 4203 MiB
1, 56 %, 22 %, 3781 MiB
2, 0 %, 0 %, 0 MiB
3, 0 %, 0 %, 0 MiB
0, 93 %, 34 %, 4203 MiB
1, 91 %, 35 %, 3781 MiB
2, 0 %, 0 %, 0 MiB
3, 0 %, 0 %, 0 MiB
0, 96 %, 35 %, 4203 MiB
1, 89 %, 34 %, 3781 MiB
2, 0 %, 0 %, 0 MiB
3, 0 %, 0 %, 0 MiB
0, 62 %, 21 %, 4203 MiB
1, 92 %, 31 %, 3781 MiB
2, 0 %, 0 %, 0 MiB
3, 0 %, 0 %, 0 MiB
0, 52 %, 20 %, 4203 MiB
1, 54 %, 19 %, 3781 MiB
2, 0 %, 0 %, 0 MiB
3, 0 %, 0 %, 0 MiB
0, 88 %, 34 %, 4203 MiB
1, 57 %, 22 %, 3781 MiB
2, 0 %, 0 %, 0 MiB
3, 0 %, 0 %, 0 MiB
0, 96 %, 33 %, 4203 MiB
1, 93 %, 36 %, 3781 MiB
2, 0 %, 0 %, 0 MiB
3, 0 %, 0 %, 0 MiB
0, 58 %, 23 %, 4203 MiB
1, 80 %, 25 %, 3781 MiB
2, 0 %, 0 %, 0 MiB
3, 0 %, 0 %, 0 MiB
0, 10 %, 4 %, 4203 MiB
1, 29 %, 6 %, 3781 MiB
2, 0 %, 0 %, 0 MiB
3, 0 %, 0 %, 0 MiB
0, 53 %, 20 %, 4203 MiB
1, 52 %, 18 %, 3781 MiB
2, 0 %, 0 %, 0 MiB
3, 0 %, 0 %, 0 MiB
0, 90 %, 35 %, 4203 MiB
1, 61 %, 25 %, 3781 MiB
2, 0 %, 0 %, 0 MiB
3, 0 %, 0 %, 0 MiB
0, 95 %, 32 %, 4203 MiB
1, 96 %, 36 %, 3781 MiB
2, 0 %, 0 %, 0 MiB
3, 0 %, 0 %, 0 MiB
0, 58 %, 23 %, 4203 MiB
1, 73 %, 23 %, 3781 MiB
2, 0 %, 0 %, 0 MiB
3, 0 %, 0 %, 0 MiB
0, 0 %, 0 %, 4205 MiB
1, 0 %, 0 %, 3783 MiB
2, 0 %, 0 %, 0 MiB
3, 0 %, 0 %, 0 MiB
0, 0 %, 0 %, 4205 MiB
1, 0 %, 0 %, 3783 MiB
2, 0 %, 0 %, 0 MiB
3, 0 %, 0 %, 0 MiB
0, 0 %, 0 %, 4205 MiB
1, 0 %, 0 %, 3783 MiB
2, 0 %, 0 %, 0 MiB
3, 0 %, 0 %, 0 MiB
0, 50 %, 3 %, 7847 MiB
1, 10 %, 1 %, 7137 MiB
2, 0 %, 0 %, 0 MiB
3, 0 %, 0 %, 0 MiB
0, 100 %, 51 %, 10911 MiB
1, 100 %, 51 %, 10201 MiB
2, 0 %, 0 %, 0 MiB
3, 0 %, 0 %, 0 MiB
0, 100 %, 68 %, 10911 MiB
1, 100 %, 71 %, 10201 MiB
2, 0 %, 0 %, 0 MiB
3, 0 %, 0 %, 0 MiB
0, 100 %, 51 %, 10911 MiB
1, 100 %, 51 %, 10201 MiB
2, 0 %, 0 %, 0 MiB
3, 0 %, 0 %, 0 MiB
0, 82 %, 60 %, 10911 MiB
1, 60 %, 34 %, 10201 MiB
2, 0 %, 0 %, 0 MiB
3, 0 %, 0 %, 0 MiB
0, 100 %, 51 %, 10911 MiB
1, 100 %, 52 %, 10201 MiB
2, 0 %, 0 %, 0 MiB
3, 0 %, 0 %, 0 MiB
0, 0 %, 0 %, 10911 MiB
1, 0 %, 0 %, 10201 MiB
2, 0 %, 0 %, 0 MiB
3, 0 %, 0 %, 0 MiB
0, 100 %, 51 %, 10911 MiB
1, 100 %, 52 %, 10201 MiB
2, 0 %, 0 %, 0 MiB
3, 0 %, 0 %, 0 MiB
0, 0 %, 0 %, 10911 MiB
1, 0 %, 0 %, 10201 MiB
2, 0 %, 0 %, 0 MiB
3, 0 %, 0 %, 0 MiB
0, 100 %, 51 %, 10911 MiB
1, 100 %, 51 %, 10201 MiB
2, 0 %, 0 %, 0 MiB
3, 0 %, 0 %, 0 MiB
0, 59 %, 25 %, 10911 MiB
1, 0 %, 0 %, 10201 MiB
2, 0 %, 0 %, 0 MiB
3, 0 %, 0 %, 0 MiB
0, 100 %, 69 %, 10911 MiB
1, 100 %, 65 %, 10201 MiB
2, 0 %, 0 %, 0 MiB
3, 0 %, 0 %, 0 MiB
0, 100 %, 46 %, 10911 MiB
1, 81 %, 35 %, 10201 MiB
2, 0 %, 0 %, 0 MiB
3, 0 %, 0 %, 0 MiB
0, 100 %, 72 %, 10911 MiB
1, 100 %, 67 %, 10201 MiB
2, 0 %, 0 %, 0 MiB
3, 0 %, 0 %, 0 MiB
0, 100 %, 52 %, 10911 MiB
1, 100 %, 51 %, 10201 MiB
2, 0 %, 0 %, 0 MiB
3, 0 %, 0 %, 0 MiB
0, 100 %, 77 %, 10911 MiB
1, 100 %, 71 %, 10201 MiB
2, 0 %, 0 %, 0 MiB
3, 0 %, 0 %, 0 MiB
0, 100 %, 51 %, 10911 MiB
1, 100 %, 51 %, 10201 MiB
2, 0 %, 0 %, 0 MiB
3, 0 %, 0 %, 0 MiB
0, 74 %, 23 %, 10911 MiB
1, 80 %, 57 %, 10201 MiB
2, 0 %, 0 %, 0 MiB
3, 0 %, 0 %, 0 MiB
0, 100 %, 51 %, 10911 MiB
1, 100 %, 51 %, 10201 MiB
2, 0 %, 0 %, 0 MiB
3, 0 %, 0 %, 0 MiB
0, 74 %, 23 %, 10911 MiB
1, 79 %, 57 %, 10201 MiB
2, 0 %, 0 %, 0 MiB
3, 0 %, 0 %, 0 MiB
0, 100 %, 51 %, 10911 MiB
1, 100 %, 51 %, 10201 MiB
2, 0 %, 0 %, 0 MiB
3, 0 %, 0 %, 0 MiB
0, 0 %, 0 %, 10911 MiB
1, 0 %, 0 %, 10201 MiB
2, 0 %, 0 %, 0 MiB
3, 0 %, 0 %, 0 MiB
