index, utilization.gpu [%], utilization.memory [%], memory.used [MiB]
0, 0 %, 0 %, 0 MiB
1, 0 %, 0 %, 0 MiB
2, 0 %, 0 %, 0 MiB
3, 0 %, 0 %, 0 MiB
0, 0 %, 0 %, 0 MiB
1, 0 %, 0 %, 0 MiB
2, 0 %, 0 %, 0 MiB
3, 0 %, 0 %, 0 MiB
0, 0 %, 0 %, 0 MiB
1, 0 %, 0 %, 0 MiB
2, 0 %, 0 %, 0 MiB
3, 0 %, 0 %, 0 MiB
0, 0 %, 0 %, 0 MiB
1, 0 %, 0 %, 0 MiB
2, 0 %, 0 %, 0 MiB
3, 0 %, 0 %, 0 MiB
0, 0 %, 0 %, 3 MiB
1, 0 %, 0 %, 0 MiB
2, 0 %, 0 %, 0 MiB
3, 0 %, 0 %, 0 MiB
0, 0 %, 0 %, 3 MiB
1, 0 %, 0 %, 0 MiB
2, 0 %, 0 %, 0 MiB
3, 0 %, 0 %, 0 MiB
0, 0 %, 0 %, 11 MiB
1, 0 %, 0 %, 0 MiB
2, 0 %, 0 %, 0 MiB
3, 0 %, 0 %, 0 MiB
0, 9 %, 3 %, 1213 MiB
1, 0 %, 0 %, 0 MiB
2, 0 %, 0 %, 0 MiB
3, 0 %, 0 %, 0 MiB
0, 100 %, 44 %, 4399 MiB
1, 0 %, 0 %, 0 MiB
2, 0 %, 0 %, 0 MiB
3, 0 %, 0 %, 0 MiB
0, 85 %, 38 %, 4399 MiB
1, 0 %, 0 %, 0 MiB
2, 0 %, 0 %, 0 MiB
3, 0 %, 0 %, 0 MiB
0, 91 %, 40 %, 4399 MiB
1, 0 %, 0 %, 0 MiB
2, 0 %, 0 %, 0 MiB
3, 0 %, 0 %, 0 MiB
0, 49 %, 23 %, 4399 MiB
1, 0 %, 0 %, 0 MiB
2, 0 %, 0 %, 0 MiB
3, 0 %, 0 %, 0 MiB
0, 55 %, 25 %, 4399 MiB
1, 0 %, 0 %, 0 MiB
2, 0 %, 0 %, 0 MiB
3, 0 %, 0 %, 0 MiB
0, 100 %, 49 %, 4399 MiB
1, 0 %, 0 %, 0 MiB
2, 0 %, 0 %, 0 MiB
3, 0 %, 0 %, 0 MiB
0, 74 %, 35 %, 4399 MiB
1, 0 %, 0 %, 0 MiB
2, 0 %, 0 %, 0 MiB
3, 0 %, 0 %, 0 MiB
0, 50 %, 26 %, 4399 MiB
1, 0 %, 0 %, 0 MiB
2, 0 %, 0 %, 0 MiB
3, 0 %, 0 %, 0 MiB
0, 63 %, 29 %, 4399 MiB
1, 0 %, 0 %, 0 MiB
2, 0 %, 0 %, 0 MiB
3, 0 %, 0 %, 0 MiB
0, 62 %, 32 %, 4399 MiB
1, 0 %, 0 %, 0 MiB
2, 0 %, 0 %, 0 MiB
3, 0 %, 0 %, 0 MiB
0, 57 %, 29 %, 4399 MiB
1, 0 %, 0 %, 0 MiB
2, 0 %, 0 %, 0 MiB
3, 0 %, 0 %, 0 MiB
0, 63 %, 31 %, 4399 MiB
1, 0 %, 0 %, 0 MiB
2, 0 %, 0 %, 0 MiB
3, 0 %, 0 %, 0 MiB
0, 62 %, 30 %, 4399 MiB
1, 0 %, 0 %, 0 MiB
2, 0 %, 0 %, 0 MiB
3, 0 %, 0 %, 0 MiB
0, 66 %, 32 %, 4399 MiB
1, 0 %, 0 %, 0 MiB
2, 0 %, 0 %, 0 MiB
3, 0 %, 0 %, 0 MiB
0, 94 %, 44 %, 4399 MiB
1, 0 %, 0 %, 0 MiB
2, 0 %, 0 %, 0 MiB
3, 0 %, 0 %, 0 MiB
0, 94 %, 43 %, 4399 MiB
1, 0 %, 0 %, 0 MiB
2, 0 %, 0 %, 0 MiB
3, 0 %, 0 %, 0 MiB
0, 79 %, 37 %, 4399 MiB
1, 0 %, 0 %, 0 MiB
2, 0 %, 0 %, 0 MiB
3, 0 %, 0 %, 0 MiB
0, 50 %, 23 %, 4399 MiB
1, 0 %, 0 %, 0 MiB
2, 0 %, 0 %, 0 MiB
3, 0 %, 0 %, 0 MiB
0, 50 %, 20 %, 4399 MiB
1, 0 %, 0 %, 0 MiB
2, 0 %, 0 %, 0 MiB
3, 0 %, 0 %, 0 MiB
0, 76 %, 33 %, 4399 MiB
1, 0 %, 0 %, 0 MiB
2, 0 %, 0 %, 0 MiB
3, 0 %, 0 %, 0 MiB
0, 77 %, 36 %, 4399 MiB
1, 0 %, 0 %, 0 MiB
2, 0 %, 0 %, 0 MiB
3, 0 %, 0 %, 0 MiB
0, 63 %, 31 %, 4399 MiB
1, 0 %, 0 %, 0 MiB
2, 0 %, 0 %, 0 MiB
3, 0 %, 0 %, 0 MiB
0, 50 %, 27 %, 4399 MiB
1, 0 %, 0 %, 0 MiB
2, 0 %, 0 %, 0 MiB
3, 0 %, 0 %, 0 MiB
0, 57 %, 26 %, 4399 MiB
1, 0 %, 0 %, 0 MiB
2, 0 %, 0 %, 0 MiB
3, 0 %, 0 %, 0 MiB
0, 74 %, 33 %, 4399 MiB
1, 0 %, 0 %, 0 MiB
2, 0 %, 0 %, 0 MiB
3, 0 %, 0 %, 0 MiB
0, 68 %, 30 %, 4399 MiB
1, 0 %, 0 %, 0 MiB
2, 0 %, 0 %, 0 MiB
3, 0 %, 0 %, 0 MiB
0, 93 %, 43 %, 4399 MiB
1, 0 %, 0 %, 0 MiB
2, 0 %, 0 %, 0 MiB
3, 0 %, 0 %, 0 MiB
0, 59 %, 28 %, 4399 MiB
1, 0 %, 0 %, 0 MiB
2, 0 %, 0 %, 0 MiB
3, 0 %, 0 %, 0 MiB
0, 50 %, 26 %, 4399 MiB
1, 0 %, 0 %, 0 MiB
2, 0 %, 0 %, 0 MiB
3, 0 %, 0 %, 0 MiB
0, 59 %, 27 %, 4399 MiB
1, 0 %, 0 %, 0 MiB
2, 0 %, 0 %, 0 MiB
3, 0 %, 0 %, 0 MiB
0, 62 %, 29 %, 4399 MiB
1, 0 %, 0 %, 0 MiB
2, 0 %, 0 %, 0 MiB
3, 0 %, 0 %, 0 MiB
0, 69 %, 31 %, 4399 MiB
1, 0 %, 0 %, 0 MiB
2, 0 %, 0 %, 0 MiB
3, 0 %, 0 %, 0 MiB
0, 100 %, 49 %, 4399 MiB
1, 0 %, 0 %, 0 MiB
2, 0 %, 0 %, 0 MiB
3, 0 %, 0 %, 0 MiB
0, 76 %, 36 %, 4399 MiB
1, 0 %, 0 %, 0 MiB
2, 0 %, 0 %, 0 MiB
3, 0 %, 0 %, 0 MiB
0, 50 %, 25 %, 4399 MiB
1, 0 %, 0 %, 0 MiB
2, 0 %, 0 %, 0 MiB
3, 0 %, 0 %, 0 MiB
0, 61 %, 28 %, 4399 MiB
1, 0 %, 0 %, 0 MiB
2, 0 %, 0 %, 0 MiB
3, 0 %, 0 %, 0 MiB
0, 69 %, 31 %, 4399 MiB
1, 0 %, 0 %, 0 MiB
2, 0 %, 0 %, 0 MiB
3, 0 %, 0 %, 0 MiB
0, 100 %, 49 %, 4399 MiB
1, 0 %, 0 %, 0 MiB
2, 0 %, 0 %, 0 MiB
3, 0 %, 0 %, 0 MiB
0, 100 %, 48 %, 4399 MiB
1, 0 %, 0 %, 0 MiB
2, 0 %, 0 %, 0 MiB
3, 0 %, 0 %, 0 MiB
0, 56 %, 26 %, 4399 MiB
1, 0 %, 0 %, 0 MiB
2, 0 %, 0 %, 0 MiB
3, 0 %, 0 %, 0 MiB
0, 60 %, 31 %, 4399 MiB
1, 0 %, 0 %, 0 MiB
2, 0 %, 0 %, 0 MiB
3, 0 %, 0 %, 0 MiB
0, 41 %, 21 %, 4399 MiB
1, 0 %, 0 %, 0 MiB
2, 0 %, 0 %, 0 MiB
3, 0 %, 0 %, 0 MiB
0, 68 %, 30 %, 4399 MiB
1, 0 %, 0 %, 0 MiB
2, 0 %, 0 %, 0 MiB
3, 0 %, 0 %, 0 MiB
0, 100 %, 49 %, 4399 MiB
1, 0 %, 0 %, 0 MiB
2, 0 %, 0 %, 0 MiB
3, 0 %, 0 %, 0 MiB
0, 82 %, 37 %, 4399 MiB
1, 0 %, 0 %, 0 MiB
2, 0 %, 0 %, 0 MiB
3, 0 %, 0 %, 0 MiB
0, 50 %, 23 %, 4399 MiB
1, 0 %, 0 %, 0 MiB
2, 0 %, 0 %, 0 MiB
3, 0 %, 0 %, 0 MiB
0, 50 %, 21 %, 4399 MiB
1, 0 %, 0 %, 0 MiB
2, 0 %, 0 %, 0 MiB
3, 0 %, 0 %, 0 MiB
0, 73 %, 33 %, 4399 MiB
1, 0 %, 0 %, 0 MiB
2, 0 %, 0 %, 0 MiB
3, 0 %, 0 %, 0 MiB
0, 81 %, 37 %, 4399 MiB
1, 0 %, 0 %, 0 MiB
2, 0 %, 0 %, 0 MiB
3, 0 %, 0 %, 0 MiB
0, 52 %, 25 %, 4399 MiB
1, 0 %, 0 %, 0 MiB
2, 0 %, 0 %, 0 MiB
3, 0 %, 0 %, 0 MiB
0, 52 %, 26 %, 4399 MiB
1, 0 %, 0 %, 0 MiB
2, 0 %, 0 %, 0 MiB
3, 0 %, 0 %, 0 MiB
0, 56 %, 26 %, 4399 MiB
1, 0 %, 0 %, 0 MiB
2, 0 %, 0 %, 0 MiB
3, 0 %, 0 %, 0 MiB
0, 91 %, 41 %, 4399 MiB
1, 0 %, 0 %, 0 MiB
2, 0 %, 0 %, 0 MiB
3, 0 %, 0 %, 0 MiB
0, 89 %, 40 %, 4399 MiB
1, 0 %, 0 %, 0 MiB
2, 0 %, 0 %, 0 MiB
3, 0 %, 0 %, 0 MiB
0, 62 %, 30 %, 4399 MiB
1, 0 %, 0 %, 0 MiB
2, 0 %, 0 %, 0 MiB
3, 0 %, 0 %, 0 MiB
0, 50 %, 27 %, 4399 MiB
1, 0 %, 0 %, 0 MiB
2, 0 %, 0 %, 0 MiB
3, 0 %, 0 %, 0 MiB
0, 50 %, 21 %, 4399 MiB
1, 0 %, 0 %, 0 MiB
2, 0 %, 0 %, 0 MiB
3, 0 %, 0 %, 0 MiB
0, 81 %, 35 %, 4399 MiB
1, 0 %, 0 %, 0 MiB
2, 0 %, 0 %, 0 MiB
3, 0 %, 0 %, 0 MiB
0, 92 %, 40 %, 4399 MiB
1, 0 %, 0 %, 0 MiB
2, 0 %, 0 %, 0 MiB
3, 0 %, 0 %, 0 MiB
0, 58 %, 27 %, 4399 MiB
1, 0 %, 0 %, 0 MiB
2, 0 %, 0 %, 0 MiB
3, 0 %, 0 %, 0 MiB
0, 49 %, 25 %, 4399 MiB
1, 0 %, 0 %, 0 MiB
2, 0 %, 0 %, 0 MiB
3, 0 %, 0 %, 0 MiB
0, 62 %, 28 %, 4399 MiB
1, 0 %, 0 %, 0 MiB
2, 0 %, 0 %, 0 MiB
3, 0 %, 0 %, 0 MiB
0, 96 %, 45 %, 4399 MiB
1, 0 %, 0 %, 0 MiB
2, 0 %, 0 %, 0 MiB
3, 0 %, 0 %, 0 MiB
0, 57 %, 26 %, 4399 MiB
1, 0 %, 0 %, 0 MiB
2, 0 %, 0 %, 0 MiB
3, 0 %, 0 %, 0 MiB
0, 50 %, 25 %, 4399 MiB
1, 0 %, 0 %, 0 MiB
2, 0 %, 0 %, 0 MiB
3, 0 %, 0 %, 0 MiB
0, 61 %, 28 %, 4399 MiB
1, 0 %, 0 %, 0 MiB
2, 0 %, 0 %, 0 MiB
3, 0 %, 0 %, 0 MiB
0, 96 %, 45 %, 4399 MiB
1, 0 %, 0 %, 0 MiB
2, 0 %, 0 %, 0 MiB
3, 0 %, 0 %, 0 MiB
0, 91 %, 40 %, 4399 MiB
1, 0 %, 0 %, 0 MiB
2, 0 %, 0 %, 0 MiB
3, 0 %, 0 %, 0 MiB
0, 74 %, 35 %, 4399 MiB
1, 0 %, 0 %, 0 MiB
2, 0 %, 0 %, 0 MiB
3, 0 %, 0 %, 0 MiB
0, 76 %, 36 %, 4399 MiB
1, 0 %, 0 %, 0 MiB
2, 0 %, 0 %, 0 MiB
3, 0 %, 0 %, 0 MiB
0, 68 %, 33 %, 4399 MiB
1, 0 %, 0 %, 0 MiB
2, 0 %, 0 %, 0 MiB
3, 0 %, 0 %, 0 MiB
0, 79 %, 37 %, 4399 MiB
1, 0 %, 0 %, 0 MiB
2, 0 %, 0 %, 0 MiB
3, 0 %, 0 %, 0 MiB
0, 91 %, 40 %, 4399 MiB
1, 0 %, 0 %, 0 MiB
2, 0 %, 0 %, 0 MiB
3, 0 %, 0 %, 0 MiB
0, 100 %, 48 %, 4399 MiB
1, 0 %, 0 %, 0 MiB
2, 0 %, 0 %, 0 MiB
3, 0 %, 0 %, 0 MiB
0, 95 %, 45 %, 4399 MiB
1, 0 %, 0 %, 0 MiB
2, 0 %, 0 %, 0 MiB
3, 0 %, 0 %, 0 MiB
0, 82 %, 36 %, 4399 MiB
1, 0 %, 0 %, 0 MiB
2, 0 %, 0 %, 0 MiB
3, 0 %, 0 %, 0 MiB
0, 75 %, 33 %, 4399 MiB
1, 0 %, 0 %, 0 MiB
2, 0 %, 0 %, 0 MiB
3, 0 %, 0 %, 0 MiB
0, 62 %, 29 %, 4399 MiB
1, 0 %, 0 %, 0 MiB
2, 0 %, 0 %, 0 MiB
3, 0 %, 0 %, 0 MiB
0, 98 %, 46 %, 4399 MiB
1, 0 %, 0 %, 0 MiB
2, 0 %, 0 %, 0 MiB
3, 0 %, 0 %, 0 MiB
0, 75 %, 36 %, 4399 MiB
1, 0 %, 0 %, 0 MiB
2, 0 %, 0 %, 0 MiB
3, 0 %, 0 %, 0 MiB
0, 51 %, 25 %, 4399 MiB
1, 0 %, 0 %, 0 MiB
2, 0 %, 0 %, 0 MiB
3, 0 %, 0 %, 0 MiB
0, 50 %, 20 %, 4399 MiB
1, 0 %, 0 %, 0 MiB
2, 0 %, 0 %, 0 MiB
3, 0 %, 0 %, 0 MiB
0, 77 %, 34 %, 4399 MiB
1, 0 %, 0 %, 0 MiB
2, 0 %, 0 %, 0 MiB
3, 0 %, 0 %, 0 MiB
0, 78 %, 37 %, 4399 MiB
1, 0 %, 0 %, 0 MiB
2, 0 %, 0 %, 0 MiB
3, 0 %, 0 %, 0 MiB
0, 70 %, 33 %, 4399 MiB
1, 0 %, 0 %, 0 MiB
2, 0 %, 0 %, 0 MiB
3, 0 %, 0 %, 0 MiB
0, 50 %, 25 %, 4399 MiB
1, 0 %, 0 %, 0 MiB
2, 0 %, 0 %, 0 MiB
3, 0 %, 0 %, 0 MiB
0, 56 %, 25 %, 4399 MiB
1, 0 %, 0 %, 0 MiB
2, 0 %, 0 %, 0 MiB
3, 0 %, 0 %, 0 MiB
0, 54 %, 23 %, 4399 MiB
1, 0 %, 0 %, 0 MiB
2, 0 %, 0 %, 0 MiB
3, 0 %, 0 %, 0 MiB
0, 64 %, 29 %, 4399 MiB
1, 0 %, 0 %, 0 MiB
2, 0 %, 0 %, 0 MiB
3, 0 %, 0 %, 0 MiB
0, 70 %, 32 %, 4399 MiB
1, 0 %, 0 %, 0 MiB
2, 0 %, 0 %, 0 MiB
3, 0 %, 0 %, 0 MiB
0, 59 %, 27 %, 4399 MiB
1, 0 %, 0 %, 0 MiB
2, 0 %, 0 %, 0 MiB
3, 0 %, 0 %, 0 MiB
0, 98 %, 47 %, 4399 MiB
1, 0 %, 0 %, 0 MiB
2, 0 %, 0 %, 0 MiB
3, 0 %, 0 %, 0 MiB
0, 75 %, 36 %, 4399 MiB
1, 0 %, 0 %, 0 MiB
2, 0 %, 0 %, 0 MiB
3, 0 %, 0 %, 0 MiB
0, 50 %, 26 %, 4399 MiB
1, 0 %, 0 %, 0 MiB
2, 0 %, 0 %, 0 MiB
3, 0 %, 0 %, 0 MiB
0, 50 %, 20 %, 4399 MiB
1, 0 %, 0 %, 0 MiB
2, 0 %, 0 %, 0 MiB
3, 0 %, 0 %, 0 MiB
0, 79 %, 34 %, 4399 MiB
1, 0 %, 0 %, 0 MiB
2, 0 %, 0 %, 0 MiB
3, 0 %, 0 %, 0 MiB
0, 88 %, 40 %, 4399 MiB
1, 0 %, 0 %, 0 MiB
2, 0 %, 0 %, 0 MiB
3, 0 %, 0 %, 0 MiB
0, 52 %, 25 %, 4399 MiB
1, 0 %, 0 %, 0 MiB
2, 0 %, 0 %, 0 MiB
3, 0 %, 0 %, 0 MiB
0, 56 %, 29 %, 4399 MiB
1, 0 %, 0 %, 0 MiB
2, 0 %, 0 %, 0 MiB
3, 0 %, 0 %, 0 MiB
0, 55 %, 24 %, 4399 MiB
1, 0 %, 0 %, 0 MiB
2, 0 %, 0 %, 0 MiB
3, 0 %, 0 %, 0 MiB
0, 55 %, 28 %, 4399 MiB
1, 0 %, 0 %, 0 MiB
2, 0 %, 0 %, 0 MiB
3, 0 %, 0 %, 0 MiB
0, 0 %, 0 %, 4399 MiB
1, 0 %, 0 %, 0 MiB
2, 0 %, 0 %, 0 MiB
3, 0 %, 0 %, 0 MiB
0, 0 %, 0 %, 4399 MiB
1, 0 %, 0 %, 0 MiB
2, 0 %, 0 %, 0 MiB
3, 0 %, 0 %, 0 MiB
0, 0 %, 0 %, 4399 MiB
1, 0 %, 0 %, 0 MiB
2, 0 %, 0 %, 0 MiB
3, 0 %, 0 %, 0 MiB
0, 98 %, 65 %, 11107 MiB
1, 0 %, 0 %, 0 MiB
2, 0 %, 0 %, 0 MiB
3, 0 %, 0 %, 0 MiB
0, 0 %, 0 %, 11107 MiB
1, 0 %, 0 %, 0 MiB
2, 0 %, 0 %, 0 MiB
3, 0 %, 0 %, 0 MiB
0, 4 %, 2 %, 11107 MiB
1, 0 %, 0 %, 0 MiB
2, 0 %, 0 %, 0 MiB
3, 0 %, 0 %, 0 MiB
0, 0 %, 0 %, 11107 MiB
1, 0 %, 0 %, 0 MiB
2, 0 %, 0 %, 0 MiB
3, 0 %, 0 %, 0 MiB
0, 100 %, 57 %, 11107 MiB
1, 0 %, 0 %, 0 MiB
2, 0 %, 0 %, 0 MiB
3, 0 %, 0 %, 0 MiB
0, 0 %, 0 %, 11107 MiB
1, 0 %, 0 %, 0 MiB
2, 0 %, 0 %, 0 MiB
3, 0 %, 0 %, 0 MiB
0, 100 %, 71 %, 11107 MiB
1, 0 %, 0 %, 0 MiB
2, 0 %, 0 %, 0 MiB
3, 0 %, 0 %, 0 MiB
0, 0 %, 0 %, 11107 MiB
1, 0 %, 0 %, 0 MiB
2, 0 %, 0 %, 0 MiB
3, 0 %, 0 %, 0 MiB
0, 66 %, 21 %, 11107 MiB
1, 0 %, 0 %, 0 MiB
2, 0 %, 0 %, 0 MiB
3, 0 %, 0 %, 0 MiB
0, 0 %, 0 %, 11107 MiB
1, 0 %, 0 %, 0 MiB
2, 0 %, 0 %, 0 MiB
3, 0 %, 0 %, 0 MiB
0, 0 %, 0 %, 11107 MiB
1, 0 %, 0 %, 0 MiB
2, 0 %, 0 %, 0 MiB
3, 0 %, 0 %, 0 MiB
0, 0 %, 0 %, 11107 MiB
1, 0 %, 0 %, 0 MiB
2, 0 %, 0 %, 0 MiB
3, 0 %, 0 %, 0 MiB
0, 0 %, 0 %, 11107 MiB
1, 0 %, 0 %, 0 MiB
2, 0 %, 0 %, 0 MiB
3, 0 %, 0 %, 0 MiB
0, 0 %, 0 %, 11107 MiB
1, 0 %, 0 %, 0 MiB
2, 0 %, 0 %, 0 MiB
3, 0 %, 0 %, 0 MiB
0, 0 %, 0 %, 11107 MiB
1, 0 %, 0 %, 0 MiB
2, 0 %, 0 %, 0 MiB
3, 0 %, 0 %, 0 MiB
0, 22 %, 7 %, 11107 MiB
1, 0 %, 0 %, 0 MiB
2, 0 %, 0 %, 0 MiB
3, 0 %, 0 %, 0 MiB
0, 0 %, 0 %, 11107 MiB
1, 0 %, 0 %, 0 MiB
2, 0 %, 0 %, 0 MiB
3, 0 %, 0 %, 0 MiB
0, 100 %, 35 %, 11107 MiB
1, 0 %, 0 %, 0 MiB
2, 0 %, 0 %, 0 MiB
3, 0 %, 0 %, 0 MiB
0, 0 %, 0 %, 11107 MiB
1, 0 %, 0 %, 0 MiB
2, 0 %, 0 %, 0 MiB
3, 0 %, 0 %, 0 MiB
0, 100 %, 43 %, 11107 MiB
1, 0 %, 0 %, 0 MiB
2, 0 %, 0 %, 0 MiB
3, 0 %, 0 %, 0 MiB
0, 85 %, 38 %, 11107 MiB
1, 0 %, 0 %, 0 MiB
2, 0 %, 0 %, 0 MiB
3, 0 %, 0 %, 0 MiB
0, 70 %, 34 %, 11107 MiB
1, 0 %, 0 %, 0 MiB
2, 0 %, 0 %, 0 MiB
3, 0 %, 0 %, 0 MiB
0, 35 %, 15 %, 11107 MiB
1, 0 %, 0 %, 0 MiB
2, 0 %, 0 %, 0 MiB
3, 0 %, 0 %, 0 MiB
0, 73 %, 32 %, 11107 MiB
1, 0 %, 0 %, 0 MiB
2, 0 %, 0 %, 0 MiB
3, 0 %, 0 %, 0 MiB
0, 82 %, 38 %, 11107 MiB
1, 0 %, 0 %, 0 MiB
2, 0 %, 0 %, 0 MiB
3, 0 %, 0 %, 0 MiB
0, 47 %, 26 %, 11107 MiB
1, 0 %, 0 %, 0 MiB
2, 0 %, 0 %, 0 MiB
3, 0 %, 0 %, 0 MiB
0, 51 %, 24 %, 11107 MiB
1, 0 %, 0 %, 0 MiB
2, 0 %, 0 %, 0 MiB
3, 0 %, 0 %, 0 MiB
0, 96 %, 45 %, 11107 MiB
1, 0 %, 0 %, 0 MiB
2, 0 %, 0 %, 0 MiB
3, 0 %, 0 %, 0 MiB
0, 80 %, 35 %, 11107 MiB
1, 0 %, 0 %, 0 MiB
2, 0 %, 0 %, 0 MiB
3, 0 %, 0 %, 0 MiB
0, 64 %, 29 %, 11107 MiB
1, 0 %, 0 %, 0 MiB
2, 0 %, 0 %, 0 MiB
3, 0 %, 0 %, 0 MiB
0, 70 %, 31 %, 11107 MiB
1, 0 %, 0 %, 0 MiB
2, 0 %, 0 %, 0 MiB
3, 0 %, 0 %, 0 MiB
0, 60 %, 27 %, 11107 MiB
1, 0 %, 0 %, 0 MiB
2, 0 %, 0 %, 0 MiB
3, 0 %, 0 %, 0 MiB
0, 59 %, 25 %, 11107 MiB
1, 0 %, 0 %, 0 MiB
2, 0 %, 0 %, 0 MiB
3, 0 %, 0 %, 0 MiB
0, 57 %, 26 %, 11107 MiB
1, 0 %, 0 %, 0 MiB
2, 0 %, 0 %, 0 MiB
3, 0 %, 0 %, 0 MiB
0, 98 %, 45 %, 11107 MiB
1, 0 %, 0 %, 0 MiB
2, 0 %, 0 %, 0 MiB
3, 0 %, 0 %, 0 MiB
0, 69 %, 33 %, 11107 MiB
1, 0 %, 0 %, 0 MiB
2, 0 %, 0 %, 0 MiB
3, 0 %, 0 %, 0 MiB
0, 51 %, 26 %, 11107 MiB
1, 0 %, 0 %, 0 MiB
2, 0 %, 0 %, 0 MiB
3, 0 %, 0 %, 0 MiB
0, 51 %, 22 %, 11107 MiB
1, 0 %, 0 %, 0 MiB
2, 0 %, 0 %, 0 MiB
3, 0 %, 0 %, 0 MiB
0, 91 %, 42 %, 11107 MiB
1, 0 %, 0 %, 0 MiB
2, 0 %, 0 %, 0 MiB
3, 0 %, 0 %, 0 MiB
0, 87 %, 39 %, 11107 MiB
1, 0 %, 0 %, 0 MiB
2, 0 %, 0 %, 0 MiB
3, 0 %, 0 %, 0 MiB
0, 59 %, 28 %, 11107 MiB
1, 0 %, 0 %, 0 MiB
2, 0 %, 0 %, 0 MiB
3, 0 %, 0 %, 0 MiB
0, 51 %, 28 %, 11107 MiB
1, 0 %, 0 %, 0 MiB
2, 0 %, 0 %, 0 MiB
3, 0 %, 0 %, 0 MiB
0, 52 %, 23 %, 11107 MiB
1, 0 %, 0 %, 0 MiB
2, 0 %, 0 %, 0 MiB
3, 0 %, 0 %, 0 MiB
0, 81 %, 35 %, 11107 MiB
1, 0 %, 0 %, 0 MiB
2, 0 %, 0 %, 0 MiB
3, 0 %, 0 %, 0 MiB
0, 68 %, 33 %, 11107 MiB
1, 0 %, 0 %, 0 MiB
2, 0 %, 0 %, 0 MiB
3, 0 %, 0 %, 0 MiB
0, 48 %, 27 %, 11107 MiB
1, 0 %, 0 %, 0 MiB
2, 0 %, 0 %, 0 MiB
3, 0 %, 0 %, 0 MiB
0, 49 %, 23 %, 11107 MiB
1, 0 %, 0 %, 0 MiB
2, 0 %, 0 %, 0 MiB
3, 0 %, 0 %, 0 MiB
0, 85 %, 38 %, 11107 MiB
1, 0 %, 0 %, 0 MiB
2, 0 %, 0 %, 0 MiB
3, 0 %, 0 %, 0 MiB
0, 90 %, 40 %, 11107 MiB
1, 0 %, 0 %, 0 MiB
2, 0 %, 0 %, 0 MiB
3, 0 %, 0 %, 0 MiB
0, 55 %, 26 %, 11107 MiB
1, 0 %, 0 %, 0 MiB
2, 0 %, 0 %, 0 MiB
3, 0 %, 0 %, 0 MiB
0, 47 %, 24 %, 11107 MiB
1, 0 %, 0 %, 0 MiB
2, 0 %, 0 %, 0 MiB
3, 0 %, 0 %, 0 MiB
0, 67 %, 31 %, 11107 MiB
1, 0 %, 0 %, 0 MiB
2, 0 %, 0 %, 0 MiB
3, 0 %, 0 %, 0 MiB
0, 87 %, 39 %, 11107 MiB
1, 0 %, 0 %, 0 MiB
2, 0 %, 0 %, 0 MiB
3, 0 %, 0 %, 0 MiB
0, 53 %, 25 %, 11107 MiB
1, 0 %, 0 %, 0 MiB
2, 0 %, 0 %, 0 MiB
3, 0 %, 0 %, 0 MiB
0, 49 %, 24 %, 11107 MiB
1, 0 %, 0 %, 0 MiB
2, 0 %, 0 %, 0 MiB
3, 0 %, 0 %, 0 MiB
0, 66 %, 30 %, 11107 MiB
1, 0 %, 0 %, 0 MiB
2, 0 %, 0 %, 0 MiB
3, 0 %, 0 %, 0 MiB
0, 100 %, 48 %, 11107 MiB
1, 0 %, 0 %, 0 MiB
2, 0 %, 0 %, 0 MiB
3, 0 %, 0 %, 0 MiB
0, 74 %, 35 %, 11107 MiB
1, 0 %, 0 %, 0 MiB
2, 0 %, 0 %, 0 MiB
3, 0 %, 0 %, 0 MiB
0, 48 %, 24 %, 11107 MiB
1, 0 %, 0 %, 0 MiB
2, 0 %, 0 %, 0 MiB
3, 0 %, 0 %, 0 MiB
0, 49 %, 20 %, 11107 MiB
1, 0 %, 0 %, 0 MiB
2, 0 %, 0 %, 0 MiB
3, 0 %, 0 %, 0 MiB
0, 78 %, 34 %, 11107 MiB
1, 0 %, 0 %, 0 MiB
2, 0 %, 0 %, 0 MiB
3, 0 %, 0 %, 0 MiB
0, 72 %, 35 %, 11107 MiB
1, 0 %, 0 %, 0 MiB
2, 0 %, 0 %, 0 MiB
3, 0 %, 0 %, 0 MiB
0, 50 %, 26 %, 11107 MiB
1, 0 %, 0 %, 0 MiB
2, 0 %, 0 %, 0 MiB
3, 0 %, 0 %, 0 MiB
0, 50 %, 23 %, 11107 MiB
1, 0 %, 0 %, 0 MiB
2, 0 %, 0 %, 0 MiB
3, 0 %, 0 %, 0 MiB
0, 85 %, 38 %, 11107 MiB
1, 0 %, 0 %, 0 MiB
2, 0 %, 0 %, 0 MiB
3, 0 %, 0 %, 0 MiB
0, 88 %, 40 %, 11107 MiB
1, 0 %, 0 %, 0 MiB
2, 0 %, 0 %, 0 MiB
3, 0 %, 0 %, 0 MiB
0, 54 %, 26 %, 11107 MiB
1, 0 %, 0 %, 0 MiB
2, 0 %, 0 %, 0 MiB
3, 0 %, 0 %, 0 MiB
0, 50 %, 24 %, 11107 MiB
1, 0 %, 0 %, 0 MiB
2, 0 %, 0 %, 0 MiB
3, 0 %, 0 %, 0 MiB
0, 67 %, 30 %, 11107 MiB
1, 0 %, 0 %, 0 MiB
2, 0 %, 0 %, 0 MiB
3, 0 %, 0 %, 0 MiB
0, 100 %, 48 %, 11107 MiB
1, 0 %, 0 %, 0 MiB
2, 0 %, 0 %, 0 MiB
3, 0 %, 0 %, 0 MiB
0, 74 %, 35 %, 11107 MiB
1, 0 %, 0 %, 0 MiB
2, 0 %, 0 %, 0 MiB
3, 0 %, 0 %, 0 MiB
0, 49 %, 25 %, 11107 MiB
1, 0 %, 0 %, 0 MiB
2, 0 %, 0 %, 0 MiB
3, 0 %, 0 %, 0 MiB
0, 50 %, 20 %, 11107 MiB
1, 0 %, 0 %, 0 MiB
2, 0 %, 0 %, 0 MiB
3, 0 %, 0 %, 0 MiB
0, 80 %, 35 %, 11107 MiB
1, 0 %, 0 %, 0 MiB
2, 0 %, 0 %, 0 MiB
3, 0 %, 0 %, 0 MiB
0, 69 %, 33 %, 11107 MiB
1, 0 %, 0 %, 0 MiB
2, 0 %, 0 %, 0 MiB
3, 0 %, 0 %, 0 MiB
0, 49 %, 27 %, 11107 MiB
1, 0 %, 0 %, 0 MiB
2, 0 %, 0 %, 0 MiB
3, 0 %, 0 %, 0 MiB
0, 50 %, 24 %, 11107 MiB
1, 0 %, 0 %, 0 MiB
2, 0 %, 0 %, 0 MiB
3, 0 %, 0 %, 0 MiB
0, 85 %, 38 %, 11107 MiB
1, 0 %, 0 %, 0 MiB
2, 0 %, 0 %, 0 MiB
3, 0 %, 0 %, 0 MiB
0, 88 %, 39 %, 11107 MiB
1, 0 %, 0 %, 0 MiB
2, 0 %, 0 %, 0 MiB
3, 0 %, 0 %, 0 MiB
0, 53 %, 25 %, 11107 MiB
1, 0 %, 0 %, 0 MiB
2, 0 %, 0 %, 0 MiB
3, 0 %, 0 %, 0 MiB
0, 52 %, 27 %, 11107 MiB
1, 0 %, 0 %, 0 MiB
2, 0 %, 0 %, 0 MiB
3, 0 %, 0 %, 0 MiB
0, 62 %, 29 %, 11107 MiB
1, 0 %, 0 %, 0 MiB
2, 0 %, 0 %, 0 MiB
3, 0 %, 0 %, 0 MiB
0, 97 %, 46 %, 11107 MiB
1, 0 %, 0 %, 0 MiB
2, 0 %, 0 %, 0 MiB
3, 0 %, 0 %, 0 MiB
0, 78 %, 37 %, 11107 MiB
1, 0 %, 0 %, 0 MiB
2, 0 %, 0 %, 0 MiB
3, 0 %, 0 %, 0 MiB
0, 50 %, 24 %, 11107 MiB
1, 0 %, 0 %, 0 MiB
2, 0 %, 0 %, 0 MiB
3, 0 %, 0 %, 0 MiB
0, 50 %, 20 %, 11107 MiB
1, 0 %, 0 %, 0 MiB
2, 0 %, 0 %, 0 MiB
3, 0 %, 0 %, 0 MiB
0, 76 %, 34 %, 11107 MiB
1, 0 %, 0 %, 0 MiB
2, 0 %, 0 %, 0 MiB
3, 0 %, 0 %, 0 MiB
0, 98 %, 45 %, 11107 MiB
1, 0 %, 0 %, 0 MiB
2, 0 %, 0 %, 0 MiB
3, 0 %, 0 %, 0 MiB
0, 63 %, 31 %, 11107 MiB
1, 0 %, 0 %, 0 MiB
2, 0 %, 0 %, 0 MiB
3, 0 %, 0 %, 0 MiB
0, 50 %, 28 %, 11107 MiB
1, 0 %, 0 %, 0 MiB
2, 0 %, 0 %, 0 MiB
3, 0 %, 0 %, 0 MiB
0, 54 %, 25 %, 11107 MiB
1, 0 %, 0 %, 0 MiB
2, 0 %, 0 %, 0 MiB
3, 0 %, 0 %, 0 MiB
0, 94 %, 42 %, 11107 MiB
1, 0 %, 0 %, 0 MiB
2, 0 %, 0 %, 0 MiB
3, 0 %, 0 %, 0 MiB
0, 60 %, 28 %, 11107 MiB
1, 0 %, 0 %, 0 MiB
2, 0 %, 0 %, 0 MiB
3, 0 %, 0 %, 0 MiB
0, 53 %, 28 %, 11107 MiB
1, 0 %, 0 %, 0 MiB
2, 0 %, 0 %, 0 MiB
3, 0 %, 0 %, 0 MiB
0, 51 %, 21 %, 11107 MiB
1, 0 %, 0 %, 0 MiB
2, 0 %, 0 %, 0 MiB
3, 0 %, 0 %, 0 MiB
0, 73 %, 32 %, 11107 MiB
1, 0 %, 0 %, 0 MiB
2, 0 %, 0 %, 0 MiB
3, 0 %, 0 %, 0 MiB
0, 100 %, 49 %, 11107 MiB
1, 0 %, 0 %, 0 MiB
2, 0 %, 0 %, 0 MiB
3, 0 %, 0 %, 0 MiB
0, 82 %, 38 %, 11107 MiB
1, 0 %, 0 %, 0 MiB
2, 0 %, 0 %, 0 MiB
3, 0 %, 0 %, 0 MiB
0, 54 %, 25 %, 11107 MiB
1, 0 %, 0 %, 0 MiB
2, 0 %, 0 %, 0 MiB
3, 0 %, 0 %, 0 MiB
0, 51 %, 28 %, 11107 MiB
1, 0 %, 0 %, 0 MiB
2, 0 %, 0 %, 0 MiB
3, 0 %, 0 %, 0 MiB
0, 53 %, 25 %, 11107 MiB
1, 0 %, 0 %, 0 MiB
2, 0 %, 0 %, 0 MiB
3, 0 %, 0 %, 0 MiB
0, 79 %, 34 %, 11107 MiB
1, 0 %, 0 %, 0 MiB
2, 0 %, 0 %, 0 MiB
3, 0 %, 0 %, 0 MiB
0, 100 %, 48 %, 11107 MiB
1, 0 %, 0 %, 0 MiB
2, 0 %, 0 %, 0 MiB
3, 0 %, 0 %, 0 MiB
0, 74 %, 35 %, 11107 MiB
1, 0 %, 0 %, 0 MiB
2, 0 %, 0 %, 0 MiB
3, 0 %, 0 %, 0 MiB
0, 51 %, 24 %, 11107 MiB
1, 0 %, 0 %, 0 MiB
2, 0 %, 0 %, 0 MiB
3, 0 %, 0 %, 0 MiB
0, 52 %, 25 %, 11107 MiB
1, 0 %, 0 %, 0 MiB
2, 0 %, 0 %, 0 MiB
3, 0 %, 0 %, 0 MiB
0, 61 %, 28 %, 11107 MiB
1, 0 %, 0 %, 0 MiB
2, 0 %, 0 %, 0 MiB
3, 0 %, 0 %, 0 MiB
0, 88 %, 40 %, 11107 MiB
1, 0 %, 0 %, 0 MiB
2, 0 %, 0 %, 0 MiB
3, 0 %, 0 %, 0 MiB
0, 87 %, 39 %, 11107 MiB
1, 0 %, 0 %, 0 MiB
2, 0 %, 0 %, 0 MiB
3, 0 %, 0 %, 0 MiB
0, 54 %, 26 %, 11107 MiB
1, 0 %, 0 %, 0 MiB
2, 0 %, 0 %, 0 MiB
3, 0 %, 0 %, 0 MiB
0, 50 %, 25 %, 11107 MiB
1, 0 %, 0 %, 0 MiB
2, 0 %, 0 %, 0 MiB
3, 0 %, 0 %, 0 MiB
0, 63 %, 30 %, 11107 MiB
1, 0 %, 0 %, 0 MiB
2, 0 %, 0 %, 0 MiB
3, 0 %, 0 %, 0 MiB
0, 98 %, 47 %, 11107 MiB
1, 0 %, 0 %, 0 MiB
2, 0 %, 0 %, 0 MiB
3, 0 %, 0 %, 0 MiB
0, 53 %, 25 %, 11107 MiB
1, 0 %, 0 %, 0 MiB
2, 0 %, 0 %, 0 MiB
3, 0 %, 0 %, 0 MiB
0, 50 %, 24 %, 11107 MiB
1, 0 %, 0 %, 0 MiB
2, 0 %, 0 %, 0 MiB
3, 0 %, 0 %, 0 MiB
0, 65 %, 30 %, 11107 MiB
1, 0 %, 0 %, 0 MiB
2, 0 %, 0 %, 0 MiB
3, 0 %, 0 %, 0 MiB
0, 99 %, 47 %, 11107 MiB
1, 0 %, 0 %, 0 MiB
2, 0 %, 0 %, 0 MiB
3, 0 %, 0 %, 0 MiB
0, 78 %, 37 %, 11107 MiB
1, 0 %, 0 %, 0 MiB
2, 0 %, 0 %, 0 MiB
3, 0 %, 0 %, 0 MiB
0, 49 %, 23 %, 11107 MiB
1, 0 %, 0 %, 0 MiB
2, 0 %, 0 %, 0 MiB
3, 0 %, 0 %, 0 MiB
0, 48 %, 20 %, 11107 MiB
1, 0 %, 0 %, 0 MiB
2, 0 %, 0 %, 0 MiB
3, 0 %, 0 %, 0 MiB
0, 49 %, 26 %, 11107 MiB
1, 0 %, 0 %, 0 MiB
2, 0 %, 0 %, 0 MiB
3, 0 %, 0 %, 0 MiB
0, 48 %, 20 %, 11107 MiB
1, 0 %, 0 %, 0 MiB
2, 0 %, 0 %, 0 MiB
3, 0 %, 0 %, 0 MiB
0, 79 %, 34 %, 11107 MiB
1, 0 %, 0 %, 0 MiB
2, 0 %, 0 %, 0 MiB
3, 0 %, 0 %, 0 MiB
0, 0 %, 0 %, 11107 MiB
1, 0 %, 0 %, 0 MiB
2, 0 %, 0 %, 0 MiB
3, 0 %, 0 %, 0 MiB
0, 0 %, 0 %, 11107 MiB
1, 0 %, 0 %, 0 MiB
2, 0 %, 0 %, 0 MiB
3, 0 %, 0 %, 0 MiB
0, 0 %, 0 %, 11107 MiB
1, 0 %, 0 %, 0 MiB
2, 0 %, 0 %, 0 MiB
3, 0 %, 0 %, 0 MiB
0, 0 %, 0 %, 11107 MiB
1, 0 %, 0 %, 0 MiB
2, 0 %, 0 %, 0 MiB
3, 0 %, 0 %, 0 MiB
0, 0 %, 0 %, 11107 MiB
1, 0 %, 0 %, 0 MiB
2, 0 %, 0 %, 0 MiB
3, 0 %, 0 %, 0 MiB
0, 100 %, 60 %, 11107 MiB
1, 0 %, 0 %, 0 MiB
2, 0 %, 0 %, 0 MiB
3, 0 %, 0 %, 0 MiB
0, 0 %, 0 %, 11107 MiB
1, 0 %, 0 %, 0 MiB
2, 0 %, 0 %, 0 MiB
3, 0 %, 0 %, 0 MiB
0, 0 %, 0 %, 11107 MiB
1, 0 %, 0 %, 0 MiB
2, 0 %, 0 %, 0 MiB
3, 0 %, 0 %, 0 MiB
0, 0 %, 0 %, 11107 MiB
1, 0 %, 0 %, 0 MiB
2, 0 %, 0 %, 0 MiB
3, 0 %, 0 %, 0 MiB
0, 0 %, 0 %, 11107 MiB
1, 0 %, 0 %, 0 MiB
2, 0 %, 0 %, 0 MiB
3, 0 %, 0 %, 0 MiB
0, 63 %, 17 %, 11107 MiB
1, 0 %, 0 %, 0 MiB
2, 0 %, 0 %, 0 MiB
3, 0 %, 0 %, 0 MiB
0, 0 %, 0 %, 11107 MiB
1, 0 %, 0 %, 0 MiB
2, 0 %, 0 %, 0 MiB
3, 0 %, 0 %, 0 MiB
0, 25 %, 1 %, 11107 MiB
1, 0 %, 0 %, 0 MiB
2, 0 %, 0 %, 0 MiB
3, 0 %, 0 %, 0 MiB
0, 0 %, 0 %, 11107 MiB
1, 0 %, 0 %, 0 MiB
2, 0 %, 0 %, 0 MiB
3, 0 %, 0 %, 0 MiB
0, 0 %, 0 %, 11107 MiB
1, 0 %, 0 %, 0 MiB
2, 0 %, 0 %, 0 MiB
3, 0 %, 0 %, 0 MiB
0, 0 %, 0 %, 11107 MiB
1, 0 %, 0 %, 0 MiB
2, 0 %, 0 %, 0 MiB
3, 0 %, 0 %, 0 MiB
0, 0 %, 0 %, 11107 MiB
1, 0 %, 0 %, 0 MiB
2, 0 %, 0 %, 0 MiB
3, 0 %, 0 %, 0 MiB
0, 100 %, 69 %, 11107 MiB
1, 0 %, 0 %, 0 MiB
2, 0 %, 0 %, 0 MiB
3, 0 %, 0 %, 0 MiB
0, 0 %, 0 %, 11107 MiB
1, 0 %, 0 %, 0 MiB
2, 0 %, 0 %, 0 MiB
3, 0 %, 0 %, 0 MiB
0, 0 %, 0 %, 11107 MiB
1, 0 %, 0 %, 0 MiB
2, 0 %, 0 %, 0 MiB
3, 0 %, 0 %, 0 MiB
0, 0 %, 0 %, 11107 MiB
1, 0 %, 0 %, 0 MiB
2, 0 %, 0 %, 0 MiB
3, 0 %, 0 %, 0 MiB
0, 0 %, 0 %, 11107 MiB
1, 0 %, 0 %, 0 MiB
2, 0 %, 0 %, 0 MiB
3, 0 %, 0 %, 0 MiB
0, 100 %, 56 %, 11107 MiB
1, 0 %, 0 %, 0 MiB
2, 0 %, 0 %, 0 MiB
3, 0 %, 0 %, 0 MiB
0, 0 %, 0 %, 11107 MiB
1, 0 %, 0 %, 0 MiB
2, 0 %, 0 %, 0 MiB
3, 0 %, 0 %, 0 MiB
0, 0 %, 0 %, 11107 MiB
1, 0 %, 0 %, 0 MiB
2, 0 %, 0 %, 0 MiB
3, 0 %, 0 %, 0 MiB
0, 0 %, 0 %, 11107 MiB
1, 0 %, 0 %, 0 MiB
2, 0 %, 0 %, 0 MiB
3, 0 %, 0 %, 0 MiB
