procs -----------memory---------- ---swap-- -----io---- -system-- ------cpu-----
 r  b   swpd   free   buff  cache   si   so    bi    bo   in   cs us sy id wa st
 1  0      0 104603088 106068 26041808    0    0     0     3    1    0  0  0 100  0  0
 1  0      0 104431520 106068 26041816    0    0     0   272 2123 1444  5  0 95  0  0
 1  0      0 104383664 106068 26041816    0    0     0     0  461  393  2  0 98  0  0
 1  0      0 104330576 106068 26041820    0    0     0    72  526  354  2  0 98  0  0
 1  0      0 104237880 106068 26041836    0    0     0     0  575  509  1  0 98  0  0
 1  0      0 103905192 106068 26041840    0    0     0     0  505  368  1  0 98  0  0
 1  0      0 103878232 106068 26041848    0    0     0   260  888 1306  2  0 98  0  0
 1  0      0 103395056 106068 26158040    0    0     0   244 3121 1479  2  1 97  0  0
 5  0      0 102831744 106068 26186628    0    0     0    20 14247 15924  1  2 97  0  0
 4  0      0 102296504 106068 26366424    0    0  1460     0 16256 10837  2  1 96  0  0
 3  0      0 102254944 106068 26366540    0    0     0    12 1895 19048  4  0 96  0  0
 4  0      0 102253584 106068 26366080    0    0     0   104 2130 20336  4  0 96  0  0
 2  0      0 102253208 106068 26366600    0    0     0     0 1893 18401  4  0 96  0  0
 1  0      0 102235688 106068 26385368    0    0     0   140 2005 17041  4  0 96  0  0
 2  0      0 102251120 106068 26370488    0    0     0     8 2033 19735  4  0 96  0  0
 2  0      0 102255256 106068 26366548    0    0     0     0 2014 19357  4  0 96  0  0
 4  0      0 102254904 106068 26366704    0    0     0     0 1967 19719  4  0 96  0  0
 2  0      0 102254936 106068 26366596    0    0     0     0 1824 17075  4  0 96  0  0
 4  0      0 102254080 106068 26367152    0    0     0    76 1977 18371  4  0 96  0  0
 1  0      0 102233120 106068 26385468    0    0     0     0 1940 19195  4  0 96  0  0
 2  0      0 102251536 106068 26366188    0    0     0     8 1996 19416  4  0 96  0  0
procs -----------memory---------- ---swap-- -----io---- -system-- ------cpu-----
 r  b   swpd   free   buff  cache   si   so    bi    bo   in   cs us sy id wa st
 2  0      0 102251424 106068 26366664    0    0     0     0 2060 19577  4  0 96  0  0
 2  0      0 102251272 106068 26366264    0    0     0     0 1954 19756  4  0 96  0  0
 2  0      0 102251128 106068 26366712    0    0     0     0 2011 18245  4  0 96  0  0
 1  0      0 102250968 106068 26366844    0    0     0    40 2017 19098  4  0 96  0  0
 1  0      0 102250864 106068 26367604    0    0     0     0 2000 18195  4  0 96  0  0
 2  0      0 102251920 106068 26366836    0    0     0     8 1947 16882  4  0 96  0  0
 2  0      0 102251808 106068 26366856    0    0     0     0 2091 18957  4  0 96  0  0
 2  0      0 102251328 106068 26366764    0    0     0     0 1929 20128  4  0 96  0  0
 2  0      0 102251864 106068 26366460    0    0     0   356 2111 19893  4  0 96  0  0
 2  0      0 102251248 106068 26367148    0    0     0     0 1903 16486  4  0 96  0  0
 1  0      0 102251584 106068 26366860    0    0     0     8 2030 20653  4  0 96  0  0
 3  0      0 102250696 106068 26367208    0    0     0     0 1901 19304  4  0 96  0  0
 1  0      0 102233104 106068 26385548    0    0     0     0 1853 15215  4  0 96  0  0
 1  0      0 102233184 106068 26385292    0    0     0    44 2032 19974  4  0 96  0  0
 2  0      0 102251416 106068 26366924    0    0     0     0 2052 19775  4  0 96  0  0
 4  0      0 102250520 106068 26366924    0    0     0     0 1866 19628  4  0 96  0  0
 1  0      0 102250576 106068 26366812    0    0     0     8 1960 20472  4  0 96  0  0
 2  0      0 102253776 106068 26366936    0    0     0     0 2055 20460  4  0 96  0  0
 4  0      0 102253360 106068 26367416    0    0     0    12 1961 18068  4  0 96  0  0
 1  0      0 102253968 106068 26367280    0    0     0     0 2097 18432  4  0 96  0  0
 1  0      0 102253744 106068 26366444    0    0     0     0 1906 20659  4  0 96  0  0
procs -----------memory---------- ---swap-- -----io---- -system-- ------cpu-----
 r  b   swpd   free   buff  cache   si   so    bi    bo   in   cs us sy id wa st
 2  0      0 102253072 106068 26366880    0    0     0   152 2069 21242  4  0 96  0  0
 4  0      0 102252776 106068 26366996    0    0     0     0 1869 16246  4  0 96  0  0
 1  0      0 102234648 106068 26385736    0    0     0    12 1882 19507  4  0 96  0  0
 1  0      0 102234976 106068 26385364    0    0     0     0 2033 20538  4  0 96  0  0
 1  0      0 102234128 106068 26386196    0    0     0     0 2087 20133  4  0 96  0  0
 2  0      0 102253040 106068 26366516    0    0     0     0 2215 20198  4  0 96  0  0
 4  0      0 102253104 106068 26366952    0    0     0    16 2012 18311  4  0 96  0  0
 3  0      0 102252000 106068 26367240    0    0     0    20 2083 19345  4  0 96  0  0
 2  0      0 102241512 106068 26377928    0    0     0     0 1932 18580  4  0 96  0  0
 2  0      0 102241256 106068 26378164    0    0     0     0 2052 21492  4  0 96  0  0
 2  0      0 102238656 106068 26380380    0    0     0     0 1946 20661  4  0 96  0  0
 3  0      0 102252016 106068 26366580    0    0     0     8 1989 20189  4  0 96  0  0
 4  0      0 102251584 106068 26366884    0    0     0    28 1950 19869  4  0 96  0  0
 1  0      0 102251120 106068 26366924    0    0     0     0 2265 20841  4  0 96  0  0
 2  0      0 102250480 106068 26366944    0    0     0     0 2207 20194  4  0 96  0  0
 4  0      0 102250528 106068 26366964    0    0     0     0 2043 19297  4  0 96  0  0
 3  0      0 102250112 106068 26366536    0    0     0     8 2192 20655  4  0 96  0  0
 1  0      0 102248992 106068 26367424    0    0     0    28 2093 20611  4  0 96  0  0
 4  0      0 102249288 106068 26366580    0    0     0     0 1828 18818  4  0 96  0  0
 2  0      0 102248624 106068 26366884    0    0     0     0 2021 20338  4  0 96  0  0
 3  0      0 102247768 106068 26367304    0    0     0     0 1944 19160  4  0 96  0  0
procs -----------memory---------- ---swap-- -----io---- -system-- ------cpu-----
 r  b   swpd   free   buff  cache   si   so    bi    bo   in   cs us sy id wa st
 5  0      0 102229632 106068 26385704    0    0     0     0 1833 17089  4  0 96  0  0
 5  0      0 102229024 106068 26385888    0    0     0    36 1903 19837  4  0 96  0  0
 1  0      0 102228792 106068 26385704    0    0     0     0 1979 19769  4  0 96  0  0
 1  0      0 102228144 106068 26385888    0    0     0     0 2028 20663  4  0 96  0  0
 2  0      0 102236512 106068 26377048    0    0     0     0 1946 19576  4  0 96  0  0
 2  0      0 102234872 106068 26378156    0    0     0     0 2208 19022  4  0 96  0  0
 2  0      0 102242480 106068 26369804    0    0     0    36 2162 19798  4  0 96  0  0
 4  0      0 102245168 106068 26367000    0    0     0     0 1807 19404  4  0 96  0  0
 4  0      0 102244928 106068 26366920    0    0     0     0 2033 20264  4  0 96  0  0
 1  0      0 102244000 106068 26366884    0    0     0     0 2012 19321  4  0 96  0  0
 4  0      0 102243656 106068 26366952    0    0     0     0 1905 18654  4  0 96  0  0
 2  0      0 102243160 106068 26366884    0    0     0    28 2061 19631  4  0 96  0  0
 4  0      0 102242992 106068 26366996    0    0     0     8 1983 20330  4  0 96  0  0
 1  0      0 102242560 106068 26366900    0    0     0     0 1943 20031  4  0 96  0  0
 2  0      0 102241912 106068 26367280    0    0     0     0 1820 16474  4  0 96  0  0
 3  0      0 102241488 106068 26367360    0    0     0     0 2137 20882  4  0 96  0  0
 4  0      0 102241064 106068 26367280    0    0     0    36 1937 18906  4  0 96  0  0
 2  0      0 102231984 106068 26379492    0    0     0     8 2124 19436  4  0 96  0  0
 1  0      0 102222360 106068 26386132    0    0     0     0 1929 19794  4  0 96  0  0
 3  0      0 102221232 106068 26385764    0    0     0   376 2812 20615  4  0 96  0  0
 2  0      0 102243248 106068 26366920    0    0     0     0 2451 20046  4  0 96  0  0
procs -----------memory---------- ---swap-- -----io---- -system-- ------cpu-----
 r  b   swpd   free   buff  cache   si   so    bi    bo   in   cs us sy id wa st
 2  0      0 102242424 106068 26366920    0    0     0     0 2587 20806  4  0 96  0  0
 2  0      0 102242448 106068 26366924    0    0     0     0 2483 21239  4  0 96  0  0
 2  0      0 102242560 106068 26366636    0    0     0   140 2658 21287  4  0 96  0  0
 2  0      0 102237352 106068 26366940    0    0     0     8 2098 20212  4  0 96  0  0
 1  0      0 102240280 106068 26367072    0    0     0     0 1971 18935  4  0 96  0  0
 3  0      0 102240376 106068 26366656    0    0     0     0 2077 19500  4  0 96  0  0
 2  0      0 102238768 106068 26367960    0    0     0     0 2045 16779  4  0 96  0  0
 5  0      0 102220944 106068 26385828    0    0     0    60 1905 18075  4  0 96  0  0
 1  0      0 102220304 106068 26385852    0    0     0     0 2062 19415  4  0 96  0  0
 1  0      0 102220616 106068 26385668    0    0     0     0 1840 19735  4  0 96  0  0
 2  0      0 102239456 106068 26366988    0    0     0     0 2048 19634  4  0 96  0  0
 1  0      0 102239264 106068 26366864    0    0     0     0 2041 20236  4  0 96  0  0
 2  0      0 102238832 106068 26366988    0    0     0   148 2057 19673  4  0 96  0  0
 4  0      0 102238624 106068 26366872    0    0     0     0 1871 18712  4  0 96  0  0
 4  0      0 102238032 106068 26367352    0    0     0     0 2152 20756  4  0 96  0  0
 3  0      0 102237600 106068 26366888    0    0     0     0 2061 19638  4  0 96  0  0
 3  0      0 102237264 106068 26367384    0    0     0     0 1768 15209  4  0 96  0  0
 1  0      0 102219632 106068 26385444    0    0     0    68 2091 19658  4  0 96  0  0
 2  0      0 102238104 106068 26366868    0    0     0     0 2269 20379  4  0 96  0  0
 3  0      0 102237264 106068 26367292    0    0     0     0 2001 19199  4  0 96  0  0
 2  0      0 102238288 106068 26366472    0    0     0     0 1842 16018  4  0 96  0  0
procs -----------memory---------- ---swap-- -----io---- -system-- ------cpu-----
 r  b   swpd   free   buff  cache   si   so    bi    bo   in   cs us sy id wa st
 4  0      0 102237616 106068 26366920    0    0     0     0 2009 20006  4  0 96  0  0
 2  0      0 102237760 106068 26367392    0    0     0     0 2014 16813  4  0 96  0  0
 2  0      0 102235200 106068 26366572    0    0     0    40 1852 19169  4  0 96  0  0
 1  0      0 102234784 106068 26366876    0    0     0     0 2142 19648  4  0 96  0  0
 4  0      0 102240000 106068 26366956    0    0     0     0 1975 18462  4  0 96  0  0
 4  0      0 102240352 106068 26367084    0    0     0     0 1982 19244  4  0 96  0  0
 1  0      0 102218704 106068 26385820    0    0     0     0 1780 15367  4  0 96  0  0
 2  0      0 102223888 106068 26382672    0    0     0   124 2005 18877  4  0 96  0  0
 2  0      0 102239592 106068 26366988    0    0     0     0 1873 19069  4  0 96  0  0
 3  0      0 102236592 106068 26366716    0    0     0     0 2049 18943  4  0 96  0  0
 4  0      0 102238864 106068 26368000    0    0     0     0 1959 19086  4  0 96  0  0
 3  0      0 102236504 106068 26366924    0    0     0     8 2228 19086  4  0 96  0  0
 4  0      0 102235888 106068 26367480    0    0     0    20 1729 15683  4  0 96  0  0
 4  0      0 102235976 106068 26367020    0    0     0     0 2051 19907  4  0 96  0  0
 3  0      0 102235984 106068 26367512    0    0     0     0 1946 18906  4  0 96  0  0
 3  0      0 102236592 106068 26367052    0    0     0     0 1963 18245  4  0 96  0  0
 2  0      0 102237896 106068 26366940    0    0     0   100 2011 18837  4  0 96  0  0
 2  0      0 102237472 106068 26366852    0    0     0    44 2116 19659  4  0 96  0  0
 1  0      0 102238056 106068 26366560    0    0     0     0 1881 19904  4  0 96  0  0
 3  0      0 102237680 106068 26367312    0    0     0     0 1830 18091  4  0 96  0  0
 2  0      0 102237504 106068 26366960    0    0     0     0 1914 20219  4  0 96  0  0
procs -----------memory---------- ---swap-- -----io---- -system-- ------cpu-----
 r  b   swpd   free   buff  cache   si   so    bi    bo   in   cs us sy id wa st
 3  0      0 102237168 106068 26367288    0    0     0     0 1955 18525  4  0 96  0  0
 1  0      0 102219512 106072 26385828    0    0     0    32 1903 16578  4  0 96  0  0
 1  0      0 102219616 106072 26385588    0    0     0     0 1961 17842  4  0 96  0  0
 4  0      0 102219024 106072 26386408    0    0     0     0 1897 19050  4  0 96  0  0
 1  0      0 102220560 106072 26385704    0    0     0     0 2048 19880  4  0 96  0  0
 3  0      0 102238784 106072 26367276    0    0     0     0 1873 19447  4  0 96  0  0
 4  0      0 102242464 106072 26366860    0    0     0    28 1996 19418  4  0 96  0  0
 3  0      0 102238496 106072 26367456    0    0     0     0 1920 19687  4  0 96  0  0
 1  0      0 102224984 106072 26386028    0    0     0     0 1837 15572  4  0 96  0  0
 2  0      0 102233616 106072 26373628    0    0     0     0 1979 20024  4  0 96  0  0
 2  0      0 102223840 106072 26383508    0    0     0     0 1987 19562  4  0 96  0  0
 1  0      0 102224520 106072 26386056    0    0     0    28 1924 19751  4  0 96  0  0
 1  0      0 102239384 106072 26367244    0    0     0     0 2113 19725  4  0 96  0  0
 1  0      0 102242880 106072 26367216    0    0     0     0 1932 19337  4  0 96  0  0
 2  0      0 102242880 106072 26367052    0    0     0     0 1952 19446  4  0 96  0  0
 4  0      0 102243520 106072 26367204    0    0     0     0 1811 19635  4  0 96  0  0
 3  0      0 102243440 106072 26367568    0    0     0    28 1965 17610  4  0 96  0  0
 2  0      0 102243200 106072 26367344    0    0     0     0 1875 18860  4  0 96  0  0
 2  0      0 102244096 106072 26367624    0    0     0     0 1899 18909  4  0 96  0  0
 1  0      0 102225952 106072 26385740    0    0     0     0 1953 19230  4  0 96  0  0
 2  0      0 102227744 106072 26381320    0    0     0     0 2049 20272  4  0 96  0  0
procs -----------memory---------- ---swap-- -----io---- -system-- ------cpu-----
 r  b   swpd   free   buff  cache   si   so    bi    bo   in   cs us sy id wa st
 1  0      0 102222344 106072 26386016    0    0     0    72 1903 20049  4  0 96  0  0
 2  0      0 102245088 106072 26367148    0    0     0     0 1909 19714  4  0 96  0  0
 2  0      0 102244672 106072 26366732    0    0     0     0 1972 19909  4  0 96  0  0
 1  0      0 102244512 106072 26367180    0    0     0     0 2108 19831  4  0 96  0  0
 3  0      0 102244648 106072 26367188    0    0     0     0 1805 16289  4  0 96  0  0
 3  0      0 102240128 106072 26368012    0    0     0    44 1974 20413  4  0 96  0  0
 2  0      0 102243560 106072 26367768    0    0     0   148 1935 20455  4  0 96  0  0
 1  0      0 102224816 106072 26386228    0    0     0     0 1996 16785  4  0 96  0  0
 2  0      0 102221728 106072 26385968    0    0     0     0 1904 20062  4  0 96  0  0
 1  0      0 102221840 106072 26385564    0    0     0     0 1940 20246  4  0 96  0  0
 1  0      0 102225040 106072 26385992    0    0     0    48 1930 20028  4  0 96  0  0
 1  0      0 102243520 106072 26366716    0    0     0     0 2034 20438  4  0 96  0  0
 1  0      0 102243360 106072 26367180    0    0     0     0 1899 19818  4  0 96  0  0
 4  0      0 102243032 106072 26367168    0    0     0     0 1934 19583  4  0 96  0  0
 1  0      0 102222296 106072 26386028    0    0     0     0 1767 15784  4  0 96  0  0
 1  0      0 102221168 106072 26386104    0    0     0    24 2127 20289  4  0 96  0  0
 2  0      0 102240600 106072 26367208    0    0     0     0 1975 20522  4  0 96  0  0
 4  0      0 102240176 106072 26366780    0    0     0     0 1974 19810  4  0 96  0  0
 4  0      0 102240016 106072 26367244    0    0     0     0 1889 19567  4  0 96  0  0
 4  0      0 102239688 106072 26368052    0    0     0     0 2144 20390  4  0 96  0  0
 4  0      0 102243056 106072 26367276    0    0     0    12 1922 20447  4  0 96  0  0
procs -----------memory---------- ---swap-- -----io---- -system-- ------cpu-----
 r  b   swpd   free   buff  cache   si   so    bi    bo   in   cs us sy id wa st
 1  0      0 102225320 106072 26386508    0    0     0     0 1847 15530  4  0 96  0  0
 1  0      0 102225344 106072 26385788    0    0     0     0 1890 19369  4  0 96  0  0
 2  0      0 102242304 106072 26369632    0    0     0     0 1979 19984  4  0 96  0  0
 4  0      0 102243848 106072 26367308    0    0     0     0 1817 19957  4  0 96  0  0
 3  0      0 102243536 106072 26367296    0    0     0    28 2073 19705  4  0 96  0  0
 1  0      0 102243520 106072 26367344    0    0     0     0 1895 19567  4  0 96  0  0
 1  0      0 102221664 106072 26386544    0    0     0     0 1911 16172  4  0 96  0  0
 1  0      0 102221696 106072 26385828    0    0     0     0 2001 20532  4  0 96  0  0
 1  0      0 102225120 106072 26386104    0    0     0     0 2114 20839  4  0 96  0  0
 2  0      0 102242344 106072 26368260    0    0     0    12 2012 19956  4  0 96  0  0
 4  0      0 102240104 106072 26367712    0    0     0     8 1916 19881  4  0 96  0  0
 4  0      0 102243840 106072 26367556    0    0     0     0 1939 19201  4  0 96  0  0
 4  0      0 102244600 106072 26366756    0    0     0     0 1933 19611  4  0 96  0  0
 3  0      0 102239648 106072 26368016    0    0     0     0 1746 14887  4  0 96  0  0
 1  0      0 102243544 106072 26367404    0    0     0    80 2061 20149  4  0 96  0  0
 3  0      0 102239568 106072 26368120    0    0     0     8 1993 20579  4  0 96  0  0
 1  0      0 102221944 106072 26385976    0    0     0     0 1868 17479  4  0 96  0  0
 1  0      0 102225872 106072 26385604    0    0     0     0 1848 19959  4  0 96  0  0
 2  0      0 102236976 106072 26370544    0    0     0     0 2017 20299  4  0 96  0  0
 2  0      0 102240096 106072 26366884    0    0     0    20 1936 20033  4  0 96  0  0
 4  0      0 102239936 106072 26367616    0    0     0     0 1922 19232  4  0 96  0  0
procs -----------memory---------- ---swap-- -----io---- -system-- ------cpu-----
 r  b   swpd   free   buff  cache   si   so    bi    bo   in   cs us sy id wa st
 4  0      0 102239760 106072 26367128    0    0     0     0 1857 18994  4  0 96  0  0
 4  0      0 102240192 106072 26367480    0    0     0     0 1932 20598  4  0 96  0  0
 1  0      0 102222040 106072 26386388    0    0     0     0 1766 15604  4  0 96  0  0
 2  0      0 102222360 106072 26385556    0    0     0    12 2149 19813  4  0 96  0  0
 1  0      0 102221696 106072 26385976    0    0     0     0 1907 20226  4  0 96  0  0
 2  0      0 102230656 106072 26380276    0    0     0     0 2025 20762  4  0 96  0  0
 4  0      0 102242432 106072 26367416    0    0     0     0 1844 19780  4  0 96  0  0
 4  0      0 102242032 106072 26367224    0    0     0     0 2040 19642  4  0 96  0  0
 3  0      0 102242056 106072 26367044    0    0     0    28 1932 19712  4  0 96  0  0
 1  0      0 102221408 106072 26385636    0    0     0     0 1935 16884  4  0 96  0  0
 2  0      0 102239656 106072 26367060    0    0     0     0 1877 20438  4  0 96  0  0
 2  0      0 102239256 106072 26367128    0    0     0    96 1976 19071  4  0 96  0  0
 4  0      0 102239768 106072 26367220    0    0     0     0 1929 19611  4  0 96  0  0
 1  0      0 102240096 106072 26367124    0    0     0    12 2115 20387  4  0 96  0  0
 5  0      0 102240032 106072 26367136    0    0     0     0 1895 19672  4  0 96  0  0
 4  0      0 102239008 106072 26367156    0    0     0     0 2109 19001  4  0 96  0  0
 1  0      0 102221040 106072 26386048    0    0     0     0 1936 17160  4  0 96  0  0
 2  0      0 102229600 106072 26377320    0    0     0     0 2216 19962  4  0 96  0  0
 2  0      0 102239008 106072 26366740    0    0     0    28 1998 19341  4  0 96  0  0
 4  0      0 102238848 106072 26367176    0    0     0     0 1873 19708  4  0 96  0  0
 1  0      0 102238800 106072 26367512    0    0     0     0 2004 19647  4  0 96  0  0
procs -----------memory---------- ---swap-- -----io---- -system-- ------cpu-----
 r  b   swpd   free   buff  cache   si   so    bi    bo   in   cs us sy id wa st
 2  0      0 102238568 106072 26367648    0    0     0     0 1948 19421  4  0 96  0  0
 4  0      0 102238960 106072 26367236    0    0     0     4 2055 19883  4  0 96  0  0
 1  0      0 102220560 106072 26386072    0    0     0    28 1766 16599  4  0 96  0  0
 2  0      0 102223664 106072 26383260    0    0     0     0 2001 20284  4  0 96  0  0
 2  0      0 102229808 106072 26377272    0    0     0     8 1963 20376  4  0 96  0  0
 1  0      0 102239456 106072 26366808    0    0     0     0 2023 19930  4  0 96  0  0
 1  0      0 102238880 106072 26367520    0    0     0     0 1994 19773  4  0 96  0  0
 4  0      0 102238368 106072 26367196    0    0     0    60 2027 20017  4  0 96  0  0
 1  0      0 102220136 106072 26386876    0    0     0     0 1798 15899  4  0 96  0  0
 4  0      0 102220128 106072 26385704    0    0     0   148 2091 20111  4  0 96  0  0
 3  0      0 102219720 106072 26386012    0    0     0     0 1974 20111  4  0 96  0  0
 1  0      0 102219632 106072 26386084    0    0     0     0 1983 19232  4  0 96  0  0
 1  0      0 102238024 106072 26367192    0    0     0     0 1962 20259  4  0 96  0  0
 1  0      0 102237712 106072 26367532    0    0     0     0 1979 20008  4  0 96  0  0
 2  0      0 102237712 106072 26367192    0    0     0    72 1897 20202  4  0 96  0  0
 4  0      0 102234016 106072 26368048    0    0     0     0 1845 16075  4  0 96  0  0
 5  0      0 102216392 106072 26385736    0    0     0     0 1885 20090  4  0 96  0  0
 1  0      0 102216224 106072 26386156    0    0     0     0 2034 19596  4  0 96  0  0
 1  0      0 102235456 106072 26367208    0    0     0     0 2012 18292  4  0 96  0  0
 1  0      0 102237768 106072 26367596    0    0     0    40 1960 20032  4  0 96  0  0
 4  0      0 102238240 106072 26367240    0    0     0     0 1928 20485  4  0 96  0  0
procs -----------memory---------- ---swap-- -----io---- -system-- ------cpu-----
 r  b   swpd   free   buff  cache   si   so    bi    bo   in   cs us sy id wa st
 1  0      0 102216384 106072 26386472    0    0     0     0 1740 16006  4  0 96  0  0
 1  0      0 102216672 106072 26385768    0    0     0     0 1908 20054  4  0 96  0  0
 1  0      0 102216064 106072 26386012    0    0     0     0 2125 20212  4  0 96  0  0
 1  0      0 102215896 106072 26385768    0    0     0     0 1997 19709  4  0 96  0  0
 1  0      0 102234120 106072 26367192    0    0     0    12 2018 19960  4  0 96  0  0
 4  0      0 102234224 106072 26367304    0    0     0     0 1989 19679  4  0 96  0  0
 4  0      0 102233808 106072 26367208    0    0     0   200 2051 19723  4  0 96  0  0
 1  0      0 102216080 106072 26386472    0    0     0     0 1769 14567  4  0 96  0  0
 2  0      0 102220368 106072 26385140    0    0     0     0 1990 19877  4  0 96  0  0
 2  0      0 102237904 106072 26367556    0    0     0    32 1972 20030  4  0 96  0  0
 2  0      0 102238432 106072 26366860    0    0     0     0 1989 20094  4  0 96  0  0
 3  0      0 102237536 106072 26367592    0    0     0    16 1812 18168  4  0 96  0  0
 3  0      0 102237368 106072 26367236    0    0     0   120 2068 19461  4  0 96  0  0
 2  0      0 102237008 106072 26367472    0    0     0    32 2044 20363  4  0 96  0  0
 2  0      0 102234448 106072 26366752    0    0     0    16 2319 17942  4  0 96  0  0
 2  0      0 102234016 106072 26367212    0    0     0     0 2175 19963  4  0 96  0  0
 2  0      0 102233848 106072 26367132    0    0     0     0 1981 20232  4  0 96  0  0
 2  0      0 102237088 106072 26367272    0    0     0     0 1920 20365  4  0 96  0  0
 4  0      0 102236496 106072 26368096    0    0     0   200 1904 18485  4  0 96  0  0
 4  0      0 102233696 106072 26367188    0    0     0   532 2032 18698  4  0 96  0  0
 2  0      0 102236984 106072 26367936    0    0     0     0 2023 18909  4  0 96  0  0
procs -----------memory---------- ---swap-- -----io---- -system-- ------cpu-----
 r  b   swpd   free   buff  cache   si   so    bi    bo   in   cs us sy id wa st
 1  0      0 102215936 106072 26385772    0    0     0     0 1925 17486  4  0 96  0  0
 1  0      0 102218448 106072 26386404    0    0     0     0 1999 19543  4  0 96  0  0
 1  0      0 102218704 106072 26385604    0    0     0     0 2031 19299  4  0 96  0  0
 4  0      0 102236560 106072 26367352    0    0     0    68 1955 19188  4  0 96  0  0
 4  0      0 102236424 106072 26367592    0    0     0     0 1858 19463  4  0 96  0  0
 4  0      0 102233576 106072 26367704    0    0     0     0 2097 20148  4  0 96  0  0
 4  0      0 102233136 106072 26367228    0    0     0     0 1958 19643  4  0 96  0  0
 5  0      0 102215384 106072 26386232    0    0     0     0 1979 16563  4  0 96  0  0
 3  0      0 102233136 106072 26367692    0    0     0     0 2410 20663  4  0 96  0  0
 4  0      0 102232976 106072 26367328    0    0     0    12 2364 20038  4  0 96  0  0
 1  0      0 102214152 106072 26386568    0    0     0     0 2033 19066  4  0 96  0  0
 1  0      0 102215208 106072 26385752    0    0     0     0 2129 19822  4  0 96  0  0
 1  0      0 102214576 106072 26386612    0    0     0     0 1953 19493  4  0 96  0  0
 1  0      0 102233536 106072 26367364    0    0     0     0 2012 19483  4  0 96  0  0
 3  0      0 102237008 106072 26367600    0    0     0    44 2003 19782  4  0 96  0  0
 4  0      0 102237304 106072 26366772    0    0     0     0 2003 20134  4  0 96  0  0
 5  0      0 102236640 106072 26367112    0    0     0   292 2002 19894  4  0 96  0  0
 2  0      0 102214256 106072 26385924    0    0     0     0 1961 16149  4  0 96  0  0
 2  0      0 102232952 106072 26367664    0    0     0     0 2069 20805  4  0 96  0  0
 2  0      0 102233104 106072 26367584    0    0     0    48 1964 19638  4  0 96  0  0
 2  0      0 102233632 106072 26367540    0    0     0     0 1748 19504  4  0 96  0  0
procs -----------memory---------- ---swap-- -----io---- -system-- ------cpu-----
 r  b   swpd   free   buff  cache   si   so    bi    bo   in   cs us sy id wa st
 3  0      0 102237104 106072 26366724    0    0     0     0 2038 17706  4  0 96  0  0
 4  0      0 102226120 106072 26375236    0    0     0     8 1919 18679  4  0 96  0  0
 2  0      0 102234216 106072 26366712    0    0     0   156 2110 19317  4  0 96  0  0
 1  0      0 102233568 106072 26367576    0    0     0    12 2027 20039  4  0 96  0  0
 2  0      0 102233872 106072 26367072    0    0     0     0 2063 19666  4  0 96  0  0
 1  0      0 102233008 106072 26367624    0    0     0     0 1940 20406  4  0 96  0  0
 1  0      0 102233648 106072 26367588    0    0     0     0 1835 16615  4  0 96  0  0
 4  0      0 102232688 106072 26367340    0    0     0   100 1909 18678  4  0 96  0  0
 1  0      0 102215096 106072 26386196    0    0     0   156 2033 19006  4  0 96  0  0
 4  0      0 102233408 106072 26367240    0    0     0     0 1970 18648  4  0 96  0  0
 3  0      0 102233248 106072 26367500    0    0     0     0 1972 18736  4  0 96  0  0
 1  0      0 102215848 106072 26385760    0    0     0     0 1831 17333  4  0 96  0  0
 1  0      0 102215232 106072 26386464    0    0     0     0 1956 19946  4  0 96  0  0
 1  0      0 102234416 106072 26366748    0    0     0    32 2052 20347  4  0 96  0  0
 3  0      0 102233776 106072 26367644    0    0     0     0 2001 20272  4  0 96  0  0
 4  0      0 102234848 106072 26366812    0    0     0     0 2005 19513  4  0 96  0  0
 7  0      0 102216112 106072 26386496    0    0     0     0 1799 15791  4  0 96  0  0
 4  0      0 102230416 106072 26370176    0    0     0     0 1948 19451  4  0 96  0  0
 2  0      0 102215776 106072 26386528    0    0     0    28 1971 19455  4  0 96  0  0
 2  0      0 102234704 106072 26366816    0    0     0     0 1921 20312  4  0 96  0  0
 1  0      0 102234592 106072 26367708    0    0     0     0 1993 20395  4  0 96  0  0
procs -----------memory---------- ---swap-- -----io---- -system-- ------cpu-----
 r  b   swpd   free   buff  cache   si   so    bi    bo   in   cs us sy id wa st
 4  0      0 102234624 106072 26367180    0    0     0     0 1964 20283  4  0 96  0  0
 1  0      0 102234000 106072 26367368    0    0     0     0 1979 19460  4  0 96  0  0
 2  0      0 102216384 106072 26386032    0    0     0    12 1759 15121  4  0 96  0  0
 2  0      0 102232264 106072 26367340    0    0     0     0 2052 19223  4  0 96  0  0
 2  0      0 102232112 106072 26367212    0    0     0     0 1984 19605  4  0 96  0  0
 4  0      0 102232456 106072 26367152    0    0     0     0 1928 19344  4  0 96  0  0
 2  0      0 102231312 106072 26367332    0    0     0   104 1903 19892  4  0 96  0  0
 4  0      0 102235520 106072 26367524    0    0     0    20 2168 18030  4  0 96  0  0
 2  0      0 102224416 106072 26375340    0    0     0     0 2028 18981  4  0 96  0  0
 2  0      0 102232528 106072 26367068    0    0     0     0 2047 19441  4  0 96  0  0
 1  0      0 102232624 106072 26367200    0    0     0     0 1882 19462  4  0 96  0  0
 3  0      0 102231984 106072 26367680    0    0     0     0 2003 19866  4  0 96  0  0
 1  0      0 102214128 106072 26385672    0    0     0    36 1720 15509  4  0 96  0  0
 2  0      0 102233248 106072 26367684    0    0     0     4 2008 19467  4  0 96  0  0
 2  0      0 102233040 106072 26366792    0    0     0     0 2085 20283  4  0 96  0  0
 2  0      0 102234096 106072 26367180    0    0     0     0 1961 18898  4  0 96  0  0
 2  0      0 102234352 106072 26367176    0    0     0     8 2037 18403  4  0 96  0  0
 2  0      0 102237272 106072 26367112    0    0     0    84 2063 20361  4  0 96  0  0
 2  0      0 102236456 106072 26367168    0    0     0     0 1880 16113  4  0 96  0  0
 1  0      0 102235984 106072 26367172    0    0     0     0 2053 19584  4  0 96  0  0
 1  0      0 102235984 106072 26367152    0    0     0     0 2054 20287  4  0 96  0  0
procs -----------memory---------- ---swap-- -----io---- -system-- ------cpu-----
 r  b   swpd   free   buff  cache   si   so    bi    bo   in   cs us sy id wa st
 1  0      0 102236000 106072 26367168    0    0     0     0 2057 19759  4  0 96  0  0
 2  0      0 102236048 106072 26367600    0    0     0   120 1855 17383  4  0 96  0  0
 2  0      0 102235048 106072 26367524    0    0     0     0 2081 20060  4  0 96  0  0
 4  0      0 102234392 106072 26367060    0    0     0     0 2414 20024  4  0 96  0  0
 1  0      0 102216832 106072 26386400    0    0     0     0 1998 18408  4  0 96  0  0
 1  0      0 102217128 106072 26385528    0    0     0     0 2002 20328  4  0 96  0  0
 3  0      0 102215992 106072 26386304    0    0     0    24 2109 19727  4  0 96  0  0
 1  0      0 102236464 106072 26366604    0    0     0     0 2113 20265  4  0 96  0  0
 4  0      0 102236040 106072 26367092    0    0     0     0 2082 20171  4  0 96  0  0
 3  0      0 102235552 106072 26367108    0    0     0     0 1940 18993  4  0 96  0  0
 4  0      0 102235568 106072 26367092    0    0     0     0 2042 19950  4  0 96  0  0
 1  0      0 102217688 106072 26385508    0    0     0    28 1903 16396  4  0 96  0  0
 2  0      0 102235600 106072 26367100    0    0     0     0 2012 19336  4  0 96  0  0
 3  0      0 102235376 106072 26367116    0    0     0     0 2007 20099  4  0 96  0  0
 3  0      0 102234880 106072 26367524    0    0     0     0 1818 15778  4  0 96  0  0
 4  0      0 102235680 106072 26367544    0    0     0     0 2035 19942  4  0 96  0  0
 4  0      0 102235424 106072 26367524    0    0     0    28 2068 20114  4  0 96  0  0
 5  0      0 102217776 106072 26385932    0    0     0     0 1925 19594  4  0 96  0  0
 2  0      0 102235696 106072 26367104    0    0     0   268 2094 19718  4  0 96  0  0
 2  0      0 102235952 106072 26367112    0    0     0     0 1995 19800  4  0 96  0  0
 2  0      0 102235480 106072 26367116    0    0     0     0 2029 19789  4  0 96  0  0
procs -----------memory---------- ---swap-- -----io---- -system-- ------cpu-----
 r  b   swpd   free   buff  cache   si   so    bi    bo   in   cs us sy id wa st
 4  0      0 102235496 106072 26367540    0    0     0    32 1855 18603  4  0 96  0  0
 4  0      0 102235760 106072 26367524    0    0     0     0 1985 16663  4  0 96  0  0
 4  0      0 102235280 106072 26367544    0    0     0     0 2048 19961  4  0 96  0  0
 2  0      0 102235776 106072 26367100    0    0     0     0 1894 18913  4  0 96  0  0
 2  0      0 102234320 106072 26367116    0    0     0   148 2376 19936  4  0 96  0  0
 2  0      0 102234304 106072 26368088    0    0     0     0 2198 19949  4  0 96  0  0
 4  0      0 102234352 106072 26367112    0    0     0     8 2024 19929  4  0 96  0  0
 4  0      0 102234864 106072 26367120    0    0     0     0 2026 20617  4  0 96  0  0
 2  0      0 102234616 106072 26367104    0    0     0     0 2031 19623  4  0 96  0  0
 3  0      0 102234640 106072 26367548    0    0     0    76 2006 18422  4  0 96  0  0
 1  0      0 102217008 106072 26385508    0    0     0    20 2097 19353  4  0 96  0  0
 2  0      0 102235168 106072 26367124    0    0     0     0 2045 19561  4  0 96  0  0
 2  0      0 102235192 106072 26367128    0    0     0     0 2106 20268  4  0 96  0  0
 2  0      0 102234960 106072 26367556    0    0     0     0 1779 14492  4  0 96  0  0
 4  0      0 102234488 106072 26367544    0    0     0    48 2164 19264  4  0 96  0  0
 3  0      0 102216832 106072 26385948    0    0     0     0 2013 18621  4  0 96  0  0
 1  0      0 102217096 106072 26385512    0    0     0   120 2011 20033  4  0 96  0  0
 4  0      0 102235256 106072 26367128    0    0     0     0 1929 18964  4  0 96  0  0
 3  0      0 102235536 106072 26367116    0    0     0     0 2114 20208  4  0 96  0  0
 4  0      0 102235568 106072 26367128    0    0     0    12 1949 19525  4  0 96  0  0
 5  0      0 102218448 106072 26385512    0    0     0     0 1924 15764  4  0 96  0  0
procs -----------memory---------- ---swap-- -----io---- -system-- ------cpu-----
 r  b   swpd   free   buff  cache   si   so    bi    bo   in   cs us sy id wa st
 5  0      0 102217768 106072 26385948    0    0     0     0 2046 19721  4  0 96  0  0
 1  0      0 102217536 106072 26385948    0    0     0     0 2123 19621  4  0 96  0  0
 2  0      0 102235200 106072 26367120    0    0     0     0 2100 20517  4  0 96  0  0
 1  0      0 102235552 106072 26367256    0    0     0    28 2003 19862  4  0 96  0  0
 1  0      0 102235152 106072 26367280    0    0     0     0 1914 19734  4  0 96  0  0
 3  0      0 102235720 106072 26367288    0    0     0     0 2125 20303  4  0 96  0  0
 4  0      0 102234864 106072 26367256    0    0     0     0 1743 16333  4  0 96  0  0
 4  0      0 102216288 106072 26386140    0    0     0     0 1920 20063  4  0 96  0  0
 3  0      0 102234840 106072 26367308    0    0     0    32 2057 20356  4  0 96  0  0
 2  0      0 102235360 106072 26367324    0    0     0   192 2144 19229  4  0 96  0  0
 2  0      0 102236256 106072 26367656    0    0     0     0 1980 19970  4  0 96  0  0
 2  0      0 102235536 106072 26367212    0    0     0     0 1967 19971  4  0 96  0  0
 4  0      0 102235616 106072 26367260    0    0     0     0 1986 19241  4  0 96  0  0
 2  0      0 102235248 106072 26367284    0    0     0    20 1996 17545  4  0 96  0  0
 5  0      0 102213576 106072 26386540    0    0     0     0 1892 19162  4  0 96  0  0
 1  0      0 102214272 106072 26385708    0    0     0    20 1986 20438  4  0 96  0  0
 2  0      0 102232280 106072 26367720    0    0     0     0 1948 19850  4  0 96  0  0
 1  0      0 102232792 106072 26367324    0    0     0     0 2118 20169  4  0 96  0  0
 4  0      0 102232592 106072 26367324    0    0     0    28 1944 20839  4  0 96  0  0
 1  0      0 102232584 106072 26367744    0    0     0     0 1851 17464  4  0 96  0  0
 2  0      0 102232848 106072 26367752    0    0     0     0 1931 18838  4  0 96  0  0
procs -----------memory---------- ---swap-- -----io---- -system-- ------cpu-----
 r  b   swpd   free   buff  cache   si   so    bi    bo   in   cs us sy id wa st
 4  0      0 102214456 106072 26386140    0    0     0     0 2040 19842  4  0 96  0  0
 2  0      0 102232864 106072 26367324    0    0     0     0 1865 19565  4  0 96  0  0
 2  0      0 102232880 106072 26367324    0    0     0    12 2038 20255  4  0 96  0  0
 1  0      0 102232648 106072 26367324    0    0     0     0 1991 20536  4  0 96  0  0
 4  0      0 102232192 106072 26367336    0    0     0     0 2076 20301  4  0 96  0  0
 5  0      0 102217664 106072 26379852    0    0     0     0 1808 16250  4  0 96  0  0
 1  0      0 102214048 106072 26386136    0    0     0     0 2047 19965  4  0 96  0  0
 1  0      0 102213568 106072 26385732    0    0     0    24 1933 19874  4  0 96  0  0
 1  0      0 102231480 106072 26367352    0    0     0     0 2065 20536  4  0 96  0  0
 1  0      0 102230752 106072 26367372    0    0     0     0 1978 20540  4  0 96  0  0
 1  0      0 102231264 106072 26367352    0    0     0     0 2075 21307  4  0 96  0  0
 3  0      0 102230528 106072 26367376    0    0     0     0 1762 19099  4  0 96  0  0
 3  0      0 102231040 106072 26367360    0    0     0    56 2086 20610  4  0 96  0  0
 3  0      0 102228832 106072 26367788    0    0     0     0 2236 20474  4  0 96  0  0
 1  0      0 102232176 106072 26367380    0    0     0     8 2285 19875  4  0 96  0  0
 1  0      0 102213760 106072 26385756    0    0     0     0 1831 17516  4  0 96  0  0
 2  0      0 102214280 106072 26386172    0    0     0     0 2089 20737  4  0 96  0  0
 2  0      0 102231936 106072 26367360    0    0     0    36 1904 20120  4  0 96  0  0
 2  0      0 102231952 106072 26367364    0    0     0     0 1988 19855  4  0 96  0  0
 2  0      0 102230992 106072 26367380    0    0     0     4 1797 19115  4  0 96  0  0
 4  0      0 102231232 106072 26367364    0    0     0     8 2106 20593  4  0 96  0  0
procs -----------memory---------- ---swap-- -----io---- -system-- ------cpu-----
 r  b   swpd   free   buff  cache   si   so    bi    bo   in   cs us sy id wa st
 4  0      0 102232016 106072 26367792    0    0     0     0 2057 16922  4  0 96  0  0
 2  0      0 102232048 106072 26367364    0    0     0    40 2154 19372  4  0 96  0  0
 2  0      0 102231840 106072 26367364    0    0     0     0 2084 20209  4  0 96  0  0
 1  0      0 102231376 106072 26367364    0    0     0     0 2085 19987  4  0 96  0  0
 1  0      0 102230672 106072 26367376    0    0     0    16 1726 17588  4  0 96  0  0
 4  0      0 102230920 106072 26367792    0    0     0     0 1944 18462  4  0 96  0  0
 4  0      0 102231424 106072 26367356    0    0     0    48 1970 20173  4  0 96  0  0
 1  0      0 102213552 106072 26386184    0    0     0     0 1910 19439  4  0 96  0  0
 2  0      0 102231456 106072 26367364    0    0     0     0 1956 20067  4  0 96  0  0
 2  0      0 102232176 106072 26367364    0    0     0     0 1934 18998  4  0 96  0  0
 3  0      0 102231448 106072 26367380    0    0     0     0 1880 20413  4  0 96  0  0
 1  0      0 102231952 106072 26367364    0    0     0    12 1913 19063  4  0 96  0  0
 3  0      0 102231480 106072 26367792    0    0     0     0 1887 19782  4  0 96  0  0
 3  0      0 102231496 106072 26367784    0    0     0     0 1987 19896  4  0 96  0  0
 2  0      0 102226208 106072 26372688    0    0     0     0 1769 14516  4  0 96  0  0
 1  0      0 102199304 106072 26383764    0    0     0   304 1971 18540  4  0 96  0  0
 1  0      0 101960848 106072 26383768    0    0     0    56  641  458  1  0 98  0  0
 1  0      0 101481288 106072 26383768    0    0     0     0  453  247  1  0 98  0  0
 2  0      0 100127624 106072 27846752    0    0     0     0 1079  478  1  2 97  0  0
 6  0      0 100350552 106072 27434840    0    0     0     4 6473 3112  5  1 94  0  0
 2  0      0 100419520 106072 27434840    0    0     0     0 1563  604  3  1 96  0  0
procs -----------memory---------- ---swap-- -----io---- -system-- ------cpu-----
 r  b   swpd   free   buff  cache   si   so    bi    bo   in   cs us sy id wa st
 2  0      0 100383744 106072 27434840    0    0     0    40 1022 3625  3  0 97  0  0
 2  0      0 100418544 106072 27434136    0    0     0     0  879  429  1  1 98  0  0
 1  0      0 100397072 106072 27434824    0    0     0     0 1048 3768  3  0 97  0  0
 2  0      0 99827248 106072 28023912    0    0     0     0  779  353  1  1 98  0  0
 1  0      0 100420744 106072 27434792    0    0     0     0 1034 3653  3  0 96  0  0
 1  0      0 99734120 106072 28000852    0    0     0   104  420  267  1  1 98  0  0
 1  0      0 100419840 106072 27434768    0    0     0     0 1433 4004  3  0 96  0  0
 1  0      0 99884456 106072 27850704    0    0     0     0  473  322  1  1 98  0  0
 2  0      0 100418992 106072 27434932    0    0     0     8 1321 3927  3  1 96  0  0
 1  0      0 100038848 106072 27695648    0    0     0     0  448  283  2  1 98  0  0
 2  0      0 100420560 106072 27434736    0    0     0    28 1406 4126  3  1 97  0  0
 1  0      0 100099536 106072 27636564    0    0     0     0  571  333  2  0 98  0  0
 2  0      0 100419968 106072 27435444    0    0     0     0 1259 4193  2  1 97  0  0
 1  0      0 100273816 106072 27462312    0    0     0     0  576  283  2  0 98  0  0
 3  0      0 100421088 106076 27434148    0    0     0   192 1396 2556  2  1 97  0  0
 1  0      0 100277360 106076 27459888    0    0     0    12  769 1775  3  0 97  0  0
 1  0      0 100419904 106076 27435424    0    0     0     0  659 3949  1  1 98  0  0
 1  0      0 101142112 106076 27435028    0    0     0     0 10373 5529  2  1 97  0  0
 4  0      0 101113952 106076 27434924    0    0     0     0 1806 15469  4  0 96  0  0
 1  0      0 101095904 106076 27453356    0    0     0     0 1821 18436  4  0 96  0  0
 2  0      0 101097392 106076 27451920    0    0     0   100 2079 19500  4  0 96  0  0
procs -----------memory---------- ---swap-- -----io---- -system-- ------cpu-----
 r  b   swpd   free   buff  cache   si   so    bi    bo   in   cs us sy id wa st
 2  0      0 101115360 106076 27434400    0    0     0     0 1939 18705  4  0 96  0  0
 4  0      0 101114744 106076 27434528    0    0     0     0 1999 18395  4  0 96  0  0
 3  0      0 101114784 106076 27434432    0    0     0     0 1933 18721  4  0 96  0  0
 2  0      0 101101536 106076 27448108    0    0     0     0 1903 16321  4  0 96  0  0
 2  0      0 101115952 106076 27434432    0    0     0    28 1934 19407  4  0 96  0  0
 1  0      0 101115056 106076 27434472    0    0     0     0 2095 19152  4  0 96  0  0
 1  0      0 101115376 106076 27434468    0    0     0     0 1988 19499  4  0 96  0  0
 4  0      0 101114504 106076 27434448    0    0     0     0 1797 15864  4  0 96  0  0
 4  0      0 101097400 106076 27453320    0    0     0     0 1928 18445  4  0 96  0  0
 1  0      0 101097232 106076 27453224    0    0     0    32 2039 19063  4  0 96  0  0
 1  0      0 101115712 106076 27434500    0    0     0     0 1911 19507  4  0 96  0  0
 2  0      0 101115792 106076 27434112    0    0     0     0 2050 19257  4  0 96  0  0
 2  0      0 101114648 106076 27434952    0    0     0     0 1796 16505  4  0 96  0  0
 1  0      0 101097120 106076 27453392    0    0     0     0 1952 17294  4  0 96  0  0
 2  0      0 101116064 106076 27434388    0    0     0    28 1908 19942  4  0 96  0  0
 1  0      0 101116392 106076 27434144    0    0     0     0 1997 19167  4  0 96  0  0
 4  0      0 101115984 106076 27434388    0    0     0   132 1912 19956  4  0 96  0  0
 4  0      0 101115568 106076 27434468    0    0     0     0 1874 15561  4  0 96  0  0
 4  0      0 101115456 106076 27434816    0    0     0     0 2026 19320  4  0 96  0  0
 3  0      0 101115312 106076 27434516    0    0     0    20 2078 20224  4  0 96  0  0
 2  0      0 101116072 106076 27434384    0    0     0   156 2030 17436  4  0 96  0  0
procs -----------memory---------- ---swap-- -----io---- -system-- ------cpu-----
 r  b   swpd   free   buff  cache   si   so    bi    bo   in   cs us sy id wa st
 1  0      0 101115648 106076 27434148    0    0     0     0 2159 19516  4  0 96  0  0
 1  0      0 101112640 106076 27434408    0    0     0     0 1982 20006  4  0 96  0  0
 4  0      0 101112736 106076 27434164    0    0     0     0 2007 18688  4  0 96  0  0
 1  0      0 101094192 106076 27453248    0    0     0    40 1676 15114  4  0 96  0  0
 1  0      0 101094256 106076 27453388    0    0     0     0 2146 19195  4  0 96  0  0
 1  0      0 101093824 106076 27453292    0    0     0     0 2098 20172  4  0 96  0  0
 1  0      0 101112560 106076 27434424    0    0     0     0 1970 19218  4  0 96  0  0
 3  0      0 101111640 106080 27434480    0    0     0   160 2081 19768  4  0 96  0  0
 4  0      0 101111216 106080 27434432    0    0     0     0 2090 19419  4  0 96  0  0
 4  0      0 101111808 106080 27434616    0    0     0     0 1758 15005  4  0 96  0  0
 2  0      0 101094528 106080 27451800    0    0     0     0 1840 17697  4  0 96  0  0
 2  0      0 101111464 106080 27434512    0    0     0     0 2008 19278  4  0 96  0  0
 2  0      0 101111792 106080 27434432    0    0     0    16 1971 19159  4  0 96  0  0
 4  0      0 101111632 106080 27434544    0    0     0    92 1936 19228  4  0 96  0  0
 1  0      0 101111712 106080 27434452    0    0     0     0 1952 18563  4  0 96  0  0
 4  0      0 101111072 106080 27435008    0    0     0     0 2101 18711  4  0 96  0  0
 1  0      0 101111136 106080 27434484    0    0     0     0 2024 16229  4  0 96  0  0
 2  0      0 101111968 106080 27434436    0    0     0     0 1918 17140  4  0 96  0  0
 1  0      0 101112048 106080 27434196    0    0     0    40 1943 19436  4  0 96  0  0
 1  0      0 101111128 106080 27434440    0    0     0     0 2034 18698  4  0 96  0  0
 2  0      0 101111208 106080 27434520    0    0     0     0 1767 15824  4  0 96  0  0
procs -----------memory---------- ---swap-- -----io---- -system-- ------cpu-----
 r  b   swpd   free   buff  cache   si   so    bi    bo   in   cs us sy id wa st
 4  0      0 101110560 106080 27434868    0    0     0     0 1896 18878  4  0 96  0  0
 1  0      0 101092976 106080 27453372    0    0     0     0 1921 19441  4  0 96  0  0
 2  0      0 101111712 106080 27434440    0    0     0    16 1950 19704  4  0 96  0  0
 2  0      0 101111280 106080 27434552    0    0     0     0 2030 19840  4  0 96  0  0
 2  0      0 101111360 106080 27434456    0    0     0     0 2053 19894  4  0 96  0  0
 1  0      0 101111200 106080 27434440    0    0     0     0 1948 19206  4  0 96  0  0
 1  0      0 101092944 106080 27453272    0    0     0     0 1752 13376  4  0 96  0  0
 5  0      0 101092720 106080 27453260    0    0     0    28 2036 20894  4  0 96  0  0
 1  0      0 101092800 106080 27453340    0    0     0     0 2074 19213  4  0 96  0  0
 1  0      0 101111280 106080 27434440    0    0     0    96 1970 20059  4  0 96  0  0
 1  0      0 101111104 106080 27434520    0    0     0     0 2012 19536  4  0 96  0  0
 2  0      0 101110976 106080 27434440    0    0     0     0 2043 20117  4  0 96  0  0
 4  0      0 101110552 106080 27434552    0    0     0    12 1997 19874  4  0 96  0  0
 1  0      0 101092480 106080 27453276    0    0     0   124 1850 13548  4  0 96  0  0
 1  0      0 101092640 106080 27453376    0    0     0     0 2007 19263  4  0 96  0  0
 1  0      0 101092656 106080 27453308    0    0     0     0 2033 19723  4  0 96  0  0
 1  0      0 101111144 106080 27434440    0    0     0     0 2062 18914  4  0 96  0  0
 1  0      0 101110720 106080 27434488    0    0     0    24 1894 20199  4  0 96  0  0
 3  0      0 101110544 106080 27434440    0    0     0     8 2065 19633  4  0 96  0  0
 4  0      0 101110688 106080 27434948    0    0     0     0 1802 15560  4  0 96  0  0
 1  0      0 101089736 106080 27453260    0    0     0     0 1991 18622  4  0 96  0  0
procs -----------memory---------- ---swap-- -----io---- -system-- ------cpu-----
 r  b   swpd   free   buff  cache   si   so    bi    bo   in   cs us sy id wa st
 5  0      0 101089568 106080 27453372    0    0     0     0 1936 19720  4  0 96  0  0
 1  0      0 101089408 106080 27452832    0    0     0    36 1944 19324  4  0 96  0  0
 2  0      0 101107648 106080 27434552    0    0     0     0 2135 18983  4  0 96  0  0
 1  0      0 101111312 106080 27434456    0    0     0     0 1963 19318  4  0 96  0  0
 1  0      0 101111152 106080 27434440    0    0     0     8 1909 19509  4  0 96  0  0
 4  0      0 101111040 106080 27434624    0    0     0     0 1806 15565  4  0 96  0  0
 3  0      0 101110632 106080 27434956    0    0     0    20 2066 20872  4  0 96  0  0
 5  0      0 101089152 106080 27453016    0    0     0     0 1953 17493  4  0 96  0  0
 1  0      0 101088272 106080 27453264    0    0     0     0 1973 19708  4  0 96  0  0
 2  0      0 101107216 106080 27434520    0    0     0     0 1943 19506  4  0 96  0  0
 3  0      0 101106064 106080 27434452    0    0     0   144 2146 19878  4  0 96  0  0
 2  0      0 101106416 106080 27434564    0    0     0     0 2153 19494  4  0 96  0  0
 4  0      0 101106256 106080 27434692    0    0     0     4 1875 17205  4  0 96  0  0
 3  0      0 101105840 106080 27434628    0    0     0     0 2050 20320  4  0 96  0  0
 4  0      0 101106176 106080 27434596    0    0     0     0 1993 21396  4  0 96  0  0
 1  0      0 101084512 106080 27453028    0    0     0    88 1883 15412  4  0 96  0  0
 1  0      0 101087696 106080 27453452    0    0     0     0 1854 19332  4  0 96  0  0
 1  0      0 101088280 106080 27453072    0    0     0     0 2044 19299  4  0 96  0  0
 2  0      0 101106752 106080 27434604    0    0     0     0 2002 19458  4  0 96  0  0
 3  0      0 101106592 106080 27434732    0    0     0     0 2006 19078  4  0 96  0  0
 4  0      0 101106520 106080 27434748    0    0     0     0 1888 20229  4  0 96  0  0
procs -----------memory---------- ---swap-- -----io---- -system-- ------cpu-----
 r  b   swpd   free   buff  cache   si   so    bi    bo   in   cs us sy id wa st
 3  0      0 101106032 106080 27434604    0    0     0    40 2086 20253  4  0 96  0  0
 1  0      0 101083872 106080 27453520    0    0     0     0 1786 15032  4  0 96  0  0
 2  0      0 101086240 106080 27451092    0    0     0     0 1873 19523  4  0 96  0  0
 2  0      0 101103200 106080 27434392    0    0     0     0 1846 20039  4  0 96  0  0
 4  0      0 101102792 106080 27434636    0    0     0     0 1819 18390  4  0 96  0  0
 4  0      0 101106416 106080 27434636    0    0     0    28 2008 20034  4  0 96  0  0
 3  0      0 101105792 106080 27435112    0    0     0   120 1941 16173  4  0 96  0  0
 5  0      0 101084352 106080 27453424    0    0     0     0 1804 19193  4  0 96  0  0
 2  0      0 101103328 106080 27434700    0    0     0     0 1926 19397  4  0 96  0  0
 2  0      0 101103152 106080 27434636    0    0     0     0 1967 19691  4  0 96  0  0
 1  0      0 101102496 106080 27434604    0    0     0   140 1974 20099  4  0 96  0  0
 4  0      0 101101352 106080 27435096    0    0     0     0 1774 16105  4  0 96  0  0
 5  0      0 101083776 106080 27453456    0    0     0     0 1871 19600  4  0 96  0  0
 2  0      0 101083872 106080 27453536    0    0     0     0 2000 19928  4  0 96  0  0
 2  0      0 101099568 106080 27437024    0    0     0     0 2036 19998  4  0 96  0  0
 3  0      0 101102176 106080 27434732    0    0     0    32 1853 20193  4  0 96  0  0
 4  0      0 101102208 106080 27434652    0    0     0     0 1879 19219  4  0 96  0  0
 1  0      0 101101792 106080 27434780    0    0     0     0 1869 19601  4  0 96  0  0
 1  0      0 101084240 106080 27453224    0    0     0     0 1795 15900  4  0 96  0  0
 2  0      0 101098704 106080 27437636    0    0     0    20 1985 20175  4  0 96  0  0
 2  0      0 101102080 106080 27434844    0    0     0     0 2038 19793  4  0 96  0  0
procs -----------memory---------- ---swap-- -----io---- -system-- ------cpu-----
 r  b   swpd   free   buff  cache   si   so    bi    bo   in   cs us sy id wa st
 4  0      0 101102160 106080 27434828    0    0     0     8 1952 20204  4  0 96  0  0
 4  0      0 101101744 106080 27434812    0    0     0     0 2062 19947  4  0 96  0  0
 3  0      0 101101328 106080 27434828    0    0     0     0 2111 20151  4  0 96  0  0
 3  0      0 101100944 106080 27435152    0    0     0    40 1893 16207  4  0 96  0  0
 1  0      0 101083296 106080 27453652    0    0     0   560 2093 19604  4  0 96  0  0
 1  0      0 101083376 106080 27453132    0    0     0     0 2051 20069  4  0 96  0  0
 1  0      0 101101856 106080 27434848    0    0     0     0 2052 21155  4  0 96  0  0
 2  0      0 101093872 106080 27444028    0    0     0     0 1814 14733  4  0 96  0  0
 2  0      0 101102528 106080 27434784    0    0     0     0 2256 20875  4  0 96  0  0
 4  0      0 101102168 106080 27435260    0    0     0     0 1936 16260  4  0 96  0  0
 2  0      0 101103744 106080 27434736    0    0     0    48 2048 20039  4  0 96  0  0
 2  0      0 101103328 106080 27434848    0    0     0     0 1823 16051  4  0 96  0  0
 2  0      0 101100816 106080 27434832    0    0     0     0 2115 20588  4  0 96  0  0
 3  0      0 101104496 106080 27434784    0    0     0     0 2080 20285  4  0 96  0  0
 2  0      0 101105088 106080 27434816    0    0     0     0 1712 15322  4  0 96  0  0
 4  0      0 101105168 106080 27434864    0    0     0    12 2232 21310  4  0 96  0  0
 5  0      0 101083248 106080 27453212    0    0     0     8 1836 15737  4  0 96  0  0
 2  0      0 101101984 106080 27434804    0    0     0     0 2134 19746  4  0 96  0  0
 4  0      0 101101600 106080 27435264    0    0     0     0 1730 16303  4  0 96  0  0
 2  0      0 101102904 106080 27434760    0    0     0     0 2057 20467  4  0 96  0  0
 1  0      0 101102736 106080 27434872    0    0     0   188 2108 20342  4  0 96  0  0
procs -----------memory---------- ---swap-- -----io---- -system-- ------cpu-----
 r  b   swpd   free   buff  cache   si   so    bi    bo   in   cs us sy id wa st
 1  0      0 101103328 106080 27434856    0    0     0     0 1889 16835  4  0 96  0  0
 4  0      0 101101424 106080 27434952    0    0     0     0 1985 19650  4  0 96  0  0
 1  0      0 101081856 106080 27453340    0    0     0   160 2193 16614  4  0 96  0  0
 1  0      0 101100592 106080 27434900    0    0     0     0 2239 20062  4  0 96  0  0
 4  0      0 101100504 106080 27435376    0    0     0    12 2159 15994  4  0 96  0  0
 1  0      0 101096712 106080 27434852    0    0     0     0 2263 20109  4  0 96  0  0
 1  0      0 101098064 106080 27434968    0    0     0     0 2280 18229  4  0 96  0  0
 1  0      0 101080760 106080 27453348    0    0     0    76 1980 18068  4  0 96  0  0
 4  0      0 101099232 106080 27434904    0    0     0     0 2034 20194  4  0 96  0  0
 1  0      0 101081424 106080 27453772    0    0     0     0 1952 15724  4  0 96  0  0
 2  0      0 101099648 106080 27434856    0    0     0     0 2079 20483  4  0 96  0  0
 2  0      0 101098760 106080 27435396    0    0     0     4 1970 19122  4  0 96  0  0
 4  0      0 101099088 106080 27435376    0    0     0    12 1977 16280  4  0 96  0  0
 1  0      0 101080752 106080 27453756    0    0     0    12 1864 19213  4  0 96  0  0
 1  0      0 101080576 106080 27453348    0    0     0     0 2056 19109  4  0 96  0  0
 1  0      0 101099592 106080 27434872    0    0     0     0 1935 19307  4  0 96  0  0
 1  0      0 101099432 106080 27434952    0    0     0     0 1986 18588  4  0 96  0  0
 4  0      0 101099264 106080 27434856    0    0     0    28 1850 18559  4  0 96  0  0
 1  0      0 101081712 106080 27453788    0    0     0     0 1825 15643  4  0 96  0  0
 1  0      0 101081040 106080 27453348    0    0     0     0 2091 19832  4  0 96  0  0
 2  0      0 101099272 106080 27434904    0    0     0     0 2045 19735  4  0 96  0  0
procs -----------memory---------- ---swap-- -----io---- -system-- ------cpu-----
 r  b   swpd   free   buff  cache   si   so    bi    bo   in   cs us sy id wa st
 4  0      0 101099104 106080 27434952    0    0     0     0 1837 19101  4  0 96  0  0
 2  0      0 101099184 106080 27434872    0    0     0    12 1937 17987  4  0 96  0  0
 4  0      0 101099520 106080 27434952    0    0     0     0 1945 19893  4  0 96  0  0
 3  0      0 101098848 106080 27434856    0    0     0     0 1981 18719  4  0 96  0  0
 2  0      0 101081280 106080 27453328    0    0     0     0 1915 17999  4  0 96  0  0
 2  0      0 101099504 106080 27434952    0    0     0    16 1992 20031  4  0 96  0  0
 2  0      0 101099344 106080 27434904    0    0     0    28 2055 19912  4  0 96  0  0
 4  0      0 101099176 106080 27434952    0    0     0     0 1989 19490  4  0 96  0  0
 4  0      0 101099256 106080 27434872    0    0     0     0 1930 19283  4  0 96  0  0
 3  0      0 101099152 106080 27435428    0    0     0     0 2094 16646  4  0 96  0  0
 3  0      0 101098736 106080 27435412    0    0     0     0 2038 19516  4  0 96  0  0
 2  0      0 101089104 106080 27442680    0    0     0   364 2109 19298  4  0 96  0  0
 2  0      0 101096000 106080 27434952    0    0     0     0 1976 19175  4  0 96  0  0
 2  0      0 101096400 106080 27438292    0    0     0     0 2006 19415  4  0 96  0  0
 3  0      0 101100256 106080 27434952    0    0     0     0 1839 16586  4  0 96  0  0
 5  0      0 101092144 106080 27439172    0    0     0     0 1943 16807  4  0 96  0  0
 1  0      0 101078440 106080 27453368    0    0     0    36 1801 18895  4  0 96  0  0
 3  0      0 101096912 106080 27434956    0    0     0     0 1982 18870  4  0 96  0  0
 3  0      0 101095528 106080 27435372    0    0     0     8 1878 17405  4  0 96  0  0
 4  0      0 101095608 106080 27435388    0    0     0     0 1944 17469  4  0 96  0  0
 4  0      0 101095936 106080 27435340    0    0     0     0 2028 19057  4  0 96  0  0
procs -----------memory---------- ---swap-- -----io---- -system-- ------cpu-----
 r  b   swpd   free   buff  cache   si   so    bi    bo   in   cs us sy id wa st
 2  0      0 101078352 106080 27453356    0    0     0    28 1891 18167  4  0 96  0  0
 2  0      0 101097104 106080 27434868    0    0     0     0 2079 19189  4  0 96  0  0
 1  0      0 101096928 106080 27434980    0    0     0     0 1950 19042  4  0 96  0  0
 1  0      0 101078864 106080 27453788    0    0     0     0 1789 14183  4  0 96  0  0
 2  0      0 101097344 106080 27434920    0    0     0     0 1911 19129  4  0 96  0  0
 1  0      0 101096928 106080 27434968    0    0     0    28 2050 19188  4  0 96  0  0
 3  0      0 101096496 106080 27434888    0    0     0     0 2088 19287  4  0 96  0  0
 1  0      0 101078944 106080 27453836    0    0     0     0 1739 14342  3  0 96  0  0
 2  0      0 101097424 106080 27434968    0    0     0     0 2017 19017  4  0 96  0  0
 2  0      0 101097248 106080 27434952    0    0     0     0 2094 18571  4  0 96  0  0
 4  0      0 101097344 106080 27434968    0    0     0    12 1734 19108  4  0 96  0  0
 3  0      0 101096704 106080 27435348    0    0     0     0 1891 16988  4  0 96  0  0
 2  0      0 101097776 106080 27434976    0    0     0   152 2089 19349  4  0 96  0  0
 3  0      0 101097856 106080 27434880    0    0     0     0 2058 20002  4  0 96  0  0
 2  0      0 101082272 106080 27447544    0    0     0     0 1886 14901  4  0 96  0  0
 4  0      0 101094960 106080 27434976    0    0     0    16 2091 20158  4  0 96  0  0
 4  0      0 101095952 106080 27435420    0    0     0     0 1771 15947  4  0 96  0  0
 1  0      0 101096704 106080 27434992    0    0     0     0 2070 19733  4  0 96  0  0
 4  0      0 101096472 106084 27434992    0    0     0   100 2110 19420  4  0 96  0  0
 1  0      0 101078336 106084 27453388    0    0     0     0 1778 15364  4  0 96  0  0
 2  0      0 101099360 106084 27434912    0    0     0     0 2060 19994  4  0 96  0  0
procs -----------memory---------- ---swap-- -----io---- -system-- ------cpu-----
 r  b   swpd   free   buff  cache   si   so    bi    bo   in   cs us sy id wa st
 2  0      0 101099200 106084 27435436    0    0     0     0 1860 16224  4  0 96  0  0
 2  0      0 101099456 106084 27435008    0    0     0     0 1996 19289  4  0 96  0  0
 4  0      0 101099728 106084 27435008    0    0     0    24 1949 19503  4  0 96  0  0
 1  0      0 101081840 106084 27453404    0    0     0   108 1756 15440  4  0 96  0  0
 3  0      0 101100016 106084 27435436    0    0     0     0 2031 19626  4  0 96  0  0
 2  0      0 101089456 106084 27443728    0    0     0   284 2016 16027  4  0 96  0  0
 2  0      0 101098352 106084 27434984    0    0     0    12 1969 19494  4  0 96  0  0
 2  0      0 101093888 106084 27441276    0    0     0     0 1898 16369  4  0 96  0  0
 2  0      0 101100032 106084 27435048    0    0     0     0 2272 20005  4  0 96  0  0
 1  0      0 101099896 106084 27435444    0    0     0     0 1866 19020  4  0 96  0  0
 1  0      0 101082592 106084 27453804    0    0     0    96 1889 16560  4  0 96  0  0
 2  0      0 101101576 106084 27434984    0    0     0     0 2022 19590  4  0 96  0  0
 4  0      0 101098080 106084 27435476    0    0     0     0 2002 19301  4  0 96  0  0
 5  0      0 101084104 106084 27453628    0    0     0     0 1714 15671  4  0 96  0  0
 1  0      0 101102832 106084 27434872    0    0     0     0 2146 19697  4  0 96  0  0
 5  0      0 101081424 106084 27453644    0    0     0     0 1828 15694  4  0 96  0  0
 2  0      0 101100416 106084 27434840    0    0     0    40 2244 20535  4  0 96  0  0
 2  0      0 101100752 106084 27434872    0    0     0     0 2015 20301  4  0 96  0  0
 1  0      0 101082928 106084 27453644    0    0     0     0 1819 15390  4  0 96  0  0
 1  0      0 101102408 106084 27434844    0    0     0     0 2026 19725  4  0 96  0  0
 3  0      0 101101512 106084 27435304    0    0     0     0 1979 19254  4  0 96  0  0
procs -----------memory---------- ---swap-- -----io---- -system-- ------cpu-----
 r  b   swpd   free   buff  cache   si   so    bi    bo   in   cs us sy id wa st
 1  0      0 101084416 106084 27453648    0    0     0    12 2001 16956  4  0 96  0  0
 3  0      0 101102896 106084 27434844    0    0     0     0 2144 20113  4  0 96  0  0
 5  0      0 101099128 106084 27440148    0    0     0     0 1813 16429  4  0 96  0  0
 2  0      0 101103568 106084 27434800    0    0     0     0 2157 20021  4  0 96  0  0
 2  0      0 101103176 106084 27435356    0    0     0    16 1813 16172  4  0 96  0  0
 2  0      0 101087104 106084 27452272    0    0     0    44 2014 19322  4  0 96  0  0
 2  0      0 101104320 106084 27434800    0    0     0     0 2087 20253  4  0 96  0  0
 5  0      0 101082928 106084 27453748    0    0     0     0 1896 15853  4  0 96  0  0
 4  0      0 101101408 106084 27434848    0    0     0     0 2027 20160  4  0 96  0  0
 1  0      0 101086608 106084 27453540    0    0     0     0 1794 16380  4  0 96  0  0
 1  0      0 101106608 106084 27434656    0    0     0    28 2024 20084  4  0 96  0  0
 1  0      0 101088288 106084 27453364    0    0     0     0 1886 15183  4  0 96  0  0
 1  0      0 101107032 106084 27434496    0    0     0     0 2076 19844  4  0 96  0  0
 3  0      0 101106640 106084 27434940    0    0     0     0 1965 19136  4  0 96  0  0
 1  0      0 101089800 106084 27453328    0    0     0     0 1939 16894  4  0 96  0  0
 4  0      0 101107808 106084 27434956    0    0     0   144 2105 19281  4  0 96  0  0
 5  0      0 101089952 106084 27453328    0    0     0     0 1813 15882  4  0 96  0  0
 3  0      0 101108448 106084 27434496    0    0     0     0 2119 19484  4  0 96  0  0
 4  0      0 101108336 106084 27434940    0    0     0     0 1989 20133  4  0 96  0  0
 2  0      0 101100472 106084 27439352    0    0     0   140 1914 16303  4  0 96  0  0
 3  0      0 101105088 106084 27434480    0    0     0    20 2095 20104  4  0 96  0  0
procs -----------memory---------- ---swap-- -----io---- -system-- ------cpu-----
 r  b   swpd   free   buff  cache   si   so    bi    bo   in   cs us sy id wa st
 4  0      0 101104696 106084 27434936    0    0     0     0 1891 16179  4  0 96  0  0
 2  0      0 101105504 106084 27434496    0    0     0     0 1949 18915  4  0 96  0  0
 3  0      0 101104864 106084 27434984    0    0     0     0 1940 17213  4  0 96  0  0
 2  0      0 101086768 106084 27453312    0    0     0     0 2068 19211  4  0 96  0  0
 2  0      0 101106000 106084 27434496    0    0     0    28 2116 21007  4  0 96  0  0
 1  0      0 101087928 106084 27453344    0    0     0     0 1758 15362  4  0 96  0  0
 1  0      0 101106152 106092 27434492    0    0     0   156 2348 20567  4  0 96  0  0
 4  0      0 101104768 106092 27434916    0    0     0     0 1843 16435  4  0 96  0  0
 2  0      0 101106856 106092 27434492    0    0     0     0 1984 19094  4  0 96  0  0
 4  0      0 101106240 106092 27434936    0    0     0     0 1937 19324  4  0 96  0  0
 1  0      0 101084768 106092 27452900    0    0     0     0 1967 16140  4  0 96  0  0
 2  0      0 101103264 106092 27434492    0    0     0    84 1936 20174  4  0 96  0  0
 4  0      0 101102864 106092 27434492    0    0     0     0 1806 16439  4  0 96  0  0
 2  0      0 101093088 106092 27445140    0    0     0     0 1927 19426  4  0 96  0  0
 2  0      0 101104000 106092 27434508    0    0     0     8 2056 19402  4  0 96  0  0
 3  0      0 101103088 106092 27434556    0    0     0     0 1963 19395  4  0 96  0  0
 5  0      0 101085776 106092 27452972    0    0     0    32 1795 15845  4  0 96  0  0
 1  0      0 101085600 106092 27453392    0    0     0     0 1893 17864  4  0 96  0  0
 1  0      0 101089536 106092 27452984    0    0     0     0 2066 19572  4  0 96  0  0
 2  0      0 101103696 106092 27435064    0    0     0     0 1858 15494  4  0 96  0  0
 2  0      0 101105504 106092 27434576    0    0     0     0 1915 18260  4  0 96  0  0
procs -----------memory---------- ---swap-- -----io---- -system-- ------cpu-----
 r  b   swpd   free   buff  cache   si   so    bi    bo   in   cs us sy id wa st
 5  1      0 101087424 106092 27451964    0    0     0    28 1750 15751  4  0 96  0  0
 1  0      0 101105920 106092 27434644    0    0     0     0 1978 19342  4  0 96  0  0
 2  0      0 101106504 106092 27434580    0    0     0     0 1640 15241  4  0 96  0  0
 2  0      0 101105608 106092 27435028    0    0     0     0 1844 16127  4  0 96  0  0
 2  0      0 101106928 106092 27434648    0    0     0     0 1869 17860  4  0 96  0  0
 5  0      0 101099312 106092 27440852    0    0     0     0 1838 15270  4  0 96  0  0
 4  0      0 101103504 106092 27434600    0    0     0    12 2057 18631  4  0 96  0  0
 2  0      0 101103840 106092 27434648    0    0     0     0 1879 15175  4  0 96  0  0
 1  0      0 101103456 106092 27435044    0    0     0     0 1872 18226  4  0 96  0  0
 1  0      0 101085608 106092 27452996    0    0     0    88 2032 16179  4  0 96  0  0
 4  0      0 101104368 106092 27434644    0    0     0     0 1811 18763  4  0 96  0  0
 3  0      0 101104448 106092 27435028    0    0     0   168 2104 16926  4  0 96  0  0
 4  0      0 101087104 106092 27452932    0    0     0     0 1959 18621  4  0 96  0  0
 2  0      0 101106336 106092 27434568    0    0     0     0 2142 19219  4  0 96  0  0
 1  0      0 101105720 106092 27435060    0    0     0     0 1964 19546  4  0 96  0  0
 3  0      0 101102656 106092 27434392    0    0     0     0 2056 20194  4  0 96  0  0
 1  0      0 101084832 106092 27452852    0    0     0    12 1902 16261  4  0 96  0  0
 4  0      0 101103312 106092 27434488    0    0     0     0 2241 19750  4  0 96  0  0
 5  0      0 101085744 106092 27452852    0    0     0     0 1788 15430  4  0 96  0  0
 2  0      0 101104480 106092 27434440    0    0     0     0 2192 20690  4  0 96  0  0
 3  0      0 101104336 106092 27434432    0    0     0     0 1911 18993  4  0 96  0  0
procs -----------memory---------- ---swap-- -----io---- -system-- ------cpu-----
 r  b   swpd   free   buff  cache   si   so    bi    bo   in   cs us sy id wa st
 1  0      0 101086992 106092 27453296    0    0     0    28 2173 16435  4  0 96  0  0
 2  0      0 101105968 106092 27434428    0    0     0     0 2108 20487  4  0 96  0  0
 4  0      0 101105408 106092 27434856    0    0     0     0 2520 19898  4  0 96  0  0
 2  0      0 101091744 106092 27444592    0    0     0    16 1978 15655  4  0 96  0  0
 1  0      0 101105752 106092 27434444    0    0     0     0 2195 20885  4  0 96  0  0
 2  0      0 101105392 106092 27434448    0    0     0    52 1978 17604  4  0 96  0  0
 2  0      0 101083920 106092 27453244    0    0     0     0 2077 18984  4  0 96  0  0
 2  0      0 101102176 106092 27434432    0    0     0     4 1907 19187  4  0 96  0  0
 1  0      0 101084080 106092 27453264    0    0     0     0 2179 18305  4  0 96  0  0
 2  0      0 101102800 106092 27434444    0    0     0     0 2174 20492  4  0 96  0  0
 2  0      0 101102160 106092 27434448    0    0     0    32 2026 17570  4  0 96  0  0
 1  0      0 101085320 106092 27453248    0    0     0     0 1995 19050  4  0 96  0  0
 1  0      0 101103304 106092 27434428    0    0     0     0 2244 20380  4  0 96  0  0
 2  0      0 101102912 106092 27434432    0    0     0     0 2010 19061  4  0 96  0  0
 2  0      0 101103712 106092 27434444    0    0     0     0 1997 16791  4  0 96  0  0
 2  0      0 101104104 106092 27434904    0    0     0    28 2144 20400  4  0 96  0  0
 2  0      0 101103440 106092 27434432    0    0     0     0 2022 16316  4  0 96  0  0
 1  0      0 101100624 106092 27434428    0    0     0     0 2043 19282  4  0 96  0  0
 2  0      0 101103848 106092 27434432    0    0     0     0 1891 16730  4  0 96  0  0
 2  0      0 101096744 106092 27438800    0    0     0     0 1988 18961  4  0 96  0  0
 1  0      0 101100864 106092 27434428    0    0     0    28 2200 20262  4  0 96  0  0
procs -----------memory---------- ---swap-- -----io---- -system-- ------cpu-----
 r  b   swpd   free   buff  cache   si   so    bi    bo   in   cs us sy id wa st
 1  0      0 101082800 106092 27453248    0    0     0    60 1766 14874  4  0 96  0  0
 2  0      0 101102288 106092 27434432    0    0     0     0 2150 20481  4  0 96  0  0
 4  0      0 101101392 106092 27434876    0    0     0     0 2043 20143  4  0 96  0  0
 5  0      0 101083296 106092 27452844    0    0     0     0 1950 16233  4  0 96  0  0
 1  0      0 101101552 106092 27434908    0    0     0    12 2048 20136  4  0 96  0  0
 4  0      0 101101384 106092 27434440    0    0     0     0 1971 18561  4  0 96  0  0
 1  0      0 101084288 106092 27453272    0    0     0     0 2069 17713  4  0 96  0  0
 4  0      0 101102576 106092 27434880    0    0     0     0 2176 20041  4  0 96  0  0
 4  0      0 101102160 106092 27434456    0    0     0     0 1949 16331  4  0 96  0  0
 2  0      0 101084480 106092 27449440    0    0     0   280 2135 19667  4  0 96  0  0
 1  0      0 101099424 106092 27434436    0    0     0     0 2161 20149  4  0 96  0  0
 1  0      0 101081360 106092 27453272    0    0     0     0 1833 15554  4  0 96  0  0
 2  0      0 101082208 106092 27452360    0    0     0     0 2140 19948  4  0 96  0  0
 2  0      0 101100432 106092 27434436    0    0     0    16 1981 19812  4  0 96  0  0
 1  0      0 101100032 106092 27434864    0    0     0    32 2095 19081  4  0 96  0  0
 2  0      0 101099864 106092 27434440    0    0     0     0 1867 15599  4  0 96  0  0
 1  0      0 101082032 106092 27453304    0    0     0     0 2040 18877  4  0 96  0  0
 1  0      0 101081856 106092 27453256    0    0     0     0 1959 19603  4  0 96  0  0
 4  0      0 101099856 106092 27434864    0    0     0     0 2016 19946  4  0 96  0  0
 2  0      0 101099936 106092 27434440    0    0     0    28 2134 19666  4  0 96  0  0
 4  0      0 101099776 106092 27434912    0    0     0     0 2042 18771  4  0 96  0  0
procs -----------memory---------- ---swap-- -----io---- -system-- ------cpu-----
 r  b   swpd   free   buff  cache   si   so    bi    bo   in   cs us sy id wa st
 1  0      0 101082448 106092 27452832    0    0     0     0 1845 16387  4  0 96  0  0
 1  0      0 101082296 106092 27453272    0    0     0     0 2032 19141  4  0 96  0  0
 2  0      0 101085408 106092 27449552    0    0     0     4 1970 19519  4  0 96  0  0
 2  0      0 101100360 106092 27434516    0    0     0    12 1991 19167  4  0 96  0  0
 4  0      0 101100752 106092 27434928    0    0     0     0 1996 19409  4  0 96  0  0
 4  0      0 101100576 106092 27434488    0    0     0     0 1975 18894  4  0 96  0  0
 4  0      0 101099664 106092 27434960    0    0     0     0 1974 16307  4  0 96  0  0
 2  0      0 101097344 106092 27434468    0    0     0     0 2319 18277  4  0 96  0  0
 1  0      0 101097680 106092 27434564    0    0     0    28 1959 19811  4  0 96  0  0
 1  0      0 101097024 106092 27434548    0    0     0     0 2048 19258  4  0 96  0  0
 1  0      0 101096624 106092 27434960    0    0     0     0 2154 19725  4  0 96  0  0
 3  0      0 101096704 106092 27434552    0    0     0     0 1852 17452  4  0 96  0  0
 3  0      0 101100168 106092 27434928    0    0     0     0 2080 19084  4  0 96  0  0
 5  0      0 101093240 106092 27440784    0    0     0    24 2012 19403  4  0 96  0  0
 2  0      0 101097680 106092 27434452    0    0     0     0 2005 18882  4  0 96  0  0
 2  0      0 101097520 106092 27434564    0    0     0     0 2119 19420  4  0 96  0  0
 2  0      0 101097096 106092 27434548    0    0     0     0 2067 19217  4  0 96  0  0
 4  0      0 101096928 106092 27434532    0    0     0     0 1981 18800  4  0 96  0  0
 2  0      0 101096544 106092 27434976    0    0     0    12 1947 18238  4  0 96  0  0
 3  0      0 101096368 106092 27434452    0    0     0    52 1979 17592  4  0 96  0  0
 5  0      0 101089424 106092 27445140    0    0     0     0 2002 18369  4  0 96  0  0
procs -----------memory---------- ---swap-- -----io---- -system-- ------cpu-----
 r  b   swpd   free   buff  cache   si   so    bi    bo   in   cs us sy id wa st
 2  0      0 101097760 106092 27434452    0    0     0     0 2053 18454  4  0 96  0  0
 2  0      0 101097088 106092 27434568    0    0     0     0 2033 20093  4  0 96  0  0
 2  0      0 101096952 106092 27434980    0    0     0    32 2016 19565  4  0 96  0  0
 4  0      0 101096528 106092 27434508    0    0     0     0 1832 18493  4  0 96  0  0
 3  0      0 101095104 106092 27434980    0    0     0     0 2071 19592  4  0 96  0  0
 3  0      0 101095440 106092 27434032    0    0     0     0 2340 19084  4  0 96  0  0
 1  0      0 101077376 106092 27453372    0    0     0   264 2253 16304  4  0 96  0  0
 2  0      0 101095856 106092 27434460    0    0     0    60 2037 19900  4  0 96  0  0
 2  0      0 101095440 106092 27434572    0    0     0     0 2089 19497  4  0 96  0  0
 2  0      0 101094792 106092 27434984    0    0     0     0 2055 19822  4  0 96  0  0
 1  0      0 101095104 106092 27434084    0    0     0     0 1937 18787  4  0 96  0  0
 2  0      0 101094208 106092 27434984    0    0     0     4 2062 18688  4  0 96  0  0
 4  0      0 101094792 106092 27434464    0    0     0    28 1992 16983  4  0 96  0  0
 1  0      0 101095600 106092 27434556    0    0     0     0 2084 17878  4  0 96  0  0
 3  0      0 101095432 106092 27434004    0    0     0     0 1945 18706  4  0 96  0  0
 2  0      0 101095544 106092 27435000    0    0     0     0 1908 19234  4  0 96  0  0
 2  0      0 101095872 106092 27434560    0    0     0     0 2077 17406  4  0 96  0  0
 1  0      0 101078288 106092 27453360    0    0     0    12 1913 17806  4  0 96  0  0
 2  0      0 101097776 106092 27434556    0    0     0     0 2034 19701  4  0 96  0  0
 2  0      0 101097600 106092 27434460    0    0     0     0 1996 19509  4  0 96  0  0
 1  0      0 101097472 106092 27434576    0    0     0     0 1968 18853  4  0 96  0  0
procs -----------memory---------- ---swap-- -----io---- -system-- ------cpu-----
 r  b   swpd   free   buff  cache   si   so    bi    bo   in   cs us sy id wa st
 3  0      0 101097056 106092 27435016    0    0     0     0 2071 17878  4  0 96  0  0
 4  0      0 101079200 106092 27453392    0    0     0    16 1970 17269  4  0 96  0  0
 1  0      0 101079040 106092 27453376    0    0     0     0 2033 18688  4  0 96  0  0
 4  0      0 101097584 106092 27434936    0    0     0     0 2026 18175  4  0 96  0  0
 1  0      0 101098352 106092 27434132    0    0     0     0 1882 17353  4  0 96  0  0
 4  0      0 101098240 106092 27434888    0    0     0     0 1968 17962  4  0 96  0  0
 2  0      0 101096192 106092 27434572    0    0     0    12 1922 18728  4  0 96  0  0
 2  0      0 101095296 106092 27434984    0    0     0     0 2048 19577  4  0 96  0  0
 2  0      0 101095360 106092 27434540    0    0     0     0 1973 19116  4  0 96  0  0
 2  0      0 101094712 106092 27434984    0    0     0     0 1845 18643  4  0 96  0  0
 2  0      0 101098160 106092 27434936    0    0     0     0 1938 17286  4  0 96  0  0
 4  0      0 101077208 106092 27453376    0    0     0    28 1894 18794  4  0 96  0  0
 1  0      0 101077288 106092 27453280    0    0     0    48 2109 19482  4  0 96  0  0
 1  0      0 101095296 106092 27434544    0    0     0     0 2089 19422  4  0 96  0  0
 3  0      0 101095592 106092 27434556    0    0     0     0 1957 19425  4  0 96  0  0
 2  0      0 101094960 106092 27434512    0    0     0     0 1906 17693  4  0 96  0  0
 2  0      0 101088448 106092 27442300    0    0     0    28 1921 17014  4  0 96  0  0
 2  0      0 101096848 106092 27434460    0    0     0     4 2267 19466  4  0 96  0  0
 3  0      0 101095968 106092 27435032    0    0     0    92 1977 18359  4  0 96  0  0
 1  0      0 101078872 106092 27453408    0    0     0     0 2084 17421  4  0 96  0  0
 4  0      0 101098096 106092 27434512    0    0     0     0 2114 19617  4  0 96  0  0
procs -----------memory---------- ---swap-- -----io---- -system-- ------cpu-----
 r  b   swpd   free   buff  cache   si   so    bi    bo   in   cs us sy id wa st
 2  0      0 101088256 106092 27446656    0    0     0    20 2024 16010  4  0 96  0  0
 4  0      0 101099464 106092 27434464    0    0     0     0 2052 19820  4  0 96  0  0
 5  0      0 101081872 106092 27453428    0    0     0     0 2042 16132  4  0 96  0  0
 4  0      0 101100592 106092 27434136    0    0     0     0 1983 19553  4  0 96  0  0
 5  0      0 101095616 106092 27435936    0    0     0     0 2063 16862  4  0 96  0  0
 2  0      0 101097168 106092 27434560    0    0     0    28 2139 19508  4  0 96  0  0
 3  0      0 101097032 106092 27434468    0    0     0     0 1895 17514  4  0 96  0  0
 2  0      0 101097144 106092 27434576    0    0     0     0 2296 18145  4  0 96  0  0
 4  0      0 101096752 106092 27434572    0    0     0     0 2056 19560  4  0 96  0  0
 1  0      0 101079928 106092 27453372    0    0     0     0 2037 16888  4  0 96  0  0
 4  0      0 101098432 106092 27434572    0    0     0    28 2029 19680  4  0 96  0  0
 1  0      0 101080096 106092 27453292    0    0     0     0 1975 16919  4  0 96  0  0
 2  0      0 101099024 106092 27434584    0    0     0     0 2162 20203  4  0 96  0  0
 4  0      0 101099104 106092 27434188    0    0     0     0 2025 20715  4  0 96  0  0
 2  0      0 101095848 106092 27434664    0    0     0     0 2012 16530  4  0 96  0  0
 2  0      0 101099520 106092 27434332    0    0     0    12 2120 20377  4  0 96  0  0
 5  0      0 101078112 106092 27453596    0    0     0     0 1874 15215  4  0 96  0  0
 2  0      0 101095872 106092 27435156    0    0     0     0 2122 19502  4  0 96  0  0
 4  0      0 101096208 106092 27435280    0    0     0     0 1835 16456  4  0 96  0  0
 1  0      0 101078608 106092 27453596    0    0     0     0 2056 19832  4  0 96  0  0
 1  0      0 101097840 106092 27434728    0    0     0    12 2093 20168  4  0 96  0  0
procs -----------memory---------- ---swap-- -----io---- -system-- ------cpu-----
 r  b   swpd   free   buff  cache   si   so    bi    bo   in   cs us sy id wa st
 1  0      0 101079280 106092 27453528    0    0     0     0 1704 15226  4  0 96  0  0
 1  0      0 101097536 106092 27435124    0    0     0     0 2109 19661  4  0 96  0  0
 2  0      0 101094032 106092 27435216    0    0     0     0 1846 17148  4  0 96  0  0
 2  0      0 101094872 106092 27435316    0    0     0     0 2042 18676  4  0 96  0  0
 4  0      0 101094920 106092 27434336    0    0     0    16 1979 19020  4  0 96  0  0
 5  0      0 101076600 106092 27453552    0    0     0    36 2002 15797  4  0 96  0  0
 2  0      0 101083496 106092 27446412    0    0     0     0 2222 19696  4  0 96  0  0
 1  0      0 101095040 106092 27434732    0    0     0     0 1968 18619  4  0 96  0  0
 1  0      0 101077200 106092 27453648    0    0     0     0 1858 16628  4  0 96  0  0
 1  0      0 101095712 106092 27435160    0    0     0   108 2164 20371  4  0 96  0  0
 1  0      0 101077888 106092 27453224    0    0     0   508 1831 15765  4  0 96  0  0
 1  0      0 101095896 106092 27435244    0    0     0    12 2186 20020  4  0 96  0  0
 3  0      0 101095984 106092 27435224    0    0     0     0 1948 18886  4  0 96  0  0
 5  0      0 101078144 106092 27453524    0    0     0     0 1979 16667  4  0 96  0  0
 2  0      0 101097296 106092 27435224    0    0     0     0 2195 19650  4  0 96  0  0
 1  0      0 101096384 106092 27435180    0    0     0     0 1810 16950  4  0 96  0  0
 4  0      0 101075432 106092 27453524    0    0     0    76 1964 18780  4  0 96  0  0
 0  0      0 101223616 106092 27434684    0    0     0     0 2655 19311  3  0 96  0  0
 1  0      0 100777040 106092 27434728    0    0     0    64  619  479  1  0 98  0  0
 2  0      0 100232232 106092 27544112    0    0     0     0  463  249  1  0 98  0  0
 2  0      0 100397168 106092 27434792    0    0     0     0 1203  565  2  1 97  0  0
procs -----------memory---------- ---swap-- -----io---- -system-- ------cpu-----
 r  b   swpd   free   buff  cache   si   so    bi    bo   in   cs us sy id wa st
 1  0      0 100116448 106092 27568536    0    0     0     0 3552 3462  3  1 97  0  0
 2  0      0 100372200 106092 27434808    0    0     0     0 1278 3983  2  1 97  0  0
 2  0      0 100292064 106092 27434808    0    0     0    56  776  430  2  0 97  0  0
 2  0      0 99786912 106092 28024036    0    0     0     0  847  447  1  1 98  0  0
 1  0      0 100375936 106092 27434844    0    0     0     0 1117 3744  3  0 96  0  0
 1  0      0 99713488 106092 27975356    0    0     0     0  480  381  1  1 98  0  0
 2  0      0 100376928 106092 27434668    0    0     0     0 1399 3698  3  1 96  0  0
 1  0      0 99893632 106092 27797928    0    0     0    12  449  290  1  1 98  0  0
 2  0      0 100375312 106092 27434620    0    0     0     0 1293 3711  2  1 97  0  0
 1  0      0 100178008 106092 27512544    0    0     0     0  564  400  2  0 98  0  0
 4  0      0 100374704 106092 27434688    0    0     0     0  949  427  1  1 97  0  0
 1  0      0 100311456 106092 27434688    0    0     0     0  835 3525  3  0 97  0  0
 2  0      0 100376192 106092 27434688    0    0     0    12  968  453  1  1 98  0  0
 1  0      0 100344688 106092 27434692    0    0     0     0  984 3763  3  0 97  0  0
 2  0      0 99785904 106092 28023508    0    0     0     0  768  422  1  1 98  0  0
 1  0      0 100375088 106092 27434724    0    0     0    24 1132 3703  3  0 96  0  0
 2  0      0 99782104 106092 28023696    0    0     0     0  801  462  1  1 98  0  0
 1  0      0 100370920 106092 27434472    0    0     0    56 1155 4159  3  0 96  0  0
 1  0      0 99782112 106092 28024044    0    0     0     0  403  305  1  1 98  0  0
 2  0      0 101406896 106092 27434852    0    0     0   160  902 3665  2  0 98  0  0
 1  0      0 102556464 106092 27406232    0    0     0     0 1041  585  1  1 98  0  0
