name, utilization.gpu [%], utilization.memory [%]
Tesla P100-SXM2-16GB, 0 %, 0 %
Tesla P100-SXM2-16GB, 0 %, 0 %
Tesla P100-SXM2-16GB, 0 %, 0 %
Tesla P100-SXM2-16GB, 0 %, 0 %
Using CUDA

Device: cuda

Files already downloaded and verified
Files already downloaded and verified
Using DataParallel on 2 GPUs.
name, utilization.gpu [%], utilization.memory [%]
Tesla P100-SXM2-16GB, 69 %, 21 %
Tesla P100-SXM2-16GB, 41 %, 13 %
Tesla P100-SXM2-16GB, 0 %, 0 %
Tesla P100-SXM2-16GB, 0 %, 0 %
Train Epoch: 1 [0/50000 (0%)]	loss=7.3602
Train Epoch: 1 [320/50000 (1%)]	loss=3.8266
Train Epoch: 1 [640/50000 (1%)]	loss=3.3113
Train Epoch: 1 [960/50000 (2%)]	loss=2.6293
Train Epoch: 1 [1280/50000 (3%)]	loss=3.4230
Train Epoch: 1 [1600/50000 (3%)]	loss=2.5083
Train Epoch: 1 [1920/50000 (4%)]	loss=3.6675
Train Epoch: 1 [2240/50000 (4%)]	loss=2.3199
Train Epoch: 1 [2560/50000 (5%)]	loss=2.5895
Train Epoch: 1 [2880/50000 (6%)]	loss=2.2544
Train Epoch: 1 [3200/50000 (6%)]	loss=3.0367
Train Epoch: 1 [3520/50000 (7%)]	loss=2.5998
Train Epoch: 1 [3840/50000 (8%)]	loss=2.3544
Train Epoch: 1 [4160/50000 (8%)]	loss=2.4188
Train Epoch: 1 [4480/50000 (9%)]	loss=2.5501
Train Epoch: 1 [4800/50000 (10%)]	loss=2.1765
Train Epoch: 1 [5120/50000 (10%)]	loss=2.7109
Train Epoch: 1 [5440/50000 (11%)]	loss=2.1877
Train Epoch: 1 [5760/50000 (12%)]	loss=2.2460
Train Epoch: 1 [6080/50000 (12%)]	loss=2.4128
Train Epoch: 1 [6400/50000 (13%)]	loss=2.1098
Train Epoch: 1 [6720/50000 (13%)]	loss=2.3137
Train Epoch: 1 [7040/50000 (14%)]	loss=2.2283
Train Epoch: 1 [7360/50000 (15%)]	loss=2.0036
Train Epoch: 1 [7680/50000 (15%)]	loss=2.4325
Train Epoch: 1 [8000/50000 (16%)]	loss=2.1354
Train Epoch: 1 [8320/50000 (17%)]	loss=2.2084
Train Epoch: 1 [8640/50000 (17%)]	loss=2.2055
Train Epoch: 1 [8960/50000 (18%)]	loss=2.4614
Train Epoch: 1 [9280/50000 (19%)]	loss=1.9677
Train Epoch: 1 [9600/50000 (19%)]	loss=1.9341
Train Epoch: 1 [9920/50000 (20%)]	loss=2.3354
Train Epoch: 1 [10240/50000 (20%)]	loss=2.2433
Train Epoch: 1 [10560/50000 (21%)]	loss=2.0097
Train Epoch: 1 [10880/50000 (22%)]	loss=2.2283
Train Epoch: 1 [11200/50000 (22%)]	loss=2.1884
Train Epoch: 1 [11520/50000 (23%)]	loss=2.0090
Train Epoch: 1 [11840/50000 (24%)]	loss=1.9391
Train Epoch: 1 [12160/50000 (24%)]	loss=1.8728
Train Epoch: 1 [12480/50000 (25%)]	loss=2.0241
Train Epoch: 1 [12800/50000 (26%)]	loss=2.1284
Train Epoch: 1 [13120/50000 (26%)]	loss=1.9374
Train Epoch: 1 [13440/50000 (27%)]	loss=2.1422
Train Epoch: 1 [13760/50000 (28%)]	loss=2.1064
Train Epoch: 1 [14080/50000 (28%)]	loss=1.9148
Train Epoch: 1 [14400/50000 (29%)]	loss=2.2618
Train Epoch: 1 [14720/50000 (29%)]	loss=1.8400
Train Epoch: 1 [15040/50000 (30%)]	loss=2.0774
Train Epoch: 1 [15360/50000 (31%)]	loss=2.0726
Train Epoch: 1 [15680/50000 (31%)]	loss=1.9075
Train Epoch: 1 [16000/50000 (32%)]	loss=2.0361
Train Epoch: 1 [16320/50000 (33%)]	loss=1.9368
Train Epoch: 1 [16640/50000 (33%)]	loss=2.2462
Train Epoch: 1 [16960/50000 (34%)]	loss=2.0482
Train Epoch: 1 [17280/50000 (35%)]	loss=2.0835
Train Epoch: 1 [17600/50000 (35%)]	loss=2.3704
Train Epoch: 1 [17920/50000 (36%)]	loss=1.9828
Train Epoch: 1 [18240/50000 (36%)]	loss=2.6522
Train Epoch: 1 [18560/50000 (37%)]	loss=1.9791
Train Epoch: 1 [18880/50000 (38%)]	loss=1.7142
Train Epoch: 1 [19200/50000 (38%)]	loss=1.7350
Train Epoch: 1 [19520/50000 (39%)]	loss=2.0009
Train Epoch: 1 [19840/50000 (40%)]	loss=1.9887
Train Epoch: 1 [20160/50000 (40%)]	loss=1.7049
Train Epoch: 1 [20480/50000 (41%)]	loss=1.7778
Train Epoch: 1 [20800/50000 (42%)]	loss=1.8361
Train Epoch: 1 [21120/50000 (42%)]	loss=1.7826
Train Epoch: 1 [21440/50000 (43%)]	loss=1.8704
Train Epoch: 1 [21760/50000 (44%)]	loss=1.6433
Train Epoch: 1 [22080/50000 (44%)]	loss=1.9152
Train Epoch: 1 [22400/50000 (45%)]	loss=2.0618
Train Epoch: 1 [22720/50000 (45%)]	loss=1.8714
Train Epoch: 1 [23040/50000 (46%)]	loss=1.6112
Train Epoch: 1 [23360/50000 (47%)]	loss=1.9629
Train Epoch: 1 [23680/50000 (47%)]	loss=1.6619
Train Epoch: 1 [24000/50000 (48%)]	loss=1.7998
Train Epoch: 1 [24320/50000 (49%)]	loss=1.7761
Train Epoch: 1 [24640/50000 (49%)]	loss=1.7183
Train Epoch: 1 [24960/50000 (50%)]	loss=1.6579
Train Epoch: 1 [25280/50000 (51%)]	loss=2.1910
Train Epoch: 1 [25600/50000 (51%)]	loss=1.8247
Train Epoch: 1 [25920/50000 (52%)]	loss=2.1532
Train Epoch: 1 [26240/50000 (52%)]	loss=1.7063
Train Epoch: 1 [26560/50000 (53%)]	loss=1.8471
Train Epoch: 1 [26880/50000 (54%)]	loss=1.9418
Train Epoch: 1 [27200/50000 (54%)]	loss=1.5706
Train Epoch: 1 [27520/50000 (55%)]	loss=1.5191
Train Epoch: 1 [27840/50000 (56%)]	loss=1.7309
Train Epoch: 1 [28160/50000 (56%)]	loss=1.6406
Train Epoch: 1 [28480/50000 (57%)]	loss=1.9630
Train Epoch: 1 [28800/50000 (58%)]	loss=1.9005
Train Epoch: 1 [29120/50000 (58%)]	loss=1.9776
Train Epoch: 1 [29440/50000 (59%)]	loss=1.8798
Train Epoch: 1 [29760/50000 (60%)]	loss=2.0676
Train Epoch: 1 [30080/50000 (60%)]	loss=1.7801
Train Epoch: 1 [30400/50000 (61%)]	loss=1.9848
Train Epoch: 1 [30720/50000 (61%)]	loss=1.4689
Train Epoch: 1 [31040/50000 (62%)]	loss=1.9404
Train Epoch: 1 [31360/50000 (63%)]	loss=1.4630
Train Epoch: 1 [31680/50000 (63%)]	loss=1.7805
Train Epoch: 1 [32000/50000 (64%)]	loss=1.9426
Train Epoch: 1 [32320/50000 (65%)]	loss=1.6916
Train Epoch: 1 [32640/50000 (65%)]	loss=1.8718
Train Epoch: 1 [32960/50000 (66%)]	loss=1.8418
Train Epoch: 1 [33280/50000 (67%)]	loss=1.8723
Train Epoch: 1 [33600/50000 (67%)]	loss=2.0842
Train Epoch: 1 [33920/50000 (68%)]	loss=1.9397
Train Epoch: 1 [34240/50000 (68%)]	loss=1.8082
Train Epoch: 1 [34560/50000 (69%)]	loss=1.7122
Train Epoch: 1 [34880/50000 (70%)]	loss=1.8031
Train Epoch: 1 [35200/50000 (70%)]	loss=1.7128
Train Epoch: 1 [35520/50000 (71%)]	loss=1.6525
Train Epoch: 1 [35840/50000 (72%)]	loss=1.5590
Train Epoch: 1 [36160/50000 (72%)]	loss=1.7513
Train Epoch: 1 [36480/50000 (73%)]	loss=1.8359
Train Epoch: 1 [36800/50000 (74%)]	loss=2.0022
Train Epoch: 1 [37120/50000 (74%)]	loss=1.5627
Train Epoch: 1 [37440/50000 (75%)]	loss=2.0106
Train Epoch: 1 [37760/50000 (75%)]	loss=1.7664
Train Epoch: 1 [38080/50000 (76%)]	loss=1.8178
Train Epoch: 1 [38400/50000 (77%)]	loss=1.8506
Train Epoch: 1 [38720/50000 (77%)]	loss=1.8962
Train Epoch: 1 [39040/50000 (78%)]	loss=1.7521
Train Epoch: 1 [39360/50000 (79%)]	loss=1.5179
Train Epoch: 1 [39680/50000 (79%)]	loss=1.6632
Train Epoch: 1 [40000/50000 (80%)]	loss=1.5522
Train Epoch: 1 [40320/50000 (81%)]	loss=1.9328
Train Epoch: 1 [40640/50000 (81%)]	loss=1.5090
Train Epoch: 1 [40960/50000 (82%)]	loss=1.9366
Train Epoch: 1 [41280/50000 (83%)]	loss=2.0646
Train Epoch: 1 [41600/50000 (83%)]	loss=1.6974
Train Epoch: 1 [41920/50000 (84%)]	loss=1.7011
Train Epoch: 1 [42240/50000 (84%)]	loss=1.5645
Train Epoch: 1 [42560/50000 (85%)]	loss=1.8591
Train Epoch: 1 [42880/50000 (86%)]	loss=1.8118
Train Epoch: 1 [43200/50000 (86%)]	loss=1.4850
Train Epoch: 1 [43520/50000 (87%)]	loss=1.8554
Train Epoch: 1 [43840/50000 (88%)]	loss=1.8306
Train Epoch: 1 [44160/50000 (88%)]	loss=1.6750
Train Epoch: 1 [44480/50000 (89%)]	loss=1.6777
Train Epoch: 1 [44800/50000 (90%)]	loss=1.5764
Train Epoch: 1 [45120/50000 (90%)]	loss=1.4909
Train Epoch: 1 [45440/50000 (91%)]	loss=1.7227
Train Epoch: 1 [45760/50000 (91%)]	loss=1.4150
Train Epoch: 1 [46080/50000 (92%)]	loss=1.5741
Train Epoch: 1 [46400/50000 (93%)]	loss=1.4633
Train Epoch: 1 [46720/50000 (93%)]	loss=1.4642
Train Epoch: 1 [47040/50000 (94%)]	loss=1.6228
Train Epoch: 1 [47360/50000 (95%)]	loss=1.7116
Train Epoch: 1 [47680/50000 (95%)]	loss=1.5802
Train Epoch: 1 [48000/50000 (96%)]	loss=1.7871
Train Epoch: 1 [48320/50000 (97%)]	loss=1.7318
Train Epoch: 1 [48640/50000 (97%)]	loss=1.5336
Train Epoch: 1 [48960/50000 (98%)]	loss=1.6464
Train Epoch: 1 [49280/50000 (99%)]	loss=1.5271
Train Epoch: 1 [49600/50000 (99%)]	loss=1.9629
Train Epoch: 1 [49920/50000 (100%)]	loss=1.3857
 * Acc@1 38.160 Acc@5 89.880
Total time in seconds: 487
Total time in seconds: 23
