name, utilization.gpu [%], utilization.memory [%]
Tesla P100-SXM2-16GB, 0 %, 0 %
Tesla P100-SXM2-16GB, 0 %, 0 %
Tesla P100-SXM2-16GB, 0 %, 0 %
Tesla P100-SXM2-16GB, 0 %, 0 %
Using CUDA

Device: cuda

Files already downloaded and verified
Files already downloaded and verified
Running on a single GPU, no parallelism.
name, utilization.gpu [%], utilization.memory [%]
Tesla P100-SXM2-16GB, 94 %, 49 %
Tesla P100-SXM2-16GB, 0 %, 0 %
Tesla P100-SXM2-16GB, 0 %, 0 %
Tesla P100-SXM2-16GB, 0 %, 0 %
Train Epoch: 1 [0/50000 (0%)]	loss=6.8770
Train Epoch: 1 [640/50000 (1%)]	loss=2.6602
Train Epoch: 1 [1280/50000 (3%)]	loss=2.7003
Train Epoch: 1 [1920/50000 (4%)]	loss=3.1731
Train Epoch: 1 [2560/50000 (5%)]	loss=2.8406
Train Epoch: 1 [3200/50000 (6%)]	loss=2.8135
Train Epoch: 1 [3840/50000 (8%)]	loss=2.4668
Train Epoch: 1 [4480/50000 (9%)]	loss=2.5907
Train Epoch: 1 [5120/50000 (10%)]	loss=2.2656
Train Epoch: 1 [5760/50000 (12%)]	loss=2.6849
Train Epoch: 1 [6400/50000 (13%)]	loss=2.4452
Train Epoch: 1 [7040/50000 (14%)]	loss=2.3216
Train Epoch: 1 [7680/50000 (15%)]	loss=2.4187
Train Epoch: 1 [8320/50000 (17%)]	loss=2.3631
Train Epoch: 1 [8960/50000 (18%)]	loss=1.8720
Train Epoch: 1 [9600/50000 (19%)]	loss=2.0992
Train Epoch: 1 [10240/50000 (20%)]	loss=2.2704
Train Epoch: 1 [10880/50000 (22%)]	loss=1.9826
Train Epoch: 1 [11520/50000 (23%)]	loss=2.1861
Train Epoch: 1 [12160/50000 (24%)]	loss=1.9670
Train Epoch: 1 [12800/50000 (26%)]	loss=2.4945
Train Epoch: 1 [13440/50000 (27%)]	loss=2.1389
Train Epoch: 1 [14080/50000 (28%)]	loss=2.0221
Train Epoch: 1 [14720/50000 (29%)]	loss=2.1630
Train Epoch: 1 [15360/50000 (31%)]	loss=2.1330
Train Epoch: 1 [16000/50000 (32%)]	loss=1.8395
Train Epoch: 1 [16640/50000 (33%)]	loss=1.7607
Train Epoch: 1 [17280/50000 (35%)]	loss=2.0179
Train Epoch: 1 [17920/50000 (36%)]	loss=2.0338
Train Epoch: 1 [18560/50000 (37%)]	loss=2.2010
Train Epoch: 1 [19200/50000 (38%)]	loss=1.7099
Train Epoch: 1 [19840/50000 (40%)]	loss=1.8383
Train Epoch: 1 [20480/50000 (41%)]	loss=1.7870
Train Epoch: 1 [21120/50000 (42%)]	loss=1.9872
Train Epoch: 1 [21760/50000 (43%)]	loss=1.7070
Train Epoch: 1 [22400/50000 (45%)]	loss=2.1179
Train Epoch: 1 [23040/50000 (46%)]	loss=2.0270
Train Epoch: 1 [23680/50000 (47%)]	loss=1.9003
Train Epoch: 1 [24320/50000 (49%)]	loss=1.8843
Train Epoch: 1 [24960/50000 (50%)]	loss=1.8699
Train Epoch: 1 [25600/50000 (51%)]	loss=1.6305
Train Epoch: 1 [26240/50000 (52%)]	loss=1.8377
Train Epoch: 1 [26880/50000 (54%)]	loss=1.8858
Train Epoch: 1 [27520/50000 (55%)]	loss=1.5516
Train Epoch: 1 [28160/50000 (56%)]	loss=1.6295
Train Epoch: 1 [28800/50000 (58%)]	loss=1.5830
Train Epoch: 1 [29440/50000 (59%)]	loss=2.0913
Train Epoch: 1 [30080/50000 (60%)]	loss=1.8086
Train Epoch: 1 [30720/50000 (61%)]	loss=2.1737
Train Epoch: 1 [31360/50000 (63%)]	loss=1.4863
Train Epoch: 1 [32000/50000 (64%)]	loss=1.7598
Train Epoch: 1 [32640/50000 (65%)]	loss=1.6639
Train Epoch: 1 [33280/50000 (66%)]	loss=1.7685
Train Epoch: 1 [33920/50000 (68%)]	loss=1.7563
Train Epoch: 1 [34560/50000 (69%)]	loss=2.0145
Train Epoch: 1 [35200/50000 (70%)]	loss=1.8090
Train Epoch: 1 [35840/50000 (72%)]	loss=1.9271
Train Epoch: 1 [36480/50000 (73%)]	loss=1.6772
Train Epoch: 1 [37120/50000 (74%)]	loss=1.7135
Train Epoch: 1 [37760/50000 (75%)]	loss=1.7477
Train Epoch: 1 [38400/50000 (77%)]	loss=1.7275
Train Epoch: 1 [39040/50000 (78%)]	loss=1.5489
Train Epoch: 1 [39680/50000 (79%)]	loss=1.8554
Train Epoch: 1 [40320/50000 (81%)]	loss=1.8136
Train Epoch: 1 [40960/50000 (82%)]	loss=1.5478
Train Epoch: 1 [41600/50000 (83%)]	loss=1.8814
Train Epoch: 1 [42240/50000 (84%)]	loss=1.9533
Train Epoch: 1 [42880/50000 (86%)]	loss=1.7539
Train Epoch: 1 [43520/50000 (87%)]	loss=1.5793
Train Epoch: 1 [44160/50000 (88%)]	loss=1.5678
Train Epoch: 1 [44800/50000 (90%)]	loss=1.8299
Train Epoch: 1 [45440/50000 (91%)]	loss=1.7556
Train Epoch: 1 [46080/50000 (92%)]	loss=1.7644
Train Epoch: 1 [46720/50000 (93%)]	loss=1.8419
Train Epoch: 1 [47360/50000 (95%)]	loss=1.7049
Train Epoch: 1 [48000/50000 (96%)]	loss=1.5986
Train Epoch: 1 [48640/50000 (97%)]	loss=1.5396
Train Epoch: 1 [49280/50000 (98%)]	loss=1.5438
Train Epoch: 1 [49920/50000 (100%)]	loss=1.9563
 * Acc@1 36.700 Acc@5 88.830
name, utilization.gpu [%], utilization.memory [%]
Tesla P100-SXM2-16GB, 99 %, 50 %
Tesla P100-SXM2-16GB, 0 %, 0 %
Tesla P100-SXM2-16GB, 0 %, 0 %
Tesla P100-SXM2-16GB, 0 %, 0 %
Train Epoch: 2 [0/50000 (0%)]	loss=1.7378
Train Epoch: 2 [640/50000 (1%)]	loss=1.7778
Train Epoch: 2 [1280/50000 (3%)]	loss=1.8084
Train Epoch: 2 [1920/50000 (4%)]	loss=1.7765
Train Epoch: 2 [2560/50000 (5%)]	loss=1.6849
Train Epoch: 2 [3200/50000 (6%)]	loss=1.8055
Train Epoch: 2 [3840/50000 (8%)]	loss=1.7383
Train Epoch: 2 [4480/50000 (9%)]	loss=1.4092
Train Epoch: 2 [5120/50000 (10%)]	loss=1.2778
Train Epoch: 2 [5760/50000 (12%)]	loss=1.5611
Train Epoch: 2 [6400/50000 (13%)]	loss=1.5939
Train Epoch: 2 [7040/50000 (14%)]	loss=1.4611
Train Epoch: 2 [7680/50000 (15%)]	loss=1.5104
Train Epoch: 2 [8320/50000 (17%)]	loss=1.5397
Train Epoch: 2 [8960/50000 (18%)]	loss=1.5248
Train Epoch: 2 [9600/50000 (19%)]	loss=1.7312
Train Epoch: 2 [10240/50000 (20%)]	loss=1.4590
Train Epoch: 2 [10880/50000 (22%)]	loss=1.5266
Train Epoch: 2 [11520/50000 (23%)]	loss=1.6807
Train Epoch: 2 [12160/50000 (24%)]	loss=1.3418
Train Epoch: 2 [12800/50000 (26%)]	loss=1.3087
Train Epoch: 2 [13440/50000 (27%)]	loss=1.4399
Train Epoch: 2 [14080/50000 (28%)]	loss=1.5366
Train Epoch: 2 [14720/50000 (29%)]	loss=1.4149
Train Epoch: 2 [15360/50000 (31%)]	loss=1.4032
Train Epoch: 2 [16000/50000 (32%)]	loss=1.2922
Train Epoch: 2 [16640/50000 (33%)]	loss=1.4502
Train Epoch: 2 [17280/50000 (35%)]	loss=1.5546
Train Epoch: 2 [17920/50000 (36%)]	loss=1.5123
Train Epoch: 2 [18560/50000 (37%)]	loss=1.7900
Train Epoch: 2 [19200/50000 (38%)]	loss=1.6392
Train Epoch: 2 [19840/50000 (40%)]	loss=1.4829
Train Epoch: 2 [20480/50000 (41%)]	loss=1.7055
Train Epoch: 2 [21120/50000 (42%)]	loss=1.6840
Train Epoch: 2 [21760/50000 (43%)]	loss=1.6088
Train Epoch: 2 [22400/50000 (45%)]	loss=1.7291
Train Epoch: 2 [23040/50000 (46%)]	loss=1.7234
Train Epoch: 2 [23680/50000 (47%)]	loss=1.5506
Train Epoch: 2 [24320/50000 (49%)]	loss=1.4829
Train Epoch: 2 [24960/50000 (50%)]	loss=1.7200
Train Epoch: 2 [25600/50000 (51%)]	loss=1.4238
Train Epoch: 2 [26240/50000 (52%)]	loss=1.2127
Train Epoch: 2 [26880/50000 (54%)]	loss=1.3785
Train Epoch: 2 [27520/50000 (55%)]	loss=1.7930
Train Epoch: 2 [28160/50000 (56%)]	loss=1.3804
Train Epoch: 2 [28800/50000 (58%)]	loss=1.6300
Train Epoch: 2 [29440/50000 (59%)]	loss=1.5098
Train Epoch: 2 [30080/50000 (60%)]	loss=1.4721
Train Epoch: 2 [30720/50000 (61%)]	loss=1.5182
Train Epoch: 2 [31360/50000 (63%)]	loss=1.3240
Train Epoch: 2 [32000/50000 (64%)]	loss=1.5289
Train Epoch: 2 [32640/50000 (65%)]	loss=1.5828
Train Epoch: 2 [33280/50000 (66%)]	loss=1.8317
Train Epoch: 2 [33920/50000 (68%)]	loss=1.4491
Train Epoch: 2 [34560/50000 (69%)]	loss=1.3635
Train Epoch: 2 [35200/50000 (70%)]	loss=1.9745
Train Epoch: 2 [35840/50000 (72%)]	loss=1.3332
Train Epoch: 2 [36480/50000 (73%)]	loss=1.5329
Train Epoch: 2 [37120/50000 (74%)]	loss=1.4886
Train Epoch: 2 [37760/50000 (75%)]	loss=1.3182
Train Epoch: 2 [38400/50000 (77%)]	loss=1.2932
Train Epoch: 2 [39040/50000 (78%)]	loss=1.3903
Train Epoch: 2 [39680/50000 (79%)]	loss=1.5000
Train Epoch: 2 [40320/50000 (81%)]	loss=1.4443
Train Epoch: 2 [40960/50000 (82%)]	loss=1.3056
Train Epoch: 2 [41600/50000 (83%)]	loss=1.3763
Train Epoch: 2 [42240/50000 (84%)]	loss=1.3756
Train Epoch: 2 [42880/50000 (86%)]	loss=1.2469
Train Epoch: 2 [43520/50000 (87%)]	loss=1.6213
Train Epoch: 2 [44160/50000 (88%)]	loss=1.5426
Train Epoch: 2 [44800/50000 (90%)]	loss=1.7071
Train Epoch: 2 [45440/50000 (91%)]	loss=1.7572
Train Epoch: 2 [46080/50000 (92%)]	loss=1.2256
Train Epoch: 2 [46720/50000 (93%)]	loss=1.5426
Train Epoch: 2 [47360/50000 (95%)]	loss=1.2231
Train Epoch: 2 [48000/50000 (96%)]	loss=1.1285
Train Epoch: 2 [48640/50000 (97%)]	loss=1.4985
Train Epoch: 2 [49280/50000 (98%)]	loss=1.2776
Train Epoch: 2 [49920/50000 (100%)]	loss=1.6755
 * Acc@1 46.090 Acc@5 92.410
name, utilization.gpu [%], utilization.memory [%]
Tesla P100-SXM2-16GB, 99 %, 50 %
Tesla P100-SXM2-16GB, 0 %, 0 %
Tesla P100-SXM2-16GB, 0 %, 0 %
Tesla P100-SXM2-16GB, 0 %, 0 %
Train Epoch: 3 [0/50000 (0%)]	loss=1.2253
Train Epoch: 3 [640/50000 (1%)]	loss=1.4204
Train Epoch: 3 [1280/50000 (3%)]	loss=1.2526
Train Epoch: 3 [1920/50000 (4%)]	loss=1.4362
Train Epoch: 3 [2560/50000 (5%)]	loss=1.3972
Train Epoch: 3 [3200/50000 (6%)]	loss=1.3767
Train Epoch: 3 [3840/50000 (8%)]	loss=1.3104
Train Epoch: 3 [4480/50000 (9%)]	loss=1.3316
Train Epoch: 3 [5120/50000 (10%)]	loss=1.1751
Train Epoch: 3 [5760/50000 (12%)]	loss=1.4455
Train Epoch: 3 [6400/50000 (13%)]	loss=1.3924
Train Epoch: 3 [7040/50000 (14%)]	loss=1.4137
Train Epoch: 3 [7680/50000 (15%)]	loss=1.4681
Train Epoch: 3 [8320/50000 (17%)]	loss=1.4171
Train Epoch: 3 [8960/50000 (18%)]	loss=1.5766
Train Epoch: 3 [9600/50000 (19%)]	loss=1.4174
Train Epoch: 3 [10240/50000 (20%)]	loss=1.4318
Train Epoch: 3 [10880/50000 (22%)]	loss=1.2667
Train Epoch: 3 [11520/50000 (23%)]	loss=1.3943
Train Epoch: 3 [12160/50000 (24%)]	loss=1.2250
Train Epoch: 3 [12800/50000 (26%)]	loss=1.3895
Train Epoch: 3 [13440/50000 (27%)]	loss=1.3296
Train Epoch: 3 [14080/50000 (28%)]	loss=1.1933
Train Epoch: 3 [14720/50000 (29%)]	loss=1.5714
Train Epoch: 3 [15360/50000 (31%)]	loss=1.5426
Train Epoch: 3 [16000/50000 (32%)]	loss=1.2800
Train Epoch: 3 [16640/50000 (33%)]	loss=1.2070
Train Epoch: 3 [17280/50000 (35%)]	loss=1.2884
Train Epoch: 3 [17920/50000 (36%)]	loss=1.3591
Train Epoch: 3 [18560/50000 (37%)]	loss=1.3226
Train Epoch: 3 [19200/50000 (38%)]	loss=1.2068
Train Epoch: 3 [19840/50000 (40%)]	loss=1.5156
Train Epoch: 3 [20480/50000 (41%)]	loss=1.6417
Train Epoch: 3 [21120/50000 (42%)]	loss=1.5777
Train Epoch: 3 [21760/50000 (43%)]	loss=1.5756
Train Epoch: 3 [22400/50000 (45%)]	loss=1.2510
Train Epoch: 3 [23040/50000 (46%)]	loss=1.3495
Train Epoch: 3 [23680/50000 (47%)]	loss=1.2392
Train Epoch: 3 [24320/50000 (49%)]	loss=1.1607
Train Epoch: 3 [24960/50000 (50%)]	loss=1.3214
Train Epoch: 3 [25600/50000 (51%)]	loss=1.1871
Train Epoch: 3 [26240/50000 (52%)]	loss=1.3449
Train Epoch: 3 [26880/50000 (54%)]	loss=1.3098
Train Epoch: 3 [27520/50000 (55%)]	loss=1.3156
Train Epoch: 3 [28160/50000 (56%)]	loss=1.2670
Train Epoch: 3 [28800/50000 (58%)]	loss=1.4050
Train Epoch: 3 [29440/50000 (59%)]	loss=1.7655
Train Epoch: 3 [30080/50000 (60%)]	loss=1.2160
Train Epoch: 3 [30720/50000 (61%)]	loss=1.0528
Train Epoch: 3 [31360/50000 (63%)]	loss=1.2348
Train Epoch: 3 [32000/50000 (64%)]	loss=1.4391
Train Epoch: 3 [32640/50000 (65%)]	loss=1.3628
Train Epoch: 3 [33280/50000 (66%)]	loss=1.1167
Train Epoch: 3 [33920/50000 (68%)]	loss=1.1867
Train Epoch: 3 [34560/50000 (69%)]	loss=1.2861
Train Epoch: 3 [35200/50000 (70%)]	loss=1.1255
Train Epoch: 3 [35840/50000 (72%)]	loss=1.4135
Train Epoch: 3 [36480/50000 (73%)]	loss=1.3298
Train Epoch: 3 [37120/50000 (74%)]	loss=1.6431
Train Epoch: 3 [37760/50000 (75%)]	loss=1.2172
Train Epoch: 3 [38400/50000 (77%)]	loss=1.1168
Train Epoch: 3 [39040/50000 (78%)]	loss=1.1200
Train Epoch: 3 [39680/50000 (79%)]	loss=1.1788
Train Epoch: 3 [40320/50000 (81%)]	loss=1.6124
Train Epoch: 3 [40960/50000 (82%)]	loss=1.2139
Train Epoch: 3 [41600/50000 (83%)]	loss=1.1820
Train Epoch: 3 [42240/50000 (84%)]	loss=1.1971
Train Epoch: 3 [42880/50000 (86%)]	loss=1.1578
Train Epoch: 3 [43520/50000 (87%)]	loss=1.0256
Train Epoch: 3 [44160/50000 (88%)]	loss=1.2511
Train Epoch: 3 [44800/50000 (90%)]	loss=1.3597
Train Epoch: 3 [45440/50000 (91%)]	loss=1.3691
Train Epoch: 3 [46080/50000 (92%)]	loss=1.5437
Train Epoch: 3 [46720/50000 (93%)]	loss=1.1964
Train Epoch: 3 [47360/50000 (95%)]	loss=1.4216
Train Epoch: 3 [48000/50000 (96%)]	loss=1.5003
Train Epoch: 3 [48640/50000 (97%)]	loss=0.9910
Train Epoch: 3 [49280/50000 (98%)]	loss=1.2230
Train Epoch: 3 [49920/50000 (100%)]	loss=1.2135
 * Acc@1 48.200 Acc@5 93.980
name, utilization.gpu [%], utilization.memory [%]
Tesla P100-SXM2-16GB, 95 %, 47 %
Tesla P100-SXM2-16GB, 0 %, 0 %
Tesla P100-SXM2-16GB, 0 %, 0 %
Tesla P100-SXM2-16GB, 0 %, 0 %
Train Epoch: 4 [0/50000 (0%)]	loss=1.1572
Train Epoch: 4 [640/50000 (1%)]	loss=1.1014
Train Epoch: 4 [1280/50000 (3%)]	loss=1.1625
Train Epoch: 4 [1920/50000 (4%)]	loss=1.0101
Train Epoch: 4 [2560/50000 (5%)]	loss=1.0772
Train Epoch: 4 [3200/50000 (6%)]	loss=1.0870
Train Epoch: 4 [3840/50000 (8%)]	loss=0.9854
Train Epoch: 4 [4480/50000 (9%)]	loss=1.2248
Train Epoch: 4 [5120/50000 (10%)]	loss=0.9084
Train Epoch: 4 [5760/50000 (12%)]	loss=1.0309
Train Epoch: 4 [6400/50000 (13%)]	loss=1.1238
Train Epoch: 4 [7040/50000 (14%)]	loss=1.2032
Train Epoch: 4 [7680/50000 (15%)]	loss=1.1267
Train Epoch: 4 [8320/50000 (17%)]	loss=1.0232
Train Epoch: 4 [8960/50000 (18%)]	loss=1.3621
Train Epoch: 4 [9600/50000 (19%)]	loss=0.9498
Train Epoch: 4 [10240/50000 (20%)]	loss=1.1304
Train Epoch: 4 [10880/50000 (22%)]	loss=1.4047
Train Epoch: 4 [11520/50000 (23%)]	loss=1.7548
Train Epoch: 4 [12160/50000 (24%)]	loss=1.2045
Train Epoch: 4 [12800/50000 (26%)]	loss=1.1081
Train Epoch: 4 [13440/50000 (27%)]	loss=1.1448
Train Epoch: 4 [14080/50000 (28%)]	loss=1.2658
Train Epoch: 4 [14720/50000 (29%)]	loss=1.2346
Train Epoch: 4 [15360/50000 (31%)]	loss=1.0758
Train Epoch: 4 [16000/50000 (32%)]	loss=1.0474
Train Epoch: 4 [16640/50000 (33%)]	loss=1.4079
Train Epoch: 4 [17280/50000 (35%)]	loss=0.9789
Train Epoch: 4 [17920/50000 (36%)]	loss=1.2891
Train Epoch: 4 [18560/50000 (37%)]	loss=1.2102
Train Epoch: 4 [19200/50000 (38%)]	loss=1.4607
Train Epoch: 4 [19840/50000 (40%)]	loss=1.3510
Train Epoch: 4 [20480/50000 (41%)]	loss=1.0380
Train Epoch: 4 [21120/50000 (42%)]	loss=1.2240
Train Epoch: 4 [21760/50000 (43%)]	loss=1.1355
Train Epoch: 4 [22400/50000 (45%)]	loss=1.2625
Train Epoch: 4 [23040/50000 (46%)]	loss=1.2446
Train Epoch: 4 [23680/50000 (47%)]	loss=1.1666
Train Epoch: 4 [24320/50000 (49%)]	loss=1.1569
Train Epoch: 4 [24960/50000 (50%)]	loss=1.0082
Train Epoch: 4 [25600/50000 (51%)]	loss=1.0479
Train Epoch: 4 [26240/50000 (52%)]	loss=1.2845
Train Epoch: 4 [26880/50000 (54%)]	loss=1.1501
Train Epoch: 4 [27520/50000 (55%)]	loss=0.9981
Train Epoch: 4 [28160/50000 (56%)]	loss=1.0722
Train Epoch: 4 [28800/50000 (58%)]	loss=1.1564
Train Epoch: 4 [29440/50000 (59%)]	loss=1.2560
Train Epoch: 4 [30080/50000 (60%)]	loss=1.1392
Train Epoch: 4 [30720/50000 (61%)]	loss=1.2550
Train Epoch: 4 [31360/50000 (63%)]	loss=0.9447
Train Epoch: 4 [32000/50000 (64%)]	loss=0.9606
Train Epoch: 4 [32640/50000 (65%)]	loss=0.9299
Train Epoch: 4 [33280/50000 (66%)]	loss=1.1439
Train Epoch: 4 [33920/50000 (68%)]	loss=1.2327
Train Epoch: 4 [34560/50000 (69%)]	loss=0.9362
Train Epoch: 4 [35200/50000 (70%)]	loss=0.9916
Train Epoch: 4 [35840/50000 (72%)]	loss=0.9965
Train Epoch: 4 [36480/50000 (73%)]	loss=0.8759
Train Epoch: 4 [37120/50000 (74%)]	loss=1.1374
Train Epoch: 4 [37760/50000 (75%)]	loss=1.0672
Train Epoch: 4 [38400/50000 (77%)]	loss=1.0901
Train Epoch: 4 [39040/50000 (78%)]	loss=1.1063
Train Epoch: 4 [39680/50000 (79%)]	loss=1.0533
Train Epoch: 4 [40320/50000 (81%)]	loss=1.3804
Train Epoch: 4 [40960/50000 (82%)]	loss=1.0710
Train Epoch: 4 [41600/50000 (83%)]	loss=1.2928
Train Epoch: 4 [42240/50000 (84%)]	loss=0.8846
Train Epoch: 4 [42880/50000 (86%)]	loss=1.0039
Train Epoch: 4 [43520/50000 (87%)]	loss=1.2987
Train Epoch: 4 [44160/50000 (88%)]	loss=1.1837
Train Epoch: 4 [44800/50000 (90%)]	loss=1.0437
Train Epoch: 4 [45440/50000 (91%)]	loss=0.9733
Train Epoch: 4 [46080/50000 (92%)]	loss=1.3669
Train Epoch: 4 [46720/50000 (93%)]	loss=0.9743
Train Epoch: 4 [47360/50000 (95%)]	loss=1.1193
Train Epoch: 4 [48000/50000 (96%)]	loss=0.8644
Train Epoch: 4 [48640/50000 (97%)]	loss=1.0103
Train Epoch: 4 [49280/50000 (98%)]	loss=1.0586
Train Epoch: 4 [49920/50000 (100%)]	loss=1.2843
 * Acc@1 54.350 Acc@5 95.720
Total time in seconds: 898
Total time in seconds: 95
