name, utilization.gpu [%], utilization.memory [%]
Tesla P100-SXM2-16GB, 0 %, 0 %
Tesla P100-SXM2-16GB, 0 %, 0 %
Tesla P100-SXM2-16GB, 0 %, 0 %
Tesla P100-SXM2-16GB, 0 %, 0 %
Using CUDA

Device: cuda

Files already downloaded and verified
Files already downloaded and verified
Using DataParallel on 4 GPUs.
name, utilization.gpu [%], utilization.memory [%]
Tesla P100-SXM2-16GB, 27 %, 9 %
Tesla P100-SXM2-16GB, 30 %, 8 %
Tesla P100-SXM2-16GB, 30 %, 8 %
Tesla P100-SXM2-16GB, 32 %, 8 %
Train Epoch: 1 [0/50000 (0%)]	loss=6.9929
Train Epoch: 1 [320/50000 (1%)]	loss=4.6587
Train Epoch: 1 [640/50000 (1%)]	loss=3.8393
Train Epoch: 1 [960/50000 (2%)]	loss=3.5848
Train Epoch: 1 [1280/50000 (3%)]	loss=4.1968
Train Epoch: 1 [1600/50000 (3%)]	loss=3.7619
Train Epoch: 1 [1920/50000 (4%)]	loss=2.8328
Train Epoch: 1 [2240/50000 (4%)]	loss=2.9939
Train Epoch: 1 [2560/50000 (5%)]	loss=2.5531
Train Epoch: 1 [2880/50000 (6%)]	loss=3.0539
Train Epoch: 1 [3200/50000 (6%)]	loss=3.1389
Train Epoch: 1 [3520/50000 (7%)]	loss=3.0911
Train Epoch: 1 [3840/50000 (8%)]	loss=2.6240
Train Epoch: 1 [4160/50000 (8%)]	loss=2.3424
Train Epoch: 1 [4480/50000 (9%)]	loss=2.4418
Train Epoch: 1 [4800/50000 (10%)]	loss=2.8112
Train Epoch: 1 [5120/50000 (10%)]	loss=2.4279
Train Epoch: 1 [5440/50000 (11%)]	loss=2.2235
Train Epoch: 1 [5760/50000 (12%)]	loss=2.5054
Train Epoch: 1 [6080/50000 (12%)]	loss=2.4358
Train Epoch: 1 [6400/50000 (13%)]	loss=2.1673
Train Epoch: 1 [6720/50000 (13%)]	loss=2.1472
Train Epoch: 1 [7040/50000 (14%)]	loss=2.2593
Train Epoch: 1 [7360/50000 (15%)]	loss=2.1969
Train Epoch: 1 [7680/50000 (15%)]	loss=2.3376
Train Epoch: 1 [8000/50000 (16%)]	loss=2.3657
Train Epoch: 1 [8320/50000 (17%)]	loss=2.4873
Train Epoch: 1 [8640/50000 (17%)]	loss=2.0688
Train Epoch: 1 [8960/50000 (18%)]	loss=2.2137
Train Epoch: 1 [9280/50000 (19%)]	loss=2.1315
Train Epoch: 1 [9600/50000 (19%)]	loss=2.2335
Train Epoch: 1 [9920/50000 (20%)]	loss=2.0642
Train Epoch: 1 [10240/50000 (20%)]	loss=2.5352
Train Epoch: 1 [10560/50000 (21%)]	loss=2.5894
Train Epoch: 1 [10880/50000 (22%)]	loss=2.1136
Train Epoch: 1 [11200/50000 (22%)]	loss=2.4053
Train Epoch: 1 [11520/50000 (23%)]	loss=2.3298
Train Epoch: 1 [11840/50000 (24%)]	loss=2.2143
Train Epoch: 1 [12160/50000 (24%)]	loss=2.3502
Train Epoch: 1 [12480/50000 (25%)]	loss=2.0673
Train Epoch: 1 [12800/50000 (26%)]	loss=2.3169
Train Epoch: 1 [13120/50000 (26%)]	loss=1.9115
Train Epoch: 1 [13440/50000 (27%)]	loss=2.2843
Train Epoch: 1 [13760/50000 (28%)]	loss=2.0408
Train Epoch: 1 [14080/50000 (28%)]	loss=2.0846
Train Epoch: 1 [14400/50000 (29%)]	loss=2.0064
Train Epoch: 1 [14720/50000 (29%)]	loss=2.1192
Train Epoch: 1 [15040/50000 (30%)]	loss=2.1255
Train Epoch: 1 [15360/50000 (31%)]	loss=2.0637
Train Epoch: 1 [15680/50000 (31%)]	loss=2.2254
Train Epoch: 1 [16000/50000 (32%)]	loss=2.2248
Train Epoch: 1 [16320/50000 (33%)]	loss=2.4766
Train Epoch: 1 [16640/50000 (33%)]	loss=1.9535
Train Epoch: 1 [16960/50000 (34%)]	loss=2.1213
Train Epoch: 1 [17280/50000 (35%)]	loss=1.9146
Train Epoch: 1 [17600/50000 (35%)]	loss=2.2121
Train Epoch: 1 [17920/50000 (36%)]	loss=1.7917
Train Epoch: 1 [18240/50000 (36%)]	loss=2.2056
Train Epoch: 1 [18560/50000 (37%)]	loss=1.7907
Train Epoch: 1 [18880/50000 (38%)]	loss=2.1597
Train Epoch: 1 [19200/50000 (38%)]	loss=2.0013
Train Epoch: 1 [19520/50000 (39%)]	loss=1.9326
Train Epoch: 1 [19840/50000 (40%)]	loss=1.8293
Train Epoch: 1 [20160/50000 (40%)]	loss=1.9959
Train Epoch: 1 [20480/50000 (41%)]	loss=1.8875
Train Epoch: 1 [20800/50000 (42%)]	loss=1.8030
Train Epoch: 1 [21120/50000 (42%)]	loss=2.2412
Train Epoch: 1 [21440/50000 (43%)]	loss=2.0669
Train Epoch: 1 [21760/50000 (44%)]	loss=1.8529
Train Epoch: 1 [22080/50000 (44%)]	loss=1.8450
Train Epoch: 1 [22400/50000 (45%)]	loss=1.9094
Train Epoch: 1 [22720/50000 (45%)]	loss=1.9094
Train Epoch: 1 [23040/50000 (46%)]	loss=1.7994
Train Epoch: 1 [23360/50000 (47%)]	loss=1.9536
Train Epoch: 1 [23680/50000 (47%)]	loss=1.7390
Train Epoch: 1 [24000/50000 (48%)]	loss=2.2502
Train Epoch: 1 [24320/50000 (49%)]	loss=1.9523
Train Epoch: 1 [24640/50000 (49%)]	loss=1.9658
Train Epoch: 1 [24960/50000 (50%)]	loss=1.6142
Train Epoch: 1 [25280/50000 (51%)]	loss=1.8944
Train Epoch: 1 [25600/50000 (51%)]	loss=2.0119
Train Epoch: 1 [25920/50000 (52%)]	loss=1.8979
Train Epoch: 1 [26240/50000 (52%)]	loss=1.7939
Train Epoch: 1 [26560/50000 (53%)]	loss=1.9513
Train Epoch: 1 [26880/50000 (54%)]	loss=1.8358
Train Epoch: 1 [27200/50000 (54%)]	loss=1.8551
Train Epoch: 1 [27520/50000 (55%)]	loss=1.8224
Train Epoch: 1 [27840/50000 (56%)]	loss=1.9242
Train Epoch: 1 [28160/50000 (56%)]	loss=1.9882
Train Epoch: 1 [28480/50000 (57%)]	loss=1.9789
Train Epoch: 1 [28800/50000 (58%)]	loss=2.1274
Train Epoch: 1 [29120/50000 (58%)]	loss=1.9139
Train Epoch: 1 [29440/50000 (59%)]	loss=1.8490
Train Epoch: 1 [29760/50000 (60%)]	loss=2.0513
Train Epoch: 1 [30080/50000 (60%)]	loss=2.1069
Train Epoch: 1 [30400/50000 (61%)]	loss=1.6791
Train Epoch: 1 [30720/50000 (61%)]	loss=2.0454
Train Epoch: 1 [31040/50000 (62%)]	loss=2.0051
Train Epoch: 1 [31360/50000 (63%)]	loss=2.0529
Train Epoch: 1 [31680/50000 (63%)]	loss=1.5531
Train Epoch: 1 [32000/50000 (64%)]	loss=1.9546
Train Epoch: 1 [32320/50000 (65%)]	loss=2.1609
Train Epoch: 1 [32640/50000 (65%)]	loss=1.9555
Train Epoch: 1 [32960/50000 (66%)]	loss=1.7368
Train Epoch: 1 [33280/50000 (67%)]	loss=1.7470
Train Epoch: 1 [33600/50000 (67%)]	loss=1.6251
Train Epoch: 1 [33920/50000 (68%)]	loss=1.7486
Train Epoch: 1 [34240/50000 (68%)]	loss=1.9981
Train Epoch: 1 [34560/50000 (69%)]	loss=1.6335
Train Epoch: 1 [34880/50000 (70%)]	loss=1.9180
Train Epoch: 1 [35200/50000 (70%)]	loss=2.1935
Train Epoch: 1 [35520/50000 (71%)]	loss=2.0118
Train Epoch: 1 [35840/50000 (72%)]	loss=1.8433
Train Epoch: 1 [36160/50000 (72%)]	loss=1.6975
Train Epoch: 1 [36480/50000 (73%)]	loss=1.8608
Train Epoch: 1 [36800/50000 (74%)]	loss=1.5406
Train Epoch: 1 [37120/50000 (74%)]	loss=1.9427
Train Epoch: 1 [37440/50000 (75%)]	loss=1.8471
Train Epoch: 1 [37760/50000 (75%)]	loss=1.6247
Train Epoch: 1 [38080/50000 (76%)]	loss=1.7148
Train Epoch: 1 [38400/50000 (77%)]	loss=2.0312
Train Epoch: 1 [38720/50000 (77%)]	loss=1.9023
Train Epoch: 1 [39040/50000 (78%)]	loss=1.7229
Train Epoch: 1 [39360/50000 (79%)]	loss=1.8358
Train Epoch: 1 [39680/50000 (79%)]	loss=1.5180
Train Epoch: 1 [40000/50000 (80%)]	loss=1.5370
Train Epoch: 1 [40320/50000 (81%)]	loss=1.7618
Train Epoch: 1 [40640/50000 (81%)]	loss=1.5568
Train Epoch: 1 [40960/50000 (82%)]	loss=1.6966
Train Epoch: 1 [41280/50000 (83%)]	loss=1.7496
Train Epoch: 1 [41600/50000 (83%)]	loss=1.7491
Train Epoch: 1 [41920/50000 (84%)]	loss=1.7352
Train Epoch: 1 [42240/50000 (84%)]	loss=1.7987
Train Epoch: 1 [42560/50000 (85%)]	loss=1.7429
Train Epoch: 1 [42880/50000 (86%)]	loss=1.7410
Train Epoch: 1 [43200/50000 (86%)]	loss=1.7970
Train Epoch: 1 [43520/50000 (87%)]	loss=1.9376
Train Epoch: 1 [43840/50000 (88%)]	loss=1.8985
Train Epoch: 1 [44160/50000 (88%)]	loss=1.5827
Train Epoch: 1 [44480/50000 (89%)]	loss=1.8024
Train Epoch: 1 [44800/50000 (90%)]	loss=1.6638
Train Epoch: 1 [45120/50000 (90%)]	loss=2.1082
Train Epoch: 1 [45440/50000 (91%)]	loss=1.8881
Train Epoch: 1 [45760/50000 (91%)]	loss=1.8988
Train Epoch: 1 [46080/50000 (92%)]	loss=1.8012
Train Epoch: 1 [46400/50000 (93%)]	loss=1.6477
Train Epoch: 1 [46720/50000 (93%)]	loss=1.7957
Train Epoch: 1 [47040/50000 (94%)]	loss=1.9726
Train Epoch: 1 [47360/50000 (95%)]	loss=1.7529
Train Epoch: 1 [47680/50000 (95%)]	loss=1.6960
Train Epoch: 1 [48000/50000 (96%)]	loss=1.6418
Train Epoch: 1 [48320/50000 (97%)]	loss=1.8116
Train Epoch: 1 [48640/50000 (97%)]	loss=1.4419
Train Epoch: 1 [48960/50000 (98%)]	loss=1.6335
Train Epoch: 1 [49280/50000 (99%)]	loss=2.0787
Train Epoch: 1 [49600/50000 (99%)]	loss=1.8084
Train Epoch: 1 [49920/50000 (100%)]	loss=1.9538
 * Acc@1 40.610 Acc@5 89.690
name, utilization.gpu [%], utilization.memory [%]
Tesla P100-SXM2-16GB, 29 %, 9 %
Tesla P100-SXM2-16GB, 32 %, 8 %
Tesla P100-SXM2-16GB, 34 %, 9 %
Tesla P100-SXM2-16GB, 23 %, 6 %
Train Epoch: 2 [0/50000 (0%)]	loss=1.5869
Train Epoch: 2 [320/50000 (1%)]	loss=1.7176
Train Epoch: 2 [640/50000 (1%)]	loss=1.7881
Train Epoch: 2 [960/50000 (2%)]	loss=1.7569
Train Epoch: 2 [1280/50000 (3%)]	loss=1.5968
Train Epoch: 2 [1600/50000 (3%)]	loss=1.8809
Train Epoch: 2 [1920/50000 (4%)]	loss=1.9182
Train Epoch: 2 [2240/50000 (4%)]	loss=1.8311
Train Epoch: 2 [2560/50000 (5%)]	loss=1.9411
Train Epoch: 2 [2880/50000 (6%)]	loss=1.5267
Train Epoch: 2 [3200/50000 (6%)]	loss=1.8285
Train Epoch: 2 [3520/50000 (7%)]	loss=1.5938
Train Epoch: 2 [3840/50000 (8%)]	loss=1.7790
Train Epoch: 2 [4160/50000 (8%)]	loss=1.4926
Train Epoch: 2 [4480/50000 (9%)]	loss=1.9142
Train Epoch: 2 [4800/50000 (10%)]	loss=1.6039
Train Epoch: 2 [5120/50000 (10%)]	loss=1.5839
Train Epoch: 2 [5440/50000 (11%)]	loss=1.9631
Train Epoch: 2 [5760/50000 (12%)]	loss=1.6591
Train Epoch: 2 [6080/50000 (12%)]	loss=1.8034
Train Epoch: 2 [6400/50000 (13%)]	loss=1.8286
Train Epoch: 2 [6720/50000 (13%)]	loss=1.6313
Train Epoch: 2 [7040/50000 (14%)]	loss=1.7839
Train Epoch: 2 [7360/50000 (15%)]	loss=1.7909
Train Epoch: 2 [7680/50000 (15%)]	loss=1.7862
Train Epoch: 2 [8000/50000 (16%)]	loss=1.5776
Train Epoch: 2 [8320/50000 (17%)]	loss=1.3721
Train Epoch: 2 [8640/50000 (17%)]	loss=1.4609
Train Epoch: 2 [8960/50000 (18%)]	loss=1.6167
Train Epoch: 2 [9280/50000 (19%)]	loss=1.4408
Train Epoch: 2 [9600/50000 (19%)]	loss=1.5894
Train Epoch: 2 [9920/50000 (20%)]	loss=2.0346
Train Epoch: 2 [10240/50000 (20%)]	loss=1.7690
Train Epoch: 2 [10560/50000 (21%)]	loss=1.5894
Train Epoch: 2 [10880/50000 (22%)]	loss=1.8432
Train Epoch: 2 [11200/50000 (22%)]	loss=1.8382
Train Epoch: 2 [11520/50000 (23%)]	loss=1.7591
Train Epoch: 2 [11840/50000 (24%)]	loss=1.6261
Train Epoch: 2 [12160/50000 (24%)]	loss=1.4347
Train Epoch: 2 [12480/50000 (25%)]	loss=1.8722
Train Epoch: 2 [12800/50000 (26%)]	loss=1.6962
Train Epoch: 2 [13120/50000 (26%)]	loss=1.5197
Train Epoch: 2 [13440/50000 (27%)]	loss=1.9975
Train Epoch: 2 [13760/50000 (28%)]	loss=1.6187
Train Epoch: 2 [14080/50000 (28%)]	loss=2.0153
Train Epoch: 2 [14400/50000 (29%)]	loss=1.5834
Train Epoch: 2 [14720/50000 (29%)]	loss=1.5814
Train Epoch: 2 [15040/50000 (30%)]	loss=1.7841
Train Epoch: 2 [15360/50000 (31%)]	loss=1.8038
Train Epoch: 2 [15680/50000 (31%)]	loss=1.4451
Train Epoch: 2 [16000/50000 (32%)]	loss=1.6680
Train Epoch: 2 [16320/50000 (33%)]	loss=1.7805
Train Epoch: 2 [16640/50000 (33%)]	loss=1.6939
Train Epoch: 2 [16960/50000 (34%)]	loss=2.3146
Train Epoch: 2 [17280/50000 (35%)]	loss=2.0871
Train Epoch: 2 [17600/50000 (35%)]	loss=1.5767
Train Epoch: 2 [17920/50000 (36%)]	loss=1.8034
Train Epoch: 2 [18240/50000 (36%)]	loss=1.4143
Train Epoch: 2 [18560/50000 (37%)]	loss=1.7109
Train Epoch: 2 [18880/50000 (38%)]	loss=1.4693
Train Epoch: 2 [19200/50000 (38%)]	loss=1.5318
Train Epoch: 2 [19520/50000 (39%)]	loss=2.0748
Train Epoch: 2 [19840/50000 (40%)]	loss=1.6599
Train Epoch: 2 [20160/50000 (40%)]	loss=2.1123
Train Epoch: 2 [20480/50000 (41%)]	loss=1.5543
Train Epoch: 2 [20800/50000 (42%)]	loss=1.6750
Train Epoch: 2 [21120/50000 (42%)]	loss=1.6443
Train Epoch: 2 [21440/50000 (43%)]	loss=1.4927
Train Epoch: 2 [21760/50000 (44%)]	loss=1.5419
Train Epoch: 2 [22080/50000 (44%)]	loss=1.8400
Train Epoch: 2 [22400/50000 (45%)]	loss=1.6390
Train Epoch: 2 [22720/50000 (45%)]	loss=1.4034
Train Epoch: 2 [23040/50000 (46%)]	loss=1.5734
Train Epoch: 2 [23360/50000 (47%)]	loss=1.6586
Train Epoch: 2 [23680/50000 (47%)]	loss=1.3350
Train Epoch: 2 [24000/50000 (48%)]	loss=1.7530
Train Epoch: 2 [24320/50000 (49%)]	loss=1.3862
Train Epoch: 2 [24640/50000 (49%)]	loss=1.3260
Train Epoch: 2 [24960/50000 (50%)]	loss=2.0010
Train Epoch: 2 [25280/50000 (51%)]	loss=1.5109
Train Epoch: 2 [25600/50000 (51%)]	loss=1.7314
Train Epoch: 2 [25920/50000 (52%)]	loss=1.6179
Train Epoch: 2 [26240/50000 (52%)]	loss=1.6031
Train Epoch: 2 [26560/50000 (53%)]	loss=1.7616
Train Epoch: 2 [26880/50000 (54%)]	loss=1.4870
Train Epoch: 2 [27200/50000 (54%)]	loss=1.3444
Train Epoch: 2 [27520/50000 (55%)]	loss=1.8137
Train Epoch: 2 [27840/50000 (56%)]	loss=1.4686
Train Epoch: 2 [28160/50000 (56%)]	loss=1.5267
Train Epoch: 2 [28480/50000 (57%)]	loss=1.6196
Train Epoch: 2 [28800/50000 (58%)]	loss=1.5429
Train Epoch: 2 [29120/50000 (58%)]	loss=1.4915
Train Epoch: 2 [29440/50000 (59%)]	loss=1.8426
Train Epoch: 2 [29760/50000 (60%)]	loss=1.5827
Train Epoch: 2 [30080/50000 (60%)]	loss=1.7365
Train Epoch: 2 [30400/50000 (61%)]	loss=1.6267
Train Epoch: 2 [30720/50000 (61%)]	loss=1.7202
Train Epoch: 2 [31040/50000 (62%)]	loss=1.8939
Train Epoch: 2 [31360/50000 (63%)]	loss=1.4746
Train Epoch: 2 [31680/50000 (63%)]	loss=1.7823
Train Epoch: 2 [32000/50000 (64%)]	loss=1.8212
Train Epoch: 2 [32320/50000 (65%)]	loss=1.8499
Train Epoch: 2 [32640/50000 (65%)]	loss=1.4727
Train Epoch: 2 [32960/50000 (66%)]	loss=1.4793
Train Epoch: 2 [33280/50000 (67%)]	loss=1.5718
Train Epoch: 2 [33600/50000 (67%)]	loss=1.8518
Train Epoch: 2 [33920/50000 (68%)]	loss=1.8337
Train Epoch: 2 [34240/50000 (68%)]	loss=1.6876
Train Epoch: 2 [34560/50000 (69%)]	loss=1.8746
Train Epoch: 2 [34880/50000 (70%)]	loss=1.6138
Train Epoch: 2 [35200/50000 (70%)]	loss=1.9169
Train Epoch: 2 [35520/50000 (71%)]	loss=1.3111
Train Epoch: 2 [35840/50000 (72%)]	loss=1.2004
Train Epoch: 2 [36160/50000 (72%)]	loss=1.7080
Train Epoch: 2 [36480/50000 (73%)]	loss=1.4653
Train Epoch: 2 [36800/50000 (74%)]	loss=1.5169
Train Epoch: 2 [37120/50000 (74%)]	loss=1.1376
Train Epoch: 2 [37440/50000 (75%)]	loss=1.9176
Train Epoch: 2 [37760/50000 (75%)]	loss=1.7726
Train Epoch: 2 [38080/50000 (76%)]	loss=1.3280
Train Epoch: 2 [38400/50000 (77%)]	loss=1.7471
Train Epoch: 2 [38720/50000 (77%)]	loss=1.6642
Train Epoch: 2 [39040/50000 (78%)]	loss=1.5306
Train Epoch: 2 [39360/50000 (79%)]	loss=1.5477
Train Epoch: 2 [39680/50000 (79%)]	loss=1.4259
Train Epoch: 2 [40000/50000 (80%)]	loss=1.5791
Train Epoch: 2 [40320/50000 (81%)]	loss=1.2483
Train Epoch: 2 [40640/50000 (81%)]	loss=1.6371
Train Epoch: 2 [40960/50000 (82%)]	loss=1.4693
Train Epoch: 2 [41280/50000 (83%)]	loss=1.7000
Train Epoch: 2 [41600/50000 (83%)]	loss=1.7202
Train Epoch: 2 [41920/50000 (84%)]	loss=1.4031
Train Epoch: 2 [42240/50000 (84%)]	loss=1.4680
Train Epoch: 2 [42560/50000 (85%)]	loss=1.9864
Train Epoch: 2 [42880/50000 (86%)]	loss=1.5504
Train Epoch: 2 [43200/50000 (86%)]	loss=1.4199
Train Epoch: 2 [43520/50000 (87%)]	loss=1.5098
Train Epoch: 2 [43840/50000 (88%)]	loss=1.5542
Train Epoch: 2 [44160/50000 (88%)]	loss=1.3257
Train Epoch: 2 [44480/50000 (89%)]	loss=1.2877
Train Epoch: 2 [44800/50000 (90%)]	loss=2.0378
Train Epoch: 2 [45120/50000 (90%)]	loss=1.1864
Train Epoch: 2 [45440/50000 (91%)]	loss=1.7895
Train Epoch: 2 [45760/50000 (91%)]	loss=1.5528
Train Epoch: 2 [46080/50000 (92%)]	loss=1.4848
Train Epoch: 2 [46400/50000 (93%)]	loss=1.4516
Train Epoch: 2 [46720/50000 (93%)]	loss=1.4769
Train Epoch: 2 [47040/50000 (94%)]	loss=1.8673
Train Epoch: 2 [47360/50000 (95%)]	loss=1.5933
Train Epoch: 2 [47680/50000 (95%)]	loss=1.8520
Train Epoch: 2 [48000/50000 (96%)]	loss=1.5347
Train Epoch: 2 [48320/50000 (97%)]	loss=1.6160
Train Epoch: 2 [48640/50000 (97%)]	loss=1.7776
Train Epoch: 2 [48960/50000 (98%)]	loss=1.5316
Train Epoch: 2 [49280/50000 (99%)]	loss=1.6443
Train Epoch: 2 [49600/50000 (99%)]	loss=1.1941
Train Epoch: 2 [49920/50000 (100%)]	loss=1.1432
 * Acc@1 48.740 Acc@5 93.140
Total time in seconds: 828
Total time in seconds: 45
