procs -----------memory---------- ---swap-- -----io---- -system-- ------cpu-----
 r  b   swpd   free   buff  cache   si   so    bi    bo   in   cs us sy id wa st
 1  0      0 105372992 100036 25361084    0    0     2     3    0    0  0  0 100  0  0
 1  0      0 105201264 100036 25361092    0    0     0     0  925  300  3  0 97  0  0
 1  0      0 105154480 100036 25361092    0    0     0     4  484  259  2  0 98  0  0
 1  0      0 105100048 100036 25361092    0    0     0     0  510  411  2  0 98  0  0
 1  0      0 105050416 100036 25361108    0    0     0   132  572  386  1  0 98  0  0
 1  0      0 104717872 100036 25361120    0    0     0     0  363  281  1  1 98  0  0
 1  0      0 104549992 100036 25369312    0    0     0     0 1163  349  1  1 98  0  0
 1  0      0 103885288 100036 25632908    0    0     0     8 6802 10216  3  2 96  0  0
 2  0      0 103525440 100036 25669980    0    0     0     0 1936 3382  2  1 97  0  0
 2  0      0 103499776 100036 25678252    0    0     0     0  947 3130  3  0 97  0  0
 2  0      0 103505536 100036 25669996    0    0     0    92 1124 3502  3  0 97  0  0
 2  0      0 103504672 100036 25669996    0    0     0     0 1073 4329  3  0 97  0  0
 2  0      0 103484408 100036 25691292    0    0     0     0  992 3845  3  0 97  0  0
 2  0      0 103504280 100036 25669996    0    0     0     0 1022 4384  3  0 97  0  0
 2  0      0 103504176 100036 25669996    0    0     0     0 1091 3554  3  0 97  0  0
 2  0      0 103504064 100040 25669996    0    0     0    12 1021 3976  3  0 97  0  0
 3  0      0 103470088 100040 25702792    0    0     0     0 1056 3568  3  0 97  0  0
 2  0      0 103503168 100040 25669996    0    0     0   416 1158 4603  3  0 97  0  0
 2  0      0 103503056 100040 25669996    0    0     0     0 1137 3891  3  0 97  0  0
 2  0      0 103502480 100040 25670364    0    0     0   176 1203 3643  3  0 97  0  0
 1  0      0 103500368 100044 25670444    0    0     0    32 1394 4370  3  0 97  0  0
procs -----------memory---------- ---swap-- -----io---- -system-- ------cpu-----
 r  b   swpd   free   buff  cache   si   so    bi    bo   in   cs us sy id wa st
 1  0      0 103500800 100044 25670080    0    0     0     0 1151 3813  3  0 97  0  0
 2  0      0 103470960 100044 25701556    0    0     0     0  923 2025  3  0 97  0  0
 2  0      0 103500160 100044 25670096    0    0     0     0 1180 4928  3  0 97  0  0
 1  0      0 103500064 100044 25670096    0    0     0     0 1091 4466  3  0 97  0  0
 2  0      0 103479792 100044 25691876    0    0     0    36 1010 3521  3  0 97  0  0
 2  0      0 103499416 100044 25670096    0    0     0     4 1087 4048  3  0 97  0  0
 2  0      0 103499312 100044 25670096    0    0     0     8 1010 4311  3  0 97  0  0
 2  0      0 103499200 100044 25670096    0    0     0     0  991 3252  3  0 97  0  0
 2  0      0 103498912 100044 25670096    0    0     0     0  979 3207  3  0 97  0  0
 2  0      0 103498800 100048 25670096    0    0     0    44 1028 3486  3  0 97  0  0
 2  0      0 103498448 100048 25670096    0    0     0     0 1026 4069  3  0 97  0  0
 2  0      0 103498408 100048 25670096    0    0     0     0 1078 3727  3  0 97  0  0
 1  0      0 103498552 100048 25670096    0    0     0    64 1030 4719  3  0 97  0  0
 2  0      0 103498448 100048 25670096    0    0     0     0 1019 4137  3  0 97  0  0
 2  0      0 103462304 100048 25707732    0    0     0    36 1011 3544  3  0 97  0  0
 1  0      0 103502160 100048 25670464    0    0     0     0 1046 3801  3  0 97  0  0
 2  0      0 103502136 100048 25670032    0    0     0     0  960 3994  3  0 97  0  0
 1  0      0 103464064 100048 25708212    0    0     0     8  999 3473  3  0 97  0  0
 2  0      0 103499864 100048 25670052    0    0     0     0 1095 3937  3  0 97  0  0
 2  0      0 103500048 100048 25670516    0    0     0    36 1091 3091  3  0 97  0  0
 2  0      0 103500040 100048 25670084    0    0     0     0  934 2571  3  0 97  0  0
procs -----------memory---------- ---swap-- -----io---- -system-- ------cpu-----
 r  b   swpd   free   buff  cache   si   so    bi    bo   in   cs us sy id wa st
 2  0      0 103501376 100048 25670012    0    0     0     0 1099 2842  3  0 97  0  0
 2  0      0 103501864 100048 25670040    0    0     0     0 1089 4586  3  0 97  0  0
 2  0      0 103501088 100048 25670568    0    0     0     0 1041 3938  3  0 97  0  0
 2  0      0 103499600 100052 25669652    0    0     0    12 1061 4301  3  0 97  0  0
 1  0      0 103499808 100052 25670152    0    0     0     0 1069 4252  3  0 97  0  0
 1  0      0 103499728 100052 25670456    0    0     0     0  996 4072  3  0 97  0  0
 2  0      0 103470256 100052 25698584    0    0     0     0  976 2720  3  0 97  0  0
 2  0      0 103500800 100052 25670456    0    0     0     0 1040 5082  3  0 97  0  0
 1  0      0 103498976 100052 25670124    0    0     0    92 1175 4919  3  0 97  0  0
 2  0      0 103486520 100052 25683192    0    0     0   180 1031 4079  3  0 97  0  0
 2  0      0 103498328 100052 25670124    0    0     0     0 1014 4105  3  0 97  0  0
 2  0      0 103498224 100052 25670124    0    0     0     0  982 4267  3  0 97  0  0
 2  0      0 103498112 100052 25670124    0    0     0     0  990 3379  3  0 97  0  0
 2  0      0 103497280 100056 25670492    0    0     0    20 1001 3051  3  0 97  0  0
 2  0      0 103497464 100056 25670116    0    0     0     0 1057 4905  3  0 97  0  0
 1  0      0 103497360 100056 25670128    0    0     0     0  927 4366  3  0 97  0  0
 2  0      0 103460960 100056 25707760    0    0     0    16 1010 3339  3  0 97  0  0
 2  0      0 103496712 100056 25670120    0    0     0     0 1074 5014  3  0 97  0  0
 1  0      0 103496352 100060 25670128    0    0     0    44 1019 4068  3  0 97  0  0
 2  0      0 103496240 100060 25670128    0    0     0     0  958 3714  3  0 97  0  0
 2  0      0 103495664 100060 25670488    0    0     0     0 1012 3388  3  0 97  0  0
procs -----------memory---------- ---swap-- -----io---- -system-- ------cpu-----
 r  b   swpd   free   buff  cache   si   so    bi    bo   in   cs us sy id wa st
 2  0      0 103495600 100060 25670128    0    0     0     0 1051 4772  3  0 97  0  0
 2  0      0 103495488 100060 25670128    0    0     0     8 1085 3817  3  0 97  0  0
 1  0      0 103459344 100060 25707760    0    0     0    36  924 3736  3  0 97  0  0
 2  0      0 103495360 100060 25670128    0    0     0     0 1055 4300  3  0 97  0  0
 1  0      0 103494992 100060 25670124    0    0     0     0 1052 4328  3  0 97  0  0
 2  0      0 103495136 100060 25670128    0    0     0     0 1034 4102  3  0 97  0  0
 2  0      0 103494816 100060 25670496    0    0     0     8  977 3988  3  0 97  0  0
 2  0      0 103494992 100060 25670128    0    0     0    36 1069 4700  3  0 97  0  0
 2  0      0 103494888 100060 25670128    0    0     0     0  947 3732  3  0 97  0  0
 2  0      0 103494848 100060 25670128    0    0     0     0  989 3415  3  0 97  0  0
 2  0      0 103494744 100060 25670128    0    0     0     0  989 5182  3  0 97  0  0
 2  0      0 103494888 100060 25670128    0    0     0     0 1012 3368  3  0 97  0  0
 3  0      0 103458240 100060 25707764    0    0     0    12  902 1951  3  0 97  0  0
 2  0      0 103495248 100060 25670112    0    0     0     0 1129 5175  3  0 97  0  0
 2  0      0 103494960 100060 25670032    0    0     0     0 1026 4361  3  0 97  0  0
 2  0      0 103493728 100060 25669644    0    0     0     0 1103 4343  3  0 97  0  0
 1  0      0 103492944 100060 25670124    0    0     0     0 1085 4107  3  0 97  0  0
 2  0      0 103493656 100064 25669700    0    0     0    12  966 2200  3  0 97  0  0
 2  0      0 103495200 100064 25670144    0    0     0     0 1042 4159  3  0 97  0  0
 2  0      0 103495088 100064 25670144    0    0     0     0 1080 3693  3  0 97  0  0
 2  0      0 103494728 100064 25670144    0    0     0     0  957 3529  3  0 97  0  0
procs -----------memory---------- ---swap-- -----io---- -system-- ------cpu-----
 r  b   swpd   free   buff  cache   si   so    bi    bo   in   cs us sy id wa st
 2  0      0 103494688 100064 25670144    0    0     0     0 1031 3361  3  0 97  0  0
 2  0      0 103494584 100064 25670144    0    0     0    76  938 4687  3  0 97  0  0
 2  0      0 103494728 100064 25670148    0    0     0     0 1037 3733  3  0 97  0  0
 2  0      0 103485040 100064 25681280    0    0     0   100 1072 3183  3  0 97  0  0
 2  0      0 103494584 100064 25670148    0    0     0     0 1032 3129  3  0 97  0  0
 2  0      0 103494480 100064 25670148    0    0     0     0 1031 4131  3  0 97  0  0
 2  0      0 103494368 100064 25671116    0    0     0    20  994 2751  3  0 97  0  0
 2  0      0 103494336 100064 25670148    0    0     0     8 1020 2817  3  0 97  0  0
 2  0      0 103494480 100064 25670148    0    0     0     0 1025 3799  3  0 97  0  0
 2  0      0 103494368 100064 25670148    0    0     0     0  965 3672  3  0 97  0  0
 1  0      0 103458224 100064 25707784    0    0     0     0  977 2491  3  0 97  0  0
 2  0      0 103494224 100068 25670148    0    0     0    12 1056 3501  3  0 97  0  0
 1  0      0 103494112 100068 25670152    0    0     0     0  969 3192  3  0 97  0  0
 2  0      0 103471832 100068 25693868    0    0     0     0  948 3584  3  0 97  0  0
 2  0      0 103494224 100068 25670152    0    0     0     0 1125 4237  3  0 97  0  0
 2  0      0 103493864 100068 25670152    0    0     0     8  955 2439  3  0 97  0  0
 2  0      0 103493760 100068 25670152    0    0     0    20  988 2771  3  0 97  0  0
 2  0      0 103493680 100068 25670520    0    0     0     0  960 2938  3  0 97  0  0
 1  0      0 103494112 100068 25670152    0    0     0     0 1090 4209  3  0 97  0  0
 2  0      0 103493760 100068 25670152    0    0     0     0 1016 3858  3  0 97  0  0
 2  0      0 103493424 100068 25670512    0    0     0     8 1013 3616  3  0 97  0  0
procs -----------memory---------- ---swap-- -----io---- -system-- ------cpu-----
 r  b   swpd   free   buff  cache   si   so    bi    bo   in   cs us sy id wa st
 1  0      0 103493864 100068 25670152    0    0     0    36  976 4511  3  0 97  0  0
 1  0      0 103493504 100068 25670152    0    0     0     0 1010 3208  3  0 97  0  0
 2  0      0 103473744 100068 25690960    0    0     0     0  997 4023  3  0 97  0  0
 2  0      0 103493104 100068 25670152    0    0     0     0 1027 3392  3  0 97  0  0
 1  0      0 103493248 100068 25670152    0    0     0     0 1000 4733  3  0 97  0  0
 2  0      0 103493144 100068 25670152    0    0     0    28 1055 4362  3  0 97  0  0
 2  0      0 103493104 100068 25670152    0    0     0     0 1045 4792  3  0 97  0  0
 2  0      0 103493248 100068 25670152    0    0     0     0 1009 4652  3  0 97  0  0
 2  0      0 103490880 100068 25674024    0    0     0     0  899 3256  3  0 97  0  0
 3  0      0 103489680 100068 25671972    0    0     0     0 1071 3457  3  0 97  0  0
 1  0      0 103493248 100072 25670152    0    0     0    12 1094 5211  3  0 97  0  0
 2  0      0 103493392 100072 25670152    0    0     0     0 1048 4464  3  0 97  0  0
 3  0      0 103465480 100072 25697140    0    0     0     0  964 3493  3  0 97  0  0
 2  0      0 103493504 100072 25670152    0    0     0     0 1141 4737  3  0 97  0  0
 2  0      0 103491136 100072 25670152    0    0     0     0 1014 2608  3  0 97  0  0
 1  0      0 103455248 100076 25707788    0    0     0    44 1005 4214  3  0 97  0  0
 1  0      0 103491248 100076 25670152    0    0     0     0  994 3939  3  0 97  0  0
 2  0      0 103491392 100076 25670152    0    0     0     0  903 3317  3  0 97  0  0
 2  0      0 103491352 100076 25670152    0    0     0     0 1163 4926  3  0 97  0  0
 2  0      0 103491496 100076 25670156    0    0     0     0 1000 4975  3  0 97  0  0
 3  0      0 103455352 100080 25707792    0    0     0    16 1028 3872  3  0 97  0  0
procs -----------memory---------- ---swap-- -----io---- -system-- ------cpu-----
 r  b   swpd   free   buff  cache   si   so    bi    bo   in   cs us sy id wa st
 2  0      0 103491352 100080 25670156    0    0     0     0 1011 4777  3  0 97  0  0
 2  0      0 103491496 100080 25670156    0    0     0     0 1135 4534  3  0 97  0  0
 2  0      0 103491712 100080 25670156    0    0     0     0  969 3495  3  0 97  0  0
 2  0      0 103491352 100080 25670156    0    0     0     0 1062 5150  3  0 97  0  0
 1  0      0 103455456 100080 25707796    0    0     0    36  961 3482  3  0 97  0  0
 2  0      0 103491208 100080 25670160    0    0     0     0 1406 5709  3  0 97  0  0
 1  0      0 103491104 100080 25670160    0    0     0    96  997 4269  3  0 97  0  0
 2  0      0 103491120 100080 25670160    0    0     0     0 1099 4040  3  0 97  0  0
 1  0      0 103491264 100080 25670160    0    0     0     0  986 5104  3  0 97  0  0
 3  0      0 103455120 100080 25707796    0    0     0    24 1163 2888  3  0 97  0  0
 2  0      0 103491120 100080 25670160    0    0     0     0 1074 5018  3  0 97  0  0
 1  0      0 103454976 100080 25707796    0    0     0     0 1043 4398  3  0 97  0  0
 2  0      0 103491232 100080 25670160    0    0     0     0 1164 3408  3  0 97  0  0
 1  0      0 103491376 100080 25670160    0    0     0     0 1144 4802  3  0 97  0  0
 1  0      0 103454728 100084 25707796    0    0     0    12 1043 4289  3  0 97  0  0
 1  0      0 103490976 100084 25670160    0    0     0     0 1255 5695  3  0 97  0  0
 2  0      0 103484576 100084 25678388    0    0     0     0  958 4342  3  0 97  0  0
 2  0      0 103491088 100084 25670164    0    0     0     0 1118 4823  3  0 97  0  0
 2  0      0 103491232 100084 25670164    0    0     0     0 1002 4970  3  0 97  0  0
 1  0      0 103455344 100088 25707800    0    0     0    24 1022 4253  3  0 97  0  0
 2  0      0 103491600 100088 25670164    0    0     0     0  993 3682  3  0 97  0  0
procs -----------memory---------- ---swap-- -----io---- -system-- ------cpu-----
 r  b   swpd   free   buff  cache   si   so    bi    bo   in   cs us sy id wa st
 2  0      0 103491488 100088 25670164    0    0     0     0 1120 4466  3  0 97  0  0
 2  0      0 103491456 100088 25670164    0    0     0     0 1054 4337  3  0 97  0  0
 1  0      0 103491600 100088 25670164    0    0     0     0 1038 3715  3  0 97  0  0
 2  0      0 103491744 100088 25670164    0    0     0    12 1007 3383  3  0 97  0  0
 2  0      0 103491704 100088 25670164    0    0     0     0 1144 3302  3  0 97  0  0
 2  0      0 103491848 100088 25670164    0    0     0     0 1005 2463  3  0 97  0  0
 2  0      0 103491992 100088 25670164    0    0     0     0 1044 3618  3  0 97  0  0
 2  0      0 103491664 100088 25670532    0    0     0     0 1059 4088  3  0 97  0  0
 2  0      0 103491848 100088 25670156    0    0     0    48 1135 3846  3  0 97  0  0
 2  0      0 103492240 100088 25670164    0    0     0     4  972 4011  3  0 97  0  0
 1  0      0 103491664 100088 25670528    0    0     0     0 1062 4434  3  0 97  0  0
 2  0      0 103492096 100088 25670164    0    0     0     0  929 3788  3  0 97  0  0
 1  0      0 103492240 100088 25670164    0    0     0     0 1099 3652  3  0 97  0  0
 2  0      0 103456608 100092 25707148    0    0     0    32  879 2576  3  0 97  0  0
 2  0      0 103493384 100092 25670448    0    0     0     4 1124 4669  3  0 97  0  0
 1  0      0 103491568 100092 25670052    0    0     0     0  940 3918  3  0 97  0  0
 2  0      0 103491456 100092 25670052    0    0     0     0 1068 3878  3  0 97  0  0
 2  0      0 103493016 100092 25669908    0    0     0     0  997 3184  3  0 97  0  0
 2  0      0 103492912 100096 25669908    0    0     0    28 1062 3295  3  0 97  0  0
 2  0      0 103490280 100096 25673780    0    0     0     8  927 2912  3  0 97  0  0
 2  0      0 103494352 100096 25669980    0    0     0     0 1194 3750  3  0 97  0  0
procs -----------memory---------- ---swap-- -----io---- -system-- ------cpu-----
 r  b   swpd   free   buff  cache   si   so    bi    bo   in   cs us sy id wa st
 1  0      0 103494248 100096 25669988    0    0     0     0  939 3844  3  0 97  0  0
 3  0      0 103457856 100096 25707624    0    0     0     0 1018 2810  3  0 97  0  0
 1  0      0 103493856 100096 25669988    0    0     0    20 1075 4787  3  0 97  0  0
 2  0      0 103493744 100096 25669988    0    0     0   148 1201 3467  3  0 97  0  0
 1  0      0 103457344 100096 25707616    0    0     0     0  930 3248  3  0 97  0  0
 2  0      0 103493344 100096 25669988    0    0     0     0 1118 4979  3  0 97  0  0
 2  0      0 103493240 100096 25669992    0    0     0     0  969 3977  3  0 97  0  0
 2  0      0 103493008 100096 25669984    0    0     0    20 1132 4115  3  0 97  0  0
 2  0      0 103492904 100096 25669992    0    0     0     0  932 3761  3  0 97  0  0
 2  0      0 103463328 100096 25699596    0    0     0     0 1015 2730  3  0 97  0  0
 2  0      0 103492832 100096 25670520    0    0     0     0  937 2717  3  0 97  0  0
 2  0      0 103493248 100096 25670152    0    0     0     0 1259 5007  3  0 97  0  0
 2  0      0 103490616 100096 25674024    0    0     0    12  963 3296  3  0 97  0  0
 2  0      0 103493352 100096 25670152    0    0     0     0 1049 3483  3  0 97  0  0
 2  0      0 103493248 100096 25670152    0    0     0     0 1008 3395  3  0 97  0  0
 2  0      0 103492448 100096 25670152    0    0     0     0 1141 5256  3  0 97  0  0
 2  0      0 103492344 100096 25670152    0    0     0     0 1042 4998  3  0 97  0  0
 1  0      0 103456200 100096 25707788    0    0     0    28 1020 4049  3  0 97  0  0
 1  0      0 103492448 100096 25670152    0    0     0     0 1096 5071  3  0 97  0  0
 2  0      0 103492848 100096 25671120    0    0     0     8 1183 4268  3  0 97  0  0
 2  0      0 103492560 100096 25670152    0    0     0     0 1012 4663  3  0 97  0  0
procs -----------memory---------- ---swap-- -----io---- -system-- ------cpu-----
 r  b   swpd   free   buff  cache   si   so    bi    bo   in   cs us sy id wa st
 2  0      0 103492704 100096 25670152    0    0     0     0 1017 4045  3  0 97  0  0
 2  0      0 103492920 100100 25670152    0    0     0    48 1038 3642  3  0 97  0  0
 2  0      0 103492816 100100 25670156    0    0     0     0 1089 4423  3  0 97  0  0
 2  0      0 103492704 100100 25670156    0    0     0     0 1020 4704  3  0 97  0  0
 2  0      0 103492920 100100 25670156    0    0     0     0 1008 4305  3  0 97  0  0
 2  0      0 103493064 100100 25670156    0    0     0     0 1036 5132  3  0 97  0  0
 2  0      0 103492736 100108 25670520    0    0     0    28 1188 4463  3  0 97  0  0
 1  0      0 103493168 100108 25670156    0    0     0     0 1000 4907  3  0 97  0  0
 2  0      0 103493064 100108 25670156    0    0     0     8 1038 3388  3  0 97  0  0
 2  0      0 103493024 100108 25670156    0    0     0     0 1018 4010  3  0 97  0  0
 2  0      0 103492920 100108 25670156    0    0     0     0 1190 5311  3  0 97  0  0
 1  0      0 103456528 100112 25707792    0    0     0    20  967 4324  3  0 97  0  0
 2  0      0 103492776 100112 25670156    0    0     0     0 1033 4116  3  0 97  0  0
 2  0      0 103496512 100112 25670156    0    0     0     8  999 3320  3  0 97  0  0
 1  0      0 103458680 100112 25707584    0    0     0     0 1050 3362  3  0 97  0  0
 2  0      0 103494752 100112 25669544    0    0     0     0  976 3205  3  0 97  0  0
 1  0      0 103497800 100116 25670044    0    0     0    20 1044 3866  3  0 97  0  0
 2  0      0 103496272 100116 25670424    0    0     0     0  983 3098  3  0 97  0  0
 2  0      0 103495776 100116 25670000    0    0     0     0 1152 4593  3  0 97  0  0
 1  0      0 103457696 100116 25707876    0    0     0     0  947 2908  3  0 97  0  0
 2  0      0 103497600 100116 25669952    0    0     0     0 1034 3714  3  0 97  0  0
procs -----------memory---------- ---swap-- -----io---- -system-- ------cpu-----
 r  b   swpd   free   buff  cache   si   so    bi    bo   in   cs us sy id wa st
 2  0      0 103496816 100116 25670112    0    0     0    28 1040 3979  3  0 97  0  0
 2  0      0 103498416 100116 25670496    0    0     0     0 1087 3225  3  0 97  0  0
 1  0      0 103494800 100116 25669740    0    0     0    88 1049 4270  3  0 97  0  0
 2  0      0 103497584 100116 25670000    0    0     0     0 1021 2218  3  0 97  0  0
 2  0      0 103495808 100116 25670496    0    0     0     0  995 3390  3  0 97  0  0
 2  0      0 103495584 100116 25670180    0    0     0    32 1069 4249  3  0 97  0  0
 1  0      0 103458000 100116 25708360    0    0     0     0  924 3638  3  0 97  0  0
 2  0      0 103493808 100116 25669792    0    0     0     0 1075 3800  3  0 97  0  0
 1  0      0 103493768 100116 25670300    0    0     0     0  959 4299  3  0 97  0  0
 1  0      0 103455896 100116 25708316    0    0     0     0 1039 3129  3  0 97  0  0
 2  0      0 103495104 100120 25670252    0    0     0    28  988 4883  3  0 97  0  0
 2  0      0 103494800 100120 25670188    0    0     0     0  984 3615  3  0 97  0  0
 2  0      0 103492800 100120 25670616    0    0     0     0  902 2681  3  0 97  0  0
 2  0      0 103493040 100120 25670196    0    0     0    16 1130 4009  3  0 97  0  0
 2  0      0 103492496 100120 25670300    0    0     0     0 1021 4153  3  0 97  0  0
 2  0      0 103494808 100124 25670488    0    0     0    88 1043 4031  3  0 97  0  0
 2  0      0 103494576 100124 25669688    0    0     0     0  998 5267  3  0 97  0  0
 2  0      0 103460336 100124 25707900    0    0     0     0 1084 3720  3  0 97  0  0
 2  0      0 103495600 100124 25670572    0    0     0     0  929 3576  3  0 97  0  0
 2  0      0 103495800 100124 25670388    0    0     0     0 1048 4235  3  0 97  0  0
 2  0      0 103495824 100124 25670060    0    0     0    28 1018 4093  3  0 97  0  0
procs -----------memory---------- ---swap-- -----io---- -system-- ------cpu-----
 r  b   swpd   free   buff  cache   si   so    bi    bo   in   cs us sy id wa st
 3  0      0 103454896 100124 25707372    0    0     0     0 1028 3206  3  0 97  0  0
 2  0      0 103494304 100128 25670008    0    0     0     8  953 4908  3  0 97  0  0
 2  0      0 103494768 100128 25669584    0    0     0     0 1003 4219  3  0 97  0  0
 1  0      0 103456432 100128 25707600    0    0     0     0  955 3892  3  0 97  0  0
 2  0      0 103495832 100132 25670088    0    0     0    32 1085 4053  3  0 97  0  0
 1  0      0 103496000 100132 25670536    0    0     0     0  810 2013  3  0 97  0  0
 2  0      0 103467544 100132 25698396    0    0     0     0  976 3439  3  0 97  0  0
 2  0      0 103497088 100132 25670648    0    0     0     4 1005 3877  3  0 97  0  0
 2  0      0 103496864 100132 25670256    0    0     0     0 1333 4836  3  0 97  0  0
 2  0      0 103471648 100140 25695872    0    0     0    12 1122 4042  3  0 97  0  0
 2  0      0 103496608 100140 25670192    0    0     0     0 1305 4378  3  0 97  0  0
 1  0      0 103495792 100140 25670540    0    0     0     0 1162 4008  3  0 97  0  0
 2  0      0 103497296 100140 25670692    0    0     0     0 1085 3314  3  0 97  0  0
 2  0      0 103498864 100140 25670452    0    0     0   244 1288 4654  3  0 97  0  0
 2  0      0 103499120 100144 25670016    0    0     0    44 1212 4902  3  0 97  0  0
 3  0      0 103499088 100144 25670460    0    0     0     0  904 3524  3  0 97  0  0
 2  0      0 103497392 100144 25669952    0    0     0     4 1081 3910  3  0 97  0  0
 2  0      0 103497064 100144 25669956    0    0     0     0  931 4279  3  0 97  0  0
 2  0      0 103497304 100144 25670000    0    0     0     0  950 2776  3  0 97  0  0
 2  0      0 103495536 100152 25670504    0    0     0    28 1031 3515  3  0 97  0  0
 2  0      0 103493664 100152 25670024    0    0     0     0 1078 4119  3  0 97  0  0
procs -----------memory---------- ---swap-- -----io---- -system-- ------cpu-----
 r  b   swpd   free   buff  cache   si   so    bi    bo   in   cs us sy id wa st
 2  0      0 103493344 100152 25670076    0    0     0     0  884 2914  3  0 97  0  0
 2  0      0 103493312 100152 25670080    0    0     0     0 1027 4828  3  0 97  0  0
 2  0      0 103492952 100152 25670080    0    0     0     0 1069 4003  3  0 97  0  0
 1  0      0 103456808 100152 25707708    0    0     0    28 1211 2478  3  0 97  0  0
 2  0      0 103492808 100152 25670080    0    0     0     0 1448 2781  3  0 97  0  0
 2  0      0 103492448 100152 25670204    0    0     0     8 1512 4300  3  0 97  0  0
 3  0      0 103456056 100152 25707844    0    0     0     0 1063 3900  3  0 97  0  0
 1  0      0 103492304 100152 25670200    0    0     0     0 1185 4989  3  0 97  0  0
 2  0      0 103492456 100152 25670208    0    0     0    88 1332 3698  3  0 97  0  0
 2  0      0 103492200 100152 25670200    0    0     0     4 1408 3796  3  0 97  0  0
 2  0      0 103492624 100152 25670212    0    0     0     0 1265 4375  3  0 97  0  0
 2  0      0 103492768 100152 25670208    0    0     0     8 1048 4443  3  0 97  0  0
 2  0      0 103492784 100152 25670212    0    0     0     0 1122 4763  3  0 97  0  0
 2  0      0 103492528 100156 25670208    0    0     0    48  977 4382  3  0 97  0  0
 2  0      0 103492200 100156 25670580    0    0     0     0 1011 2504  3  0 97  0  0
 2  0      0 103492384 100156 25670208    0    0     0     4 1108 3819  3  0 97  0  0
 3  0      0 103467832 100156 25695864    0    0     0     8 1027 3502  3  0 97  0  0
 2  0      0 103491696 100156 25670208    0    0     0     0  862 2627  3  0 97  0  0
 1  0      0 103492128 100160 25670212    0    0     0    20 1099 4839  3  0 97  0  0
 2  0      0 103469088 100160 25694892    0    0     0     0  987 4180  3  0 97  0  0
 2  0      0 103492496 100160 25670212    0    0     0     4 1089 4884  3  0 97  0  0
procs -----------memory---------- ---swap-- -----io---- -system-- ------cpu-----
 r  b   swpd   free   buff  cache   si   so    bi    bo   in   cs us sy id wa st
 1  0      0 103492128 100160 25670212    0    0     0     0  943 4062  3  0 97  0  0
 2  0      0 103492056 100160 25670572    0    0     0     0 1102 4156  3  0 97  0  0
 2  0      0 103492240 100168 25670212    0    0     0   408 1105 3928  3  0 97  0  0
 2  0      0 103492128 100168 25670208    0    0     0     0  997 3027  3  0 97  0  0
 2  0      0 103491808 100168 25670580    0    0     0     0  942 3239  3  0 97  0  0
 1  0      0 103492240 100168 25670212    0    0     0     4 1087 4606  3  0 97  0  0
 2  0      0 103491880 100168 25670212    0    0     0     0 1026 3263  3  0 97  0  0
 2  0      0 103491552 100168 25670212    0    0     0    20 1054 3719  3  0 97  0  0
 2  0      0 103491736 100168 25670212    0    0     0     0  927 4360  3  0 97  0  0
 1  0      0 103491632 100168 25670208    0    0     0     0 1026 3284  3  0 97  0  0
 2  0      0 103467328 100168 25696348    0    0     0     0 1016 3893  3  0 97  0  0
 2  0      0 103491736 100168 25670204    0    0     0     0 1017 5003  3  0 97  0  0
 1  0      0 103491880 100172 25670220    0    0     0    28  933 3918  3  0 97  0  0
 2  0      0 103491520 100172 25670220    0    0     0     0  999 4239  3  0 97  0  0
 2  0      0 103491488 100172 25670224    0    0     0     0 1006 4625  3  0 97  0  0
 2  0      0 103491336 100172 25670224    0    0     0    16  978 3572  3  0 97  0  0
 2  0      0 103491520 100172 25670224    0    0     0     0  927 3615  3  0 97  0  0
 2  0      0 103491488 100172 25670216    0    0     0    44 1207 5228  3  0 97  0  0
 2  0      0 103491632 100172 25670224    0    0     0     0 1072 4732  3  0 97  0  0
 2  0      0 103491048 100172 25670584    0    0     0     0 1080 4317  3  0 97  0  0
 2  0      0 103491232 100176 25670220    0    0     0   100 1105 5190  3  0 97  0  0
procs -----------memory---------- ---swap-- -----io---- -system-- ------cpu-----
 r  b   swpd   free   buff  cache   si   so    bi    bo   in   cs us sy id wa st
 1  0      0 103455096 100176 25707852    0    0     0     4 1114 3133  3  0 97  0  0
 2  0      0 103490800 100176 25670592    0    0     0    56 1051 3711  3  0 97  0  0
 2  0      0 103491240 100176 25670224    0    0     0     0 1061 3815  3  0 97  0  0
 2  0      0 103490912 100176 25670584    0    0     0     0  904 2857  3  0 97  0  0
 1  0      0 103491344 100176 25670224    0    0     0    28 1107 3690  3  0 97  0  0
 2  0      0 103465032 100180 25697804    0    0     0     8 1017 4142  3  0 97  0  0
 3  0      0 103491456 100180 25670224    0    0     0     0 1008 4311  3  0 97  0  0
 2  0      0 103491344 100180 25670224    0    0     0     0  936 3283  3  0 97  0  0
 2  0      0 103466040 100180 25696356    0    0     0     0 1026 3513  3  0 97  0  0
 1  0      0 103491200 100180 25670224    0    0     0     0 1088 4554  3  0 97  0  0
 2  0      0 103491096 100184 25670220    0    0     0    40  984 3939  3  0 97  0  0
 2  0      0 103490512 100184 25670592    0    0     0     0  962 3671  3  0 97  0  0
 2  0      0 103490952 100184 25670228    0    0     0     0 1076 4846  3  0 97  0  0
 1  0      0 103490848 100184 25670224    0    0     0     0  990 4351  3  0 97  0  0
 2  0      0 103490264 100184 25670232    0    0     0     0 1052 4506  3  0 97  0  0
 2  0      0 103490448 100192 25670220    0    0     0    12  980 5246  3  0 97  0  0
 2  0      0 103479000 100192 25683296    0    0     0     0 1041 4184  3  0 97  0  0
 2  0      0 103490048 100192 25670220    0    0     0     0 1006 4965  3  0 97  0  0
 1  0      0 103490448 100192 25670228    0    0     0     0 1016 4484  3  0 97  0  0
 2  0      0 103490680 100192 25669800    0    0     0     0  923 3673  3  0 97  0  0
 1  0      0 103489152 100192 25670772    0    0     0   112 1059 2679  3  0 97  0  0
procs -----------memory---------- ---swap-- -----io---- -system-- ------cpu-----
 r  b   swpd   free   buff  cache   si   so    bi    bo   in   cs us sy id wa st
 2  0      0 103488912 100192 25670016    0    0     0     0 1041 4660  3  0 97  0  0
 2  0      0 103489376 100192 25670276    0    0     0     0  906 2804  3  0 97  0  0
 2  0      0 103491248 100192 25670336    0    0     0     0  994 3255  3  0 97  0  0
 2  0      0 103491200 100192 25670308    0    0     0     0  988 3614  3  0 97  0  0
 2  0      0 103482096 100192 25678980    0    0     0    12 1048 2832  3  0 97  0  0
 1  0      0 103453584 100192 25708040    0    0     0     0 1004 3812  3  0 97  0  0
 2  0      0 103489904 100192 25670016    0    0     0     0  931 4137  3  0 97  0  0
 2  0      0 103489856 100192 25670276    0    0     0     0 1016 4139  3  0 97  0  0
 2  0      0 103490080 100192 25669848    0    0     0     0  954 3547  3  0 97  0  0
 2  0      0 103491200 100192 25670820    0    0     0    28 1032 2856  3  0 97  0  0
 2  0      0 103491648 100192 25669900    0    0     0     8  923 3465  3  0 97  0  0
 2  0      0 103491608 100192 25670324    0    0     0     0 1218 3270  3  0 97  0  0
 2  0      0 103466880 100192 25695064    0    0     0     0 1147 2231  3  0 97  0  0
 2  0      0 103490304 100192 25670644    0    0     0     0 1028 3475  3  0 97  0  0
 1  0      0 103490568 100196 25669884    0    0     0    80  981 4828  3  0 97  0  0
 2  0      0 103491024 100196 25670372    0    0     0     0 1019 3420  3  0 97  0  0
 2  0      0 103492640 100196 25669904    0    0     0     0  999 4201  3  0 97  0  0
 1  0      0 103492848 100196 25670316    0    0     0     4  980 3842  3  0 97  0  0
 1  0      0 103492816 100196 25670260    0    0     0     0  926 3580  3  0 97  0  0
 2  0      0 103479424 100196 25683872    0    0     0    28 1069 2880  3  0 97  0  0
 2  0      0 103491056 100196 25670296    0    0     0     8  972 2228  3  0 97  0  0
procs -----------memory---------- ---swap-- -----io---- -system-- ------cpu-----
 r  b   swpd   free   buff  cache   si   so    bi    bo   in   cs us sy id wa st
 1  0      0 103491512 100196 25670044    0    0     0     0  986 4181  3  0 97  0  0
 1  0      0 103453424 100196 25708028    0    0     0     0  896 2335  3  0 97  0  0
 2  0      0 103493088 100196 25669980    0    0     0     0 1054 3710  3  0 97  0  0
 1  0      0 103492544 100196 25670264    0    0     0    24 1038 4200  3  0 97  0  0
 2  0      0 103492504 100196 25669836    0    0     0     0  909 2035  3  0 97  0  0
 2  0      0 103476320 100196 25686760    0    0     0     0  918 3537  3  0 97  0  0
 2  0      0 103472712 100196 25686760    0    0     0     0  836 2443  3  0 97  0  0
 1  0      0 103288944 100196 25686764    0    0     0     0  602  550  1  0 98  0  0
 1  0      0 102809392 100200 25686768    0    0     0    56  434  173  1  0 98  0  0
 2  0      0 101645264 100200 26896512    0    0     0     0 1272  411  1  1 98  0  0
 2  0      0 101683152 100200 26737856    0    0     0     0 3169  884  3  1 96  0  0
 2  0      0 101145920 100200 27326920    0    0     0     0 1122  400  2  1 97  0  0
 2  0      0 101734688 100200 26737696    0    0     0     0 1127  702  4  0 96  0  0
 1  0      0 101169504 100200 27183476    0    0     0    52  548  290  1  1 98  0  0
 2  0      0 101733360 100200 26738356    0    0     0     0 1383  784  3  1 96  0  0
 1  0      0 101447088 100200 26903452    0    0     0   248  802  318  2  0 97  0  0
 3  0      0 101734240 100200 26737224    0    0     0     0  944  443  2  1 97  0  0
 1  0      0 101648688 100200 26737748    0    0     0     0  833  593  3  0 96  0  0
 2  0      0 101735592 100200 26737556    0    0     0    20  948  392  1  1 98  0  0
 2  0      0 101735592 100200 26737556    0    0     0     0 1027  597  4  0 96  0  0
 2  0      0 101143088 100200 27326124    0    0     0     0  777  267  1  1 98  0  0
procs -----------memory---------- ---swap-- -----io---- -system-- ------cpu-----
 r  b   swpd   free   buff  cache   si   so    bi    bo   in   cs us sy id wa st
 2  0      0 101732464 100200 26737588    0    0     0     0 1015  817  4  0 96  0  0
 1  0      0 101090680 100200 27258956    0    0     0     0  652  264  1  1 98  0  0
 2  0      0 101730848 100200 26737540    0    0     0    16 1361  957  3  0 96  0  0
 1  0      0 101128128 100200 27220596    0    0     0    92  655  250  2  1 97  0  0
 2  0      0 101733592 100200 26737604    0    0     0     0 1283  730  3  0 96  0  0
 1  0      0 101254832 100200 27097228    0    0     0     0  713  255  2  1 97  0  0
 2  0      0 101677280 100200 26738244    0    0     0     0 1431  821  3  1 97  0  0
 1  0      0 101306624 100204 26991184    0    0     0    52  840  277  2  1 97  0  0
 1  0      0 101677440 100204 26737612    0    0     0     0  457  531  1  1 98  0  0
 1  0      0 102707256 100204 26737620    0    0     0     0  587  391  2  0 98  0  0
