index, utilization.gpu [%], utilization.memory [%], memory.used [MiB]
0, 0 %, 0 %, 0 MiB
1, 0 %, 0 %, 0 MiB
2, 0 %, 0 %, 0 MiB
3, 0 %, 0 %, 0 MiB
0, 0 %, 0 %, 0 MiB
1, 0 %, 0 %, 0 MiB
2, 0 %, 0 %, 0 MiB
3, 0 %, 0 %, 0 MiB
0, 0 %, 0 %, 0 MiB
1, 0 %, 0 %, 0 MiB
2, 0 %, 0 %, 0 MiB
3, 0 %, 0 %, 0 MiB
0, 0 %, 0 %, 0 MiB
1, 0 %, 0 %, 0 MiB
2, 0 %, 0 %, 0 MiB
3, 0 %, 0 %, 0 MiB
0, 0 %, 0 %, 3 MiB
1, 0 %, 0 %, 0 MiB
2, 0 %, 0 %, 0 MiB
3, 0 %, 0 %, 0 MiB
0, 0 %, 0 %, 3 MiB
1, 0 %, 0 %, 0 MiB
2, 0 %, 0 %, 0 MiB
3, 0 %, 0 %, 0 MiB
0, 4 %, 0 %, 321 MiB
1, 0 %, 0 %, 0 MiB
2, 0 %, 0 %, 0 MiB
3, 0 %, 0 %, 0 MiB
0, 30 %, 18 %, 3373 MiB
1, 0 %, 0 %, 0 MiB
2, 0 %, 0 %, 0 MiB
3, 0 %, 0 %, 0 MiB
0, 92 %, 40 %, 4399 MiB
1, 0 %, 0 %, 0 MiB
2, 0 %, 0 %, 0 MiB
3, 0 %, 0 %, 0 MiB
0, 52 %, 27 %, 4399 MiB
1, 0 %, 0 %, 0 MiB
2, 0 %, 0 %, 0 MiB
3, 0 %, 0 %, 0 MiB
0, 56 %, 26 %, 4399 MiB
1, 0 %, 0 %, 0 MiB
2, 0 %, 0 %, 0 MiB
3, 0 %, 0 %, 0 MiB
0, 60 %, 31 %, 4399 MiB
1, 0 %, 0 %, 0 MiB
2, 0 %, 0 %, 0 MiB
3, 0 %, 0 %, 0 MiB
0, 75 %, 33 %, 4399 MiB
1, 0 %, 0 %, 0 MiB
2, 0 %, 0 %, 0 MiB
3, 0 %, 0 %, 0 MiB
0, 100 %, 48 %, 4399 MiB
1, 0 %, 0 %, 0 MiB
2, 0 %, 0 %, 0 MiB
3, 0 %, 0 %, 0 MiB
0, 82 %, 38 %, 4399 MiB
1, 0 %, 0 %, 0 MiB
2, 0 %, 0 %, 0 MiB
3, 0 %, 0 %, 0 MiB
0, 52 %, 25 %, 4399 MiB
1, 0 %, 0 %, 0 MiB
2, 0 %, 0 %, 0 MiB
3, 0 %, 0 %, 0 MiB
0, 51 %, 24 %, 4399 MiB
1, 0 %, 0 %, 0 MiB
2, 0 %, 0 %, 0 MiB
3, 0 %, 0 %, 0 MiB
0, 50 %, 26 %, 4399 MiB
1, 0 %, 0 %, 0 MiB
2, 0 %, 0 %, 0 MiB
3, 0 %, 0 %, 0 MiB
0, 59 %, 26 %, 4399 MiB
1, 0 %, 0 %, 0 MiB
2, 0 %, 0 %, 0 MiB
3, 0 %, 0 %, 0 MiB
0, 66 %, 29 %, 4399 MiB
1, 0 %, 0 %, 0 MiB
2, 0 %, 0 %, 0 MiB
3, 0 %, 0 %, 0 MiB
0, 63 %, 30 %, 4399 MiB
1, 0 %, 0 %, 0 MiB
2, 0 %, 0 %, 0 MiB
3, 0 %, 0 %, 0 MiB
0, 63 %, 32 %, 4399 MiB
1, 0 %, 0 %, 0 MiB
2, 0 %, 0 %, 0 MiB
3, 0 %, 0 %, 0 MiB
0, 47 %, 22 %, 4399 MiB
1, 0 %, 0 %, 0 MiB
2, 0 %, 0 %, 0 MiB
3, 0 %, 0 %, 0 MiB
0, 59 %, 28 %, 4399 MiB
1, 0 %, 0 %, 0 MiB
2, 0 %, 0 %, 0 MiB
3, 0 %, 0 %, 0 MiB
0, 72 %, 35 %, 4399 MiB
1, 0 %, 0 %, 0 MiB
2, 0 %, 0 %, 0 MiB
3, 0 %, 0 %, 0 MiB
0, 89 %, 40 %, 4399 MiB
1, 0 %, 0 %, 0 MiB
2, 0 %, 0 %, 0 MiB
3, 0 %, 0 %, 0 MiB
0, 100 %, 46 %, 4399 MiB
1, 0 %, 0 %, 0 MiB
2, 0 %, 0 %, 0 MiB
3, 0 %, 0 %, 0 MiB
0, 90 %, 40 %, 4399 MiB
1, 0 %, 0 %, 0 MiB
2, 0 %, 0 %, 0 MiB
3, 0 %, 0 %, 0 MiB
0, 71 %, 34 %, 4399 MiB
1, 0 %, 0 %, 0 MiB
2, 0 %, 0 %, 0 MiB
3, 0 %, 0 %, 0 MiB
0, 93 %, 40 %, 4399 MiB
1, 0 %, 0 %, 0 MiB
2, 0 %, 0 %, 0 MiB
3, 0 %, 0 %, 0 MiB
0, 95 %, 45 %, 4399 MiB
1, 0 %, 0 %, 0 MiB
2, 0 %, 0 %, 0 MiB
3, 0 %, 0 %, 0 MiB
0, 83 %, 36 %, 4399 MiB
1, 0 %, 0 %, 0 MiB
2, 0 %, 0 %, 0 MiB
3, 0 %, 0 %, 0 MiB
0, 74 %, 33 %, 4399 MiB
1, 0 %, 0 %, 0 MiB
2, 0 %, 0 %, 0 MiB
3, 0 %, 0 %, 0 MiB
0, 93 %, 43 %, 4399 MiB
1, 0 %, 0 %, 0 MiB
2, 0 %, 0 %, 0 MiB
3, 0 %, 0 %, 0 MiB
0, 100 %, 47 %, 4399 MiB
1, 0 %, 0 %, 0 MiB
2, 0 %, 0 %, 0 MiB
3, 0 %, 0 %, 0 MiB
0, 100 %, 48 %, 4399 MiB
1, 0 %, 0 %, 0 MiB
2, 0 %, 0 %, 0 MiB
3, 0 %, 0 %, 0 MiB
0, 78 %, 36 %, 4399 MiB
1, 0 %, 0 %, 0 MiB
2, 0 %, 0 %, 0 MiB
3, 0 %, 0 %, 0 MiB
0, 84 %, 39 %, 4399 MiB
1, 0 %, 0 %, 0 MiB
2, 0 %, 0 %, 0 MiB
3, 0 %, 0 %, 0 MiB
0, 59 %, 27 %, 4399 MiB
1, 0 %, 0 %, 0 MiB
2, 0 %, 0 %, 0 MiB
3, 0 %, 0 %, 0 MiB
0, 72 %, 35 %, 4399 MiB
1, 0 %, 0 %, 0 MiB
2, 0 %, 0 %, 0 MiB
3, 0 %, 0 %, 0 MiB
0, 85 %, 39 %, 4399 MiB
1, 0 %, 0 %, 0 MiB
2, 0 %, 0 %, 0 MiB
3, 0 %, 0 %, 0 MiB
0, 100 %, 46 %, 4399 MiB
1, 0 %, 0 %, 0 MiB
2, 0 %, 0 %, 0 MiB
3, 0 %, 0 %, 0 MiB
0, 90 %, 40 %, 4399 MiB
1, 0 %, 0 %, 0 MiB
2, 0 %, 0 %, 0 MiB
3, 0 %, 0 %, 0 MiB
0, 95 %, 42 %, 4399 MiB
1, 0 %, 0 %, 0 MiB
2, 0 %, 0 %, 0 MiB
3, 0 %, 0 %, 0 MiB
0, 99 %, 47 %, 4399 MiB
1, 0 %, 0 %, 0 MiB
2, 0 %, 0 %, 0 MiB
3, 0 %, 0 %, 0 MiB
0, 87 %, 39 %, 4399 MiB
1, 0 %, 0 %, 0 MiB
2, 0 %, 0 %, 0 MiB
3, 0 %, 0 %, 0 MiB
0, 60 %, 29 %, 4399 MiB
1, 0 %, 0 %, 0 MiB
2, 0 %, 0 %, 0 MiB
3, 0 %, 0 %, 0 MiB
0, 52 %, 28 %, 4399 MiB
1, 0 %, 0 %, 0 MiB
2, 0 %, 0 %, 0 MiB
3, 0 %, 0 %, 0 MiB
0, 56 %, 26 %, 4399 MiB
1, 0 %, 0 %, 0 MiB
2, 0 %, 0 %, 0 MiB
3, 0 %, 0 %, 0 MiB
0, 86 %, 38 %, 4399 MiB
1, 0 %, 0 %, 0 MiB
2, 0 %, 0 %, 0 MiB
3, 0 %, 0 %, 0 MiB
0, 71 %, 32 %, 4399 MiB
1, 0 %, 0 %, 0 MiB
2, 0 %, 0 %, 0 MiB
3, 0 %, 0 %, 0 MiB
0, 63 %, 28 %, 4399 MiB
1, 0 %, 0 %, 0 MiB
2, 0 %, 0 %, 0 MiB
3, 0 %, 0 %, 0 MiB
0, 45 %, 18 %, 4399 MiB
1, 0 %, 0 %, 0 MiB
2, 0 %, 0 %, 0 MiB
3, 0 %, 0 %, 0 MiB
0, 77 %, 34 %, 4399 MiB
1, 0 %, 0 %, 0 MiB
2, 0 %, 0 %, 0 MiB
3, 0 %, 0 %, 0 MiB
0, 68 %, 31 %, 4399 MiB
1, 0 %, 0 %, 0 MiB
2, 0 %, 0 %, 0 MiB
3, 0 %, 0 %, 0 MiB
0, 65 %, 30 %, 4399 MiB
1, 0 %, 0 %, 0 MiB
2, 0 %, 0 %, 0 MiB
3, 0 %, 0 %, 0 MiB
0, 61 %, 31 %, 4399 MiB
1, 0 %, 0 %, 0 MiB
2, 0 %, 0 %, 0 MiB
3, 0 %, 0 %, 0 MiB
0, 62 %, 31 %, 4399 MiB
1, 0 %, 0 %, 0 MiB
2, 0 %, 0 %, 0 MiB
3, 0 %, 0 %, 0 MiB
0, 59 %, 27 %, 4399 MiB
1, 0 %, 0 %, 0 MiB
2, 0 %, 0 %, 0 MiB
3, 0 %, 0 %, 0 MiB
0, 51 %, 27 %, 4399 MiB
1, 0 %, 0 %, 0 MiB
2, 0 %, 0 %, 0 MiB
3, 0 %, 0 %, 0 MiB
0, 53 %, 25 %, 4399 MiB
1, 0 %, 0 %, 0 MiB
2, 0 %, 0 %, 0 MiB
3, 0 %, 0 %, 0 MiB
0, 80 %, 35 %, 4399 MiB
1, 0 %, 0 %, 0 MiB
2, 0 %, 0 %, 0 MiB
3, 0 %, 0 %, 0 MiB
0, 100 %, 49 %, 4399 MiB
1, 0 %, 0 %, 0 MiB
2, 0 %, 0 %, 0 MiB
3, 0 %, 0 %, 0 MiB
0, 88 %, 40 %, 4399 MiB
1, 0 %, 0 %, 0 MiB
2, 0 %, 0 %, 0 MiB
3, 0 %, 0 %, 0 MiB
0, 84 %, 38 %, 4399 MiB
1, 0 %, 0 %, 0 MiB
2, 0 %, 0 %, 0 MiB
3, 0 %, 0 %, 0 MiB
0, 87 %, 39 %, 4399 MiB
1, 0 %, 0 %, 0 MiB
2, 0 %, 0 %, 0 MiB
3, 0 %, 0 %, 0 MiB
0, 34 %, 19 %, 4399 MiB
1, 0 %, 0 %, 0 MiB
2, 0 %, 0 %, 0 MiB
3, 0 %, 0 %, 0 MiB
0, 60 %, 28 %, 4399 MiB
1, 0 %, 0 %, 0 MiB
2, 0 %, 0 %, 0 MiB
3, 0 %, 0 %, 0 MiB
0, 93 %, 43 %, 4399 MiB
1, 0 %, 0 %, 0 MiB
2, 0 %, 0 %, 0 MiB
3, 0 %, 0 %, 0 MiB
0, 83 %, 38 %, 4399 MiB
1, 0 %, 0 %, 0 MiB
2, 0 %, 0 %, 0 MiB
3, 0 %, 0 %, 0 MiB
0, 50 %, 24 %, 4399 MiB
1, 0 %, 0 %, 0 MiB
2, 0 %, 0 %, 0 MiB
3, 0 %, 0 %, 0 MiB
0, 56 %, 26 %, 4399 MiB
1, 0 %, 0 %, 0 MiB
2, 0 %, 0 %, 0 MiB
3, 0 %, 0 %, 0 MiB
0, 70 %, 34 %, 4399 MiB
1, 0 %, 0 %, 0 MiB
2, 0 %, 0 %, 0 MiB
3, 0 %, 0 %, 0 MiB
0, 88 %, 39 %, 4399 MiB
1, 0 %, 0 %, 0 MiB
2, 0 %, 0 %, 0 MiB
3, 0 %, 0 %, 0 MiB
0, 100 %, 49 %, 4399 MiB
1, 0 %, 0 %, 0 MiB
2, 0 %, 0 %, 0 MiB
3, 0 %, 0 %, 0 MiB
0, 87 %, 40 %, 4399 MiB
1, 0 %, 0 %, 0 MiB
2, 0 %, 0 %, 0 MiB
3, 0 %, 0 %, 0 MiB
0, 69 %, 31 %, 4399 MiB
1, 0 %, 0 %, 0 MiB
2, 0 %, 0 %, 0 MiB
3, 0 %, 0 %, 0 MiB
0, 63 %, 29 %, 4399 MiB
1, 0 %, 0 %, 0 MiB
2, 0 %, 0 %, 0 MiB
3, 0 %, 0 %, 0 MiB
0, 69 %, 33 %, 4399 MiB
1, 0 %, 0 %, 0 MiB
2, 0 %, 0 %, 0 MiB
3, 0 %, 0 %, 0 MiB
0, 63 %, 32 %, 4399 MiB
1, 0 %, 0 %, 0 MiB
2, 0 %, 0 %, 0 MiB
3, 0 %, 0 %, 0 MiB
0, 63 %, 30 %, 4399 MiB
1, 0 %, 0 %, 0 MiB
2, 0 %, 0 %, 0 MiB
3, 0 %, 0 %, 0 MiB
0, 80 %, 37 %, 4399 MiB
1, 0 %, 0 %, 0 MiB
2, 0 %, 0 %, 0 MiB
3, 0 %, 0 %, 0 MiB
0, 99 %, 45 %, 4399 MiB
1, 0 %, 0 %, 0 MiB
2, 0 %, 0 %, 0 MiB
3, 0 %, 0 %, 0 MiB
0, 67 %, 33 %, 4399 MiB
1, 0 %, 0 %, 0 MiB
2, 0 %, 0 %, 0 MiB
3, 0 %, 0 %, 0 MiB
0, 33 %, 19 %, 4399 MiB
1, 0 %, 0 %, 0 MiB
2, 0 %, 0 %, 0 MiB
3, 0 %, 0 %, 0 MiB
0, 67 %, 31 %, 4399 MiB
1, 0 %, 0 %, 0 MiB
2, 0 %, 0 %, 0 MiB
3, 0 %, 0 %, 0 MiB
0, 100 %, 49 %, 4399 MiB
1, 0 %, 0 %, 0 MiB
2, 0 %, 0 %, 0 MiB
3, 0 %, 0 %, 0 MiB
0, 75 %, 35 %, 4399 MiB
1, 0 %, 0 %, 0 MiB
2, 0 %, 0 %, 0 MiB
3, 0 %, 0 %, 0 MiB
0, 50 %, 24 %, 4399 MiB
1, 0 %, 0 %, 0 MiB
2, 0 %, 0 %, 0 MiB
3, 0 %, 0 %, 0 MiB
0, 50 %, 21 %, 4399 MiB
1, 0 %, 0 %, 0 MiB
2, 0 %, 0 %, 0 MiB
3, 0 %, 0 %, 0 MiB
0, 74 %, 33 %, 4399 MiB
1, 0 %, 0 %, 0 MiB
2, 0 %, 0 %, 0 MiB
3, 0 %, 0 %, 0 MiB
0, 97 %, 46 %, 4399 MiB
1, 0 %, 0 %, 0 MiB
2, 0 %, 0 %, 0 MiB
3, 0 %, 0 %, 0 MiB
0, 81 %, 36 %, 4399 MiB
1, 0 %, 0 %, 0 MiB
2, 0 %, 0 %, 0 MiB
3, 0 %, 0 %, 0 MiB
0, 95 %, 42 %, 4399 MiB
1, 0 %, 0 %, 0 MiB
2, 0 %, 0 %, 0 MiB
3, 0 %, 0 %, 0 MiB
0, 69 %, 33 %, 4399 MiB
1, 0 %, 0 %, 0 MiB
2, 0 %, 0 %, 0 MiB
3, 0 %, 0 %, 0 MiB
0, 76 %, 36 %, 4399 MiB
1, 0 %, 0 %, 0 MiB
2, 0 %, 0 %, 0 MiB
3, 0 %, 0 %, 0 MiB
0, 100 %, 48 %, 4399 MiB
1, 0 %, 0 %, 0 MiB
2, 0 %, 0 %, 0 MiB
3, 0 %, 0 %, 0 MiB
0, 93 %, 44 %, 4399 MiB
1, 0 %, 0 %, 0 MiB
2, 0 %, 0 %, 0 MiB
3, 0 %, 0 %, 0 MiB
0, 76 %, 34 %, 4399 MiB
1, 0 %, 0 %, 0 MiB
2, 0 %, 0 %, 0 MiB
3, 0 %, 0 %, 0 MiB
0, 80 %, 35 %, 4399 MiB
1, 0 %, 0 %, 0 MiB
2, 0 %, 0 %, 0 MiB
3, 0 %, 0 %, 0 MiB
0, 100 %, 48 %, 4399 MiB
1, 0 %, 0 %, 0 MiB
2, 0 %, 0 %, 0 MiB
3, 0 %, 0 %, 0 MiB
0, 76 %, 36 %, 4399 MiB
1, 0 %, 0 %, 0 MiB
2, 0 %, 0 %, 0 MiB
3, 0 %, 0 %, 0 MiB
0, 54 %, 25 %, 4399 MiB
1, 0 %, 0 %, 0 MiB
2, 0 %, 0 %, 0 MiB
3, 0 %, 0 %, 0 MiB
0, 52 %, 25 %, 4399 MiB
1, 0 %, 0 %, 0 MiB
2, 0 %, 0 %, 0 MiB
3, 0 %, 0 %, 0 MiB
0, 55 %, 25 %, 4399 MiB
1, 0 %, 0 %, 0 MiB
2, 0 %, 0 %, 0 MiB
3, 0 %, 0 %, 0 MiB
0, 83 %, 37 %, 4399 MiB
1, 0 %, 0 %, 0 MiB
2, 0 %, 0 %, 0 MiB
3, 0 %, 0 %, 0 MiB
0, 30 %, 13 %, 4399 MiB
1, 0 %, 0 %, 0 MiB
2, 0 %, 0 %, 0 MiB
3, 0 %, 0 %, 0 MiB
0, 0 %, 0 %, 4399 MiB
1, 0 %, 0 %, 0 MiB
2, 0 %, 0 %, 0 MiB
3, 0 %, 0 %, 0 MiB
0, 0 %, 0 %, 4399 MiB
1, 0 %, 0 %, 0 MiB
2, 0 %, 0 %, 0 MiB
3, 0 %, 0 %, 0 MiB
0, 0 %, 0 %, 4401 MiB
1, 0 %, 0 %, 0 MiB
2, 0 %, 0 %, 0 MiB
3, 0 %, 0 %, 0 MiB
0, 0 %, 0 %, 11107 MiB
1, 0 %, 0 %, 0 MiB
2, 0 %, 0 %, 0 MiB
3, 0 %, 0 %, 0 MiB
0, 0 %, 0 %, 11107 MiB
1, 0 %, 0 %, 0 MiB
2, 0 %, 0 %, 0 MiB
3, 0 %, 0 %, 0 MiB
0, 0 %, 0 %, 11107 MiB
1, 0 %, 0 %, 0 MiB
2, 0 %, 0 %, 0 MiB
3, 0 %, 0 %, 0 MiB
0, 0 %, 0 %, 11107 MiB
1, 0 %, 0 %, 0 MiB
2, 0 %, 0 %, 0 MiB
3, 0 %, 0 %, 0 MiB
0, 76 %, 26 %, 11107 MiB
1, 0 %, 0 %, 0 MiB
2, 0 %, 0 %, 0 MiB
3, 0 %, 0 %, 0 MiB
0, 0 %, 0 %, 11107 MiB
1, 0 %, 0 %, 0 MiB
2, 0 %, 0 %, 0 MiB
3, 0 %, 0 %, 0 MiB
0, 0 %, 0 %, 11107 MiB
1, 0 %, 0 %, 0 MiB
2, 0 %, 0 %, 0 MiB
3, 0 %, 0 %, 0 MiB
0, 18 %, 4 %, 11107 MiB
1, 0 %, 0 %, 0 MiB
2, 0 %, 0 %, 0 MiB
3, 0 %, 0 %, 0 MiB
0, 0 %, 0 %, 11107 MiB
1, 0 %, 0 %, 0 MiB
2, 0 %, 0 %, 0 MiB
3, 0 %, 0 %, 0 MiB
0, 85 %, 33 %, 11107 MiB
1, 0 %, 0 %, 0 MiB
2, 0 %, 0 %, 0 MiB
3, 0 %, 0 %, 0 MiB
0, 0 %, 0 %, 11107 MiB
1, 0 %, 0 %, 0 MiB
2, 0 %, 0 %, 0 MiB
3, 0 %, 0 %, 0 MiB
0, 0 %, 0 %, 11107 MiB
1, 0 %, 0 %, 0 MiB
2, 0 %, 0 %, 0 MiB
3, 0 %, 0 %, 0 MiB
0, 0 %, 0 %, 11107 MiB
1, 0 %, 0 %, 0 MiB
2, 0 %, 0 %, 0 MiB
3, 0 %, 0 %, 0 MiB
0, 0 %, 0 %, 11107 MiB
1, 0 %, 0 %, 0 MiB
2, 0 %, 0 %, 0 MiB
3, 0 %, 0 %, 0 MiB
0, 100 %, 70 %, 11107 MiB
1, 0 %, 0 %, 0 MiB
2, 0 %, 0 %, 0 MiB
3, 0 %, 0 %, 0 MiB
0, 0 %, 0 %, 11107 MiB
1, 0 %, 0 %, 0 MiB
2, 0 %, 0 %, 0 MiB
3, 0 %, 0 %, 0 MiB
0, 0 %, 0 %, 11107 MiB
1, 0 %, 0 %, 0 MiB
2, 0 %, 0 %, 0 MiB
3, 0 %, 0 %, 0 MiB
0, 0 %, 0 %, 11107 MiB
1, 0 %, 0 %, 0 MiB
2, 0 %, 0 %, 0 MiB
3, 0 %, 0 %, 0 MiB
0, 0 %, 0 %, 11107 MiB
1, 0 %, 0 %, 0 MiB
2, 0 %, 0 %, 0 MiB
3, 0 %, 0 %, 0 MiB
0, 100 %, 70 %, 11107 MiB
1, 0 %, 0 %, 0 MiB
2, 0 %, 0 %, 0 MiB
3, 0 %, 0 %, 0 MiB
0, 0 %, 0 %, 11107 MiB
1, 0 %, 0 %, 0 MiB
2, 0 %, 0 %, 0 MiB
3, 0 %, 0 %, 0 MiB
0, 0 %, 0 %, 11107 MiB
1, 0 %, 0 %, 0 MiB
2, 0 %, 0 %, 0 MiB
3, 0 %, 0 %, 0 MiB
0, 0 %, 0 %, 11107 MiB
1, 0 %, 0 %, 0 MiB
2, 0 %, 0 %, 0 MiB
3, 0 %, 0 %, 0 MiB
0, 59 %, 31 %, 11107 MiB
1, 0 %, 0 %, 0 MiB
2, 0 %, 0 %, 0 MiB
3, 0 %, 0 %, 0 MiB
0, 57 %, 25 %, 11107 MiB
1, 0 %, 0 %, 0 MiB
2, 0 %, 0 %, 0 MiB
3, 0 %, 0 %, 0 MiB
0, 70 %, 31 %, 11107 MiB
1, 0 %, 0 %, 0 MiB
2, 0 %, 0 %, 0 MiB
3, 0 %, 0 %, 0 MiB
0, 88 %, 39 %, 11107 MiB
1, 0 %, 0 %, 0 MiB
2, 0 %, 0 %, 0 MiB
3, 0 %, 0 %, 0 MiB
0, 84 %, 38 %, 11107 MiB
1, 0 %, 0 %, 0 MiB
2, 0 %, 0 %, 0 MiB
3, 0 %, 0 %, 0 MiB
0, 74 %, 35 %, 11107 MiB
1, 0 %, 0 %, 0 MiB
2, 0 %, 0 %, 0 MiB
3, 0 %, 0 %, 0 MiB
0, 87 %, 39 %, 11107 MiB
1, 0 %, 0 %, 0 MiB
2, 0 %, 0 %, 0 MiB
3, 0 %, 0 %, 0 MiB
0, 75 %, 35 %, 11107 MiB
1, 0 %, 0 %, 0 MiB
2, 0 %, 0 %, 0 MiB
3, 0 %, 0 %, 0 MiB
0, 86 %, 38 %, 11107 MiB
1, 0 %, 0 %, 0 MiB
2, 0 %, 0 %, 0 MiB
3, 0 %, 0 %, 0 MiB
0, 87 %, 40 %, 11107 MiB
1, 0 %, 0 %, 0 MiB
2, 0 %, 0 %, 0 MiB
3, 0 %, 0 %, 0 MiB
0, 85 %, 39 %, 11107 MiB
1, 0 %, 0 %, 0 MiB
2, 0 %, 0 %, 0 MiB
3, 0 %, 0 %, 0 MiB
0, 100 %, 47 %, 11107 MiB
1, 0 %, 0 %, 0 MiB
2, 0 %, 0 %, 0 MiB
3, 0 %, 0 %, 0 MiB
0, 98 %, 47 %, 11107 MiB
1, 0 %, 0 %, 0 MiB
2, 0 %, 0 %, 0 MiB
3, 0 %, 0 %, 0 MiB
0, 97 %, 44 %, 11107 MiB
1, 0 %, 0 %, 0 MiB
2, 0 %, 0 %, 0 MiB
3, 0 %, 0 %, 0 MiB
0, 100 %, 49 %, 11107 MiB
1, 0 %, 0 %, 0 MiB
2, 0 %, 0 %, 0 MiB
3, 0 %, 0 %, 0 MiB
0, 93 %, 43 %, 11107 MiB
1, 0 %, 0 %, 0 MiB
2, 0 %, 0 %, 0 MiB
3, 0 %, 0 %, 0 MiB
0, 83 %, 36 %, 11107 MiB
1, 0 %, 0 %, 0 MiB
2, 0 %, 0 %, 0 MiB
3, 0 %, 0 %, 0 MiB
0, 78 %, 34 %, 11107 MiB
1, 0 %, 0 %, 0 MiB
2, 0 %, 0 %, 0 MiB
3, 0 %, 0 %, 0 MiB
0, 84 %, 37 %, 11107 MiB
1, 0 %, 0 %, 0 MiB
2, 0 %, 0 %, 0 MiB
3, 0 %, 0 %, 0 MiB
0, 73 %, 32 %, 11107 MiB
1, 0 %, 0 %, 0 MiB
2, 0 %, 0 %, 0 MiB
3, 0 %, 0 %, 0 MiB
0, 61 %, 29 %, 11107 MiB
1, 0 %, 0 %, 0 MiB
2, 0 %, 0 %, 0 MiB
3, 0 %, 0 %, 0 MiB
0, 60 %, 27 %, 11107 MiB
1, 0 %, 0 %, 0 MiB
2, 0 %, 0 %, 0 MiB
3, 0 %, 0 %, 0 MiB
0, 67 %, 32 %, 11107 MiB
1, 0 %, 0 %, 0 MiB
2, 0 %, 0 %, 0 MiB
3, 0 %, 0 %, 0 MiB
0, 55 %, 23 %, 11107 MiB
1, 0 %, 0 %, 0 MiB
2, 0 %, 0 %, 0 MiB
3, 0 %, 0 %, 0 MiB
0, 61 %, 28 %, 11107 MiB
1, 0 %, 0 %, 0 MiB
2, 0 %, 0 %, 0 MiB
3, 0 %, 0 %, 0 MiB
0, 58 %, 30 %, 11107 MiB
1, 0 %, 0 %, 0 MiB
2, 0 %, 0 %, 0 MiB
3, 0 %, 0 %, 0 MiB
0, 59 %, 30 %, 11107 MiB
1, 0 %, 0 %, 0 MiB
2, 0 %, 0 %, 0 MiB
3, 0 %, 0 %, 0 MiB
0, 26 %, 12 %, 11107 MiB
1, 0 %, 0 %, 0 MiB
2, 0 %, 0 %, 0 MiB
3, 0 %, 0 %, 0 MiB
0, 69 %, 31 %, 11107 MiB
1, 0 %, 0 %, 0 MiB
2, 0 %, 0 %, 0 MiB
3, 0 %, 0 %, 0 MiB
0, 72 %, 32 %, 11107 MiB
1, 0 %, 0 %, 0 MiB
2, 0 %, 0 %, 0 MiB
3, 0 %, 0 %, 0 MiB
0, 51 %, 23 %, 11107 MiB
1, 0 %, 0 %, 0 MiB
2, 0 %, 0 %, 0 MiB
3, 0 %, 0 %, 0 MiB
0, 100 %, 48 %, 11107 MiB
1, 0 %, 0 %, 0 MiB
2, 0 %, 0 %, 0 MiB
3, 0 %, 0 %, 0 MiB
0, 69 %, 33 %, 11107 MiB
1, 0 %, 0 %, 0 MiB
2, 0 %, 0 %, 0 MiB
3, 0 %, 0 %, 0 MiB
0, 52 %, 28 %, 11107 MiB
1, 0 %, 0 %, 0 MiB
2, 0 %, 0 %, 0 MiB
3, 0 %, 0 %, 0 MiB
0, 51 %, 21 %, 11107 MiB
1, 0 %, 0 %, 0 MiB
2, 0 %, 0 %, 0 MiB
3, 0 %, 0 %, 0 MiB
0, 81 %, 35 %, 11107 MiB
1, 0 %, 0 %, 0 MiB
2, 0 %, 0 %, 0 MiB
3, 0 %, 0 %, 0 MiB
0, 95 %, 43 %, 11107 MiB
1, 0 %, 0 %, 0 MiB
2, 0 %, 0 %, 0 MiB
3, 0 %, 0 %, 0 MiB
0, 63 %, 30 %, 11107 MiB
1, 0 %, 0 %, 0 MiB
2, 0 %, 0 %, 0 MiB
3, 0 %, 0 %, 0 MiB
0, 50 %, 27 %, 11107 MiB
1, 0 %, 0 %, 0 MiB
2, 0 %, 0 %, 0 MiB
3, 0 %, 0 %, 0 MiB
0, 53 %, 25 %, 11107 MiB
1, 0 %, 0 %, 0 MiB
2, 0 %, 0 %, 0 MiB
3, 0 %, 0 %, 0 MiB
0, 92 %, 43 %, 11107 MiB
1, 0 %, 0 %, 0 MiB
2, 0 %, 0 %, 0 MiB
3, 0 %, 0 %, 0 MiB
0, 52 %, 25 %, 11107 MiB
1, 0 %, 0 %, 0 MiB
2, 0 %, 0 %, 0 MiB
3, 0 %, 0 %, 0 MiB
0, 57 %, 26 %, 11107 MiB
1, 0 %, 0 %, 0 MiB
2, 0 %, 0 %, 0 MiB
3, 0 %, 0 %, 0 MiB
0, 52 %, 24 %, 11107 MiB
1, 0 %, 0 %, 0 MiB
2, 0 %, 0 %, 0 MiB
3, 0 %, 0 %, 0 MiB
0, 71 %, 32 %, 11107 MiB
1, 0 %, 0 %, 0 MiB
2, 0 %, 0 %, 0 MiB
3, 0 %, 0 %, 0 MiB
0, 63 %, 27 %, 11107 MiB
1, 0 %, 0 %, 0 MiB
2, 0 %, 0 %, 0 MiB
3, 0 %, 0 %, 0 MiB
0, 63 %, 30 %, 11107 MiB
1, 0 %, 0 %, 0 MiB
2, 0 %, 0 %, 0 MiB
3, 0 %, 0 %, 0 MiB
0, 63 %, 32 %, 11107 MiB
1, 0 %, 0 %, 0 MiB
2, 0 %, 0 %, 0 MiB
3, 0 %, 0 %, 0 MiB
0, 66 %, 31 %, 11107 MiB
1, 0 %, 0 %, 0 MiB
2, 0 %, 0 %, 0 MiB
3, 0 %, 0 %, 0 MiB
0, 50 %, 25 %, 11107 MiB
1, 0 %, 0 %, 0 MiB
2, 0 %, 0 %, 0 MiB
3, 0 %, 0 %, 0 MiB
0, 68 %, 31 %, 11107 MiB
1, 0 %, 0 %, 0 MiB
2, 0 %, 0 %, 0 MiB
3, 0 %, 0 %, 0 MiB
0, 100 %, 49 %, 11107 MiB
1, 0 %, 0 %, 0 MiB
2, 0 %, 0 %, 0 MiB
3, 0 %, 0 %, 0 MiB
0, 65 %, 31 %, 11107 MiB
1, 0 %, 0 %, 0 MiB
2, 0 %, 0 %, 0 MiB
3, 0 %, 0 %, 0 MiB
0, 51 %, 27 %, 11107 MiB
1, 0 %, 0 %, 0 MiB
2, 0 %, 0 %, 0 MiB
3, 0 %, 0 %, 0 MiB
0, 86 %, 38 %, 11107 MiB
1, 0 %, 0 %, 0 MiB
2, 0 %, 0 %, 0 MiB
3, 0 %, 0 %, 0 MiB
0, 83 %, 38 %, 11107 MiB
1, 0 %, 0 %, 0 MiB
2, 0 %, 0 %, 0 MiB
3, 0 %, 0 %, 0 MiB
0, 49 %, 23 %, 11107 MiB
1, 0 %, 0 %, 0 MiB
2, 0 %, 0 %, 0 MiB
3, 0 %, 0 %, 0 MiB
0, 49 %, 20 %, 11107 MiB
1, 0 %, 0 %, 0 MiB
2, 0 %, 0 %, 0 MiB
3, 0 %, 0 %, 0 MiB
0, 82 %, 36 %, 11107 MiB
1, 0 %, 0 %, 0 MiB
2, 0 %, 0 %, 0 MiB
3, 0 %, 0 %, 0 MiB
0, 64 %, 30 %, 11107 MiB
1, 0 %, 0 %, 0 MiB
2, 0 %, 0 %, 0 MiB
3, 0 %, 0 %, 0 MiB
0, 56 %, 26 %, 11107 MiB
1, 0 %, 0 %, 0 MiB
2, 0 %, 0 %, 0 MiB
3, 0 %, 0 %, 0 MiB
0, 59 %, 27 %, 11107 MiB
1, 0 %, 0 %, 0 MiB
2, 0 %, 0 %, 0 MiB
3, 0 %, 0 %, 0 MiB
0, 62 %, 29 %, 11107 MiB
1, 0 %, 0 %, 0 MiB
2, 0 %, 0 %, 0 MiB
3, 0 %, 0 %, 0 MiB
0, 61 %, 31 %, 11107 MiB
1, 0 %, 0 %, 0 MiB
2, 0 %, 0 %, 0 MiB
3, 0 %, 0 %, 0 MiB
0, 60 %, 32 %, 11107 MiB
1, 0 %, 0 %, 0 MiB
2, 0 %, 0 %, 0 MiB
3, 0 %, 0 %, 0 MiB
0, 61 %, 29 %, 11107 MiB
1, 0 %, 0 %, 0 MiB
2, 0 %, 0 %, 0 MiB
3, 0 %, 0 %, 0 MiB
0, 71 %, 34 %, 11107 MiB
1, 0 %, 0 %, 0 MiB
2, 0 %, 0 %, 0 MiB
3, 0 %, 0 %, 0 MiB
0, 75 %, 35 %, 11107 MiB
1, 0 %, 0 %, 0 MiB
2, 0 %, 0 %, 0 MiB
3, 0 %, 0 %, 0 MiB
0, 91 %, 40 %, 11107 MiB
1, 0 %, 0 %, 0 MiB
2, 0 %, 0 %, 0 MiB
3, 0 %, 0 %, 0 MiB
0, 96 %, 44 %, 11107 MiB
1, 0 %, 0 %, 0 MiB
2, 0 %, 0 %, 0 MiB
3, 0 %, 0 %, 0 MiB
0, 98 %, 45 %, 11107 MiB
1, 0 %, 0 %, 0 MiB
2, 0 %, 0 %, 0 MiB
3, 0 %, 0 %, 0 MiB
0, 98 %, 45 %, 11107 MiB
1, 0 %, 0 %, 0 MiB
2, 0 %, 0 %, 0 MiB
3, 0 %, 0 %, 0 MiB
0, 100 %, 49 %, 11107 MiB
1, 0 %, 0 %, 0 MiB
2, 0 %, 0 %, 0 MiB
3, 0 %, 0 %, 0 MiB
0, 92 %, 42 %, 11107 MiB
1, 0 %, 0 %, 0 MiB
2, 0 %, 0 %, 0 MiB
3, 0 %, 0 %, 0 MiB
0, 76 %, 33 %, 11107 MiB
1, 0 %, 0 %, 0 MiB
2, 0 %, 0 %, 0 MiB
3, 0 %, 0 %, 0 MiB
0, 69 %, 32 %, 11107 MiB
1, 0 %, 0 %, 0 MiB
2, 0 %, 0 %, 0 MiB
3, 0 %, 0 %, 0 MiB
0, 56 %, 25 %, 11107 MiB
1, 0 %, 0 %, 0 MiB
2, 0 %, 0 %, 0 MiB
3, 0 %, 0 %, 0 MiB
0, 50 %, 21 %, 11107 MiB
1, 0 %, 0 %, 0 MiB
2, 0 %, 0 %, 0 MiB
3, 0 %, 0 %, 0 MiB
0, 48 %, 21 %, 11107 MiB
1, 0 %, 0 %, 0 MiB
2, 0 %, 0 %, 0 MiB
3, 0 %, 0 %, 0 MiB
0, 74 %, 34 %, 11107 MiB
1, 0 %, 0 %, 0 MiB
2, 0 %, 0 %, 0 MiB
3, 0 %, 0 %, 0 MiB
0, 93 %, 41 %, 11107 MiB
1, 0 %, 0 %, 0 MiB
2, 0 %, 0 %, 0 MiB
3, 0 %, 0 %, 0 MiB
0, 55 %, 26 %, 11107 MiB
1, 0 %, 0 %, 0 MiB
2, 0 %, 0 %, 0 MiB
3, 0 %, 0 %, 0 MiB
0, 49 %, 23 %, 11107 MiB
1, 0 %, 0 %, 0 MiB
2, 0 %, 0 %, 0 MiB
3, 0 %, 0 %, 0 MiB
0, 73 %, 33 %, 11107 MiB
1, 0 %, 0 %, 0 MiB
2, 0 %, 0 %, 0 MiB
3, 0 %, 0 %, 0 MiB
0, 96 %, 43 %, 11107 MiB
1, 0 %, 0 %, 0 MiB
2, 0 %, 0 %, 0 MiB
3, 0 %, 0 %, 0 MiB
0, 58 %, 26 %, 11107 MiB
1, 0 %, 0 %, 0 MiB
2, 0 %, 0 %, 0 MiB
3, 0 %, 0 %, 0 MiB
0, 49 %, 24 %, 11107 MiB
1, 0 %, 0 %, 0 MiB
2, 0 %, 0 %, 0 MiB
3, 0 %, 0 %, 0 MiB
0, 69 %, 32 %, 11107 MiB
1, 0 %, 0 %, 0 MiB
2, 0 %, 0 %, 0 MiB
3, 0 %, 0 %, 0 MiB
0, 99 %, 45 %, 11107 MiB
1, 0 %, 0 %, 0 MiB
2, 0 %, 0 %, 0 MiB
3, 0 %, 0 %, 0 MiB
0, 59 %, 28 %, 11107 MiB
1, 0 %, 0 %, 0 MiB
2, 0 %, 0 %, 0 MiB
3, 0 %, 0 %, 0 MiB
0, 48 %, 25 %, 11107 MiB
1, 0 %, 0 %, 0 MiB
2, 0 %, 0 %, 0 MiB
3, 0 %, 0 %, 0 MiB
0, 65 %, 30 %, 11107 MiB
1, 0 %, 0 %, 0 MiB
2, 0 %, 0 %, 0 MiB
3, 0 %, 0 %, 0 MiB
0, 78 %, 37 %, 11107 MiB
1, 0 %, 0 %, 0 MiB
2, 0 %, 0 %, 0 MiB
3, 0 %, 0 %, 0 MiB
0, 49 %, 25 %, 11107 MiB
1, 0 %, 0 %, 0 MiB
2, 0 %, 0 %, 0 MiB
3, 0 %, 0 %, 0 MiB
0, 48 %, 21 %, 11107 MiB
1, 0 %, 0 %, 0 MiB
2, 0 %, 0 %, 0 MiB
3, 0 %, 0 %, 0 MiB
0, 86 %, 38 %, 11107 MiB
1, 0 %, 0 %, 0 MiB
2, 0 %, 0 %, 0 MiB
3, 0 %, 0 %, 0 MiB
0, 83 %, 38 %, 11107 MiB
1, 0 %, 0 %, 0 MiB
2, 0 %, 0 %, 0 MiB
3, 0 %, 0 %, 0 MiB
0, 49 %, 22 %, 11107 MiB
1, 0 %, 0 %, 0 MiB
2, 0 %, 0 %, 0 MiB
3, 0 %, 0 %, 0 MiB
0, 49 %, 20 %, 11107 MiB
1, 0 %, 0 %, 0 MiB
2, 0 %, 0 %, 0 MiB
3, 0 %, 0 %, 0 MiB
0, 90 %, 40 %, 11107 MiB
1, 0 %, 0 %, 0 MiB
2, 0 %, 0 %, 0 MiB
3, 0 %, 0 %, 0 MiB
0, 0 %, 0 %, 11107 MiB
1, 0 %, 0 %, 0 MiB
2, 0 %, 0 %, 0 MiB
3, 0 %, 0 %, 0 MiB
0, 0 %, 0 %, 11107 MiB
1, 0 %, 0 %, 0 MiB
2, 0 %, 0 %, 0 MiB
3, 0 %, 0 %, 0 MiB
0, 0 %, 0 %, 11107 MiB
1, 0 %, 0 %, 0 MiB
2, 0 %, 0 %, 0 MiB
3, 0 %, 0 %, 0 MiB
0, 0 %, 0 %, 11107 MiB
1, 0 %, 0 %, 0 MiB
2, 0 %, 0 %, 0 MiB
3, 0 %, 0 %, 0 MiB
0, 0 %, 0 %, 11107 MiB
1, 0 %, 0 %, 0 MiB
2, 0 %, 0 %, 0 MiB
3, 0 %, 0 %, 0 MiB
0, 0 %, 0 %, 11107 MiB
1, 0 %, 0 %, 0 MiB
2, 0 %, 0 %, 0 MiB
3, 0 %, 0 %, 0 MiB
0, 0 %, 0 %, 11107 MiB
1, 0 %, 0 %, 0 MiB
2, 0 %, 0 %, 0 MiB
3, 0 %, 0 %, 0 MiB
0, 0 %, 0 %, 11107 MiB
1, 0 %, 0 %, 0 MiB
2, 0 %, 0 %, 0 MiB
3, 0 %, 0 %, 0 MiB
0, 0 %, 0 %, 11107 MiB
1, 0 %, 0 %, 0 MiB
2, 0 %, 0 %, 0 MiB
3, 0 %, 0 %, 0 MiB
0, 26 %, 7 %, 11107 MiB
1, 0 %, 0 %, 0 MiB
2, 0 %, 0 %, 0 MiB
3, 0 %, 0 %, 0 MiB
0, 0 %, 0 %, 11107 MiB
1, 0 %, 0 %, 0 MiB
2, 0 %, 0 %, 0 MiB
3, 0 %, 0 %, 0 MiB
0, 99 %, 30 %, 11107 MiB
1, 0 %, 0 %, 0 MiB
2, 0 %, 0 %, 0 MiB
3, 0 %, 0 %, 0 MiB
0, 0 %, 0 %, 11107 MiB
1, 0 %, 0 %, 0 MiB
2, 0 %, 0 %, 0 MiB
3, 0 %, 0 %, 0 MiB
0, 100 %, 30 %, 11107 MiB
1, 0 %, 0 %, 0 MiB
2, 0 %, 0 %, 0 MiB
3, 0 %, 0 %, 0 MiB
0, 0 %, 0 %, 11107 MiB
1, 0 %, 0 %, 0 MiB
2, 0 %, 0 %, 0 MiB
3, 0 %, 0 %, 0 MiB
0, 100 %, 45 %, 11107 MiB
1, 0 %, 0 %, 0 MiB
2, 0 %, 0 %, 0 MiB
3, 0 %, 0 %, 0 MiB
0, 0 %, 0 %, 11107 MiB
1, 0 %, 0 %, 0 MiB
2, 0 %, 0 %, 0 MiB
3, 0 %, 0 %, 0 MiB
0, 100 %, 64 %, 11107 MiB
1, 0 %, 0 %, 0 MiB
2, 0 %, 0 %, 0 MiB
3, 0 %, 0 %, 0 MiB
0, 0 %, 0 %, 11107 MiB
1, 0 %, 0 %, 0 MiB
2, 0 %, 0 %, 0 MiB
3, 0 %, 0 %, 0 MiB
0, 19 %, 0 %, 11107 MiB
1, 0 %, 0 %, 0 MiB
2, 0 %, 0 %, 0 MiB
3, 0 %, 0 %, 0 MiB
0, 0 %, 0 %, 11107 MiB
1, 0 %, 0 %, 0 MiB
2, 0 %, 0 %, 0 MiB
3, 0 %, 0 %, 0 MiB
0, 0 %, 0 %, 11107 MiB
1, 0 %, 0 %, 0 MiB
2, 0 %, 0 %, 0 MiB
3, 0 %, 0 %, 0 MiB
0, 0 %, 0 %, 11107 MiB
1, 0 %, 0 %, 0 MiB
2, 0 %, 0 %, 0 MiB
3, 0 %, 0 %, 0 MiB
