procs -----------memory---------- ---swap-- -----io---- -system-- ------cpu-----
 r  b   swpd   free   buff  cache   si   so    bi    bo   in   cs us sy id wa st
 1  0      0 105624416  99572 25112688    0    0     2     3    0    0  0  0 100  0  0
 1  0      0 105450192  99572 25112696    0    0     0   132  944  395  3  0 97  0  0
 2  0      0 105381264  99572 25112700    0    0     0     0  616  466  2  0 98  0  0
 2  0      0 105061232  99572 25112700    0    0     0     0 1289 1811  3  0 96  0  0
 2  0      0 104973784  99572 25112700    0    0     0     4  862  325  3  0 96  0  0
 0  0      0 104820864  99572 25112708    0    0     0   184  948  892  3  0 96  0  0
 2  0      0 104664552  99572 25112740    0    0     0     0 1143  458  3  1 97  0  0
 2  0      0 104314768  99576 25112740    0    0     0   140  946  304  3  1 96  0  0
 1  0      0 103935384  99576 25112740    0    0     0     0 1570  583  2  1 97  0  0
 4  0      0 103295040  99580 25366420    0    0     0     0 13177 20684  5  1 94  0  0
 2  0      0 102764192  99580 25422740    0    0     0     0 2887 1172  3  1 96  0  0
 4  0      0 102746416  99580 25422516    0    0     0     0 1156  971  4  0 95  0  0
 2  0      0 102747856  99584 25422888    0    0     0    68 1292 1230  4  1 95  0  0
 2  0      0 102747312  99584 25422496    0    0     0     0 1322 1050  4  0 96  0  0
 4  0      0 102733712  99584 25437004    0    0     0     0 1219 1006  4  0 95  0  0
 2  0      0 102746608  99584 25422496    0    0     0     0 1249 1086  4  0 95  0  0
 2  0      0 102746128  99584 25422476    0    0     0     0 1100  973  4  0 95  0  0
 3  0      0 102734560  99588 25435076    0    0     0    16 1236 1053  4  1 95  0  0
 2  0      0 102745936  99588 25422472    0    0     0     0 1210 1110  4  0 95  0  0
 4  0      0 102747392  99588 25422492    0    0     0     8 1118  998  4  0 96  0  0
 2  0      0 102746208  99588 25422476    0    0     0     0 1125  927  4  1 95  0  0
procs -----------memory---------- ---swap-- -----io---- -system-- ------cpu-----
 r  b   swpd   free   buff  cache   si   so    bi    bo   in   cs us sy id wa st
 2  0      0 102746688  99588 25422492    0    0     0     0 1148  840  4  0 96  0  0
 2  0      0 102744256  99588 25422476    0    0     0    32 1241 1190  4  0 95  0  0
 2  0      0 102745496  99588 25422524    0    0     0     0 1131  795  4  0 96  0  0
 2  0      0 102744800  99588 25422508    0    0     0     0 1164  922  4  0 95  0  0
 2  0      0 102745104  99588 25422524    0    0     0     0 1148  947  4  0 96  0  0
 2  0      0 102744160  99588 25422520    0    0     0     0 1215  997  4  0 95  0  0
 2  0      0 102743904  99592 25422524    0    0     0   240 1231  851  4  0 96  0  0
 4  0      0 102719232  99592 25448160    0    0     0     0 1073  916  4  1 95  0  0
 2  0      0 102743456  99592 25422520    0    0     0    68 1263  990  4  0 96  0  0
 4  0      0 102743232  99592 25422516    0    0     0     0 1127  842  4  0 95  0  0
 2  0      0 102743264  99592 25422500    0    0     0     0 1232 1004  4  0 95  0  0
 2  0      0 102743280  99592 25422524    0    0     0    56 1112  810  4  1 96  0  0
 2  0      0 102742576  99592 25422504    0    0     0     0 1285  947  4  0 95  0  0
 2  0      0 102742584  99592 25422524    0    0     0     8 1121  903  4  0 96  0  0
 2  0      0 102742128  99592 25422516    0    0     0     0 1171  896  4  1 95  0  0
 2  0      0 102742136  99592 25422516    0    0     0     0 1022  698  4  0 96  0  0
 2  0      0 102743816  99596 25422528    0    0     0    36 1277 1140  4  0 95  0  0
 2  0      0 102744704  99596 25422940    0    0     0     0 1121  814  4  0 96  0  0
 2  0      0 102741872  99596 25422516    0    0     0     0 1156  801  4  0 96  0  0
 2  0      0 102741264  99596 25422936    0    0     0    16 1175 1084  4  0 95  0  0
 4  0      0 102742064  99596 25422524    0    0     0     0 1256  873  4  0 96  0  0
procs -----------memory---------- ---swap-- -----io---- -system-- ------cpu-----
 r  b   swpd   free   buff  cache   si   so    bi    bo   in   cs us sy id wa st
 2  0      0 102741760  99596 25423380    0    0     0    40 1181 1119  4  0 96  0  0
 4  0      0 102742768  99596 25422576    0    0     0     0 1102  801  4  0 96  0  0
 2  0      0 102743808  99596 25422552    0    0     0     0 1126  858  4  0 95  0  0
 2  0      0 102743576  99596 25422576    0    0     0     0 1163  993  4  0 96  0  0
 2  0      0 102742640  99596 25422568    0    0     0     0 1159 1043  4  0 95  0  0
 2  0      0 102743128  99604 25422576    0    0     0    32 1105  796  4  0 96  0  0
 4  0      0 102726344  99604 25439212    0    0     0     0 1168  991  4  0 95  0  0
 2  0      0 102742160  99604 25423008    0    0     0     0 1297 1162  4  0 95  0  0
 4  0      0 102742608  99604 25422716    0    0     0     0 1237  858  4  0 96  0  0
 2  0      0 102742144  99604 25422716    0    0     0     0 1238 1028  4  1 95  0  0
 2  0      0 102742160  99608 25422724    0    0     0    16 1041  757  4  0 96  0  0
 2  0      0 102741456  99608 25422720    0    0     0   120 1385  970  4  0 95  0  0
 2  0      0 102739488  99608 25422772    0    0     0     0 1219  997  4  0 95  0  0
 4  0      0 102722928  99608 25441252    0    0     0     0 1420 1152  5  1 95  0  0
 2  0      0 102740176  99608 25422900    0    0     0     0 1340 1339  4  1 95  0  0
 4  0      0 102704192  99612 25460048    0    0     0    88 1348 1239  5  0 95  0  0
 2  0      0 102740368  99612 25423080    0    0     0     0 1273  886  4  1 96  0  0
 3  0      0 102742472  99612 25422660    0    0     0     0 1258  970  4  0 95  0  0
 2  0      0 102741248  99612 25423536    0    0     0     0 1194 1379  4  1 95  0  0
 2  0      0 102739472  99612 25422868    0    0     0     0 1178  824  4  0 96  0  0
 2  0      0 102738208  99616 25423224    0    0     0    16 1117  960  4  1 95  0  0
procs -----------memory---------- ---swap-- -----io---- -system-- ------cpu-----
 r  b   swpd   free   buff  cache   si   so    bi    bo   in   cs us sy id wa st
 2  0      0 102740552  99616 25422852    0    0     0     0 1160  887  4  1 96  0  0
 4  0      0 102741712  99616 25422780    0    0     0     0 1034  765  4  0 96  0  0
 2  0      0 102739296  99616 25422816    0    0     0    20 1233  935  4  1 95  0  0
 2  0      0 102736552  99616 25422824    0    0     0     0 1076  930  4  0 96  0  0
 2  0      0 102735664  99616 25423396    0    0     0    24 1405  912  4  1 95  0  0
 2  0      0 102736480  99616 25422812    0    0     0     0 1252  871  4  0 96  0  0
 4  0      0 102739000  99616 25423336    0    0     0     0 1178  999  4  0 96  0  0
 2  0      0 102738616  99616 25423208    0    0     0     0 1087  938  4  0 95  0  0
 2  0      0 102736912  99616 25422964    0    0     0     0 1050  716  4  0 96  0  0
 2  0      0 102734288  99620 25423764    0    0     0    40 1189 1082  4  1 95  0  0
 2  0      0 102735856  99620 25423032    0    0     0     4 1256  788  4  0 96  0  0
 2  0      0 102733096  99620 25422900    0    0     0     0 1097  788  4  0 96  0  0
 2  0      0 102732464  99620 25422576    0    0     0     0 1230 1026  4  0 95  0  0
 2  0      0 102733072  99620 25423328    0    0     0     0 1080  698  4  0 96  0  0
 4  0      0 102734136  99620 25422996    0    0     0    16 1215  880  4  0 96  0  0
 2  0      0 102733984  99620 25422904    0    0     0     0 1157 1017  4  1 95  0  0
 4  0      0 102737424  99620 25423292    0    0     0     0 1136  781  4  0 95  0  0
 2  0      0 102740464  99620 25423196    0    0     0     0 1090  988  4  0 96  0  0
 2  0      0 102741840  99620 25423216    0    0     0     0 1199  797  4  0 96  0  0
 2  0      0 102742032  99620 25422652    0    0     0    16 1197  921  4  0 95  0  0
 2  0      0 102735936  99620 25422364    0    0     0     0 1228  887  4  0 96  0  0
procs -----------memory---------- ---swap-- -----io---- -system-- ------cpu-----
 r  b   swpd   free   buff  cache   si   so    bi    bo   in   cs us sy id wa st
 4  0      0 102717984  99620 25441988    0    0     0     0 1190  805  4  1 95  0  0
 2  0      0 102737760  99620 25422364    0    0     0     0 1309  907  4  0 96  0  0
 2  0      0 102736880  99620 25422724    0    0     0   180 1235  996  4  0 96  0  0
 2  0      0 102738528  99624 25423276    0    0     0    16 1281  974  4  0 95  0  0
 2  0      0 102740160  99624 25423216    0    0     0     0 1140  816  4  0 96  0  0
 4  0      0 102738096  99624 25422236    0    0     0     0 1245  910  4  1 95  0  0
 2  0      0 102739232  99624 25422736    0    0     0     0 1271 1370  4  1 95  0  0
 4  0      0 102739256  99624 25422744    0    0     0     0 1174 1159  4  1 95  0  0
 2  0      0 102739792  99624 25422756    0    0     0    64 1156 1143  4  1 95  0  0
 2  0      0 102739568  99624 25422748    0    0     0     0 1235 1026  4  0 96  0  0
 4  0      0 102736552  99624 25426124    0    0     0     0 1139  994  4  0 95  0  0
 2  0      0 102739368  99624 25422748    0    0     0     0 1222 1147  4  0 95  0  0
 2  0      0 102739376  99628 25422732    0    0     0   148 1304 1016  4  0 95  0  0
 2  0      0 102739160  99628 25422748    0    0     0    24 1440 1149  4  0 95  0  0
 2  0      0 102739216  99628 25422756    0    0     0     0 1136 1221  4  0 96  0  0
 4  0      0 102703264  99628 25460520    0    0     0     0 1187 1018  4  0 95  0  0
 2  0      0 102739912  99628 25422432    0    0     0     0 1097  838  4  0 96  0  0
 4  0      0 102737408  99628 25422848    0    0     0     4 1239  983  4  0 95  0  0
 2  0      0 102736800  99628 25422428    0    0     0     0 1194  940  4  0 96  0  0
 4  0      0 102738120  99632 25422816    0    0     0    24 1164  803  4  0 96  0  0
 2  0      0 102740880  99632 25423184    0    0     0     0 1201 1047  4  0 95  0  0
procs -----------memory---------- ---swap-- -----io---- -system-- ------cpu-----
 r  b   swpd   free   buff  cache   si   so    bi    bo   in   cs us sy id wa st
 2  0      0 102741656  99632 25423220    0    0     0     0 1212  863  4  0 96  0  0
 2  0      0 102742120  99632 25422696    0    0     0     0 1180  928  4  0 95  0  0
 2  0      0 102740336  99632 25422268    0    0     0     0 1241 1058  4  0 95  0  0
 4  0      0 102742000  99632 25422596    0    0     0    32 1122  984  4  1 95  0  0
 2  0      0 102738880  99632 25422736    0    0     0     0 1321 1217  4  0 95  0  0
 2  0      0 102745440  99632 25422712    0    0     0     0 1543 1040  4  0 96  0  0
 4  0      0 102740408  99632 25425716    0    0     0     0 1637 1061  4  0 95  0  0
 2  0      0 102741808  99632 25423140    0    0     0     0 1740 1446  4  1 95  0  0
 4  0      0 102740920  99632 25422852    0    0     0    32 1560 1172  4  0 95  0  0
 2  0      0 102740880  99632 25423684    0    0     0     0 1757 1547  4  1 95  0  0
 2  0      0 102735792  99632 25423296    0    0     0     4 1547 1344  4  1 95  0  0
 2  0      0 102735632  99632 25422996    0    0     0     0 1220 1313  5  1 95  0  0
 4  0      0 102734352  99632 25423800    0    0     0   344 1322 1432  4  1 95  0  0
 4  0      0 102722912  99636 25436064    0    0     0    44 1268 1584  5  1 95  0  0
 2  0      0 102737776  99636 25422876    0    0     0     0 1261  811  4  0 96  0  0
 2  0      0 102737384  99636 25423380    0    0     0     0 1166  895  4  0 95  0  0
 3  0      0 102735120  99636 25422500    0    0     0     0 1199  967  4  0 96  0  0
 4  0      0 102717000  99636 25441800    0    0     0    12 1192 1059  4  1 95  0  0
 2  0      0 102738176  99636 25422904    0    0     0    32 1202 1030  4  0 95  0  0
 4  0      0 102735584  99636 25422808    0    0     0     0 1077 1162  4  0 96  0  0
 2  0      0 102734544  99636 25423300    0    0     0     0 1263  992  4  1 95  0  0
procs -----------memory---------- ---swap-- -----io---- -system-- ------cpu-----
 r  b   swpd   free   buff  cache   si   so    bi    bo   in   cs us sy id wa st
 2  0      0 102735792  99636 25423380    0    0     0     0 1165  794  4  0 96  0  0
 2  0      0 102735664  99636 25423380    0    0     0    56 1268 1060  4  0 95  0  0
 2  0      0 102735584  99636 25423372    0    0     0    20 1442  816  4  0 96  0  0
 4  0      0 102700528  99636 25460196    0    0     0     0 1480 1077  4  0 95  0  0
 2  0      0 102736528  99636 25423376    0    0     0     0 1269  988  4  0 96  0  0
 4  0      0 102734712  99636 25423392    0    0     0     0 1234 1001  4  0 95  0  0
 2  0      0 102736848  99636 25422392    0    0     0     8 1269 1308  4  0 95  0  0
 4  0      0 102736528  99636 25423100    0    0     0    40 1296 1112  4  0 95  0  0
 2  0      0 102736576  99636 25422828    0    0     0     4 1257 1358  4  1 95  0  0
 2  0      0 102734064  99636 25423152    0    0     0     0 1258 1099  4  1 95  0  0
 2  0      0 102736856  99636 25422800    0    0     0     0 1258 1130  4  1 95  0  0
 2  0      0 102735904  99636 25423232    0    0     0     0 1280  799  4  1 96  0  0
 3  0      0 102736416  99640 25423228    0    0     0    16 1368  935  4  1 95  0  0
 2  0      0 102735952  99640 25422808    0    0     0     0 1201  902  4  1 96  0  0
 3  0      0 102718320  99640 25441664    0    0     0     0 1259  966  4  1 95  0  0
 2  0      0 102736608  99640 25422800    0    0     0     0 1270  872  4  0 96  0  0
 4  0      0 102725048  99640 25436352    0    0     0     4 1218  959  4  0 95  0  0
 2  0      0 102738336  99640 25422800    0    0     0    16 1350  947  4  1 95  0  0
 2  0      0 102739344  99640 25422812    0    0     0     0 1155  777  4  0 96  0  0
 2  0      0 102739200  99640 25422328    0    0     0     0 1397 1150  4  0 95  0  0
 3  0      0 102739624  99640 25423120    0    0     0     0 1137  785  4  0 96  0  0
procs -----------memory---------- ---swap-- -----io---- -system-- ------cpu-----
 r  b   swpd   free   buff  cache   si   so    bi    bo   in   cs us sy id wa st
 4  0      0 102700016  99640 25459700    0    0     0     0 1166 1025  4  0 95  0  0
 2  0      0 102740072  99644 25423132    0    0     0    32 1245  813  4  0 96  0  0
 2  0      0 102739864  99644 25422328    0    0     0     0 1276 1011  4  1 95  0  0
 2  0      0 102737136  99644 25423128    0    0     0     0 1236 1013  4  0 96  0  0
 3  0      0 102725856  99644 25433568    0    0     0     0 1146  917  4  0 95  0  0
 2  0      0 102737872  99644 25423116    0    0     0     0 1195  795  4  0 96  0  0
 4  0      0 102739136  99648 25422916    0    0     0    32 1168 1046  4  0 95  0  0
 2  0      0 102743024  99648 25422456    0    0     0     0 1351 1175  4  1 95  0  0
 4  0      0 102740008  99648 25422756    0    0     0     0 1026  773  4  0 95  0  0
 2  0      0 102739872  99648 25422316    0    0     0     0 1199  979  4  0 95  0  0
 3  0      0 102740792  99648 25423060    0    0     0     0 1122  889  4  0 96  0  0
 2  0      0 102740816  99652 25422324    0    0     0    84 1324  944  4  1 95  0  0
 2  0      0 102742000  99652 25423064    0    0     0   188 1162  978  4  0 96  0  0
 3  0      0 102742016  99652 25422664    0    0     0     0 1257 1067  4  1 95  0  0
 2  0      0 102742432  99652 25422664    0    0     0     0 1307 1135  4  0 95  0  0
 2  0      0 102739104  99652 25422660    0    0     0     0 1247 1067  4  0 95  0  0
 3  0      0 102721824  99652 25440636    0    0     0    36 1247 1038  4  1 95  0  0
 2  0      0 102739632  99652 25422764    0    0     0     0 1245 1010  4  0 95  0  0
 4  0      0 102740400  99652 25422724    0    0     0     0 1213 1067  4  1 96  0  0
 2  0      0 102740080  99652 25423124    0    0     0     0 1254  892  4  0 95  0  0
 2  0      0 102741344  99652 25422720    0    0     0     0 1038  729  4  0 96  0  0
procs -----------memory---------- ---swap-- -----io---- -system-- ------cpu-----
 r  b   swpd   free   buff  cache   si   so    bi    bo   in   cs us sy id wa st
 2  0      0 102740704  99652 25422652    0    0     0    24 1240 1081  4  0 95  0  0
 2  0      0 102741872  99652 25423028    0    0     0     0 1136  840  4  1 96  0  0
 2  0      0 102741528  99652 25423080    0    0     0     0 1228  980  4  1 95  0  0
 2  0      0 102738528  99652 25422572    0    0     0     0 1109  942  4  0 96  0  0
 3  0      0 102721880  99652 25439052    0    0     0     0 1189  910  4  0 95  0  0
 2  0      0 102738736  99652 25422572    0    0     0    16 1190  870  4  0 96  0  0
 4  0      0 102738256  99652 25422888    0    0     0     0 1233  953  4  0 96  0  0
 2  0      0 102738144  99652 25423320    0    0     0    12 1118  880  4  0 95  0  0
 2  0      0 102740288  99652 25422788    0    0     0     0 1157  711  4  0 96  0  0
 2  0      0 102740208  99652 25421796    0    0     0     0 1196 1144  4  0 95  0  0
 2  0      0 102734520  99656 25423524    0    0     0    32 1220  790  4  0 96  0  0
 4  0      0 102736872  99656 25422792    0    0     0     0 1135  818  4  0 95  0  0
 2  0      0 102736880  99656 25423156    0    0     0     0 1156  928  4  0 96  0  0
 2  0      0 102737080  99656 25422712    0    0     0     0 1237  952  4  1 95  0  0
 2  0      0 102737136  99656 25422696    0    0     0     0 1262  853  4  0 96  0  0
 4  0      0 102729008  99656 25430908    0    0     0    16 1053  786  4  0 95  0  0
 2  0      0 102737936  99656 25422736    0    0     0     0 1239 1239  4  1 95  0  0
 2  0      0 102737248  99656 25423196    0    0     0     0 1135 1126  4  0 95  0  0
 2  0      0 102739512  99656 25423524    0    0     0     0 1171  889  4  0 95  0  0
 2  0      0 102742400  99656 25422000    0    0     0     0 1053  724  4  0 96  0  0
 4  0      0 102739960  99660 25423096    0    0     0    16 1140  924  4  0 96  0  0
procs -----------memory---------- ---swap-- -----io---- -system-- ------cpu-----
 r  b   swpd   free   buff  cache   si   so    bi    bo   in   cs us sy id wa st
 2  0      0 102740312  99664 25421748    0    0     0     8 1241  971  4  1 95  0  0
 2  0      0 102737976  99664 25422984    0    0     0     0 1138  779  4  1 96  0  0
 4  0      0 102727728  99664 25433776    0    0     0     0 1099  995  4  0 95  0  0
 2  0      0 102740168  99664 25422604    0    0     0     0 1235  960  4  0 95  0  0
 4  0      0 102741376  99664 25422952    0    0     0    88 1175  875  4  0 96  0  0
 2  0      0 102743648  99668 25422092    0    0     0     8 1250 1075  4  0 95  0  0
 2  0      0 102744232  99668 25422524    0    0     0     0 1185  753  4  0 96  0  0
 2  0      0 102743848  99668 25422116    0    0     0     0 1265  949  4  0 95  0  0
 2  0      0 102740384  99668 25422868    0    0     0     0 1190 1038  4  0 96  0  0
 2  0      0 102739712  99672 25423044    0    0     0    52 1356  982  4  1 95  0  0
 2  0      0 102740608  99672 25422876    0    0     0     0 1131  807  4  0 96  0  0
 4  0      0 102704576  99672 25459764    0    0     0     0 1229 1038  4  0 95  0  0
 2  0      0 102740976  99672 25422528    0    0     0     0 1248  876  4  0 96  0  0
 4  0      0 102742144  99672 25422484    0    0     0     0 1195  905  4  0 95  0  0
 2  0      0 102739568  99676 25422516    0    0     0    16 1159 1052  4  0 95  0  0
 2  0      0 102739704  99676 25422576    0    0     0     4 1244  748  4  0 96  0  0
 2  0      0 102739528  99676 25422484    0    0     0     0 1230 1013  4  0 95  0  0
 2  0      0 102742376  99676 25421700    0    0     0     0 1193  926  4  0 96  0  0
 5  0      0 102705424  99676 25459628    0    0     0     0 1094  832  4  1 95  0  0
 2  0      0 102742056  99680 25422028    0    0     0    16 1203  861  4  0 96  0  0
 3  0      0 102742976  99680 25422992    0    0     0     0 1186 1059  4  0 95  0  0
procs -----------memory---------- ---swap-- -----io---- -system-- ------cpu-----
 r  b   swpd   free   buff  cache   si   so    bi    bo   in   cs us sy id wa st
 2  0      0 102742800  99680 25422844    0    0     0     0 1314 1163  4  1 95  0  0
 2  0      0 102739536  99680 25422496    0    0     0     0 1140  934  4  1 95  0  0
 4  0      0 102730480  99680 25430160    0    0     0     0 1185 1043  4  0 95  0  0
 2  0      0 102737120  99684 25422484    0    0     0    16 1299 1267  4  0 95  0  0
 2  0      0 102737528  99684 25422492    0    0     0     0 1251  960  4  0 95  0  0
 3  0      0 102737568  99684 25423892    0    0     0     0 1321 1124  4  1 95  0  0
 2  0      0 102738176  99684 25422340    0    0     0     0 1204 1096  4  0 95  0  0
 2  0      0 102739072  99684 25423116    0    0     0     0 1226 1039  4  0 95  0  0
 4  0      0 102701536  99684 25460196    0    0     0    32 1617 1443  5  0 95  0  0
 2  0      0 102738432  99684 25422476    0    0     0     0 1171  867  4  0 96  0  0
 2  0      0 102739024  99684 25422808    0    0     0     0 1191  790  4  0 96  0  0
 2  0      0 102735648  99684 25422568    0    0     0     0 1311 1246  4  0 95  0  0
 4  0      0 102737280  99684 25422228    0    0     0     0 1177  845  4  0 96  0  0
 4  0      0 102697800  99684 25459824    0    0     0    32 1101  949  4  0 95  0  0
 2  0      0 102735760  99684 25422204    0    0     0    20 1147  845  4  0 96  0  0
 2  0      0 102699632  99684 25459860    0    0     0     0 1143  864  4  0 95  0  0
 2  0      0 102739456  99684 25422640    0    0     0     0 1298 1112  4  0 96  0  0
 4  0      0 102739536  99684 25422992    0    0     0   204 1195 1012  4  0 95  0  0
 2  0      0 102739304  99684 25422228    0    0     0   116 1235  927  4  0 95  0  0
 2  0      0 102739896  99684 25422696    0    0     0     0 1172  996  4  0 96  0  0
 3  0      0 102721936  99684 25441012    0    0     0     0 1201  968  4  1 95  0  0
procs -----------memory---------- ---swap-- -----io---- -system-- ------cpu-----
 r  b   swpd   free   buff  cache   si   so    bi    bo   in   cs us sy id wa st
 2  0      0 102740584  99684 25422712    0    0     0     0 1114  835  4  0 96  0  0
 4  0      0 102737848  99684 25422212    0    0     0     0 1160 1782  4  0 96  0  0
 2  0      0 102737440  99688 25422700    0    0     0    32 1277 1058  4  1 95  0  0
 2  0      0 102738128  99688 25422688    0    0     0     0 1219  811  4  0 96  0  0
 2  0      0 102737904  99688 25423160    0    0     0     0 1195 1046  4  0 95  0  0
 2  0      0 102738992  99688 25422208    0    0     0     0 1114  761  4  0 96  0  0
 4  0      0 102731848  99688 25432232    0    0     0     0 1231  915  4  0 95  0  0
 2  0      0 102739680  99692 25422248    0    0     0    16 1333 1176  4  0 95  0  0
 2  0      0 102741024  99692 25422744    0    0     0     0 1179  980  4  1 95  0  0
 3  0      0 102723040  99692 25440544    0    0     0     8 1241 1056  4  0 95  0  0
 2  0      0 102739568  99692 25423496    0    0     0     0 1213 1214  4  0 95  0  0
 3  0      0 102741312  99692 25422688    0    0     0     0 1201  989  4  0 95  0  0
 2  0      0 102740688  99692 25423540    0    0     0    40 1180 1143  4  1 95  0  0
 2  0      0 102742336  99692 25422456    0    0     0     0 1187  951  4  0 96  0  0
 4  0      0 102738496  99692 25428296    0    0     0     0 1137  853  4  0 95  0  0
 2  0      0 102743120  99692 25422496    0    0     0     0 1185  981  4  0 95  0  0
 4  0      0 102740584  99692 25422508    0    0     0     0 1098 1032  4  0 95  0  0
 2  0      0 102739712  99692 25422668    0    0     0    36 1343 1377  5  1 95  0  0
 3  0      0 102741272  99692 25422564    0    0     0     0 1210 1266  4  0 95  0  0
 2  0      0 102740704  99692 25423504    0    0     0     0 1294 1291  5  1 95  0  0
 2  0      0 102737904  99692 25422632    0    0     0     0 1189 1081  4  1 95  0  0
procs -----------memory---------- ---swap-- -----io---- -system-- ------cpu-----
 r  b   swpd   free   buff  cache   si   so    bi    bo   in   cs us sy id wa st
 3  0      0 102719872  99692 25441872    0    0     0     4 1333 1371  5  1 95  0  0
 2  0      0 102737760  99692 25422656    0    0     0    32 1174 1017  4  0 96  0  0
 2  0      0 102737296  99692 25423068    0    0     0     0 1223  916  4  0 95  0  0
 2  0      0 102737560  99692 25422656    0    0     0    12 1082  729  4  0 96  0  0
 4  0      0 102735808  99692 25422272    0    0     0     0 1300 1157  4  1 95  0  0
 2  0      0 102737728  99692 25422876    0    0     0     0 1280 1068  4  1 95  0  0
 2  0      0 102739296  99696 25422648    0    0     0    40 1275  761  4  0 96  0  0
 2  0      0 102738176  99696 25423020    0    0     0     0 1170 1031  4  0 95  0  0
 4  0      0 102740232  99696 25422304    0    0     0     0 1205  783  4  0 96  0  0
 2  0      0 102738864  99696 25423056    0    0     0   112 1259 1195  4  0 95  0  0
 2  0      0 102740488  99696 25422768    0    0     0    12 1249  817  4  0 96  0  0
 2  0      0 102739528  99700 25422648    0    0     0   104 1128  930  4  0 95  0  0
 2  0      0 102737304  99700 25422704    0    0     0     0 1153  960  4  0 96  0  0
 2  0      0 102736152  99700 25423544    0    0     0     0 1350 1057  4  1 95  0  0
 2  0      0 102742632  99700 25422516    0    0     0     0 1244  787  4  0 96  0  0
 4  0      0 102731568  99700 25431428    0    0     0     0 1062  943  4  0 95  0  0
 2  0      0 102742624  99700 25422564    0    0     0    32 1201  946  4  0 96  0  0
 4  0      0 102740672  99700 25422200    0    0     0     0 1173  910  4  0 96  0  0
 2  0      0 102744176  99700 25422076    0    0     0     0 1224 1851  4  1 95  0  0
 2  0      0 102741464  99700 25422492    0    0     0     0 1113  985  4  1 95  0  0
 4  0      0 102741280  99700 25423936    0    0     0     0 1183  965  4  0 95  0  0
procs -----------memory---------- ---swap-- -----io---- -system-- ------cpu-----
 r  b   swpd   free   buff  cache   si   so    bi    bo   in   cs us sy id wa st
 2  0      0 102744816  99704 25422916    0    0     0    16 1196 1305  4  0 95  0  0
 2  0      0 102742736  99704 25422664    0    0     0     0 1151  747  4  0 96  0  0
 2  0      0 102741856  99704 25422568    0    0     0     0 1111  891  4  0 95  0  0
 2  0      0 102744992  99704 25422248    0    0     0     8 1234 1180  4  0 95  0  0
 4  0      0 102733240  99704 25432292    0    0     0     0 1155 1080  4  1 95  0  0
 2  0      0 102742032  99704 25422604    0    0     0    16 1324 1203  4  1 95  0  0
 2  0      0 102743656  99704 25422052    0    0     0     0 1109 1138  4  0 95  0  0
 2  0      0 102742904  99704 25423012    0    0     0     0 1306 1106  4  1 95  0  0
 2  0      0 102741904  99704 25422272    0    0     0     0 1200  904  4  0 96  0  0
 4  0      0 102738840  99704 25423220    0    0     0     0 1081  925  4  0 96  0  0
 2  0      0 102739400  99708 25422220    0    0     0    32 1201  977  4  1 95  0  0
 2  0      0 102737024  99708 25422640    0    0     0     0 1040  787  4  0 96  0  0
 2  0      0 102740272  99708 25422920    0    0     0     0 1338 1517  4  0 95  0  0
 2  0      0 102742304  99708 25423008    0    0     0    12 1002  771  4  0 96  0  0
 4  0      0 102740480  99708 25422472    0    0     0     0 1129  792  4  0 95  0  0
 2  0      0 102740224  99708 25422576    0    0     0    28 1162 1086  4  0 96  0  0
 2  0      0 102741840  99708 25422632    0    0     0     0 1185  905  4  1 96  0  0
 3  0      0 102633048  99708 25422212    0    0     0     0 1089  808  4  1 96  0  0
 2  0      0 102632448  99708 25422656    0    0     0     0 1222 1037  4  1 95  0  0
 2  0      0 102634512  99708 25422604    0    0     0     0 1017  745  4  0 96  0  0
 2  0      0 102632624  99708 25423620    0    0     0    16 1274 1076  4  0 95  0  0
procs -----------memory---------- ---swap-- -----io---- -system-- ------cpu-----
 r  b   swpd   free   buff  cache   si   so    bi    bo   in   cs us sy id wa st
 2  0      0 102631712  99708 25422528    0    0     0     0 1018  893  4  0 96  0  0
 4  0      0 102633040  99708 25422492    0    0     0     0 1090  801  4  0 96  0  0
 2  0      0 102633040  99708 25422512    0    0     0     0 1144  933  4  0 96  0  0
 2  0      0 102634400  99708 25422696    0    0     0   100 1233 1049  4  0 96  0  0
 2  0      0 102634608  99708 25422988    0    0     0    88 1192 1002  4  0 95  0  0
 2  0      0 102631728  99708 25422912    0    0     0     0 1116  785  4  0 96  0  0
 3  0      0 102593408  99708 25459868    0    0     0     0 1104 1059  4  0 95  0  0
 2  0      0 102630440  99708 25422600    0    0     0     0 1277  980  4  0 96  0  0
 2  0      0 102632048  99708 25422704    0    0     0     0 1037  761  4  0 96  0  0
 2  0      0 102631792  99708 25422668    0    0     0    32 1275 1108  4  0 95  0  0
 2  0      0 102632640  99708 25422880    0    0     0     0 1051  739  4  0 96  0  0
 4  0      0 102634624  99708 25422936    0    0     0     0 1292  923  4  0 96  0  0
 2  0      0 102634944  99708 25422088    0    0     0     4 1064 1013  4  1 95  0  0
 4  0      0 102616672  99708 25434644    0    0     0     0 1128  827  4  0 95  0  0
 2  0      0 102628616  99712 25422548    0    0     0    16 1137 1109  4  1 95  0  0
 4  0      0 102631088  99712 25422224    0    0     0     0 1200  867  4  0 96  0  0
 2  0      0 102632448  99712 25422656    0    0     0     0 1167  931  4  0 95  0  0
 2  0      0 102630032  99712 25421808    0    0     0     0 1131  894  4  0 96  0  0
 2  0      0 102629944  99712 25422636    0    0     0     0 1181  882  4  0 95  0  0
 2  0      0 102632368  99716 25421916    0    0     0    16 1248  863  4  0 96  0  0
 3  0      0 102630592  99716 25424700    0    0     0     0 1193 1157  4  0 95  0  0
procs -----------memory---------- ---swap-- -----io---- -system-- ------cpu-----
 r  b   swpd   free   buff  cache   si   so    bi    bo   in   cs us sy id wa st
 2  0      0 102632768  99716 25422716    0    0     0     0 1262 1077  4  0 95  0  0
 2  0      0 102634424  99716 25422756    0    0     0     0 1042  965  4  1 95  0  0
 3  0      0 102612312  99716 25441580    0    0     0     0 1313 1403  4  0 95  0  0
 2  0      0 102636048  99716 25423116    0    0     0    16 1187 1014  4  0 95  0  0
 4  0      0 102637664  99716 25422304    0    0     0     0 1209 1007  4  0 95  0  0
 2  0      0 102633104  99716 25423636    0    0     0     0 1196 1284  4  0 95  0  0
 2  0      0 102635432  99716 25422112    0    0     0     0 1291  863  4  0 96  0  0
 2  0      0 102635472  99716 25423348    0    0     0    16 1221  942  4  0 95  0  0
 2  0      0 102629648  99716 25422876    0    0     0    48 1252  979  4  0 96  0  0
 3  0      0 102611392  99716 25442192    0    0     0     0 1139  985  4  0 95  0  0
 2  0      0 102631504  99716 25422908    0    0     0     0 1225  877  4  0 96  0  0
 4  0      0 102627560  99716 25428552    0    0     0     0 1060  936  4  0 95  0  0
 2  0      0 102632848  99716 25423324    0    0     0     0 1153  912  4  1 96  0  0
 5  0      0 102635184  99720 25422036    0    0     0    32 1090  834  4  1 96  0  0
 2  0      0 102633728  99720 25423816    0    0     0     0 1316 1232  4  1 95  0  0
 2  0      0 102629088  99720 25422104    0    0     0     0 1072  788  4  0 96  0  0
 2  0      0 102632592  99720 25422720    0    0     0   104 1247  942  4  0 95  0  0
 2  0      0 102630032  99720 25422800    0    0     0     0 1022  945  4  0 96  0  0
 2  0      0 102631648  99720 25423592    0    0     0    76 1336 1027  4  0 95  0  0
 2  0      0 102633376  99720 25422172    0    0     0     0 1161  773  4  0 96  0  0
 4  0      0 102630928  99720 25427500    0    0     0     0 1112  925  4  0 95  0  0
procs -----------memory---------- ---swap-- -----io---- -system-- ------cpu-----
 r  b   swpd   free   buff  cache   si   so    bi    bo   in   cs us sy id wa st
 2  0      0 102635480  99720 25422760    0    0     0     0 1038  841  4  0 95  0  0
 2  0      0 102633712  99720 25422724    0    0     0     0 1164  822  4  1 96  0  0
 2  0      0 102635712  99720 25422572    0    0     0    32 1195 1110  4  1 95  0  0
 2  0      0 102630960  99720 25422804    0    0     0     0 1162  743  4  0 96  0  0
 4  0      0 102631792  99720 25423108    0    0     0     0 1045  768  4  0 95  0  0
 2  0      0 102635280  99720 25422916    0    0     0     0 1322 1084  4  1 95  0  0
 4  0      0 102620472  99720 25435360    0    0     0     4 1043  819  4  0 95  0  0
 2  0      0 102632112  99720 25422856    0    0     0    32 1204 1138  4  0 96  0  0
 4  0      0 102632544  99720 25422792    0    0     0     0 1041  842  4  0 96  0  0
 2  0      0 102631824  99720 25422888    0    0     0     0 1284 1016  4  1 95  0  0
 2  0      0 102633232  99720 25422808    0    0     0     0 1073  958  4  0 96  0  0
 2  0      0 102632688  99720 25423260    0    0     0     0 1261 1081  4  0 95  0  0
 2  0      0 102633888  99720 25422784    0    0     0    28 1096  817  4  0 96  0  0
 3  0      0 102630624  99720 25424132    0    0     0     0 1280 1109  4  0 95  0  0
 2  0      0 102634032  99720 25422768    0    0     0     0 1139  922  4  0 96  0  0
 4  0      0 102630752  99720 25422732    0    0     0     0 1169  740  4  0 96  0  0
 2  0      0 102630816  99720 25422776    0    0     0     8 1248  998  4  0 95  0  0
 2  0      0 102631504  99720 25422804    0    0     0    36 1266  829  4  0 96  0  0
 2  0      0 102630720  99720 25423356    0    0     0     0 1134  913  4  0 95  0  0
 2  0      0 102629504  99720 25423020    0    0     0     0 1217  927  4  0 96  0  0
 4  0      0 102613760  99720 25439728    0    0     0     0 1081  778  4  0 95  0  0
procs -----------memory---------- ---swap-- -----io---- -system-- ------cpu-----
 r  b   swpd   free   buff  cache   si   so    bi    bo   in   cs us sy id wa st
 2  0      0 102631104  99720 25422576    0    0     0     8 1230 1023  4  0 96  0  0
 4  0      0 102628624  99720 25423112    0    0     0    28 1110 1024  4  0 96  0  0
 2  0      0 102627808  99720 25422508    0    0     0     0 1284 1140  4  1 95  0  0
 2  0      0 102629472  99720 25423136    0    0     0     0 1096  938  4  0 95  0  0
 4  0      0 102627504  99720 25422484    0    0     0     0 1242 1042  4  0 95  0  0
 2  0      0 102633320  99720 25423128    0    0     0     0 1274 1379  4  1 95  0  0
 4  0      0 102631680  99720 25422256    0    0     0    32 1209 1307  4  1 95  0  0
 2  0      0 102629472  99720 25423572    0    0     0     0 1199 1217  5  1 95  0  0
 2  0      0 102629904  99720 25422660    0    0     0    96 1342 1246  4  0 95  0  0
 4  0      0 102603280  99720 25451656    0    0     0     0 1166 1306  5  1 95  0  0
 2  0      0 102627776  99720 25422364    0    0     0     0 1231 1030  4  1 95  0  0
 4  0      0 102596176  99724 25455604    0    0     0    64 1328 1081  5  0 95  0  0
 2  0      0 102631600  99724 25422832    0    0     0     0 1426 1336  4  0 95  0  0
 4  0      0 102630000  99724 25423272    0    0     0     0 1316 1011  4  0 95  0  0
 2  0      0 102630144  99724 25422588    0    0     0     0 1264 1149  4  1 95  0  0
 2  0      0 102623664  99724 25423716    0    0     0     0 1052  952  4  0 95  0  0
 2  0      0 102626504  99724 25422984    0    0     0    16 1248 1186  4  0 95  0  0
 2  0      0 102627808  99724 25422892    0    0     0     0 1031  777  4  0 96  0  0
 2  0      0 102632216  99724 25422704    0    0     0     0 1368  955  4  0 96  0  0
 2  0      0 102636672  99724 25422632    0    0     0     0 1277 1300  4  1 95  0  0
 2  0      0 102633424  99724 25422700    0    0     0     0 1365 1076  4  0 95  0  0
procs -----------memory---------- ---swap-- -----io---- -system-- ------cpu-----
 r  b   swpd   free   buff  cache   si   so    bi    bo   in   cs us sy id wa st
 4  0      0 102631208  99728 25422636    0    0     0    48 1099 1008  4  0 95  0  0
 2  0      0 102630768  99728 25422736    0    0     0     0 1257 1101  4  1 95  0  0
 4  0      0 102630960  99728 25422648    0    0     0     0 1075  951  4  1 95  0  0
 4  0      0 102612744  99728 25441700    0    0     0     4 1252 1117  4  0 95  0  0
 2  0      0 102630416  99728 25422396    0    0     0     0 1102  985  4  0 95  0  0
 4  0      0 102623904  99728 25429520    0    0     0    48 1217  969  4  0 95  0  0
 2  0      0 102629248  99728 25422804    0    0     0     0 1132 1105  4  0 95  0  0
 2  0      0 102628992  99728 25422900    0    0     0     0 1279 1020  4  0 96  0  0
 2  0      0 102629728  99728 25423384    0    0     0     0 1136 1096  4  0 95  0  0
 2  0      0 102632208  99728 25422468    0    0     0     0 1121  884  4  0 96  0  0
 4  0      0 102617016  99728 25438660    0    0     0    48 1100  810  4  0 95  0  0
 2  0      0 102632400  99728 25422664    0    0     0     0 1242  994  4  1 96  0  0
 4  0      0 102632344  99728 25422196    0    0     0     0  994  932  4  1 96  0  0
 2  0      0 102632344  99728 25422680    0    0     0     0 1154  843  4  0 95  0  0
 2  0      0 102629160  99728 25422560    0    0     0     0  979  705  4  0 96  0  0
 2  0      0 102628960  99728 25423024    0    0     0    32 1302 1210  4  1 95  0  0
 2  0      0 102629808  99728 25422264    0    0     0     0 1084  735  4  0 96  0  0
 2  0      0 102628960  99728 25423484    0    0     0     0 1182  891  4  0 95  0  0
 2  0      0 102630240  99728 25422280    0    0     0     0 1038  915  4  0 96  0  0
 4  0      0 102590720  99732 25459864    0    0     0   224 1268  939  4  1 95  0  0
 2  0      0 102626832  99732 25422296    0    0     0     8 1109  877  4  0 96  0  0
procs -----------memory---------- ---swap-- -----io---- -system-- ------cpu-----
 r  b   swpd   free   buff  cache   si   so    bi    bo   in   cs us sy id wa st
 4  0      0 102626480  99732 25423092    0    0     0     0 1128  947  4  0 95  0  0
 2  0      0 102627776  99732 25422312    0    0     0     0 1097  887  4  1 95  0  0
 4  0      0 102627424  99732 25423152    0    0     0     0 1218  884  4  0 96  0  0
 2  0      0 102630824  99732 25423136    0    0     0     0 1133 1207  4  1 95  0  0
 2  0      0 102631848  99736 25422336    0    0     0   100 1229 1044  4  0 95  0  0
 2  0      0 102627192  99736 25423644    0    0     0     0 1251 1386  5  1 95  0  0
 2  0      0 102628128  99736 25422928    0    0     0    84 1362 1183  4  1 95  0  0
 3  0      0 102592368  99736 25459720    0    0     0     0 1138 1347  5  1 95  0  0
 2  0      0 102627688  99736 25423356    0    0     0     0 1282 1165  4  1 95  0  0
 3  0      0 102617208  99740 25433424    0    0     0    52 1233 1073  4  1 95  0  0
 2  0      0 102628616  99740 25422940    0    0     0     4 1266  885  4  0 96  0  0
 2  0      0 102625408  99740 25422916    0    0     0     4 1025  729  4  1 96  0  0
 2  0      0 102625216  99740 25422948    0    0     0     0 1200 1036  4  1 95  0  0
 4  0      0 102625856  99740 25422852    0    0     0     0 1065  759  4  0 96  0  0
 2  0      0 102625688  99740 25423388    0    0     0    24 1323 1191  4  0 95  0  0
 2  0      0 102627104  99740 25422920    0    0     0     0 1058  927  4  0 95  0  0
 3  0      0 102608720  99740 25442016    0    0     0     0 1126 1162  4  0 95  0  0
 2  0      0 102628712  99740 25422632    0    0     0     0 1195  988  4  0 95  0  0
 4  0      0 102626288  99740 25423252    0    0     0     0 1158  925  4  0 96  0  0
 2  0      0 102629728  99740 25423560    0    0     0    32 1243  949  4  0 95  0  0
 2  0      0 102623584  99740 25423208    0    0     0    12 1065 1025  4  0 96  0  0
procs -----------memory---------- ---swap-- -----io---- -system-- ------cpu-----
 r  b   swpd   free   buff  cache   si   so    bi    bo   in   cs us sy id wa st
 2  0      0 102623328  99740 25423572    0    0     0     0 1196  927  4  0 95  0  0
 2  0      0 102625880  99740 25423112    0    0     0     0 1213 1044  4  0 95  0  0
 4  0      0 102627712  99740 25423088    0    0     0     0 1171  969  4  0 95  0  0
 2  0      0 102627248  99748 25423540    0    0     0    28 1191 1117  4  1 95  0  0
 2  0      0 102628792  99748 25423088    0    0     0     0 1191  952  4  0 95  0  0
 4  0      0 102612856  99748 25437116    0    0     0     0 1477 1141  4  1 95  0  0
 2  0      0 102626736  99748 25423508    0    0     0     0 1451 1216  4  0 95  0  0
 2  0      0 102625296  99748 25422636    0    0     0     0 1094  936  4  1 95  0  0
 2  0      0 102628384  99748 25423536    0    0     0    28 1313 1204  4  0 95  0  0
 2  0      0 102627056  99748 25422748    0    0     0     0 1229 1009  4  0 96  0  0
 4  0      0 102628872  99748 25423112    0    0     0     0 1196 1039  4  0 95  0  0
 2  0      0 102627360  99748 25423236    0    0     0     0 1143 1193  4  0 95  0  0
 2  0      0 102627456  99748 25423268    0    0     0     0 1167  711  4  0 96  0  0
 2  0      0 102627312  99752 25423748    0    0     0    32 1322  970  4  1 95  0  0
 2  0      0 102625096  99752 25424136    0    0     0     0 1251 1056  4  1 95  0  0
 4  0      0 102590832  99752 25459264    0    0     0     0 1212 1136  5  0 95  0  0
 2  0      0 102627216  99752 25422916    0    0     0     0 1290 1359  4  1 95  0  0
 4  0      0 102617736  99752 25429124    0    0     0   204 1294 1198  5  0 95  0  0
 2  0      0 102624080  99760 25422944    0    0     0    24 1373 1368  4  1 95  0  0
 4  0      0 102624256  99760 25422880    0    0     0    56 1265 1105  4  0 95  0  0
 2  0      0 102625832  99760 25423380    0    0     0     0 1365 1285  4  1 95  0  0
procs -----------memory---------- ---swap-- -----io---- -system-- ------cpu-----
 r  b   swpd   free   buff  cache   si   so    bi    bo   in   cs us sy id wa st
 4  0      0 102628472  99760 25423360    0    0     0     8 1285 1238  4  0 95  0  0
 2  0      0 102628800  99760 25423808    0    0     0     0 1298 1276  4  1 95  0  0
 4  0      0 102625048  99764 25423292    0    0     0    28 1147 1039  4  1 95  0  0
 2  0      0 102626640  99764 25423444    0    0     0     4 1274 1333  5  1 95  0  0
 2  0      0 102626624  99764 25422916    0    0     0     0 1260 1236  4  1 95  0  0
 2  0      0 102626656  99764 25422952    0    0     0     0 1216 1081  4  0 95  0  0
 2  0      0 102627552  99764 25423492    0    0     0     0 1043  794  4  0 96  0  0
 4  0      0 102629360  99764 25422744    0    0     0    32 1174  864  4  0 95  0  0
 2  0      0 102625888  99764 25422800    0    0     0     0 1295 1264  5  1 95  0  0
 4  0      0 102626968  99764 25423552    0    0     0     8 1166 1069  5  1 95  0  0
 2  0      0 102630784  99764 25423364    0    0     0     0 1177 1267  4  1 95  0  0
 4  0      0 102627152  99764 25422984    0    0     0     0 1133  958  4  0 95  0  0
 2  0      0 102628896  99764 25422908    0    0     0    28 1231 1227  4  0 95  0  0
 2  0      0 102630120  99764 25423000    0    0     0     0 1135  890  4  0 95  0  0
 4  0      0 102594000  99764 25460228    0    0     0     8 1152 1250  5  1 95  0  0
 2  0      0 102630048  99764 25423028    0    0     0     4 1247 1021  4  1 95  0  0
 3  0      0 102630224  99764 25423424    0    0     0     0 1228 1313  4  0 95  0  0
 2  0      0 102631744  99764 25422936    0    0     0    28 1207 1058  4  0 95  0  0
 4  0      0 102630080  99764 25422160    0    0     0     0 1038  767  4  0 96  0  0
 2  0      0 102631424  99764 25423816    0    0     0     0 1217 1040  4  0 95  0  0
 2  0      0 102628768  99764 25423252    0    0     0     0 1220 1100  4  0 95  0  0
procs -----------memory---------- ---swap-- -----io---- -system-- ------cpu-----
 r  b   swpd   free   buff  cache   si   so    bi    bo   in   cs us sy id wa st
 4  0      0 102598920  99764 25454776    0    0     0     0 1522 1136  4  1 95  0  0
 2  0      0 102629640  99764 25423132    0    0     0    40 1334 1171  4  0 95  0  0
 4  0      0 102631568  99764 25422564    0    0     0     0 1309  951  4  0 95  0  0
 2  0      0 102628080  99764 25422936    0    0     0     0 1326 1238  4  1 95  0  0
 2  0      0 102585040  99764 25455704    0    0     0     0  972  462  3  0 96  0  0
 2  0      0 102245632  99764 25455704    0    0     0     4  986  583  3  1 97  0  0
 2  0      0 101287336  99768 25455700    0    0     0    52  878  287  3  1 96  0  0
 4  0      0 99247056  99768 27684644    0    0     0     0 1987  689  2  3 95  0  0
 2  0      0 99136272  99768 27557768    0    0     0     0 1634  467  5  2 93  0  0
 6  0      0 98070192  99768 28735408    0    0     0     0 1961  596  3  2 94  0  0
 4  0      0 99239280  99768 27557784    0    0     0     0 2020  453  7  1 92  0  0
 4  0      0 98010368  99768 28341396    0    0     0   236 1741  561  5  2 93  0  0
 4  0      0 99153920  99768 27557832    0    0     0    80 2605  583  7  2 91  0  0
 4  0      0 98660784  99768 27750476    0    0     0     0 1511  414  6  1 93  0  0
 5  0      0 98622304  99768 28091780    0    0     0     0 2237  522  6  2 92  0  0
 4  0      0 98988256  99768 27558028    0    0     0     8 1631  582  7  1 92  0  0
 5  0      0 98564528  99768 28146668    0    0     0    20 2301  557  5  3 92  0  0
 4  0      0 99039256  99768 27558076    0    0     0     0 1484  383  7  1 92  0  0
 5  0      0 97941424  99768 28587968    0    0     0     4 1708  434  5  3 92  0  0
 4  0      0 99135136  99768 27558096    0    0     0     0 2208  649  7  1 92  0  0
 5  0      0 98079120  99768 28450364    0    0     0     0 1936  619  5  2 92  0  0
procs -----------memory---------- ---swap-- -----io---- -system-- ------cpu-----
 r  b   swpd   free   buff  cache   si   so    bi    bo   in   cs us sy id wa st
 4  0      0 99153680  99768 27558136    0    0     0    28 1887  469  7  1 92  0  0
 4  0      0 98146032  99768 28203716    0    0     0     0 1430  439  6  2 93  0  0
 4  0      0 99157136  99768 27558048    0    0     0    16 2490  752  7  2 91  0  0
 4  0      0 98369936  99768 28003252    0    0     0     0 1466  405  6  1 93  0  0
 4  0      0 99155328  99768 27558200    0    0     0     4 2231  598  6  2 91  0  0
 4  0      0 98531784  99776 27854680    0    0     0    48 1419  381  6  1 93  0  0
 2  0      0 99153800  99776 27558064    0    0     0     0 1398  648  4  2 94  0  0
 2  0      0 99153800  99776 27558064    0    0     0     0  832  219  4  0 96  0  0
 2  0      0 99153800  99776 27558064    0    0     0     0  800  345  3  1 96  0  0
 2  0      0 99153800  99776 27558064    0    0     0     0  822  261  3  0 96  0  0
 3  0      0 100501472  99784 27557856    0    0     0    12 2252 1501  3  1 96  0  0
 5  0      0 100486904  99784 27557912    0    0     0     0 1304  954  4  0 96  0  0
 2  0      0 100487088  99784 27557132    0    0     0     0 1148  828  4  0 95  0  0
 2  0      0 100487992  99784 27557672    0    0     0     0 1065  726  4  0 96  0  0
 3  0      0 100453368  99784 27595196    0    0     0     4 1230 1132  4  0 95  0  0
 2  0      0 100487256  99784 27557624    0    0     0    72 1282  857  4  0 96  0  0
 2  0      0 100489168  99784 27557580    0    0     0     0 1225  753  4  1 96  0  0
 2  0      0 100491616  99784 27557660    0    0     0     0 1183 1034  4  0 95  0  0
 2  0      0 100489432  99784 27557612    0    0     0     0 1166  901  4  0 96  0  0
 4  0      0 100490032  99784 27557548    0    0     0     0 1151  824  4  0 96  0  0
 2  0      0 100488112  99784 27557660    0    0     0    32 1165 1018  4  0 95  0  0
procs -----------memory---------- ---swap-- -----io---- -system-- ------cpu-----
 r  b   swpd   free   buff  cache   si   so    bi    bo   in   cs us sy id wa st
 4  0      0 100484736  99784 27563872    0    0     0     0 1225  744  4  0 95  0  0
 2  0      0 100490392  99784 27557724    0    0     0     0 1257 1788  4  0 96  0  0
 4  0      0 100490984  99784 27557708    0    0     0     0 1133  764  4  0 96  0  0
 2  0      0 100487080  99784 27557856    0    0     0     0 1263 1086  4  1 95  0  0
 2  0      0 100488592  99784 27557676    0    0     0    16 1287  984  4  0 95  0  0
 4  0      0 100485848  99784 27557740    0    0     0    84 1342 1196  5  1 95  0  0
 2  0      0 100485456  99784 27557772    0    0     0     0 1325 1360  4  1 95  0  0
 4  0      0 100487304  99784 27557804    0    0     0     0 1175 1115  4  0 95  0  0
 2  0      0 100487920  99784 27558200    0    0     0   232 1433 1230  4  0 95  0  0
 2  0      0 100488256  99784 27557740    0    0     0    36 1233 1040  4  0 95  0  0
 4  0      0 100475168  99784 27571532    0    0     0     0 1233  978  4  0 95  0  0
 2  0      0 100486112  99784 27557772    0    0     0     0 1143 1174  4  0 95  0  0
 4  0      0 100487536  99784 27557740    0    0     0    12 1183  936  4  0 95  0  0
 2  0      0 100483856  99784 27557820    0    0     0     0 1291 1213  4  0 95  0  0
 2  0      0 100485024  99784 27557692    0    0     0    56 1162  828  4  0 96  0  0
 2  0      0 100484384  99784 27557788    0    0     0     0 1129  916  4  0 95  0  0
 2  0      0 100484224  99784 27557788    0    0     0     0 1139  932  4  0 96  0  0
 3  0      0 100447856  99784 27595492    0    0     0     0 1213  973  4  0 95  0  0
 2  0      0 100485568  99784 27557788    0    0     0     0 1175  836  4  0 96  0  0
 4  0      0 100484896  99784 27557888    0    0     0    32 1073  957  4  1 96  0  0
 2  0      0 100484496  99784 27557888    0    0     0     0 1231  929  4  0 95  0  0
procs -----------memory---------- ---swap-- -----io---- -system-- ------cpu-----
 r  b   swpd   free   buff  cache   si   so    bi    bo   in   cs us sy id wa st
 2  0      0 100485088  99784 27557908    0    0     0     0 1149  892  4  0 96  0  0
 4  0      0 100468992  99788 27571412    0    0     0     8 1406  969  4  0 95  0  0
 2  0      0 100481952  99788 27557924    0    0     0     0 1240 1150  4  1 95  0  0
 2  0      0 100483040  99792 27557892    0    0     0    52 1342  988  4  0 95  0  0
 3  0      0 100465256  99792 27576324    0    0     0     0 1291 1200  4  0 95  0  0
 2  0      0 100486768  99792 27557844    0    0     0     0 1179 1027  4  1 95  0  0
 4  0      0 100486336  99792 27557700    0    0     0     0  995  773  4  0 96  0  0
 2  0      0 100486320  99792 27557716    0    0     0     0 1281 1105  4  1 95  0  0
 2  0      0 100486096  99796 27557716    0    0     0    32 1234 1039  4  0 95  0  0
 4  0      0 100472760  99796 27571752    0    0     0     0 1223  942  4  0 95  0  0
 2  0      0 100485392  99796 27557716    0    0     0     0 1121 1081  4  0 96  0  0
 4  0      0 100485416  99796 27557724    0    0     0     0 1303  814  4  0 96  0  0
 2  0      0 100484944  99796 27557724    0    0     0     0 1373 1037  4  0 95  0  0
 2  0      0 100485216  99796 27557724    0    0     0    32 1375  907  4  0 96  0  0
 2  0      0 100484752  99796 27557724    0    0     0     0 1238 1024  4  1 95  0  0
 2  0      0 100486360  99796 27558028    0    0     0     0 1269  878  4  0 96  0  0
 3  0      0 100471520  99796 27575448    0    0     0     0 1244 1234  4  0 95  0  0
 2  0      0 100487928  99796 27558028    0    0     0     0 1213  903  4  0 96  0  0
 2  0      0 100487688  99796 27557600    0    0     0    32 1064  833  4  0 96  0  0
 2  0      0 100487472  99796 27557600    0    0     0    56 1366 1111  4  0 95  0  0
 3  0      0 100487240  99796 27557600    0    0     0     0 1244 1020  4  1 95  0  0
procs -----------memory---------- ---swap-- -----io---- -system-- ------cpu-----
 r  b   swpd   free   buff  cache   si   so    bi    bo   in   cs us sy id wa st
 4  0      0 100481968  99796 27562924    0    0     0     0 1233  947  4  0 95  0  0
 2  0      0 100486792  99796 27557600    0    0     0     8 1202 1093  4  1 95  0  0
 4  0      0 100486312  99800 27557600    0    0     0    28 1250  935  4  1 95  0  0
 3  0      0 100474256  99800 27570128    0    0     0     0 1244 1155  4  0 95  0  0
 2  0      0 100485864  99800 27557600    0    0     0   172 1226 1045  4  0 95  0  0
 4  0      0 100463456  99800 27580348    0    0     0     0 1251  931  4  1 95  0  0
 2  0      0 100484720  99800 27558220    0    0     0     8 1192 1169  4  1 95  0  0
 2  0      0 100484688  99800 27557600    0    0     0    64 1314 1069  4  0 95  0  0
 2  0      0 100484224  99800 27558024    0    0     0     0 1206 1167  4  0 95  0  0
 2  0      0 100484000  99800 27558028    0    0     0     0 1231  964  4  0 95  0  0
 4  0      0 100484008  99800 27557600    0    0     0     0 1182  950  4  0 95  0  0
 2  0      0 100483792  99800 27557600    0    0     0     0 1312 1209  4  0 95  0  0
 3  0      0 100483560  99808 27557600    0    0     0    32 1116  975  4  0 95  0  0
 4  0      0 100478800  99808 27561956    0    0     0     0 1214  989  4  0 95  0  0
 2  0      0 100483176  99808 27557536    0    0     0     0 1164 1141  4  1 95  0  0
 2  0      0 100480192  99808 27557536    0    0     0     0 1279 1061  4  0 95  0  0
 3  0      0 100461408  99808 27576368    0    0     0     4 1172  993  4  1 95  0  0
 2  0      0 100483904  99808 27557600    0    0     0    16 1222 1043  4  0 95  0  0
 4  0      0 100483920  99808 27557600    0    0     0     0 1125  982  4  0 95  0  0
 2  0      0 100483464  99808 27558024    0    0     0     0 1435 1232  4  0 95  0  0
 2  0      0 100483728  99808 27557600    0    0     0     0 1128  918  4  0 95  0  0
procs -----------memory---------- ---swap-- -----io---- -system-- ------cpu-----
 r  b   swpd   free   buff  cache   si   so    bi    bo   in   cs us sy id wa st
 4  0      0 100483504  99808 27557600    0    0     0     0 1194  955  4  0 95  0  0
 2  0      0 100483280  99808 27557604    0    0     0    32 1235 1186  4  0 95  0  0
 2  0      0 100483304  99808 27557604    0    0     0     0 1307 1000  4  1 96  0  0
 2  0      0 100483960  99808 27558528    0    0     0     0 1141 1096  4  0 95  0  0
 2  0      0 100483512  99808 27557624    0    0     0     0 1157  751  4  0 96  0  0
 4  0      0 100481328  99808 27557704    0    0     0     0 1094  741  4  0 96  0  0
 2  0      0 100481008  99808 27557640    0    0     0    16 1339 1155  4  0 95  0  0
 2  0      0 100482288  99808 27557640    0    0     0     0 1066  797  4  0 96  0  0
 2  0      0 100482320  99808 27557640    0    0     0     0 1243 1030  4  0 95  0  0
 2  0      0 100482096  99808 27557640    0    0     0     0 1113  960  4  1 96  0  0
 3  0      0 100481648  99808 27558492    0    0     0     0 1311 1120  4  1 95  0  0
 2  0      0 100486840  99808 27557704    0    0     0    32 1142  869  4  0 96  0  0
 4  0      0 100459776  99808 27585792    0    0     0    64 1280 1038  4  0 95  0  0
 2  0      0 100488416  99808 27557720    0    0     0     0 1095  888  4  0 96  0  0
 2  0      0 100482896  99808 27557704    0    0     0     0 1191  825  4  0 96  0  0
 2  0      0 100486320  99808 27557596    0    0     0     0 1252 1282  4  1 95  0  0
 2  0      0 100486816  99808 27557592    0    0     0   168 1277 1016  4  0 95  0  0
 4  0      0 100483080  99808 27557624    0    0     0     0 1248 1187  4  1 95  0  0
 2  0      0 100485008  99808 27557816    0    0     0     0 1436 1374  4  1 95  0  0
 4  0      0 100485344  99808 27557720    0    0     0     0 1128 1028  4  1 95  0  0
 2  0      0 100484696  99808 27557832    0    0     0     0 1329 1302  5  1 95  0  0
procs -----------memory---------- ---swap-- -----io---- -system-- ------cpu-----
 r  b   swpd   free   buff  cache   si   so    bi    bo   in   cs us sy id wa st
 4  0      0 100485792  99808 27557752    0    0     0    32 1157 1039  4  1 95  0  0
 2  0      0 100483648  99808 27557752    0    0     0     0 1478 1215  4  1 95  0  0
 2  0      0 100483744  99808 27557656    0    0     0     0 1175 1124  4  1 95  0  0
 2  0      0 100481856  99808 27557832    0    0     0     0 1226 1098  4  1 95  0  0
 2  0      0 100479112  99808 27557928    0    0     0     0 1016  804  4  0 96  0  0
 4  0      0 100479952  99808 27557816    0    0     0    36 1222 1000  4  0 95  0  0
 2  0      0 100479560  99808 27557928    0    0     0     0 1200 1039  4  1 95  0  0
 4  0      0 100443864  99808 27595464    0    0     0     0 1203  962  4  1 95  0  0
 2  0      0 100480752  99808 27557932    0    0     0     0 1132  999  4  0 96  0  0
 4  0      0 100481608  99808 27557820    0    0     0     0 1267  957  4  0 95  0  0
 2  0      0 100480944  99808 27557932    0    0     0    36 1188  988  4  1 95  0  0
 4  0      0 100479456  99808 27557820    0    0     0     0 1120  947  4  0 96  0  0
 2  0      0 100480576  99808 27558168    0    0     0     0 1102  994  4  0 95  0  0
 2  0      0 100482160  99808 27557740    0    0     0     0 1166  885  4  0 96  0  0
 2  0      0 100481040  99808 27558532    0    0     0     0 1128 1146  4  1 95  0  0
 2  0      0 100482360  99808 27557708    0    0     0    16 1166  847  4  0 96  0  0
 2  0      0 100372008  99808 27557676    0    0     0     0 2342  922  4  1 96  0  0
 2  0      0 100371128  99808 27558104    0    0     0     0 1341 1218  4  0 95  0  0
 2  0      0 100373216  99808 27557664    0    0     0     0 1098  833  4  0 96  0  0
 2  0      0 100337344  99808 27595332    0    0     0     0 1190  922  4  1 95  0  0
 2  0      0 100374800  99808 27557584    0    0     0    36 1191 1109  4  0 96  0  0
procs -----------memory---------- ---swap-- -----io---- -system-- ------cpu-----
 r  b   swpd   free   buff  cache   si   so    bi    bo   in   cs us sy id wa st
 4  0      0 100372624  99808 27557600    0    0     0     0 1221  982  4  1 96  0  0
 2  0      0 100371872  99808 27558460    0    0     0     0 1165 1017  4  0 95  0  0
 2  0      0 100370104  99808 27557608    0    0     0     0 1148  946  4  0 96  0  0
 4  0      0 100334232  99808 27595240    0    0     0     0 1056  838  4  0 95  0  0
 2  0      0 100373952  99808 27557672    0    0     0    36 1467 1288  4  0 95  0  0
 4  0      0 100369192  99808 27557560    0    0     0   340 1251 1126  4  0 95  0  0
 2  0      0 100367584  99808 27557752    0    0     0     0 1269  930  4  0 95  0  0
 2  0      0 100369184  99808 27557852    0    0     0     0 1030  769  4  0 96  0  0
 2  0      0 100367888  99808 27558560    0    0     0     0 1278 1244  4  0 95  0  0
 2  0      0 100370272  99816 27557884    0    0     0    60 1109  952  4  0 95  0  0
 4  0      0 100371680  99816 27557740    0    0     0     4 1121  925  4  0 95  0  0
 2  0      0 100371160  99816 27558248    0    0     0     0 1187 1120  4  1 95  0  0
 2  0      0 100368608  99816 27557692    0    0     0     0 1204 1038  4  0 96  0  0
 4  0      0 100340736  99816 27586748    0    0     0     0 1059  947  4  0 95  0  0
 2  0      0 100372896  99816 27557568    0    0     0    28 1184 1071  4  0 96  0  0
 4  0      0 100373744  99816 27557584    0    0     0     0 1021  771  4  0 96  0  0
 2  0      0 100373112  99816 27558024    0    0     0     0 1300 1001  4  0 95  0  0
 2  0      0 100371344  99816 27557632    0    0     0     0 1067  878  4  0 96  0  0
 2  0      0 100370472  99816 27558080    0    0     0     0 1285  893  4  1 95  0  0
 2  0      0 100372040  99816 27557680    0    0     0    32 1155  743  4  0 96  0  0
 5  0      0 100358520  99816 27572152    0    0     0     0 1346 1036  4  0 95  0  0
procs -----------memory---------- ---swap-- -----io---- -system-- ------cpu-----
 r  b   swpd   free   buff  cache   si   so    bi    bo   in   cs us sy id wa st
 2  0      0 100373232  99816 27557728    0    0     0     0 1238  912  4  1 96  0  0
 2  0      0 100371248  99816 27557824    0    0     0     0 1149  762  4  0 96  0  0
 2  0      0 100370944  99816 27558140    0    0     0     0 1118 1035  4  0 95  0  0
 2  0      0 100372848  99820 27557904    0    0     0    16 1182  883  4  0 96  0  0
 4  0      0 100374512  99820 27557808    0    0     0     8 1078  794  4  0 96  0  0
 2  0      0 100371840  99820 27557824    0    0     0     0 1228 1132  4  1 95  0  0
 4  0      0 100369096  99820 27557888    0    0     0     0 1042  770  4  0 95  0  0
 2  0      0 100368976  99820 27557872    0    0     0     0 1291 1141  4  1 95  0  0
 2  0      0 100368272  99824 27557904    0    0     0    44 1137  854  4  0 96  0  0
 2  0      0 100371832  99824 27558124    0    0     0     8 1317  892  4  1 95  0  0
 2  0      0 100369616  99824 27557632    0    0     0     0 1033  958  4  0 96  0  0
 4  0      0 100352176  99824 27577092    0    0     0     0 1265 1065  4  0 95  0  0
 2  0      0 100371704  99824 27557712    0    0     0     0 1039  737  4  0 96  0  0
 4  0      0 100369776  99824 27557728    0    0     0    44 1110  941  4  0 96  0  0
 2  0      0 100369192  99824 27557680    0    0     0     8 1138  916  4  1 95  0  0
 2  0      0 100367024  99824 27557712    0    0     0     0 1193  868  4  0 96  0  0
 2  0      0 100366720  99824 27558612    0    0     0     0 1047 1071  4  1 95  0  0
 2  0      0 100368280  99824 27557760    0    0     0     0 1164  809  4  1 96  0  0
 4  0      0 100332080  99824 27594988    0    0     0    44 1118 1035  4  1 95  0  0
 2  0      0 100364880  99824 27557744    0    0     0    72 1333 1083  4  0 95  0  0
 4  0      0 100366056  99824 27557728    0    0     0     0 1044  998  4  1 95  0  0
procs -----------memory---------- ---swap-- -----io---- -system-- ------cpu-----
 r  b   swpd   free   buff  cache   si   so    bi    bo   in   cs us sy id wa st
 2  0      0 100363920  99824 27558332    0    0     0     0 1179  984  4  0 95  0  0
 2  0      0 100367568  99824 27557888    0    0     0     0 1088  967  4  0 96  0  0
 4  0      0 100348368  99828 27577256    0    0     0    16 1270 1041  4  0 95  0  0
 2  0      0 100370864  99828 27557744    0    0     0     0 1186 1039  4  0 95  0  0
 4  0      0 100367608  99828 27557812    0    0     0   120 1240 1053  4  0 95  0  0
 2  0      0 100369176  99828 27558668    0    0     0     0 1146 1280  5  0 95  0  0
 2  0      0 100369184  99828 27558240    0    0     0     0 1300 1188  4  0 95  0  0
 4  0      0 100366928  99832 27561200    0    0     0    16 1154 1080  4  0 95  0  0
 2  0      0 100369488  99832 27557812    0    0     0     0 1161  982  4  0 95  0  0
 2  0      0 100372528  99832 27557812    0    0     0     0 1081  930  4  0 95  0  0
 2  0      0 100371464  99832 27558716    0    0     0     0 1305 1217  4  0 95  0  0
 2  0      0 100372736  99832 27557812    0    0     0     0  975  793  4  0 96  0  0
 4  0      0 100333200  99836 27595060    0    0     0    16 1162  934  4  1 95  0  0
 2  0      0 100371600  99836 27557912    0    0     0     0 1099  908  4  0 96  0  0
 4  0      0 100371376  99836 27557912    0    0     0     0 1295  875  4  0 95  0  0
 2  0      0 100371408  99836 27557912    0    0     0     0 1217  872  4  0 96  0  0
 4  0      0 100371176  99836 27557912    0    0     0     0 1126  902  4  0 96  0  0
 2  0      0 100370960  99840 27557912    0    0     0    16 1145  943  4  1 95  0  0
 2  0      0 100370976  99840 27557912    0    0     0     0 1266  934  4  0 96  0  0
 2  0      0 100370520  99840 27558340    0    0     0     4 1180 1072  4  0 95  0  0
 2  0      0 100373368  99840 27557912    0    0     0     0 1167  751  4  0 96  0  0
procs -----------memory---------- ---swap-- -----io---- -system-- ------cpu-----
 r  b   swpd   free   buff  cache   si   so    bi    bo   in   cs us sy id wa st
 4  0      0 100372888  99840 27557912    0    0     0     0 1048  826  4  0 96  0  0
 2  0      0 100372416  99844 27557912    0    0     0    32 1312 1093  4  0 96  0  0
 3  0      0 100368328  99844 27560704    0    0     0     0 1050  902  4  1 95  0  0
 2  0      0 100370992  99844 27557912    0    0     0     0 1230 1106  4  0 96  0  0
 4  0      0 100371296  99844 27557816    0    0     0     0 1039  772  4  0 95  0  0
 2  0      0 100370224  99844 27557864    0    0     0     0 1264  931  4  0 95  0  0
 2  0      0 100371888  99844 27557852    0    0     0    16 1043  906  4  0 96  0  0
 2  0      0 100371136  99844 27558788    0    0     0     0 1174  878  4  0 95  0  0
 2  0      0 100369632  99844 27557932    0    0     0    16 1034  732  4  0 96  0  0
 4  0      0 100371312  99844 27557948    0    0     0     0 1238  940  4  0 95  0  0
 2  0      0 100374752  99844 27557832    0    0     0     0 1095  978  4  1 95  0  0
 2  0      0 100374528  99848 27558264    0    0     0    48 1124  886  4  0 96  0  0
 2  0      0 100373304  99848 27558256    0    0     0    24 1339 1142  4  1 95  0  0
 2  0      0 100372576  99848 27558264    0    0     0     0 1213  977  4  0 95  0  0
 4  0      0 100340152  99848 27591716    0    0     0     0 1247 1098  4  1 95  0  0
 2  0      0 100374272  99848 27557788    0    0     0     0 1192 1276  4  1 95  0  0
 4  0      0 100371536  99852 27557724    0    0     0    32 1269  961  4  0 95  0  0
 2  0      0 100370880  99852 27558152    0    0     0     0 1377 1212  4  0 95  0  0
 2  0      0 100372224  99852 27557740    0    0     0     0 1207  965  4  0 95  0  0
 3  0      0 100356216  99852 27573672    0    0     0     0 1143  990  4  1 95  0  0
 2  0      0 100372736  99852 27557836    0    0     0     0 1188 1076  4  1 95  0  0
procs -----------memory---------- ---swap-- -----io---- -system-- ------cpu-----
 r  b   swpd   free   buff  cache   si   so    bi    bo   in   cs us sy id wa st
 4  0      0 100374160  99852 27557756    0    0     0    16 1179 1111  4  0 95  0  0
 2  0      0 100373328  99852 27558312    0    0     0     0 1262 1131  4  0 95  0  0
 2  0      0 100371648  99852 27557836    0    0     0     0 1087  964  4  0 95  0  0
 4  0      0 100373560  99852 27557676    0    0     0     0 1147  980  4  0 95  0  0
 2  0      0 100373984  99852 27557476    0    0     0     0 1287 1286  4  0 95  0  0
 2  0      0 100374832  99852 27557852    0    0     0    16 1097  773  4  0 96  0  0
 2  0      0 100374864  99852 27557852    0    0     0     0 1116 1110  4  0 95  0  0
 2  0      0 100376224  99852 27557808    0    0     0   116 1151  879  4  1 96  0  0
 2  0      0 100375376  99852 27558300    0    0     0     0 1249 1100  4  0 95  0  0
 2  0      0 100373896  99852 27558332    0    0     0     0 1201 1043  4  0 95  0  0
 4  0      0 100354504  99852 27573688    0    0     0    80 1236 1199  5  1 95  0  0
 2  0      0 100373400  99852 27557572    0    0     0     0 1314 1276  4  1 95  0  0
 4  0      0 100351752  99852 27576516    0    0     0     0 1261 1086  4  0 95  0  0
 2  0      0 100366168  99852 27557828    0    0     0     0 1226 1127  4  1 95  0  0
 2  0      0 100366760  99852 27557924    0    0     0     0 1095  915  4  1 95  0  0
 3  0      0 100330560  99852 27595168    0    0     0    24 1382 1408  5  1 95  0  0
 2  0      0 100366704  99852 27557908    0    0     0     0 1321 1312  4  1 95  0  0
 2  0      0 100364208  99852 27557992    0    0     0    16 1222 1104  4  1 95  0  0
 2  0      0 100368288  99852 27558104    0    0     0     0 1225 1213  4  1 95  0  0
 2  0      0 100366304  99852 27558248    0    0     0     0 1195  972  4  1 95  0  0
 2  0      0 100367472  99852 27558056    0    0     0    56 1270 1234  4  0 95  0  0
procs -----------memory---------- ---swap-- -----io---- -system-- ------cpu-----
 r  b   swpd   free   buff  cache   si   so    bi    bo   in   cs us sy id wa st
 2  0      0 100366200  99852 27559024    0    0     0     0 1419 1732  5  1 95  0  0
 2  0      0 100364960  99852 27558024    0    0     0     0 1218 1170  4  1 95  0  0
 4  0      0 100366384  99852 27558184    0    0     0     0 1228 1209  4  1 95  0  0
 2  0      0 100366032  99852 27557924    0    0     0     0 1261 1212  4  1 95  0  0
 3  0      0 100367200  99852 27557960    0    0     0    32 1187  972  4  1 95  0  0
 4  0      0 100356400  99852 27562736    0    0     0    56 1116  997  4  0 95  0  0
 2  0      0 100368784  99852 27557832    0    0     0     0 1169 1118  4  1 95  0  0
 4  0      0 100370696  99852 27557656    0    0     0     0 1174 1125  4  0 95  0  0
 3  0      0 100352184  99852 27573168    0    0     0     0 1151 1147  4  1 95  0  0
 2  0      0 100375888  99852 27557752    0    0     0    16 1128 1074  4  0 95  0  0
 4  0      0 100354736  99852 27573532    0    0     0     0 1156  955  4  0 95  0  0
 4  0      0 100335488  99852 27595356    0    0     0     0 1174 1214  4  0 95  0  0
 4  0      0 100370624  99852 27557768    0    0     0     0 1249 1120  4  1 95  0  0
 2  0      0 100369824  99852 27558192    0    0     0     0 1201 1274  5  1 95  0  0
 2  0      0 100364520  99856 27557908    0    0     0    36 1243 1016  4  0 95  0  0
 3  0      0 100350248  99856 27576840    0    0     0     0 1380 1424  4  1 95  0  0
 2  0      0 100369008  99856 27557944    0    0     0     0 1208  978  4  0 95  0  0
 4  0      0 100371872  99856 27557992    0    0     0     0 1117 1004  4  0 95  0  0
 2  0      0 100371568  99856 27557884    0    0     0     0 1271  989  4  1 95  0  0
 2  0      0 100369880  99856 27557688    0    0     0   112 1221  939  4  0 96  0  0
 2  0      0 100368592  99856 27558672    0    0     0    12 1195 1068  4  1 95  0  0
procs -----------memory---------- ---swap-- -----io---- -system-- ------cpu-----
 r  b   swpd   free   buff  cache   si   so    bi    bo   in   cs us sy id wa st
 2  0      0 100371200  99856 27557768    0    0     0     0 1056  752  4  0 96  0  0
 4  0      0 100365712  99856 27557688    0    0     0     4 1376  832  4  0 95  0  0
 2  0      0 100368992  99856 27557944    0    0     0     0 1386 1245  4  1 96  0  0
 4  0      0 100366816  99860 27557816    0    0     0    52 1205  901  4  1 96  0  0
 2  0      0 100366480  99860 27558024    0    0     0     0 1143  941  4  0 95  0  0
 2  0      0 100363808  99860 27557768    0    0     0     0 1129  899  4  0 96  0  0
 2  0      0 100362768  99860 27558624    0    0     0     8 1276 1057  4  1 95  0  0
 2  0      0 100369224  99860 27557816    0    0     0     0 1107  748  4  1 96  0  0
 4  0      0 100367744  99860 27557884    0    0     0    32 1178  879  4  1 95  0  0
 2  0      0 100368080  99860 27558152    0    0     0     0 1327 1280  4  1 95  0  0
 4  0      0 100366416  99860 27557724    0    0     0     0 1268 1216  4  1 95  0  0
 2  0      0 100366064  99860 27558576    0    0     0     0 1204 1175  4  1 95  0  0
 2  0      0 100366880  99860 27557692    0    0     0     0 1095  923  4  0 95  0  0
 4  0      0 100367968  99864 27557692    0    0     0    16 1205  987  4  0 95  0  0
 2  0      0 100370384  99864 27558548    0    0     0     0 1312 1353  4  0 95  0  0
 2  0      0 100368592  99864 27557660    0    0     0     0 1156  859  4  0 95  0  0
 2  0      0 100367664  99864 27558092    0    0     0     0 1122  965  4  1 95  0  0
 2  0      0 100365376  99864 27557760    0    0     0     0 1231  979  4  0 95  0  0
 4  0      0 100365728  99864 27557712    0    0     0    16 1272 1105  4  1 95  0  0
 2  0      0 100365104  99864 27558204    0    0     0    44 1370 1227  4  1 95  0  0
 2  0      0 100367616  99864 27557776    0    0     0     0 1042  959  4  0 96  0  0
procs -----------memory---------- ---swap-- -----io---- -system-- ------cpu-----
 r  b   swpd   free   buff  cache   si   so    bi    bo   in   cs us sy id wa st
 2  0      0 100366896  99864 27557784    0    0     0     0 1221  972  4  0 95  0  0
 2  0      0 100366912  99864 27557780    0    0     0     4 1166  889  4  0 96  0  0
 2  0      0 100366208  99864 27558212    0    0     0    16 1232 1127  4  0 95  0  0
 2  0      0 100366208  99864 27557780    0    0     0     0 1075  843  4  0 96  0  0
 4  0      0 100366240  99864 27557780    0    0     0     0 1192  877  4  0 96  0  0
 2  0      0 100365760  99864 27557780    0    0     0     0 1294 1185  4  0 95  0  0
 4  0      0 100365536  99864 27557780    0    0     0     0 1161  863  4  0 95  0  0
 2  0      0 100367608  99864 27558212    0    0     0    16 1174 1086  4  0 96  0  0
 4  0      0 100367856  99864 27557780    0    0     0     0 1159  840  4  0 96  0  0
 2  0      0 100367408  99864 27557788    0    0     0     0 1226 1041  4  0 95  0  0
 2  0      0 100367664  99864 27557776    0    0     0     0 1126 1098  4  1 96  0  0
 2  0      0 100367472  99864 27557788    0    0     0     0 1112  923  4  0 95  0  0
 2  0      0 100367728  99864 27557780    0    0     0   200 1188  844  4  0 96  0  0
 4  0      0 100348112  99864 27576668    0    0     0     0 1213 1208  4  0 95  0  0
 2  0      0 100366840  99864 27557876    0    0     0     0 1173 1053  4  0 95  0  0
 4  0      0 100368440  99864 27557876    0    0     0     0 1160 1077  4  0 95  0  0
 2  0      0 100367080  99864 27558244    0    0     0    16 1246 1282  4  0 95  0  0
 2  0      0 100369136  99864 27557908    0    0     0    48 1194 1113  4  0 95  0  0
 4  0      0 100360344  99864 27564652    0    0     0     0 1151 1022  4  0 95  0  0
 2  0      0 100366272  99864 27558208    0    0     0     0 1174 1228  4  0 95  0  0
 2  0      0 100367344  99864 27557876    0    0     0     0 1152  925  4  0 95  0  0
procs -----------memory---------- ---swap-- -----io---- -system-- ------cpu-----
 r  b   swpd   free   buff  cache   si   so    bi    bo   in   cs us sy id wa st
 3  0      0 100363920  99864 27562236    0    0     0     8 1290 1177  4  0 95  0  0
 2  0      0 100368720  99864 27557876    0    0     0    44 1205 1120  4  0 95  0  0
 4  0      0 100369000  99864 27557876    0    0     0     0 1078  861  4  0 96  0  0
 2  0      0 100368560  99864 27557880    0    0     0     0 1257  954  4  0 95  0  0
 4  0      0 100366552  99864 27557748    0    0     0     0 1159 1159  4  1 95  0  0
 2  0      0 100365280  99864 27558652    0    0     0     0 1289 1314  5  1 95  0  0
 2  0      0 100370424  99868 27557844    0    0     0    16 1139 1007  4  1 95  0  0
 2  0      0 100369072  99868 27558256    0    0     0     0 1371 1369  5  1 95  0  0
 3  0      0 100369808  99868 27557824    0    0     0     0 1368 1228  4  1 95  0  0
 4  0      0 100333296  99868 27594616    0    0     0     0 1211 1150  5  1 95  0  0
 2  0      0 100369120  99868 27558260    0    0     0     0 1187 1266  4  1 95  0  0
 4  0      0 100363840  99868 27564608    0    0     0    32 1265 1152  5  1 95  0  0
 2  0      0 100368928  99868 27558260    0    0     0    56 1325 1468  4  1 95  0  0
 4  0      0 100370272  99868 27557864    0    0     0     0 1238 1060  5  0 95  0  0
 2  0      0 100369408  99868 27558844    0    0     0     0 1181 1364  4  1 95  0  0
 2  0      0 100370960  99868 27557880    0    0     0     0 1168 1081  4  1 95  0  0
 2  0      0 100370376  99872 27558256    0    0     0    16 1344 1413  5  1 95  0  0
 4  0      0 100367824  99872 27557896    0    0     0     0 1175 1115  4  1 95  0  0
 4  0      0 100348512  99872 27578192    0    0     0     0 1192 1169  5  1 95  0  0
 2  0      0 100367952  99872 27557864    0    0     0     0 1290 1215  4  1 95  0  0
 2  0      0 100366752  99872 27558304    0    0     0     0 1365 1198  4  0 95  0  0
procs -----------memory---------- ---swap-- -----io---- -system-- ------cpu-----
 r  b   swpd   free   buff  cache   si   so    bi    bo   in   cs us sy id wa st
 2  0      0 100364984  99872 27557516    0    0     0    32 1147  944  4  0 95  0  0
 4  0      0 100357520  99872 27565688    0    0     0     0 1124  963  4  0 95  0  0
 2  0      0 100364688  99872 27557980    0    0     0     0 1224 1130  4  0 95  0  0
 2  0      0 100365776  99872 27557904    0    0     0     0 1249 1102  4  0 95  0  0
 3  0      0 100346504  99872 27576836    0    0     0     0 1240 1138  4  1 95  0  0
 2  0      0 100366224  99872 27557944    0    0     0    56 1122  972  4  0 95  0  0
 4  0      0 100366816  99872 27557916    0    0     0     0 1149 1007  4  1 95  0  0
 2  0      0 100366480  99872 27558376    0    0     0     0 1246 1232  4  0 95  0  0
 2  0      0 100363664  99872 27557948    0    0     0     0 1109  914  4  0 95  0  0
 4  0      0 100364512  99872 27557980    0    0     0     0 1084  988  4  0 95  0  0
 2  0      0 100364608  99880 27557492    0    0     0   136 1278 1179  4  0 95  0  0
 2  0      0 100365200  99880 27558008    0    0     0     0 1188 1049  4  0 95  0  0
 4  0      0 100347144  99880 27576768    0    0     0     0 1209 1147  4  0 95  0  0
 2  0      0 100365520  99880 27558488    0    0     0     0 1133 1135  4  1 95  0  0
 2  0      0 100364288  99880 27557968    0    0     0     0 1174  999  4  0 95  0  0
 3  0      0 100345616  99884 27577452    0    0     0    52 1244 1392  4  1 95  0  0
 2  0      0 100361792  99884 27558012    0    0     0     0 1251  995  4  0 95  0  0
 4  0      0 100367296  99884 27558032    0    0     0     0 1030  921  4  0 95  0  0
 2  0      0 100362912  99884 27558888    0    0     0     0 1162 1100  4  0 95  0  0
 2  0      0 100365408  99884 27558344    0    0     0     0 1160  853  4  0 96  0  0
 2  0      0 100364264  99884 27558792    0    0     0    16 1171  989  4  0 95  0  0
procs -----------memory---------- ---swap-- -----io---- -system-- ------cpu-----
 r  b   swpd   free   buff  cache   si   so    bi    bo   in   cs us sy id wa st
 2  0      0 100368936  99884 27557920    0    0     0     0 1367  930  4  0 96  0  0
 4  0      0 100363664  99884 27557892    0    0     0     0 1560  935  4  1 95  0  0
 2  0      0 100366736  99884 27558252    0    0     0     0 1639 1136  4  0 95  0  0
 3  0      0 100365000  99884 27557956    0    0     0     0 1537 2019  4  0 96  0  0
 2  0      0 100363096  99884 27558292    0    0     0    40 1674 1084  4  1 95  0  0
 2  0      0 100365968  99884 27557828    0    0     0    36 1277  875  4  0 96  0  0
 3  0      0 100347512  99884 27576812    0    0     0     4 1286 2160  4  0 95  0  0
 2  0      0 100367544  99884 27557888    0    0     0     0 1095  773  4  0 96  0  0
 4  0      0 100369216  99884 27557828    0    0     0     0 1134  817  4  0 96  0  0
 2  0      0 100368640  99892 27557404    0    0     0    40 1224 1090  4  1 95  0  0
 2  0      0 100363616  99892 27557908    0    0     0     0 1208  909  4  0 96  0  0
 2  0      0 100362576  99892 27558272    0    0     0     0 1115  942  4  0 95  0  0
 2  0      0 100365200  99892 27557864    0    0     0     0 1175  902  4  0 96  0  0
 3  0      0 100328832  99892 27595108    0    0     0     0 1072  865  4  0 95  0  0
 2  0      0 100366568  99892 27558240    0    0     0    16 1315  958  4  0 96  0  0
 4  0      0 100368720  99892 27557980    0    0     0     0 1129  950  4  0 96  0  0
 2  0      0 100368880  99892 27557444    0    0     0     0 1200  873  4  0 95  0  0
 2  0      0 100366960  99892 27557916    0    0     0     0 1088  764  4  0 96  0  0
 2  0      0 100366184  99892 27558360    0    0     0     0 1486 1281  4  0 95  0  0
 2  0      0 100364744  99896 27558216    0    0     0    44 1137  959  4  0 95  0  0
 2  0      0 100367384  99896 27557948    0    0     0     0 1170  957  4  0 95  0  0
procs -----------memory---------- ---swap-- -----io---- -system-- ------cpu-----
 r  b   swpd   free   buff  cache   si   so    bi    bo   in   cs us sy id wa st
 2  0      0 100370632  99896 27557832    0    0     0   344 1300 1159  4  0 95  0  0
 3  0      0 100368960  99896 27557836    0    0     0     0 1226  901  4  0 96  0  0
 4  0      0 100330008  99896 27594996    0    0     0     0 1042  836  4  0 95  0  0
 2  0      0 100367712  99900 27557804    0    0     0    96 1157 1012  4  0 96  0  0
 3  0      0 100331592  99900 27595080    0    0     0     4 1105  822  4  0 95  0  0
 2  0      0 100368576  99900 27558376    0    0     0     0 1252 2003  4  0 96  0  0
 4  0      0 100368640  99900 27557884    0    0     0     0 1078  954  4  0 95  0  0
 2  0      0 100368080  99900 27557952    0    0     0     0 1367  927  4  1 95  0  0
 2  0      0 100369784  99904 27558688    0    0     0    20 1062 1097  4  0 96  0  0
 2  0      0 100368656  99904 27557876    0    0     0     0 1383 1126  4  0 95  0  0
 2  0      0 100367024  99904 27558348    0    0     0     8 1260  850  4  0 96  0  0
 4  0      0 100366832  99904 27558436    0    0     0     0 1561 1125  4  1 95  0  0
 2  0      0 100362944  99904 27558080    0    0     0     0 1393 1107  4  0 95  0  0
 2  0      0 100364576  99908 27558160    0    0     0    52 1541 1145  4  0 95  0  0
 4  0      0 100351120  99908 27575812    0    0     0     4 1286  988  4  0 95  0  0
 2  0      0 100368800  99908 27557988    0    0     0     0 1872 1559  4  1 95  0  0
 4  0      0 100367312  99908 27558052    0    0     0     0 1178 1208  5  1 95  0  0
 2  0      0 100366368  99908 27558060    0    0     0     0 1378 1356  4  0 95  0  0
 4  0      0 100365872  99912 27557924    0    0     0    40 1448 1074  4  0 95  0  0
 2  0      0 100365680  99912 27557936    0    0     0    84 1324 1139  4  1 95  0  0
 2  0      0 100365928  99912 27557940    0    0     0     8 1093 1053  4  0 96  0  0
procs -----------memory---------- ---swap-- -----io---- -system-- ------cpu-----
 r  b   swpd   free   buff  cache   si   so    bi    bo   in   cs us sy id wa st
 4  0      0 100330928  99912 27594648    0    0     0     0 1317 1169  4  0 95  0  0
 2  0      0 100360968  99912 27557956    0    0     0     0 1061  742  4  0 96  0  0
 4  0      0 100363888  99912 27557828    0    0     0    44 1120  949  4  0 96  0  0
 2  0      0 100363984  99912 27557876    0    0     0     0 1102  881  4  0 95  0  0
 2  0      0 100364832  99912 27558240    0    0     0     0 1625  941  4  0 96  0  0
 2  0      0 100365304  99912 27557928    0    0     0     0 1205 1077  4  1 95  0  0
 2  0      0 100366528  99912 27558684    0    0     0     0 1101  739  4  0 96  0  0
 4  0      0 100351648  99912 27571396    0    0     0    40 1095  784  4  0 95  0  0
 2  0      0 100366496  99912 27558892    0    0     0     4 1334 1121  4  1 96  0  0
 4  0      0 100363944  99912 27557972    0    0     0     4 1072  753  4  1 96  0  0
 2  0      0 100363328  99912 27558484    0    0     0     0 1194  828  4  1 95  0  0
 2  0      0 100364880  99912 27557940    0    0     0     0 1045  870  4  0 96  0  0
 2  0      0 100363520  99912 27558500    0    0     0    16 1238 1005  4  1 95  0  0
 2  0      0 100365584  99912 27557976    0    0     0    12 1098  724  4  1 96  0  0
 4  0      0 100366176  99912 27558056    0    0     0     0 1163  893  4  0 95  0  0
 3  0      0 100366096  99912 27558832    0    0     0     0 1082  863  4  0 95  0  0
 2  0      0 100363280  99912 27558072    0    0     0     0 1212  872  4  0 96  0  0
 2  0      0 100363648  99912 27557904    0    0     0    28 1254 1395  4  0 95  0  0
 2  0      0 100364608  99912 27558884    0    0     0   404 1392  950  4  0 96  0  0
 4  0      0 100367464  99912 27557868    0    0     0     0 1078  883  4  0 96  0  0
 2  0      0 100366952  99912 27558376    0    0     0    12 1311 1112  4  0 95  0  0
procs -----------memory---------- ---swap-- -----io---- -system-- ------cpu-----
 r  b   swpd   free   buff  cache   si   so    bi    bo   in   cs us sy id wa st
 4  0      0 100365216  99912 27557964    0    0     0     0 1079  823  4  0 96  0  0
 2  0      0 100363592  99916 27558868    0    0     0    24 1291 1156  4  1 95  0  0
 4  0      0 100364912  99916 27558044    0    0     0     0 1169  765  4  0 96  0  0
 2  0      0 100364312  99916 27558444    0    0     0     0 1299  961  4  0 95  0  0
 2  0      0 100367128  99916 27557540    0    0     0     0 1060  847  4  0 96  0  0
 3  0      0 100350208  99916 27576624    0    0     0     0 1185 1100  4  1 95  0  0
 2  0      0 100366896  99916 27557440    0    0     0    16 1258 1109  4  0 95  0  0
 4  0      0 100364160  99916 27557872    0    0     0     0 1266 1148  4  1 95  0  0
 2  0      0 100364192  99916 27557872    0    0     0     0 1197 1046  4  0 95  0  0
 2  0      0 100364704  99916 27557864    0    0     0     0 1117  913  4  0 95  0  0
 4  0      0 100342304  99916 27581528    0    0     0     0 1161 1032  4  1 95  0  0
 2  0      0 100364320  99916 27558380    0    0     0    32 1356 1059  4  0 96  0  0
 2  0      0 100365872  99916 27557976    0    0     0    56 1145  791  4  0 96  0  0
 4  0      0 100359664  99916 27565132    0    0     0     0 1174  963  4  0 95  0  0
 2  0      0 100366096  99916 27558400    0    0     0     0 1112  909  4  0 96  0  0
 2  0      0 100367408  99916 27557952    0    0     0     0 1243  908  4  0 96  0  0
 2  0      0 100366672  99916 27558384    0    0     0    32 1137 1082  4  0 95  0  0
 2  0      0 100366160  99916 27557872    0    0     0     0 1105  792  4  0 96  0  0
 3  0      0 100348248  99916 27576856    0    0     0     8 1098  934  4  0 95  0  0
 2  0      0 100364160  99916 27557904    0    0     0     0 1297 1005  4  0 96  0  0
 4  0      0 100363248  99916 27557872    0    0     0     0 1042  815  4  0 96  0  0
procs -----------memory---------- ---swap-- -----io---- -system-- ------cpu-----
 r  b   swpd   free   buff  cache   si   so    bi    bo   in   cs us sy id wa st
 2  0      0 100362624  99916 27557988    0    0     0    44 1234  969  4  1 95  0  0
 2  0      0 100364192  99916 27557936    0    0     0     0 1049  938  4  0 96  0  0
 3  0      0 100360592  99916 27560300    0    0     0     8 1335 1252  4  1 95  0  0
 2  0      0 100361496  99916 27558396    0    0     0     0 1097  862  4  0 96  0  0
 4  0      0 100348976  99916 27572100    0    0     0     0 1115  988  4  1 95  0  0
 2  0      0 100362456  99916 27558412    0    0     0    28 1105  992  4  0 95  0  0
 4  0      0 100363536  99916 27558080    0    0     0     0 1275  985  4  0 95  0  0
 2  0      0 100366288  99916 27557980    0    0     0     8 1124 1123  4  0 95  0  0
 2  0      0 100365984  99916 27558000    0    0     0     0 1123  794  4  0 96  0  0
 2  0      0 100364880  99916 27558104    0    0     0     0 1103  869  4  0 95  0  0
 2  0      0 100368008  99916 27558032    0    0     0    44 1366 1195  4  0 95  0  0
 4  0      0 100368600  99916 27558128    0    0     0     0 1136 1032  4  1 95  0  0
 2  0      0 100367744  99916 27558492    0    0     0     0 1308 1265  4  1 95  0  0
 4  0      0 100364704  99916 27558160    0    0     0     0 1139 1034  4  0 95  0  0
 2  0      0 100363824  99916 27558072    0    0     0     0 1395 1383  4  1 95  0  0
 2  0      0 100364880  99916 27558072    0    0     0    32 1188 1088  4  1 95  0  0
 2  0      0 100364288  99916 27558492    0    0     0   144 1286 1109  4  1 95  0  0
 4  0      0 100361488  99916 27558072    0    0     0     0 1025  823  4  0 96  0  0
 3  0      0 100356824  99916 27564356    0    0     0     0 1293 1089  4  0 95  0  0
 2  0      0 100362680  99916 27557864    0    0     0     0 1109  885  4  1 96  0  0
 2  0      0 100361808  99924 27558164    0    0     0    40 1289  945  4  1 95  0  0
procs -----------memory---------- ---swap-- -----io---- -system-- ------cpu-----
 r  b   swpd   free   buff  cache   si   so    bi    bo   in   cs us sy id wa st
 2  0      0 100366272  99924 27558164    0    0     0     0 1097 1428  4  0 96  0  0
 4  0      0 100351952  99924 27570240    0    0     0     0 1250 1054  4  0 95  0  0
 2  0      0 100364960  99924 27557656    0    0     0     0 1111 1089  4  1 95  0  0
 2  0      0 100367960  99924 27558052    0    0     0     0 1133  985  4  0 95  0  0
 2  0      0 100367304  99928 27558052    0    0     0    32 1126  939  4  0 95  0  0
 2  0      0 100364904  99928 27558520    0    0     0    60 1245  831  4  0 96  0  0
 4  0      0 100336264  99928 27588584    0    0     0     0 1084  900  4  0 95  0  0
 2  0      0 100366224  99928 27558508    0    0     0     8 1166  882  4  0 96  0  0
 5  0      0 100362416  99928 27557640    0    0     0     0 1034  729  4  1 96  0  0
 2  0      0 100364288  99928 27558064    0    0     0    28 1324 1269  4  0 95  0  0
 2  0      0 100367392  99928 27557212    0    0     0     0 1094  938  4  0 96  0  0
 4  0      0 100360896  99928 27563856    0    0     0     0 1184  957  4  0 95  0  0
 2  0      0 100365096  99928 27558148    0    0     0     0 1058 1030  4  1 96  0  0
 4  0      0 100364656  99928 27557864    0    0     0     0 1192  894  4  0 96  0  0
 2  0      0 100364816  99928 27558296    0    0     0    32 1224 1161  4  1 95  0  0
 2  0      0 100364352  99928 27557848    0    0     0     0 1177 1087  4  0 96  0  0
 2  0      0 100366872  99928 27557868    0    0     0     0 1213  925  4  0 95  0  0
 2  0      0 100365120  99928 27557736    0    0     0     8 1336  873  4  0 96  0  0
 4  0      0 100366784  99928 27557708    0    0     0     0 1135  974  4  0 95  0  0
 2  0      0 100365120  99932 27557396    0    0     0    16 1351  990  4  1 95  0  0
 2  0      0 100366720  99932 27557580    0    0     0     0 1116  761  4  0 96  0  0
procs -----------memory---------- ---swap-- -----io---- -system-- ------cpu-----
 r  b   swpd   free   buff  cache   si   so    bi    bo   in   cs us sy id wa st
 2  0      0 100363584  99932 27558268    0    0     0     0 1433 1192  4  0 95  0  0
 2  0      0 100364664  99932 27558140    0    0     0     0 1117  748  4  0 96  0  0
 3  0      0 100325112  99932 27595472    0    0     0     0 1138  872  4  1 95  0  0
 2  0      0 100365664  99932 27558192    0    0     0    32 1088  966  4  0 96  0  0
 4  0      0 100362608  99932 27557840    0    0     0     0 1214  891  4  0 96  0  0
 2  0      0 100363576  99932 27557960    0    0     0     0 1142  880  4  0 96  0  0
 2  0      0 100436544  99932 27557744    0    0     0     0 1301  883  3  1 97  0  0
 2  0      0 99610992  99932 27557744    0    0     0     0  711  202  3  1 96  0  0
 2  0      0 98172696  99936 28518752    0    0     0    52  962  369  2  2 96  0  0
 4  0      0 99365376  99936 27557968    0    0     0     0 2632  703  5  2 93  0  0
 4  0      0 98371792  99936 27994064    0    0     0   188 1743  451  6  1 93  0  0
 4  0      0 99625064  99936 27558284    0    0     0     0 2324  755  6  2 92  0  0
 4  0      0 98884376  99936 27700588    0    0     0     0 1581  410  6  1 93  0  0
 4  0      0 98446312  99940 28035004    0    0     0    80 2193  623  6  2 92  0  0
 4  0      0 99343960  99940 27557984    0    0     0     0 1757  464  6  2 93  0  0
 5  0      0 98856048  99940 27652464    0    0     0     4 1962  545  6  2 92  0  0
 4  0      0 99475136  99940 27649624    0    0     0     0 1996  631  6  2 93  0  0
 5  0      0 98575024  99940 28146520    0    0     0     0 1936  419  6  2 92  0  0
 4  0      0 98369760  99948 28108812    0    0     0    28 1506  442  6  2 92  0  0
 6  0      0 98858112  99948 28146532    0    0     0    88 2161  598  5  2 92  0  0
 4  0      0 98970192  99948 27557912    0    0     0     0 1676  557  7  1 92  0  0
procs -----------memory---------- ---swap-- -----io---- -system-- ------cpu-----
 r  b   swpd   free   buff  cache   si   so    bi    bo   in   cs us sy id wa st
 4  0      0 99036608  99948 28056652    0    0     0     8 2179  587  5  2 93  0  0
 4  0      0 99252168  99948 27558040    0    0     0     0 2146  621  7  2 92  0  0
 4  0      0 98099352  99948 28256024    0    0     0    44 1402  316  6  2 93  0  0
 4  0      0 99547072  99948 27558008    0    0     0     0 2173  790  5  2 93  0  0
 4  0      0 98602848  99948 27904360    0    0     0     0 1685  333  6  2 93  0  0
 4  0      0 98572336  99948 28146528    0    0     0    12 2079  603  6  2 92  0  0
 4  0      0 99029456  99948 27748528    0    0     0     0 1873  515  6  2 93  0  0
 3  0      0 98869952  99948 27607764    0    0     0    24 1789  552  5  1 93  0  0
 3  0      0 99608392  99948 27558040    0    0     0     0 1759  587  4  2 94  0  0
 3  0      0 99129424  99948 27558040    0    0     0     0 1458  340  5  1 95  0  0
 3  0      0 99170960  99948 28147216    0    0     0     0 1316  405  4  1 94  0  0
 2  0      0 100762656  99948 27517940    0    0     0    12 1042  638  2  1 97  0  0
 1  0      0 102928128  99952 26336116    0    0     0    84 1323  446  2  1 97  0  0
 0  0      0 103151360  99952 26336036    0    0     0     0  502  490  1  0 98  0  0
 1  0      0 104891240  99952 25114576    0    0     0     4  733  447  1  1 99  0  0
