index, utilization.gpu [%], utilization.memory [%], memory.used [MiB]
0, 0 %, 0 %, 0 MiB
1, 0 %, 0 %, 0 MiB
2, 0 %, 0 %, 0 MiB
3, 0 %, 0 %, 0 MiB
0, 0 %, 0 %, 0 MiB
1, 0 %, 0 %, 0 MiB
2, 0 %, 0 %, 0 MiB
3, 0 %, 0 %, 0 MiB
0, 0 %, 0 %, 0 MiB
1, 0 %, 0 %, 0 MiB
2, 0 %, 0 %, 0 MiB
3, 0 %, 0 %, 0 MiB
0, 0 %, 0 %, 0 MiB
1, 0 %, 0 %, 0 MiB
2, 0 %, 0 %, 0 MiB
3, 0 %, 0 %, 0 MiB
0, 0 %, 0 %, 0 MiB
1, 0 %, 0 %, 0 MiB
2, 0 %, 0 %, 0 MiB
3, 0 %, 0 %, 0 MiB
0, 0 %, 0 %, 3 MiB
1, 0 %, 0 %, 3 MiB
2, 0 %, 0 %, 0 MiB
3, 0 %, 0 %, 0 MiB
0, 0 %, 0 %, 3 MiB
1, 0 %, 0 %, 3 MiB
2, 0 %, 0 %, 0 MiB
3, 0 %, 0 %, 0 MiB
0, 0 %, 0 %, 3 MiB
1, 0 %, 0 %, 3 MiB
2, 0 %, 0 %, 0 MiB
3, 0 %, 0 %, 0 MiB
0, 0 %, 0 %, 57 MiB
1, 1 %, 0 %, 265 MiB
2, 0 %, 0 %, 0 MiB
3, 0 %, 0 %, 0 MiB
0, 2 %, 0 %, 679 MiB
1, 4 %, 0 %, 679 MiB
2, 0 %, 0 %, 0 MiB
3, 0 %, 0 %, 0 MiB
0, 89 %, 41 %, 7813 MiB
1, 98 %, 44 %, 7813 MiB
2, 0 %, 0 %, 0 MiB
3, 0 %, 0 %, 0 MiB
0, 96 %, 50 %, 7813 MiB
1, 96 %, 50 %, 7813 MiB
2, 0 %, 0 %, 0 MiB
3, 0 %, 0 %, 0 MiB
0, 88 %, 44 %, 7813 MiB
1, 95 %, 48 %, 7813 MiB
2, 0 %, 0 %, 0 MiB
3, 0 %, 0 %, 0 MiB
0, 97 %, 44 %, 7813 MiB
1, 96 %, 44 %, 7813 MiB
2, 0 %, 0 %, 0 MiB
3, 0 %, 0 %, 0 MiB
0, 87 %, 48 %, 7813 MiB
1, 95 %, 49 %, 7813 MiB
2, 0 %, 0 %, 0 MiB
3, 0 %, 0 %, 0 MiB
0, 87 %, 39 %, 7813 MiB
1, 94 %, 40 %, 7813 MiB
2, 0 %, 0 %, 0 MiB
3, 0 %, 0 %, 0 MiB
0, 89 %, 48 %, 7813 MiB
1, 96 %, 47 %, 7813 MiB
2, 0 %, 0 %, 0 MiB
3, 0 %, 0 %, 0 MiB
0, 96 %, 42 %, 7813 MiB
1, 96 %, 49 %, 7813 MiB
2, 0 %, 0 %, 0 MiB
3, 0 %, 0 %, 0 MiB
0, 87 %, 48 %, 7813 MiB
1, 94 %, 48 %, 7813 MiB
2, 0 %, 0 %, 0 MiB
3, 0 %, 0 %, 0 MiB
0, 92 %, 42 %, 7813 MiB
1, 92 %, 42 %, 7813 MiB
2, 0 %, 0 %, 0 MiB
3, 0 %, 0 %, 0 MiB
0, 93 %, 49 %, 7813 MiB
1, 95 %, 49 %, 7813 MiB
2, 0 %, 0 %, 0 MiB
3, 0 %, 0 %, 0 MiB
0, 92 %, 43 %, 7813 MiB
1, 93 %, 43 %, 7813 MiB
2, 0 %, 0 %, 0 MiB
3, 0 %, 0 %, 0 MiB
0, 96 %, 49 %, 7813 MiB
1, 96 %, 50 %, 7813 MiB
2, 0 %, 0 %, 0 MiB
3, 0 %, 0 %, 0 MiB
0, 92 %, 46 %, 7813 MiB
1, 93 %, 45 %, 7813 MiB
2, 0 %, 0 %, 0 MiB
3, 0 %, 0 %, 0 MiB
0, 95 %, 45 %, 7813 MiB
1, 95 %, 46 %, 7813 MiB
2, 0 %, 0 %, 0 MiB
3, 0 %, 0 %, 0 MiB
0, 93 %, 50 %, 7813 MiB
1, 94 %, 49 %, 7813 MiB
2, 0 %, 0 %, 0 MiB
3, 0 %, 0 %, 0 MiB
0, 95 %, 44 %, 7813 MiB
1, 95 %, 45 %, 7813 MiB
2, 0 %, 0 %, 0 MiB
3, 0 %, 0 %, 0 MiB
0, 93 %, 51 %, 7813 MiB
1, 94 %, 51 %, 7813 MiB
2, 0 %, 0 %, 0 MiB
3, 0 %, 0 %, 0 MiB
0, 96 %, 42 %, 7813 MiB
1, 96 %, 42 %, 7813 MiB
2, 0 %, 0 %, 0 MiB
3, 0 %, 0 %, 0 MiB
0, 93 %, 51 %, 7813 MiB
1, 93 %, 51 %, 7813 MiB
2, 0 %, 0 %, 0 MiB
3, 0 %, 0 %, 0 MiB
0, 96 %, 45 %, 7813 MiB
1, 96 %, 45 %, 7813 MiB
2, 0 %, 0 %, 0 MiB
3, 0 %, 0 %, 0 MiB
0, 91 %, 50 %, 7813 MiB
1, 92 %, 50 %, 7813 MiB
2, 0 %, 0 %, 0 MiB
3, 0 %, 0 %, 0 MiB
0, 91 %, 42 %, 7813 MiB
1, 92 %, 43 %, 7813 MiB
2, 0 %, 0 %, 0 MiB
3, 0 %, 0 %, 0 MiB
0, 94 %, 49 %, 7813 MiB
1, 92 %, 48 %, 7813 MiB
2, 0 %, 0 %, 0 MiB
3, 0 %, 0 %, 0 MiB
0, 92 %, 43 %, 7813 MiB
1, 92 %, 42 %, 7813 MiB
2, 0 %, 0 %, 0 MiB
3, 0 %, 0 %, 0 MiB
0, 96 %, 49 %, 7813 MiB
1, 96 %, 50 %, 7813 MiB
2, 0 %, 0 %, 0 MiB
3, 0 %, 0 %, 0 MiB
0, 93 %, 46 %, 7813 MiB
1, 93 %, 45 %, 7813 MiB
2, 0 %, 0 %, 0 MiB
3, 0 %, 0 %, 0 MiB
0, 95 %, 45 %, 7813 MiB
1, 95 %, 46 %, 7813 MiB
2, 0 %, 0 %, 0 MiB
3, 0 %, 0 %, 0 MiB
0, 93 %, 50 %, 7813 MiB
1, 94 %, 48 %, 7813 MiB
2, 0 %, 0 %, 0 MiB
3, 0 %, 0 %, 0 MiB
0, 95 %, 44 %, 7813 MiB
1, 95 %, 45 %, 7813 MiB
2, 0 %, 0 %, 0 MiB
3, 0 %, 0 %, 0 MiB
0, 93 %, 51 %, 7813 MiB
1, 94 %, 51 %, 7813 MiB
2, 0 %, 0 %, 0 MiB
3, 0 %, 0 %, 0 MiB
0, 96 %, 42 %, 7813 MiB
1, 96 %, 43 %, 7813 MiB
2, 0 %, 0 %, 0 MiB
3, 0 %, 0 %, 0 MiB
0, 93 %, 51 %, 7813 MiB
1, 93 %, 51 %, 7813 MiB
2, 0 %, 0 %, 0 MiB
3, 0 %, 0 %, 0 MiB
0, 96 %, 45 %, 7813 MiB
1, 96 %, 44 %, 7813 MiB
2, 0 %, 0 %, 0 MiB
3, 0 %, 0 %, 0 MiB
0, 92 %, 50 %, 7813 MiB
1, 93 %, 51 %, 7813 MiB
2, 0 %, 0 %, 0 MiB
3, 0 %, 0 %, 0 MiB
0, 92 %, 42 %, 7813 MiB
1, 96 %, 46 %, 7813 MiB
2, 0 %, 0 %, 0 MiB
3, 0 %, 0 %, 0 MiB
0, 91 %, 48 %, 7813 MiB
1, 92 %, 49 %, 7813 MiB
2, 0 %, 0 %, 0 MiB
3, 0 %, 0 %, 0 MiB
0, 92 %, 42 %, 7813 MiB
1, 92 %, 41 %, 7813 MiB
2, 0 %, 0 %, 0 MiB
3, 0 %, 0 %, 0 MiB
0, 96 %, 49 %, 7813 MiB
1, 96 %, 49 %, 7813 MiB
2, 0 %, 0 %, 0 MiB
3, 0 %, 0 %, 0 MiB
0, 94 %, 48 %, 7813 MiB
1, 89 %, 49 %, 7813 MiB
2, 0 %, 0 %, 0 MiB
3, 0 %, 0 %, 0 MiB
0, 96 %, 43 %, 7813 MiB
1, 96 %, 43 %, 7813 MiB
2, 0 %, 0 %, 0 MiB
3, 0 %, 0 %, 0 MiB
0, 93 %, 51 %, 7813 MiB
1, 93 %, 50 %, 7813 MiB
2, 0 %, 0 %, 0 MiB
3, 0 %, 0 %, 0 MiB
0, 96 %, 44 %, 7813 MiB
1, 96 %, 44 %, 7813 MiB
2, 0 %, 0 %, 0 MiB
3, 0 %, 0 %, 0 MiB
0, 92 %, 51 %, 7813 MiB
1, 91 %, 50 %, 7813 MiB
2, 0 %, 0 %, 0 MiB
3, 0 %, 0 %, 0 MiB
0, 95 %, 45 %, 7813 MiB
1, 96 %, 46 %, 7813 MiB
2, 0 %, 0 %, 0 MiB
3, 0 %, 0 %, 0 MiB
0, 92 %, 49 %, 7813 MiB
1, 92 %, 49 %, 7813 MiB
2, 0 %, 0 %, 0 MiB
3, 0 %, 0 %, 0 MiB
0, 92 %, 42 %, 7813 MiB
1, 92 %, 41 %, 7813 MiB
2, 0 %, 0 %, 0 MiB
3, 0 %, 0 %, 0 MiB
0, 95 %, 50 %, 7813 MiB
1, 95 %, 49 %, 7813 MiB
2, 0 %, 0 %, 0 MiB
3, 0 %, 0 %, 0 MiB
0, 87 %, 43 %, 7813 MiB
1, 95 %, 42 %, 7813 MiB
2, 0 %, 0 %, 0 MiB
3, 0 %, 0 %, 0 MiB
0, 95 %, 44 %, 7813 MiB
1, 96 %, 44 %, 7813 MiB
2, 0 %, 0 %, 0 MiB
3, 0 %, 0 %, 0 MiB
0, 92 %, 51 %, 7813 MiB
1, 95 %, 49 %, 7813 MiB
2, 0 %, 0 %, 0 MiB
3, 0 %, 0 %, 0 MiB
0, 96 %, 46 %, 7813 MiB
1, 97 %, 45 %, 7813 MiB
2, 0 %, 0 %, 0 MiB
3, 0 %, 0 %, 0 MiB
0, 89 %, 47 %, 7813 MiB
1, 94 %, 48 %, 7813 MiB
2, 0 %, 0 %, 0 MiB
3, 0 %, 0 %, 0 MiB
0, 90 %, 42 %, 7813 MiB
1, 94 %, 40 %, 7813 MiB
2, 0 %, 0 %, 0 MiB
3, 0 %, 0 %, 0 MiB
0, 95 %, 45 %, 7813 MiB
1, 96 %, 49 %, 7813 MiB
2, 0 %, 0 %, 0 MiB
3, 0 %, 0 %, 0 MiB
0, 91 %, 50 %, 7813 MiB
1, 96 %, 47 %, 7813 MiB
2, 0 %, 0 %, 0 MiB
3, 0 %, 0 %, 0 MiB
0, 96 %, 43 %, 7813 MiB
1, 96 %, 44 %, 7813 MiB
2, 0 %, 0 %, 0 MiB
3, 0 %, 0 %, 0 MiB
0, 89 %, 49 %, 7813 MiB
1, 95 %, 50 %, 7813 MiB
2, 0 %, 0 %, 0 MiB
3, 0 %, 0 %, 0 MiB
0, 89 %, 40 %, 7813 MiB
1, 95 %, 44 %, 7813 MiB
2, 0 %, 0 %, 0 MiB
3, 0 %, 0 %, 0 MiB
0, 96 %, 50 %, 7813 MiB
1, 97 %, 50 %, 7813 MiB
2, 0 %, 0 %, 0 MiB
3, 0 %, 0 %, 0 MiB
0, 91 %, 46 %, 7813 MiB
1, 95 %, 44 %, 7813 MiB
2, 0 %, 0 %, 0 MiB
3, 0 %, 0 %, 0 MiB
0, 95 %, 44 %, 7813 MiB
1, 96 %, 44 %, 7813 MiB
2, 0 %, 0 %, 0 MiB
3, 0 %, 0 %, 0 MiB
0, 90 %, 50 %, 7813 MiB
1, 95 %, 50 %, 7813 MiB
2, 0 %, 0 %, 0 MiB
3, 0 %, 0 %, 0 MiB
0, 96 %, 46 %, 7813 MiB
1, 97 %, 46 %, 7813 MiB
2, 0 %, 0 %, 0 MiB
3, 0 %, 0 %, 0 MiB
0, 91 %, 49 %, 7813 MiB
1, 92 %, 47 %, 7813 MiB
2, 0 %, 0 %, 0 MiB
3, 0 %, 0 %, 0 MiB
0, 90 %, 41 %, 7813 MiB
1, 95 %, 41 %, 7813 MiB
2, 0 %, 0 %, 0 MiB
3, 0 %, 0 %, 0 MiB
0, 95 %, 45 %, 7813 MiB
1, 96 %, 47 %, 7813 MiB
2, 0 %, 0 %, 0 MiB
3, 0 %, 0 %, 0 MiB
0, 94 %, 52 %, 7813 MiB
1, 94 %, 50 %, 7813 MiB
2, 0 %, 0 %, 0 MiB
3, 0 %, 0 %, 0 MiB
0, 96 %, 43 %, 7813 MiB
1, 96 %, 42 %, 7813 MiB
2, 0 %, 0 %, 0 MiB
3, 0 %, 0 %, 0 MiB
0, 89 %, 49 %, 7813 MiB
1, 94 %, 49 %, 7813 MiB
2, 0 %, 0 %, 0 MiB
3, 0 %, 0 %, 0 MiB
0, 92 %, 42 %, 7813 MiB
1, 92 %, 40 %, 7813 MiB
2, 0 %, 0 %, 0 MiB
3, 0 %, 0 %, 0 MiB
0, 96 %, 48 %, 7813 MiB
1, 96 %, 50 %, 7813 MiB
2, 0 %, 0 %, 0 MiB
3, 0 %, 0 %, 0 MiB
0, 91 %, 48 %, 7813 MiB
1, 96 %, 47 %, 7813 MiB
2, 0 %, 0 %, 0 MiB
3, 0 %, 0 %, 0 MiB
0, 96 %, 43 %, 7813 MiB
1, 96 %, 44 %, 7813 MiB
2, 0 %, 0 %, 0 MiB
3, 0 %, 0 %, 0 MiB
0, 90 %, 50 %, 7813 MiB
1, 95 %, 49 %, 7813 MiB
2, 0 %, 0 %, 0 MiB
3, 0 %, 0 %, 0 MiB
0, 93 %, 43 %, 7813 MiB
1, 97 %, 46 %, 7813 MiB
2, 0 %, 0 %, 0 MiB
3, 0 %, 0 %, 0 MiB
0, 97 %, 50 %, 7813 MiB
1, 95 %, 48 %, 7813 MiB
2, 0 %, 0 %, 0 MiB
3, 0 %, 0 %, 0 MiB
0, 90 %, 45 %, 7813 MiB
1, 93 %, 42 %, 7813 MiB
2, 0 %, 0 %, 0 MiB
3, 0 %, 0 %, 0 MiB
0, 95 %, 43 %, 7813 MiB
1, 96 %, 44 %, 7813 MiB
2, 0 %, 0 %, 0 MiB
3, 0 %, 0 %, 0 MiB
0, 93 %, 51 %, 7813 MiB
1, 94 %, 51 %, 7813 MiB
2, 0 %, 0 %, 0 MiB
3, 0 %, 0 %, 0 MiB
0, 96 %, 44 %, 7813 MiB
1, 96 %, 43 %, 7813 MiB
2, 0 %, 0 %, 0 MiB
3, 0 %, 0 %, 0 MiB
0, 92 %, 52 %, 7813 MiB
1, 93 %, 51 %, 7813 MiB
2, 0 %, 0 %, 0 MiB
3, 0 %, 0 %, 0 MiB
0, 89 %, 41 %, 7813 MiB
1, 93 %, 41 %, 7813 MiB
2, 0 %, 0 %, 0 MiB
3, 0 %, 0 %, 0 MiB
0, 95 %, 44 %, 7813 MiB
1, 96 %, 48 %, 7813 MiB
2, 0 %, 0 %, 0 MiB
3, 0 %, 0 %, 0 MiB
0, 88 %, 49 %, 7813 MiB
1, 95 %, 50 %, 7813 MiB
2, 0 %, 0 %, 0 MiB
3, 0 %, 0 %, 0 MiB
0, 97 %, 46 %, 7813 MiB
1, 97 %, 45 %, 7813 MiB
2, 0 %, 0 %, 0 MiB
3, 0 %, 0 %, 0 MiB
0, 93 %, 49 %, 7813 MiB
1, 95 %, 47 %, 7813 MiB
2, 0 %, 0 %, 0 MiB
3, 0 %, 0 %, 0 MiB
0, 92 %, 43 %, 7813 MiB
1, 93 %, 43 %, 7813 MiB
2, 0 %, 0 %, 0 MiB
3, 0 %, 0 %, 0 MiB
0, 93 %, 49 %, 7813 MiB
1, 96 %, 47 %, 7813 MiB
2, 0 %, 0 %, 0 MiB
3, 0 %, 0 %, 0 MiB
0, 95 %, 44 %, 7813 MiB
1, 94 %, 47 %, 7813 MiB
2, 0 %, 0 %, 0 MiB
3, 0 %, 0 %, 0 MiB
0, 93 %, 51 %, 7813 MiB
1, 94 %, 51 %, 7813 MiB
2, 0 %, 0 %, 0 MiB
3, 0 %, 0 %, 0 MiB
0, 95 %, 42 %, 7813 MiB
1, 96 %, 43 %, 7813 MiB
2, 0 %, 0 %, 0 MiB
3, 0 %, 0 %, 0 MiB
0, 93 %, 51 %, 7813 MiB
1, 93 %, 51 %, 7813 MiB
2, 0 %, 0 %, 0 MiB
3, 0 %, 0 %, 0 MiB
0, 96 %, 45 %, 7813 MiB
1, 97 %, 46 %, 7813 MiB
2, 0 %, 0 %, 0 MiB
3, 0 %, 0 %, 0 MiB
0, 86 %, 46 %, 7813 MiB
1, 93 %, 49 %, 7813 MiB
2, 0 %, 0 %, 0 MiB
3, 0 %, 0 %, 0 MiB
0, 92 %, 42 %, 7813 MiB
1, 89 %, 42 %, 7813 MiB
2, 0 %, 0 %, 0 MiB
3, 0 %, 0 %, 0 MiB
0, 96 %, 47 %, 7813 MiB
1, 95 %, 47 %, 7813 MiB
2, 0 %, 0 %, 0 MiB
3, 0 %, 0 %, 0 MiB
0, 90 %, 50 %, 7813 MiB
1, 96 %, 46 %, 7813 MiB
2, 0 %, 0 %, 0 MiB
3, 0 %, 0 %, 0 MiB
0, 96 %, 44 %, 7813 MiB
1, 96 %, 42 %, 7813 MiB
2, 0 %, 0 %, 0 MiB
3, 0 %, 0 %, 0 MiB
0, 87 %, 46 %, 7813 MiB
1, 94 %, 47 %, 7813 MiB
2, 0 %, 0 %, 0 MiB
3, 0 %, 0 %, 0 MiB
0, 92 %, 43 %, 7813 MiB
1, 92 %, 42 %, 7813 MiB
2, 0 %, 0 %, 0 MiB
3, 0 %, 0 %, 0 MiB
0, 96 %, 46 %, 7813 MiB
1, 96 %, 48 %, 7813 MiB
2, 0 %, 0 %, 0 MiB
3, 0 %, 0 %, 0 MiB
0, 94 %, 48 %, 7813 MiB
1, 94 %, 46 %, 7813 MiB
2, 0 %, 0 %, 0 MiB
3, 0 %, 0 %, 0 MiB
0, 95 %, 44 %, 7813 MiB
1, 95 %, 45 %, 7813 MiB
2, 0 %, 0 %, 0 MiB
3, 0 %, 0 %, 0 MiB
0, 94 %, 52 %, 7813 MiB
1, 94 %, 50 %, 7813 MiB
2, 0 %, 0 %, 0 MiB
3, 0 %, 0 %, 0 MiB
0, 95 %, 43 %, 7813 MiB
1, 95 %, 44 %, 7813 MiB
2, 0 %, 0 %, 0 MiB
3, 0 %, 0 %, 0 MiB
0, 93 %, 51 %, 7813 MiB
1, 94 %, 51 %, 7813 MiB
2, 0 %, 0 %, 0 MiB
3, 0 %, 0 %, 0 MiB
0, 96 %, 43 %, 7813 MiB
1, 96 %, 42 %, 7813 MiB
2, 0 %, 0 %, 0 MiB
3, 0 %, 0 %, 0 MiB
0, 93 %, 51 %, 7813 MiB
1, 93 %, 51 %, 7813 MiB
2, 0 %, 0 %, 0 MiB
3, 0 %, 0 %, 0 MiB
0, 96 %, 44 %, 7813 MiB
1, 96 %, 45 %, 7813 MiB
2, 0 %, 0 %, 0 MiB
3, 0 %, 0 %, 0 MiB
0, 92 %, 51 %, 7813 MiB
1, 92 %, 50 %, 7813 MiB
2, 0 %, 0 %, 0 MiB
3, 0 %, 0 %, 0 MiB
0, 91 %, 43 %, 7813 MiB
1, 96 %, 45 %, 7813 MiB
2, 0 %, 0 %, 0 MiB
3, 0 %, 0 %, 0 MiB
0, 96 %, 49 %, 7813 MiB
1, 97 %, 50 %, 7813 MiB
2, 0 %, 0 %, 0 MiB
3, 0 %, 0 %, 0 MiB
0, 93 %, 51 %, 7813 MiB
1, 94 %, 47 %, 7813 MiB
2, 0 %, 0 %, 0 MiB
3, 0 %, 0 %, 0 MiB
0, 96 %, 44 %, 7813 MiB
1, 96 %, 44 %, 7813 MiB
2, 0 %, 0 %, 0 MiB
3, 0 %, 0 %, 0 MiB
0, 93 %, 51 %, 7813 MiB
1, 93 %, 49 %, 7813 MiB
2, 0 %, 0 %, 0 MiB
3, 0 %, 0 %, 0 MiB
0, 96 %, 45 %, 7813 MiB
1, 96 %, 46 %, 7813 MiB
2, 0 %, 0 %, 0 MiB
3, 0 %, 0 %, 0 MiB
0, 92 %, 50 %, 7813 MiB
1, 92 %, 50 %, 7813 MiB
2, 0 %, 0 %, 0 MiB
3, 0 %, 0 %, 0 MiB
0, 91 %, 42 %, 7813 MiB
1, 92 %, 43 %, 7813 MiB
2, 0 %, 0 %, 0 MiB
3, 0 %, 0 %, 0 MiB
0, 92 %, 49 %, 7813 MiB
1, 93 %, 49 %, 7813 MiB
2, 0 %, 0 %, 0 MiB
3, 0 %, 0 %, 0 MiB
0, 92 %, 43 %, 7813 MiB
1, 93 %, 42 %, 7813 MiB
2, 0 %, 0 %, 0 MiB
3, 0 %, 0 %, 0 MiB
0, 96 %, 49 %, 7813 MiB
1, 96 %, 50 %, 7813 MiB
2, 0 %, 0 %, 0 MiB
3, 0 %, 0 %, 0 MiB
0, 93 %, 46 %, 7813 MiB
1, 93 %, 43 %, 7813 MiB
2, 0 %, 0 %, 0 MiB
3, 0 %, 0 %, 0 MiB
0, 95 %, 45 %, 7813 MiB
1, 96 %, 48 %, 7813 MiB
2, 0 %, 0 %, 0 MiB
3, 0 %, 0 %, 0 MiB
0, 94 %, 49 %, 7813 MiB
1, 94 %, 46 %, 7813 MiB
2, 0 %, 0 %, 0 MiB
3, 0 %, 0 %, 0 MiB
0, 95 %, 44 %, 7813 MiB
1, 95 %, 44 %, 7813 MiB
2, 0 %, 0 %, 0 MiB
3, 0 %, 0 %, 0 MiB
0, 93 %, 51 %, 7813 MiB
1, 94 %, 51 %, 7813 MiB
2, 0 %, 0 %, 0 MiB
3, 0 %, 0 %, 0 MiB
0, 95 %, 42 %, 7813 MiB
1, 95 %, 44 %, 7813 MiB
2, 0 %, 0 %, 0 MiB
3, 0 %, 0 %, 0 MiB
0, 93 %, 51 %, 7813 MiB
1, 94 %, 51 %, 7813 MiB
2, 0 %, 0 %, 0 MiB
3, 0 %, 0 %, 0 MiB
0, 96 %, 43 %, 7813 MiB
1, 96 %, 44 %, 7813 MiB
2, 0 %, 0 %, 0 MiB
3, 0 %, 0 %, 0 MiB
0, 92 %, 51 %, 7813 MiB
1, 92 %, 51 %, 7813 MiB
2, 0 %, 0 %, 0 MiB
3, 0 %, 0 %, 0 MiB
0, 97 %, 46 %, 7813 MiB
1, 97 %, 46 %, 7813 MiB
2, 0 %, 0 %, 0 MiB
3, 0 %, 0 %, 0 MiB
0, 92 %, 50 %, 7813 MiB
1, 92 %, 49 %, 7813 MiB
2, 0 %, 0 %, 0 MiB
3, 0 %, 0 %, 0 MiB
0, 92 %, 42 %, 7813 MiB
1, 92 %, 42 %, 7813 MiB
2, 0 %, 0 %, 0 MiB
3, 0 %, 0 %, 0 MiB
0, 94 %, 49 %, 7813 MiB
1, 95 %, 49 %, 7813 MiB
2, 0 %, 0 %, 0 MiB
3, 0 %, 0 %, 0 MiB
0, 92 %, 43 %, 7813 MiB
1, 93 %, 43 %, 7813 MiB
2, 0 %, 0 %, 0 MiB
3, 0 %, 0 %, 0 MiB
0, 96 %, 48 %, 7813 MiB
1, 96 %, 49 %, 7813 MiB
2, 0 %, 0 %, 0 MiB
3, 0 %, 0 %, 0 MiB
0, 93 %, 46 %, 7813 MiB
1, 93 %, 46 %, 7813 MiB
2, 0 %, 0 %, 0 MiB
3, 0 %, 0 %, 0 MiB
0, 95 %, 44 %, 7813 MiB
1, 95 %, 45 %, 7813 MiB
2, 0 %, 0 %, 0 MiB
3, 0 %, 0 %, 0 MiB
0, 93 %, 51 %, 7813 MiB
1, 94 %, 50 %, 7813 MiB
2, 0 %, 0 %, 0 MiB
3, 0 %, 0 %, 0 MiB
0, 95 %, 43 %, 7813 MiB
1, 96 %, 44 %, 7813 MiB
2, 0 %, 0 %, 0 MiB
3, 0 %, 0 %, 0 MiB
0, 93 %, 51 %, 7813 MiB
1, 94 %, 51 %, 7813 MiB
2, 0 %, 0 %, 0 MiB
3, 0 %, 0 %, 0 MiB
0, 96 %, 43 %, 7813 MiB
1, 96 %, 43 %, 7813 MiB
2, 0 %, 0 %, 0 MiB
3, 0 %, 0 %, 0 MiB
0, 93 %, 51 %, 7813 MiB
1, 93 %, 51 %, 7813 MiB
2, 0 %, 0 %, 0 MiB
3, 0 %, 0 %, 0 MiB
0, 96 %, 45 %, 7813 MiB
1, 96 %, 45 %, 7813 MiB
2, 0 %, 0 %, 0 MiB
3, 0 %, 0 %, 0 MiB
0, 92 %, 50 %, 7813 MiB
1, 93 %, 51 %, 7813 MiB
2, 0 %, 0 %, 0 MiB
3, 0 %, 0 %, 0 MiB
0, 91 %, 42 %, 7813 MiB
1, 94 %, 44 %, 7813 MiB
2, 0 %, 0 %, 0 MiB
3, 0 %, 0 %, 0 MiB
0, 94 %, 49 %, 7813 MiB
1, 91 %, 48 %, 7813 MiB
2, 0 %, 0 %, 0 MiB
3, 0 %, 0 %, 0 MiB
0, 92 %, 43 %, 7813 MiB
1, 92 %, 42 %, 7813 MiB
2, 0 %, 0 %, 0 MiB
3, 0 %, 0 %, 0 MiB
0, 95 %, 45 %, 7813 MiB
1, 96 %, 50 %, 7813 MiB
2, 0 %, 0 %, 0 MiB
3, 0 %, 0 %, 0 MiB
0, 88 %, 49 %, 7813 MiB
1, 96 %, 49 %, 7813 MiB
2, 0 %, 0 %, 0 MiB
3, 0 %, 0 %, 0 MiB
0, 96 %, 46 %, 7813 MiB
1, 97 %, 44 %, 7813 MiB
2, 0 %, 0 %, 0 MiB
3, 0 %, 0 %, 0 MiB
0, 92 %, 49 %, 7813 MiB
1, 95 %, 47 %, 7813 MiB
2, 0 %, 0 %, 0 MiB
3, 0 %, 0 %, 0 MiB
0, 88 %, 45 %, 7813 MiB
1, 95 %, 44 %, 7813 MiB
2, 0 %, 0 %, 0 MiB
3, 0 %, 0 %, 0 MiB
0, 96 %, 42 %, 7813 MiB
1, 96 %, 44 %, 7813 MiB
2, 0 %, 0 %, 0 MiB
3, 0 %, 0 %, 0 MiB
0, 93 %, 51 %, 7813 MiB
1, 93 %, 51 %, 7813 MiB
2, 0 %, 0 %, 0 MiB
3, 0 %, 0 %, 0 MiB
0, 96 %, 45 %, 7813 MiB
1, 96 %, 46 %, 7813 MiB
2, 0 %, 0 %, 0 MiB
3, 0 %, 0 %, 0 MiB
0, 92 %, 50 %, 7813 MiB
1, 92 %, 50 %, 7813 MiB
2, 0 %, 0 %, 0 MiB
3, 0 %, 0 %, 0 MiB
0, 91 %, 42 %, 7813 MiB
1, 92 %, 42 %, 7813 MiB
2, 0 %, 0 %, 0 MiB
3, 0 %, 0 %, 0 MiB
0, 93 %, 49 %, 7813 MiB
1, 94 %, 49 %, 7813 MiB
2, 0 %, 0 %, 0 MiB
3, 0 %, 0 %, 0 MiB
0, 92 %, 43 %, 7813 MiB
1, 93 %, 43 %, 7813 MiB
2, 0 %, 0 %, 0 MiB
3, 0 %, 0 %, 0 MiB
0, 96 %, 49 %, 7813 MiB
1, 96 %, 49 %, 7813 MiB
2, 0 %, 0 %, 0 MiB
3, 0 %, 0 %, 0 MiB
0, 93 %, 46 %, 7813 MiB
1, 93 %, 46 %, 7813 MiB
2, 0 %, 0 %, 0 MiB
3, 0 %, 0 %, 0 MiB
0, 95 %, 44 %, 7813 MiB
1, 95 %, 45 %, 7813 MiB
2, 0 %, 0 %, 0 MiB
3, 0 %, 0 %, 0 MiB
0, 93 %, 51 %, 7813 MiB
1, 94 %, 51 %, 7813 MiB
2, 0 %, 0 %, 0 MiB
3, 0 %, 0 %, 0 MiB
0, 96 %, 43 %, 7813 MiB
1, 96 %, 43 %, 7813 MiB
2, 0 %, 0 %, 0 MiB
3, 0 %, 0 %, 0 MiB
0, 93 %, 51 %, 7813 MiB
1, 93 %, 51 %, 7813 MiB
2, 0 %, 0 %, 0 MiB
3, 0 %, 0 %, 0 MiB
0, 97 %, 46 %, 7813 MiB
1, 96 %, 45 %, 7813 MiB
2, 0 %, 0 %, 0 MiB
3, 0 %, 0 %, 0 MiB
0, 91 %, 50 %, 7813 MiB
1, 92 %, 50 %, 7813 MiB
2, 0 %, 0 %, 0 MiB
3, 0 %, 0 %, 0 MiB
0, 92 %, 42 %, 7813 MiB
1, 93 %, 44 %, 7813 MiB
2, 0 %, 0 %, 0 MiB
3, 0 %, 0 %, 0 MiB
0, 93 %, 49 %, 7813 MiB
1, 91 %, 48 %, 7813 MiB
2, 0 %, 0 %, 0 MiB
3, 0 %, 0 %, 0 MiB
0, 92 %, 43 %, 7813 MiB
1, 92 %, 42 %, 7813 MiB
2, 0 %, 0 %, 0 MiB
3, 0 %, 0 %, 0 MiB
0, 96 %, 50 %, 7813 MiB
1, 96 %, 50 %, 7813 MiB
2, 0 %, 0 %, 0 MiB
3, 0 %, 0 %, 0 MiB
0, 88 %, 43 %, 7813 MiB
1, 95 %, 45 %, 7813 MiB
2, 0 %, 0 %, 0 MiB
3, 0 %, 0 %, 0 MiB
0, 95 %, 43 %, 7813 MiB
1, 96 %, 44 %, 7813 MiB
2, 0 %, 0 %, 0 MiB
3, 0 %, 0 %, 0 MiB
0, 88 %, 49 %, 7813 MiB
1, 88 %, 48 %, 7813 MiB
2, 0 %, 0 %, 0 MiB
3, 0 %, 0 %, 0 MiB
0, 88 %, 40 %, 7813 MiB
1, 92 %, 42 %, 7813 MiB
2, 0 %, 0 %, 0 MiB
3, 0 %, 0 %, 0 MiB
0, 90 %, 46 %, 7813 MiB
1, 96 %, 50 %, 7813 MiB
2, 0 %, 0 %, 0 MiB
3, 0 %, 0 %, 0 MiB
0, 95 %, 43 %, 7813 MiB
1, 96 %, 48 %, 7813 MiB
2, 0 %, 0 %, 0 MiB
3, 0 %, 0 %, 0 MiB
0, 89 %, 50 %, 7813 MiB
1, 96 %, 43 %, 7813 MiB
2, 0 %, 0 %, 0 MiB
3, 0 %, 0 %, 0 MiB
0, 89 %, 42 %, 7813 MiB
1, 92 %, 43 %, 7813 MiB
2, 0 %, 0 %, 0 MiB
3, 0 %, 0 %, 0 MiB
0, 97 %, 50 %, 7813 MiB
1, 97 %, 50 %, 7813 MiB
2, 0 %, 0 %, 0 MiB
3, 0 %, 0 %, 0 MiB
0, 94 %, 49 %, 7813 MiB
1, 94 %, 47 %, 7813 MiB
2, 0 %, 0 %, 0 MiB
3, 0 %, 0 %, 0 MiB
0, 95 %, 44 %, 7813 MiB
1, 95 %, 44 %, 7813 MiB
2, 0 %, 0 %, 0 MiB
3, 0 %, 0 %, 0 MiB
0, 93 %, 51 %, 7813 MiB
1, 93 %, 50 %, 7813 MiB
2, 0 %, 0 %, 0 MiB
3, 0 %, 0 %, 0 MiB
0, 96 %, 42 %, 7813 MiB
1, 96 %, 43 %, 7813 MiB
2, 0 %, 0 %, 0 MiB
3, 0 %, 0 %, 0 MiB
0, 93 %, 51 %, 7813 MiB
1, 93 %, 51 %, 7813 MiB
2, 0 %, 0 %, 0 MiB
3, 0 %, 0 %, 0 MiB
0, 96 %, 45 %, 7813 MiB
1, 96 %, 45 %, 7813 MiB
2, 0 %, 0 %, 0 MiB
3, 0 %, 0 %, 0 MiB
0, 92 %, 50 %, 7813 MiB
1, 93 %, 51 %, 7813 MiB
2, 0 %, 0 %, 0 MiB
3, 0 %, 0 %, 0 MiB
0, 91 %, 43 %, 7813 MiB
1, 95 %, 46 %, 7813 MiB
2, 0 %, 0 %, 0 MiB
3, 0 %, 0 %, 0 MiB
0, 91 %, 48 %, 7813 MiB
1, 92 %, 48 %, 7813 MiB
2, 0 %, 0 %, 0 MiB
3, 0 %, 0 %, 0 MiB
0, 92 %, 43 %, 7813 MiB
1, 92 %, 42 %, 7813 MiB
2, 0 %, 0 %, 0 MiB
3, 0 %, 0 %, 0 MiB
0, 95 %, 46 %, 7813 MiB
1, 96 %, 50 %, 7813 MiB
2, 0 %, 0 %, 0 MiB
3, 0 %, 0 %, 0 MiB
0, 93 %, 50 %, 7813 MiB
1, 94 %, 49 %, 7813 MiB
2, 0 %, 0 %, 0 MiB
3, 0 %, 0 %, 0 MiB
0, 95 %, 44 %, 7813 MiB
1, 95 %, 44 %, 7813 MiB
2, 0 %, 0 %, 0 MiB
3, 0 %, 0 %, 0 MiB
0, 93 %, 51 %, 7813 MiB
1, 93 %, 51 %, 7813 MiB
2, 0 %, 0 %, 0 MiB
3, 0 %, 0 %, 0 MiB
0, 96 %, 44 %, 7813 MiB
1, 96 %, 44 %, 7813 MiB
2, 0 %, 0 %, 0 MiB
3, 0 %, 0 %, 0 MiB
0, 88 %, 47 %, 7813 MiB
1, 93 %, 48 %, 7813 MiB
2, 0 %, 0 %, 0 MiB
3, 0 %, 0 %, 0 MiB
0, 89 %, 41 %, 7813 MiB
1, 94 %, 41 %, 7813 MiB
2, 0 %, 0 %, 0 MiB
3, 0 %, 0 %, 0 MiB
0, 96 %, 47 %, 7813 MiB
1, 95 %, 45 %, 7813 MiB
2, 0 %, 0 %, 0 MiB
3, 0 %, 0 %, 0 MiB
0, 94 %, 50 %, 7813 MiB
1, 88 %, 49 %, 7813 MiB
2, 0 %, 0 %, 0 MiB
3, 0 %, 0 %, 0 MiB
0, 97 %, 44 %, 7813 MiB
1, 96 %, 46 %, 7813 MiB
2, 0 %, 0 %, 0 MiB
3, 0 %, 0 %, 0 MiB
0, 89 %, 47 %, 7813 MiB
1, 94 %, 46 %, 7813 MiB
2, 0 %, 0 %, 0 MiB
3, 0 %, 0 %, 0 MiB
0, 88 %, 44 %, 7813 MiB
1, 95 %, 42 %, 7813 MiB
2, 0 %, 0 %, 0 MiB
3, 0 %, 0 %, 0 MiB
0, 95 %, 43 %, 7813 MiB
1, 96 %, 44 %, 7813 MiB
2, 0 %, 0 %, 0 MiB
3, 0 %, 0 %, 0 MiB
0, 87 %, 48 %, 7813 MiB
1, 95 %, 49 %, 7813 MiB
2, 0 %, 0 %, 0 MiB
3, 0 %, 0 %, 0 MiB
0, 87 %, 39 %, 7813 MiB
1, 94 %, 41 %, 7813 MiB
2, 0 %, 0 %, 0 MiB
3, 0 %, 0 %, 0 MiB
0, 95 %, 45 %, 7813 MiB
1, 96 %, 48 %, 7813 MiB
2, 0 %, 0 %, 0 MiB
3, 0 %, 0 %, 0 MiB
0, 94 %, 52 %, 7813 MiB
1, 94 %, 51 %, 7813 MiB
2, 0 %, 0 %, 0 MiB
3, 0 %, 0 %, 0 MiB
0, 96 %, 43 %, 7813 MiB
1, 96 %, 42 %, 7813 MiB
2, 0 %, 0 %, 0 MiB
3, 0 %, 0 %, 0 MiB
0, 92 %, 51 %, 7813 MiB
1, 93 %, 50 %, 7813 MiB
2, 0 %, 0 %, 0 MiB
3, 0 %, 0 %, 0 MiB
0, 90 %, 42 %, 7813 MiB
1, 96 %, 46 %, 7813 MiB
2, 0 %, 0 %, 0 MiB
3, 0 %, 0 %, 0 MiB
0, 96 %, 50 %, 7813 MiB
1, 95 %, 47 %, 7813 MiB
2, 0 %, 0 %, 0 MiB
3, 0 %, 0 %, 0 MiB
0, 89 %, 45 %, 7813 MiB
1, 88 %, 40 %, 7813 MiB
2, 0 %, 0 %, 0 MiB
3, 0 %, 0 %, 0 MiB
0, 96 %, 45 %, 7813 MiB
1, 96 %, 45 %, 7813 MiB
2, 0 %, 0 %, 0 MiB
3, 0 %, 0 %, 0 MiB
0, 88 %, 49 %, 7813 MiB
1, 88 %, 49 %, 7813 MiB
2, 0 %, 0 %, 0 MiB
3, 0 %, 0 %, 0 MiB
0, 96 %, 46 %, 7813 MiB
1, 96 %, 46 %, 7813 MiB
2, 0 %, 0 %, 0 MiB
3, 0 %, 0 %, 0 MiB
0, 91 %, 47 %, 7813 MiB
1, 89 %, 48 %, 7813 MiB
2, 0 %, 0 %, 0 MiB
3, 0 %, 0 %, 0 MiB
0, 92 %, 42 %, 7813 MiB
1, 89 %, 42 %, 7813 MiB
2, 0 %, 0 %, 0 MiB
3, 0 %, 0 %, 0 MiB
0, 95 %, 46 %, 7813 MiB
1, 96 %, 46 %, 7813 MiB
2, 0 %, 0 %, 0 MiB
3, 0 %, 0 %, 0 MiB
0, 93 %, 49 %, 7813 MiB
1, 90 %, 51 %, 7813 MiB
2, 0 %, 0 %, 0 MiB
3, 0 %, 0 %, 0 MiB
0, 96 %, 42 %, 7813 MiB
1, 96 %, 42 %, 7813 MiB
2, 0 %, 0 %, 0 MiB
3, 0 %, 0 %, 0 MiB
0, 92 %, 51 %, 7813 MiB
1, 89 %, 49 %, 7813 MiB
2, 0 %, 0 %, 0 MiB
3, 0 %, 0 %, 0 MiB
0, 93 %, 44 %, 7813 MiB
1, 90 %, 42 %, 7813 MiB
2, 0 %, 0 %, 0 MiB
3, 0 %, 0 %, 0 MiB
0, 96 %, 49 %, 7813 MiB
1, 97 %, 50 %, 7813 MiB
2, 0 %, 0 %, 0 MiB
3, 0 %, 0 %, 0 MiB
0, 92 %, 44 %, 7813 MiB
1, 89 %, 43 %, 7813 MiB
2, 0 %, 0 %, 0 MiB
3, 0 %, 0 %, 0 MiB
0, 96 %, 44 %, 7813 MiB
1, 95 %, 44 %, 7813 MiB
2, 0 %, 0 %, 0 MiB
3, 0 %, 0 %, 0 MiB
0, 93 %, 50 %, 7813 MiB
1, 90 %, 50 %, 7813 MiB
2, 0 %, 0 %, 0 MiB
3, 0 %, 0 %, 0 MiB
0, 96 %, 44 %, 7813 MiB
1, 96 %, 45 %, 7813 MiB
2, 0 %, 0 %, 0 MiB
3, 0 %, 0 %, 0 MiB
0, 89 %, 47 %, 7813 MiB
1, 92 %, 46 %, 7813 MiB
2, 0 %, 0 %, 0 MiB
3, 0 %, 0 %, 0 MiB
0, 88 %, 45 %, 7813 MiB
1, 92 %, 43 %, 7813 MiB
2, 0 %, 0 %, 0 MiB
3, 0 %, 0 %, 0 MiB
0, 95 %, 43 %, 7813 MiB
1, 96 %, 44 %, 7813 MiB
2, 0 %, 0 %, 0 MiB
3, 0 %, 0 %, 0 MiB
0, 86 %, 47 %, 7813 MiB
1, 91 %, 48 %, 7813 MiB
2, 0 %, 0 %, 0 MiB
3, 0 %, 0 %, 0 MiB
0, 87 %, 40 %, 7813 MiB
1, 91 %, 38 %, 7813 MiB
2, 0 %, 0 %, 0 MiB
3, 0 %, 0 %, 0 MiB
0, 96 %, 45 %, 7813 MiB
1, 96 %, 46 %, 7813 MiB
2, 0 %, 0 %, 0 MiB
3, 0 %, 0 %, 0 MiB
0, 93 %, 51 %, 7813 MiB
1, 93 %, 48 %, 7813 MiB
2, 0 %, 0 %, 0 MiB
3, 0 %, 0 %, 0 MiB
0, 95 %, 43 %, 7813 MiB
1, 95 %, 45 %, 7813 MiB
2, 0 %, 0 %, 0 MiB
3, 0 %, 0 %, 0 MiB
0, 93 %, 51 %, 7813 MiB
1, 94 %, 51 %, 7813 MiB
2, 0 %, 0 %, 0 MiB
3, 0 %, 0 %, 0 MiB
0, 95 %, 42 %, 7813 MiB
1, 96 %, 43 %, 7813 MiB
2, 0 %, 0 %, 0 MiB
3, 0 %, 0 %, 0 MiB
0, 93 %, 51 %, 7813 MiB
1, 94 %, 51 %, 7813 MiB
2, 0 %, 0 %, 0 MiB
3, 0 %, 0 %, 0 MiB
0, 96 %, 44 %, 7813 MiB
1, 96 %, 44 %, 7813 MiB
2, 0 %, 0 %, 0 MiB
3, 0 %, 0 %, 0 MiB
0, 92 %, 52 %, 7813 MiB
1, 93 %, 51 %, 7813 MiB
2, 0 %, 0 %, 0 MiB
3, 0 %, 0 %, 0 MiB
0, 97 %, 46 %, 7813 MiB
1, 97 %, 47 %, 7813 MiB
2, 0 %, 0 %, 0 MiB
3, 0 %, 0 %, 0 MiB
0, 91 %, 49 %, 7813 MiB
1, 92 %, 49 %, 7813 MiB
2, 0 %, 0 %, 0 MiB
3, 0 %, 0 %, 0 MiB
0, 92 %, 41 %, 7813 MiB
1, 92 %, 41 %, 7813 MiB
2, 0 %, 0 %, 0 MiB
3, 0 %, 0 %, 0 MiB
0, 96 %, 50 %, 7813 MiB
1, 96 %, 50 %, 7813 MiB
2, 0 %, 0 %, 0 MiB
3, 0 %, 0 %, 0 MiB
0, 93 %, 43 %, 7813 MiB
1, 93 %, 43 %, 7813 MiB
2, 0 %, 0 %, 0 MiB
3, 0 %, 0 %, 0 MiB
0, 96 %, 48 %, 7813 MiB
1, 96 %, 48 %, 7813 MiB
2, 0 %, 0 %, 0 MiB
3, 0 %, 0 %, 0 MiB
0, 93 %, 47 %, 7813 MiB
1, 94 %, 46 %, 7813 MiB
2, 0 %, 0 %, 0 MiB
3, 0 %, 0 %, 0 MiB
0, 95 %, 44 %, 7813 MiB
1, 95 %, 45 %, 7813 MiB
2, 0 %, 0 %, 0 MiB
3, 0 %, 0 %, 0 MiB
0, 93 %, 51 %, 7813 MiB
1, 94 %, 50 %, 7813 MiB
2, 0 %, 0 %, 0 MiB
3, 0 %, 0 %, 0 MiB
0, 95 %, 43 %, 7813 MiB
1, 95 %, 44 %, 7813 MiB
2, 0 %, 0 %, 0 MiB
3, 0 %, 0 %, 0 MiB
0, 93 %, 51 %, 7813 MiB
1, 93 %, 51 %, 7813 MiB
2, 0 %, 0 %, 0 MiB
3, 0 %, 0 %, 0 MiB
0, 96 %, 43 %, 7813 MiB
1, 96 %, 43 %, 7813 MiB
2, 0 %, 0 %, 0 MiB
3, 0 %, 0 %, 0 MiB
0, 92 %, 51 %, 7813 MiB
1, 92 %, 50 %, 7813 MiB
2, 0 %, 0 %, 0 MiB
3, 0 %, 0 %, 0 MiB
0, 97 %, 46 %, 7813 MiB
1, 96 %, 45 %, 7813 MiB
2, 0 %, 0 %, 0 MiB
3, 0 %, 0 %, 0 MiB
0, 91 %, 47 %, 7813 MiB
1, 89 %, 48 %, 7813 MiB
2, 0 %, 0 %, 0 MiB
3, 0 %, 0 %, 0 MiB
0, 92 %, 43 %, 7813 MiB
1, 91 %, 42 %, 7813 MiB
2, 0 %, 0 %, 0 MiB
3, 0 %, 0 %, 0 MiB
0, 96 %, 48 %, 7813 MiB
1, 96 %, 50 %, 7813 MiB
2, 0 %, 0 %, 0 MiB
3, 0 %, 0 %, 0 MiB
0, 93 %, 47 %, 7813 MiB
1, 90 %, 46 %, 7813 MiB
2, 0 %, 0 %, 0 MiB
3, 0 %, 0 %, 0 MiB
0, 95 %, 44 %, 7813 MiB
1, 95 %, 44 %, 7813 MiB
2, 0 %, 0 %, 0 MiB
3, 0 %, 0 %, 0 MiB
0, 87 %, 49 %, 7813 MiB
1, 92 %, 48 %, 7813 MiB
2, 0 %, 0 %, 0 MiB
3, 0 %, 0 %, 0 MiB
0, 86 %, 40 %, 7813 MiB
1, 90 %, 41 %, 7813 MiB
2, 0 %, 0 %, 0 MiB
3, 0 %, 0 %, 0 MiB
0, 96 %, 49 %, 7813 MiB
1, 96 %, 50 %, 7813 MiB
2, 0 %, 0 %, 0 MiB
3, 0 %, 0 %, 0 MiB
0, 90 %, 46 %, 7813 MiB
1, 96 %, 46 %, 7813 MiB
2, 0 %, 0 %, 0 MiB
3, 0 %, 0 %, 0 MiB
0, 95 %, 44 %, 7813 MiB
1, 95 %, 44 %, 7813 MiB
2, 0 %, 0 %, 0 MiB
3, 0 %, 0 %, 0 MiB
0, 88 %, 49 %, 7813 MiB
1, 95 %, 48 %, 7813 MiB
2, 0 %, 0 %, 0 MiB
3, 0 %, 0 %, 0 MiB
0, 88 %, 41 %, 7813 MiB
1, 96 %, 44 %, 7813 MiB
2, 0 %, 0 %, 0 MiB
3, 0 %, 0 %, 0 MiB
0, 96 %, 48 %, 7813 MiB
1, 97 %, 50 %, 7813 MiB
2, 0 %, 0 %, 0 MiB
3, 0 %, 0 %, 0 MiB
0, 93 %, 50 %, 7813 MiB
1, 95 %, 47 %, 7813 MiB
2, 0 %, 0 %, 0 MiB
3, 0 %, 0 %, 0 MiB
0, 96 %, 42 %, 7813 MiB
1, 96 %, 42 %, 7813 MiB
2, 0 %, 0 %, 0 MiB
3, 0 %, 0 %, 0 MiB
0, 91 %, 50 %, 7813 MiB
1, 94 %, 49 %, 7813 MiB
2, 0 %, 0 %, 0 MiB
3, 0 %, 0 %, 0 MiB
0, 96 %, 50 %, 7813 MiB
1, 97 %, 50 %, 7813 MiB
2, 0 %, 0 %, 0 MiB
3, 0 %, 0 %, 0 MiB
0, 90 %, 46 %, 7813 MiB
1, 90 %, 45 %, 7813 MiB
2, 0 %, 0 %, 0 MiB
3, 0 %, 0 %, 0 MiB
0, 95 %, 43 %, 7813 MiB
1, 95 %, 44 %, 7813 MiB
2, 0 %, 0 %, 0 MiB
3, 0 %, 0 %, 0 MiB
0, 92 %, 51 %, 7813 MiB
1, 95 %, 49 %, 7813 MiB
2, 0 %, 0 %, 0 MiB
3, 0 %, 0 %, 0 MiB
0, 97 %, 46 %, 7813 MiB
1, 96 %, 45 %, 7813 MiB
2, 0 %, 0 %, 0 MiB
3, 0 %, 0 %, 0 MiB
0, 89 %, 47 %, 7813 MiB
1, 94 %, 49 %, 7813 MiB
2, 0 %, 0 %, 0 MiB
3, 0 %, 0 %, 0 MiB
0, 91 %, 42 %, 7813 MiB
1, 93 %, 40 %, 7813 MiB
2, 0 %, 0 %, 0 MiB
3, 0 %, 0 %, 0 MiB
0, 95 %, 46 %, 7813 MiB
1, 96 %, 50 %, 7813 MiB
2, 0 %, 0 %, 0 MiB
3, 0 %, 0 %, 0 MiB
0, 96 %, 49 %, 7813 MiB
1, 97 %, 50 %, 7813 MiB
2, 0 %, 0 %, 0 MiB
3, 0 %, 0 %, 0 MiB
0, 92 %, 47 %, 7813 MiB
1, 94 %, 43 %, 7813 MiB
2, 0 %, 0 %, 0 MiB
3, 0 %, 0 %, 0 MiB
0, 95 %, 44 %, 7813 MiB
1, 96 %, 45 %, 7813 MiB
2, 0 %, 0 %, 0 MiB
3, 0 %, 0 %, 0 MiB
0, 91 %, 50 %, 7813 MiB
1, 95 %, 50 %, 7813 MiB
2, 0 %, 0 %, 0 MiB
3, 0 %, 0 %, 0 MiB
0, 96 %, 43 %, 7813 MiB
1, 96 %, 43 %, 7813 MiB
2, 0 %, 0 %, 0 MiB
3, 0 %, 0 %, 0 MiB
0, 90 %, 49 %, 7813 MiB
1, 94 %, 50 %, 7813 MiB
2, 0 %, 0 %, 0 MiB
3, 0 %, 0 %, 0 MiB
0, 90 %, 41 %, 7813 MiB
1, 93 %, 42 %, 7813 MiB
2, 0 %, 0 %, 0 MiB
3, 0 %, 0 %, 0 MiB
0, 96 %, 50 %, 7813 MiB
1, 97 %, 50 %, 7813 MiB
2, 0 %, 0 %, 0 MiB
3, 0 %, 0 %, 0 MiB
0, 91 %, 46 %, 7813 MiB
1, 94 %, 44 %, 7813 MiB
2, 0 %, 0 %, 0 MiB
3, 0 %, 0 %, 0 MiB
0, 95 %, 44 %, 7813 MiB
1, 96 %, 44 %, 7813 MiB
2, 0 %, 0 %, 0 MiB
3, 0 %, 0 %, 0 MiB
0, 91 %, 50 %, 7813 MiB
1, 96 %, 51 %, 7813 MiB
2, 0 %, 0 %, 0 MiB
3, 0 %, 0 %, 0 MiB
0, 96 %, 44 %, 7813 MiB
1, 96 %, 44 %, 7813 MiB
2, 0 %, 0 %, 0 MiB
3, 0 %, 0 %, 0 MiB
0, 92 %, 50 %, 7813 MiB
1, 93 %, 49 %, 7813 MiB
2, 0 %, 0 %, 0 MiB
3, 0 %, 0 %, 0 MiB
0, 89 %, 41 %, 7813 MiB
1, 94 %, 42 %, 7813 MiB
2, 0 %, 0 %, 0 MiB
3, 0 %, 0 %, 0 MiB
0, 96 %, 50 %, 7813 MiB
1, 96 %, 50 %, 7813 MiB
2, 0 %, 0 %, 0 MiB
3, 0 %, 0 %, 0 MiB
0, 93 %, 46 %, 7813 MiB
1, 93 %, 45 %, 7813 MiB
2, 0 %, 0 %, 0 MiB
3, 0 %, 0 %, 0 MiB
0, 95 %, 44 %, 7813 MiB
1, 96 %, 45 %, 7813 MiB
2, 0 %, 0 %, 0 MiB
3, 0 %, 0 %, 0 MiB
0, 91 %, 50 %, 7813 MiB
1, 95 %, 50 %, 7813 MiB
2, 0 %, 0 %, 0 MiB
3, 0 %, 0 %, 0 MiB
0, 96 %, 44 %, 7813 MiB
1, 96 %, 44 %, 7813 MiB
2, 0 %, 0 %, 0 MiB
3, 0 %, 0 %, 0 MiB
0, 92 %, 51 %, 7813 MiB
1, 93 %, 51 %, 7813 MiB
2, 0 %, 0 %, 0 MiB
3, 0 %, 0 %, 0 MiB
0, 93 %, 44 %, 7813 MiB
1, 97 %, 46 %, 7813 MiB
2, 0 %, 0 %, 0 MiB
3, 0 %, 0 %, 0 MiB
0, 91 %, 48 %, 7813 MiB
1, 92 %, 49 %, 7813 MiB
2, 0 %, 0 %, 0 MiB
3, 0 %, 0 %, 0 MiB
0, 92 %, 42 %, 7813 MiB
1, 92 %, 42 %, 7813 MiB
2, 0 %, 0 %, 0 MiB
3, 0 %, 0 %, 0 MiB
0, 96 %, 50 %, 7813 MiB
1, 97 %, 49 %, 7813 MiB
2, 0 %, 0 %, 0 MiB
3, 0 %, 0 %, 0 MiB
0, 89 %, 45 %, 7813 MiB
1, 95 %, 44 %, 7813 MiB
2, 0 %, 0 %, 0 MiB
3, 0 %, 0 %, 0 MiB
0, 95 %, 43 %, 7813 MiB
1, 96 %, 44 %, 7813 MiB
2, 0 %, 0 %, 0 MiB
3, 0 %, 0 %, 0 MiB
0, 87 %, 48 %, 7813 MiB
1, 95 %, 49 %, 7813 MiB
2, 0 %, 0 %, 0 MiB
3, 0 %, 0 %, 0 MiB
0, 87 %, 39 %, 7813 MiB
1, 94 %, 40 %, 7813 MiB
2, 0 %, 0 %, 0 MiB
3, 0 %, 0 %, 0 MiB
0, 96 %, 47 %, 7815 MiB
1, 96 %, 46 %, 7813 MiB
2, 0 %, 0 %, 0 MiB
3, 0 %, 0 %, 0 MiB
0, 94 %, 50 %, 7815 MiB
1, 88 %, 49 %, 7815 MiB
2, 0 %, 0 %, 0 MiB
3, 0 %, 0 %, 0 MiB
0, 96 %, 45 %, 7815 MiB
1, 96 %, 45 %, 7815 MiB
2, 0 %, 0 %, 0 MiB
3, 0 %, 0 %, 0 MiB
0, 91 %, 50 %, 7815 MiB
1, 92 %, 49 %, 7815 MiB
2, 0 %, 0 %, 0 MiB
3, 0 %, 0 %, 0 MiB
0, 91 %, 42 %, 7815 MiB
1, 92 %, 42 %, 7815 MiB
2, 0 %, 0 %, 0 MiB
3, 0 %, 0 %, 0 MiB
0, 93 %, 49 %, 7815 MiB
1, 95 %, 49 %, 7815 MiB
2, 0 %, 0 %, 0 MiB
3, 0 %, 0 %, 0 MiB
0, 92 %, 43 %, 7815 MiB
1, 93 %, 43 %, 7815 MiB
2, 0 %, 0 %, 0 MiB
3, 0 %, 0 %, 0 MiB
0, 96 %, 49 %, 7815 MiB
1, 96 %, 49 %, 7815 MiB
2, 0 %, 0 %, 0 MiB
3, 0 %, 0 %, 0 MiB
0, 93 %, 46 %, 7815 MiB
1, 93 %, 46 %, 7815 MiB
2, 0 %, 0 %, 0 MiB
3, 0 %, 0 %, 0 MiB
0, 95 %, 44 %, 7815 MiB
1, 95 %, 45 %, 7815 MiB
2, 0 %, 0 %, 0 MiB
3, 0 %, 0 %, 0 MiB
0, 94 %, 50 %, 7815 MiB
1, 94 %, 50 %, 7815 MiB
2, 0 %, 0 %, 0 MiB
3, 0 %, 0 %, 0 MiB
0, 95 %, 44 %, 7815 MiB
1, 95 %, 44 %, 7815 MiB
2, 0 %, 0 %, 0 MiB
3, 0 %, 0 %, 0 MiB
0, 93 %, 51 %, 7815 MiB
1, 94 %, 51 %, 7815 MiB
2, 0 %, 0 %, 0 MiB
3, 0 %, 0 %, 0 MiB
0, 96 %, 42 %, 7815 MiB
1, 96 %, 43 %, 7815 MiB
2, 0 %, 0 %, 0 MiB
3, 0 %, 0 %, 0 MiB
0, 93 %, 51 %, 7815 MiB
1, 94 %, 51 %, 7815 MiB
2, 0 %, 0 %, 0 MiB
3, 0 %, 0 %, 0 MiB
0, 97 %, 46 %, 7815 MiB
1, 96 %, 44 %, 7815 MiB
2, 0 %, 0 %, 0 MiB
3, 0 %, 0 %, 0 MiB
0, 92 %, 49 %, 7815 MiB
1, 92 %, 47 %, 7815 MiB
2, 0 %, 0 %, 0 MiB
3, 0 %, 0 %, 0 MiB
0, 89 %, 42 %, 7815 MiB
1, 93 %, 40 %, 7815 MiB
2, 0 %, 0 %, 0 MiB
3, 0 %, 0 %, 0 MiB
0, 95 %, 44 %, 7815 MiB
1, 96 %, 46 %, 7815 MiB
2, 0 %, 0 %, 0 MiB
3, 0 %, 0 %, 0 MiB
0, 93 %, 51 %, 7815 MiB
1, 94 %, 49 %, 7815 MiB
2, 0 %, 0 %, 0 MiB
3, 0 %, 0 %, 0 MiB
0, 95 %, 42 %, 7815 MiB
1, 96 %, 42 %, 7815 MiB
2, 0 %, 0 %, 0 MiB
3, 0 %, 0 %, 0 MiB
0, 93 %, 51 %, 7815 MiB
1, 93 %, 51 %, 7815 MiB
2, 0 %, 0 %, 0 MiB
3, 0 %, 0 %, 0 MiB
0, 97 %, 45 %, 7815 MiB
1, 97 %, 47 %, 7815 MiB
2, 0 %, 0 %, 0 MiB
3, 0 %, 0 %, 0 MiB
0, 92 %, 50 %, 7815 MiB
1, 92 %, 50 %, 7815 MiB
2, 0 %, 0 %, 0 MiB
3, 0 %, 0 %, 0 MiB
0, 91 %, 42 %, 7815 MiB
1, 92 %, 42 %, 7815 MiB
2, 0 %, 0 %, 0 MiB
3, 0 %, 0 %, 0 MiB
0, 94 %, 49 %, 7815 MiB
1, 95 %, 49 %, 7815 MiB
2, 0 %, 0 %, 0 MiB
3, 0 %, 0 %, 0 MiB
0, 92 %, 43 %, 7815 MiB
1, 92 %, 43 %, 7815 MiB
2, 0 %, 0 %, 0 MiB
3, 0 %, 0 %, 0 MiB
0, 95 %, 48 %, 7815 MiB
1, 95 %, 49 %, 7815 MiB
2, 0 %, 0 %, 0 MiB
3, 0 %, 0 %, 0 MiB
0, 93 %, 46 %, 7815 MiB
1, 93 %, 46 %, 7815 MiB
2, 0 %, 0 %, 0 MiB
3, 0 %, 0 %, 0 MiB
0, 95 %, 44 %, 7815 MiB
1, 95 %, 44 %, 7815 MiB
2, 0 %, 0 %, 0 MiB
3, 0 %, 0 %, 0 MiB
0, 93 %, 50 %, 7815 MiB
1, 90 %, 50 %, 7815 MiB
2, 0 %, 0 %, 0 MiB
3, 0 %, 0 %, 0 MiB
0, 97 %, 44 %, 7815 MiB
1, 96 %, 46 %, 7815 MiB
2, 0 %, 0 %, 0 MiB
3, 0 %, 0 %, 0 MiB
0, 89 %, 47 %, 7815 MiB
1, 94 %, 48 %, 7815 MiB
2, 0 %, 0 %, 0 MiB
3, 0 %, 0 %, 0 MiB
0, 91 %, 42 %, 7815 MiB
1, 93 %, 41 %, 7815 MiB
2, 0 %, 0 %, 0 MiB
3, 0 %, 0 %, 0 MiB
0, 95 %, 47 %, 7815 MiB
1, 96 %, 50 %, 7815 MiB
2, 0 %, 0 %, 0 MiB
3, 0 %, 0 %, 0 MiB
0, 92 %, 48 %, 7815 MiB
1, 95 %, 45 %, 7815 MiB
2, 0 %, 0 %, 0 MiB
3, 0 %, 0 %, 0 MiB
0, 95 %, 43 %, 7815 MiB
1, 95 %, 44 %, 7815 MiB
2, 0 %, 0 %, 0 MiB
3, 0 %, 0 %, 0 MiB
0, 93 %, 50 %, 7815 MiB
1, 90 %, 50 %, 7815 MiB
2, 0 %, 0 %, 0 MiB
3, 0 %, 0 %, 0 MiB
0, 96 %, 45 %, 7815 MiB
1, 96 %, 44 %, 7815 MiB
2, 0 %, 0 %, 0 MiB
3, 0 %, 0 %, 0 MiB
0, 92 %, 47 %, 7815 MiB
1, 88 %, 48 %, 7815 MiB
2, 0 %, 0 %, 0 MiB
3, 0 %, 0 %, 0 MiB
0, 87 %, 40 %, 7815 MiB
1, 95 %, 42 %, 7815 MiB
2, 0 %, 0 %, 0 MiB
3, 0 %, 0 %, 0 MiB
0, 95 %, 45 %, 7815 MiB
1, 96 %, 47 %, 7815 MiB
2, 0 %, 0 %, 0 MiB
3, 0 %, 0 %, 0 MiB
0, 88 %, 48 %, 7815 MiB
1, 92 %, 48 %, 7815 MiB
2, 0 %, 0 %, 0 MiB
3, 0 %, 0 %, 0 MiB
0, 97 %, 46 %, 7815 MiB
1, 97 %, 45 %, 7815 MiB
2, 0 %, 0 %, 0 MiB
3, 0 %, 0 %, 0 MiB
0, 92 %, 50 %, 7815 MiB
1, 93 %, 50 %, 7815 MiB
2, 0 %, 0 %, 0 MiB
3, 0 %, 0 %, 0 MiB
0, 91 %, 43 %, 7815 MiB
1, 92 %, 43 %, 7815 MiB
2, 0 %, 0 %, 0 MiB
3, 0 %, 0 %, 0 MiB
0, 91 %, 48 %, 7815 MiB
1, 92 %, 48 %, 7815 MiB
2, 0 %, 0 %, 0 MiB
3, 0 %, 0 %, 0 MiB
0, 92 %, 42 %, 7815 MiB
1, 93 %, 42 %, 7815 MiB
2, 0 %, 0 %, 0 MiB
3, 0 %, 0 %, 0 MiB
0, 96 %, 50 %, 7815 MiB
1, 96 %, 50 %, 7815 MiB
2, 0 %, 0 %, 0 MiB
3, 0 %, 0 %, 0 MiB
0, 93 %, 44 %, 7815 MiB
1, 93 %, 44 %, 7815 MiB
2, 0 %, 0 %, 0 MiB
3, 0 %, 0 %, 0 MiB
0, 96 %, 47 %, 7815 MiB
1, 96 %, 48 %, 7815 MiB
2, 0 %, 0 %, 0 MiB
3, 0 %, 0 %, 0 MiB
0, 94 %, 46 %, 7815 MiB
1, 89 %, 48 %, 7815 MiB
2, 0 %, 0 %, 0 MiB
3, 0 %, 0 %, 0 MiB
0, 96 %, 42 %, 7815 MiB
1, 96 %, 43 %, 7815 MiB
2, 0 %, 0 %, 0 MiB
3, 0 %, 0 %, 0 MiB
0, 86 %, 46 %, 7815 MiB
1, 94 %, 47 %, 7815 MiB
2, 0 %, 0 %, 0 MiB
3, 0 %, 0 %, 0 MiB
0, 92 %, 43 %, 7815 MiB
1, 93 %, 40 %, 7815 MiB
2, 0 %, 0 %, 0 MiB
3, 0 %, 0 %, 0 MiB
0, 93 %, 49 %, 7815 MiB
1, 96 %, 48 %, 7815 MiB
2, 0 %, 0 %, 0 MiB
3, 0 %, 0 %, 0 MiB
0, 95 %, 44 %, 7815 MiB
1, 95 %, 44 %, 7815 MiB
2, 0 %, 0 %, 0 MiB
3, 0 %, 0 %, 0 MiB
0, 93 %, 49 %, 7815 MiB
1, 89 %, 49 %, 7815 MiB
2, 0 %, 0 %, 0 MiB
3, 0 %, 0 %, 0 MiB
0, 97 %, 46 %, 7815 MiB
1, 96 %, 46 %, 7815 MiB
2, 0 %, 0 %, 0 MiB
3, 0 %, 0 %, 0 MiB
0, 97 %, 49 %, 7815 MiB
1, 91 %, 49 %, 7815 MiB
2, 0 %, 0 %, 0 MiB
3, 0 %, 0 %, 0 MiB
0, 94 %, 45 %, 7815 MiB
1, 89 %, 45 %, 7815 MiB
2, 0 %, 0 %, 0 MiB
3, 0 %, 0 %, 0 MiB
0, 96 %, 43 %, 7815 MiB
1, 95 %, 44 %, 7815 MiB
2, 0 %, 0 %, 0 MiB
3, 0 %, 0 %, 0 MiB
0, 92 %, 49 %, 7815 MiB
1, 87 %, 49 %, 7815 MiB
2, 0 %, 0 %, 0 MiB
3, 0 %, 0 %, 0 MiB
0, 92 %, 42 %, 7815 MiB
1, 89 %, 42 %, 7815 MiB
2, 0 %, 0 %, 0 MiB
3, 0 %, 0 %, 0 MiB
0, 96 %, 50 %, 7815 MiB
1, 96 %, 49 %, 7815 MiB
2, 0 %, 0 %, 0 MiB
3, 0 %, 0 %, 0 MiB
0, 93 %, 47 %, 7815 MiB
1, 88 %, 49 %, 7815 MiB
2, 0 %, 0 %, 0 MiB
3, 0 %, 0 %, 0 MiB
0, 96 %, 42 %, 7815 MiB
1, 97 %, 44 %, 7815 MiB
2, 0 %, 0 %, 0 MiB
3, 0 %, 0 %, 0 MiB
0, 92 %, 51 %, 7815 MiB
1, 89 %, 48 %, 7815 MiB
2, 0 %, 0 %, 0 MiB
3, 0 %, 0 %, 0 MiB
0, 87 %, 40 %, 7815 MiB
1, 91 %, 39 %, 7815 MiB
2, 0 %, 0 %, 0 MiB
3, 0 %, 0 %, 0 MiB
0, 96 %, 47 %, 7815 MiB
1, 96 %, 48 %, 7815 MiB
2, 0 %, 0 %, 0 MiB
3, 0 %, 0 %, 0 MiB
0, 93 %, 47 %, 7815 MiB
1, 91 %, 49 %, 7815 MiB
2, 0 %, 0 %, 0 MiB
3, 0 %, 0 %, 0 MiB
0, 95 %, 43 %, 7815 MiB
1, 96 %, 44 %, 7815 MiB
2, 0 %, 0 %, 0 MiB
3, 0 %, 0 %, 0 MiB
0, 93 %, 51 %, 7815 MiB
1, 93 %, 51 %, 7815 MiB
2, 0 %, 0 %, 0 MiB
3, 0 %, 0 %, 0 MiB
0, 96 %, 44 %, 7815 MiB
1, 96 %, 44 %, 7815 MiB
2, 0 %, 0 %, 0 MiB
3, 0 %, 0 %, 0 MiB
0, 92 %, 51 %, 7815 MiB
1, 93 %, 51 %, 7815 MiB
2, 0 %, 0 %, 0 MiB
3, 0 %, 0 %, 0 MiB
0, 95 %, 45 %, 7815 MiB
1, 95 %, 45 %, 7815 MiB
2, 0 %, 0 %, 0 MiB
3, 0 %, 0 %, 0 MiB
0, 91 %, 49 %, 7815 MiB
1, 92 %, 48 %, 7815 MiB
2, 0 %, 0 %, 0 MiB
3, 0 %, 0 %, 0 MiB
0, 92 %, 42 %, 7815 MiB
1, 92 %, 42 %, 7815 MiB
2, 0 %, 0 %, 0 MiB
3, 0 %, 0 %, 0 MiB
0, 96 %, 50 %, 7815 MiB
1, 97 %, 50 %, 7815 MiB
2, 0 %, 0 %, 0 MiB
3, 0 %, 0 %, 0 MiB
0, 92 %, 44 %, 7815 MiB
1, 93 %, 43 %, 7815 MiB
2, 0 %, 0 %, 0 MiB
3, 0 %, 0 %, 0 MiB
0, 95 %, 47 %, 7815 MiB
1, 96 %, 50 %, 7815 MiB
2, 0 %, 0 %, 0 MiB
3, 0 %, 0 %, 0 MiB
0, 93 %, 47 %, 7815 MiB
1, 93 %, 45 %, 7815 MiB
2, 0 %, 0 %, 0 MiB
3, 0 %, 0 %, 0 MiB
0, 95 %, 44 %, 7815 MiB
1, 95 %, 46 %, 7815 MiB
2, 0 %, 0 %, 0 MiB
3, 0 %, 0 %, 0 MiB
0, 93 %, 51 %, 7815 MiB
1, 94 %, 49 %, 7815 MiB
2, 0 %, 0 %, 0 MiB
3, 0 %, 0 %, 0 MiB
0, 95 %, 43 %, 7815 MiB
1, 95 %, 45 %, 7815 MiB
2, 0 %, 0 %, 0 MiB
3, 0 %, 0 %, 0 MiB
0, 94 %, 51 %, 7815 MiB
1, 94 %, 51 %, 7815 MiB
2, 0 %, 0 %, 0 MiB
3, 0 %, 0 %, 0 MiB
0, 96 %, 42 %, 7815 MiB
1, 96 %, 43 %, 7815 MiB
2, 0 %, 0 %, 0 MiB
3, 0 %, 0 %, 0 MiB
0, 93 %, 51 %, 7815 MiB
1, 94 %, 51 %, 7815 MiB
2, 0 %, 0 %, 0 MiB
3, 0 %, 0 %, 0 MiB
0, 96 %, 44 %, 7815 MiB
1, 96 %, 44 %, 7815 MiB
2, 0 %, 0 %, 0 MiB
3, 0 %, 0 %, 0 MiB
0, 92 %, 51 %, 7815 MiB
1, 93 %, 51 %, 7815 MiB
2, 0 %, 0 %, 0 MiB
3, 0 %, 0 %, 0 MiB
0, 97 %, 46 %, 7815 MiB
1, 97 %, 46 %, 7815 MiB
2, 0 %, 0 %, 0 MiB
3, 0 %, 0 %, 0 MiB
0, 91 %, 49 %, 7815 MiB
1, 91 %, 49 %, 7815 MiB
2, 0 %, 0 %, 0 MiB
3, 0 %, 0 %, 0 MiB
0, 92 %, 41 %, 7815 MiB
1, 92 %, 41 %, 7815 MiB
2, 0 %, 0 %, 0 MiB
3, 0 %, 0 %, 0 MiB
0, 95 %, 50 %, 7815 MiB
1, 96 %, 50 %, 7815 MiB
2, 0 %, 0 %, 0 MiB
3, 0 %, 0 %, 0 MiB
0, 92 %, 43 %, 7815 MiB
1, 93 %, 43 %, 7815 MiB
2, 0 %, 0 %, 0 MiB
3, 0 %, 0 %, 0 MiB
0, 95 %, 48 %, 7815 MiB
1, 96 %, 48 %, 7815 MiB
2, 0 %, 0 %, 0 MiB
3, 0 %, 0 %, 0 MiB
0, 89 %, 49 %, 7815 MiB
1, 95 %, 48 %, 7815 MiB
2, 0 %, 0 %, 0 MiB
3, 0 %, 0 %, 0 MiB
0, 96 %, 45 %, 7815 MiB
1, 97 %, 45 %, 7815 MiB
2, 0 %, 0 %, 0 MiB
3, 0 %, 0 %, 0 MiB
0, 92 %, 49 %, 7815 MiB
1, 94 %, 47 %, 7815 MiB
2, 0 %, 0 %, 0 MiB
3, 0 %, 0 %, 0 MiB
0, 90 %, 42 %, 7815 MiB
1, 95 %, 42 %, 7815 MiB
2, 0 %, 0 %, 0 MiB
3, 0 %, 0 %, 0 MiB
0, 96 %, 46 %, 7815 MiB
1, 96 %, 46 %, 7815 MiB
2, 0 %, 0 %, 0 MiB
3, 0 %, 0 %, 0 MiB
0, 90 %, 49 %, 7815 MiB
1, 90 %, 48 %, 7815 MiB
2, 0 %, 0 %, 0 MiB
3, 0 %, 0 %, 0 MiB
0, 96 %, 43 %, 7815 MiB
1, 96 %, 43 %, 7815 MiB
2, 0 %, 0 %, 0 MiB
3, 0 %, 0 %, 0 MiB
0, 88 %, 47 %, 7815 MiB
1, 87 %, 48 %, 7815 MiB
2, 0 %, 0 %, 0 MiB
3, 0 %, 0 %, 0 MiB
0, 89 %, 40 %, 7815 MiB
1, 86 %, 39 %, 7815 MiB
2, 0 %, 0 %, 0 MiB
3, 0 %, 0 %, 0 MiB
0, 95 %, 45 %, 7815 MiB
1, 96 %, 47 %, 7815 MiB
2, 0 %, 0 %, 0 MiB
3, 0 %, 0 %, 0 MiB
0, 90 %, 49 %, 7815 MiB
1, 88 %, 49 %, 7815 MiB
2, 0 %, 0 %, 0 MiB
3, 0 %, 0 %, 0 MiB
0, 96 %, 45 %, 7815 MiB
1, 96 %, 45 %, 7815 MiB
2, 0 %, 0 %, 0 MiB
3, 0 %, 0 %, 0 MiB
0, 88 %, 46 %, 7815 MiB
1, 87 %, 47 %, 7815 MiB
2, 0 %, 0 %, 0 MiB
3, 0 %, 0 %, 0 MiB
0, 89 %, 42 %, 7815 MiB
1, 87 %, 43 %, 7815 MiB
2, 0 %, 0 %, 0 MiB
3, 0 %, 0 %, 0 MiB
0, 96 %, 44 %, 7815 MiB
1, 95 %, 45 %, 7815 MiB
2, 0 %, 0 %, 0 MiB
3, 0 %, 0 %, 0 MiB
0, 93 %, 49 %, 7815 MiB
1, 88 %, 49 %, 7815 MiB
2, 0 %, 0 %, 0 MiB
3, 0 %, 0 %, 0 MiB
0, 97 %, 46 %, 7815 MiB
1, 92 %, 43 %, 7815 MiB
2, 0 %, 0 %, 0 MiB
3, 0 %, 0 %, 0 MiB
0, 91 %, 49 %, 7815 MiB
1, 92 %, 48 %, 7815 MiB
2, 0 %, 0 %, 0 MiB
3, 0 %, 0 %, 0 MiB
0, 89 %, 41 %, 7815 MiB
1, 89 %, 41 %, 7815 MiB
2, 0 %, 0 %, 0 MiB
3, 0 %, 0 %, 0 MiB
0, 96 %, 49 %, 7815 MiB
1, 96 %, 49 %, 7815 MiB
2, 0 %, 0 %, 0 MiB
3, 0 %, 0 %, 0 MiB
0, 93 %, 46 %, 7815 MiB
1, 93 %, 45 %, 7815 MiB
2, 0 %, 0 %, 0 MiB
3, 0 %, 0 %, 0 MiB
0, 95 %, 45 %, 7815 MiB
1, 95 %, 46 %, 7815 MiB
2, 0 %, 0 %, 0 MiB
3, 0 %, 0 %, 0 MiB
0, 94 %, 49 %, 7815 MiB
1, 94 %, 48 %, 7815 MiB
2, 0 %, 0 %, 0 MiB
3, 0 %, 0 %, 0 MiB
0, 95 %, 44 %, 7815 MiB
1, 95 %, 44 %, 7815 MiB
2, 0 %, 0 %, 0 MiB
3, 0 %, 0 %, 0 MiB
0, 94 %, 52 %, 7815 MiB
1, 94 %, 51 %, 7815 MiB
2, 0 %, 0 %, 0 MiB
3, 0 %, 0 %, 0 MiB
0, 96 %, 43 %, 7815 MiB
1, 96 %, 44 %, 7815 MiB
2, 0 %, 0 %, 0 MiB
3, 0 %, 0 %, 0 MiB
0, 93 %, 51 %, 7815 MiB
1, 94 %, 51 %, 7815 MiB
2, 0 %, 0 %, 0 MiB
3, 0 %, 0 %, 0 MiB
0, 96 %, 43 %, 7815 MiB
1, 96 %, 43 %, 7815 MiB
2, 0 %, 0 %, 0 MiB
3, 0 %, 0 %, 0 MiB
0, 92 %, 51 %, 7815 MiB
1, 94 %, 51 %, 7815 MiB
2, 0 %, 0 %, 0 MiB
3, 0 %, 0 %, 0 MiB
0, 96 %, 45 %, 7815 MiB
1, 96 %, 44 %, 7815 MiB
2, 0 %, 0 %, 0 MiB
3, 0 %, 0 %, 0 MiB
0, 92 %, 50 %, 7815 MiB
1, 93 %, 51 %, 7815 MiB
2, 0 %, 0 %, 0 MiB
3, 0 %, 0 %, 0 MiB
0, 92 %, 42 %, 7815 MiB
1, 96 %, 46 %, 7815 MiB
2, 0 %, 0 %, 0 MiB
3, 0 %, 0 %, 0 MiB
0, 91 %, 48 %, 7815 MiB
1, 92 %, 49 %, 7815 MiB
2, 0 %, 0 %, 0 MiB
3, 0 %, 0 %, 0 MiB
0, 92 %, 42 %, 7815 MiB
1, 92 %, 42 %, 7815 MiB
2, 0 %, 0 %, 0 MiB
3, 0 %, 0 %, 0 MiB
0, 96 %, 50 %, 7815 MiB
1, 97 %, 50 %, 7815 MiB
2, 0 %, 0 %, 0 MiB
3, 0 %, 0 %, 0 MiB
0, 93 %, 43 %, 7815 MiB
1, 93 %, 43 %, 7815 MiB
2, 0 %, 0 %, 0 MiB
3, 0 %, 0 %, 0 MiB
0, 95 %, 48 %, 7815 MiB
1, 96 %, 48 %, 7815 MiB
2, 0 %, 0 %, 0 MiB
3, 0 %, 0 %, 0 MiB
0, 93 %, 46 %, 7815 MiB
1, 93 %, 46 %, 7815 MiB
2, 0 %, 0 %, 0 MiB
3, 0 %, 0 %, 0 MiB
0, 95 %, 44 %, 7815 MiB
1, 96 %, 45 %, 7815 MiB
2, 0 %, 0 %, 0 MiB
3, 0 %, 0 %, 0 MiB
0, 88 %, 49 %, 7815 MiB
1, 95 %, 49 %, 7815 MiB
2, 0 %, 0 %, 0 MiB
3, 0 %, 0 %, 0 MiB
0, 97 %, 46 %, 7815 MiB
1, 97 %, 47 %, 7815 MiB
2, 0 %, 0 %, 0 MiB
3, 0 %, 0 %, 0 MiB
0, 92 %, 50 %, 7815 MiB
1, 92 %, 50 %, 7815 MiB
2, 0 %, 0 %, 0 MiB
3, 0 %, 0 %, 0 MiB
0, 92 %, 42 %, 7815 MiB
1, 92 %, 43 %, 7815 MiB
2, 0 %, 0 %, 0 MiB
3, 0 %, 0 %, 0 MiB
0, 96 %, 50 %, 7815 MiB
1, 97 %, 50 %, 7815 MiB
2, 0 %, 0 %, 0 MiB
3, 0 %, 0 %, 0 MiB
0, 93 %, 46 %, 7815 MiB
1, 91 %, 46 %, 7815 MiB
2, 0 %, 0 %, 0 MiB
3, 0 %, 0 %, 0 MiB
0, 96 %, 45 %, 7815 MiB
1, 96 %, 45 %, 7815 MiB
2, 0 %, 0 %, 0 MiB
3, 0 %, 0 %, 0 MiB
0, 93 %, 51 %, 7815 MiB
1, 88 %, 48 %, 7815 MiB
2, 0 %, 0 %, 0 MiB
3, 0 %, 0 %, 0 MiB
0, 97 %, 46 %, 7815 MiB
1, 95 %, 45 %, 7815 MiB
2, 0 %, 0 %, 0 MiB
3, 0 %, 0 %, 0 MiB
0, 96 %, 49 %, 7815 MiB
1, 97 %, 50 %, 7815 MiB
2, 0 %, 0 %, 0 MiB
3, 0 %, 0 %, 0 MiB
0, 93 %, 43 %, 7815 MiB
1, 95 %, 44 %, 7815 MiB
2, 0 %, 0 %, 0 MiB
3, 0 %, 0 %, 0 MiB
0, 96 %, 44 %, 7815 MiB
1, 88 %, 49 %, 7815 MiB
2, 0 %, 0 %, 0 MiB
3, 0 %, 0 %, 0 MiB
0, 97 %, 46 %, 7815 MiB
1, 97 %, 46 %, 7815 MiB
2, 0 %, 0 %, 0 MiB
3, 0 %, 0 %, 0 MiB
0, 38 %, 10 %, 7815 MiB
1, 35 %, 11 %, 7815 MiB
2, 0 %, 0 %, 0 MiB
3, 0 %, 0 %, 0 MiB
0, 0 %, 0 %, 7815 MiB
1, 0 %, 0 %, 7815 MiB
2, 0 %, 0 %, 0 MiB
3, 0 %, 0 %, 0 MiB
0, 0 %, 0 %, 7815 MiB
1, 0 %, 0 %, 7815 MiB
2, 0 %, 0 %, 0 MiB
3, 0 %, 0 %, 0 MiB
0, 1 %, 0 %, 7817 MiB
1, 0 %, 0 %, 7815 MiB
2, 0 %, 0 %, 0 MiB
3, 0 %, 0 %, 0 MiB
0, 100 %, 75 %, 15925 MiB
1, 100 %, 21 %, 10947 MiB
2, 0 %, 0 %, 0 MiB
3, 0 %, 0 %, 0 MiB
0, 100 %, 75 %, 12479 MiB
1, 100 %, 67 %, 12479 MiB
2, 0 %, 0 %, 0 MiB
3, 0 %, 0 %, 0 MiB
0, 75 %, 41 %, 12479 MiB
1, 100 %, 60 %, 12479 MiB
2, 0 %, 0 %, 0 MiB
3, 0 %, 0 %, 0 MiB
0, 100 %, 69 %, 12479 MiB
1, 100 %, 69 %, 12479 MiB
2, 0 %, 0 %, 0 MiB
3, 0 %, 0 %, 0 MiB
0, 100 %, 62 %, 12479 MiB
1, 100 %, 76 %, 12479 MiB
2, 0 %, 0 %, 0 MiB
3, 0 %, 0 %, 0 MiB
0, 100 %, 70 %, 12479 MiB
1, 100 %, 75 %, 12479 MiB
2, 0 %, 0 %, 0 MiB
3, 0 %, 0 %, 0 MiB
0, 100 %, 74 %, 12479 MiB
1, 100 %, 76 %, 12479 MiB
2, 0 %, 0 %, 0 MiB
3, 0 %, 0 %, 0 MiB
0, 100 %, 75 %, 12479 MiB
1, 100 %, 74 %, 12479 MiB
2, 0 %, 0 %, 0 MiB
3, 0 %, 0 %, 0 MiB
0, 100 %, 75 %, 12479 MiB
1, 100 %, 77 %, 12479 MiB
2, 0 %, 0 %, 0 MiB
3, 0 %, 0 %, 0 MiB
0, 100 %, 64 %, 12479 MiB
1, 99 %, 37 %, 12479 MiB
2, 0 %, 0 %, 0 MiB
3, 0 %, 0 %, 0 MiB
0, 100 %, 77 %, 12479 MiB
1, 100 %, 69 %, 12479 MiB
2, 0 %, 0 %, 0 MiB
3, 0 %, 0 %, 0 MiB
0, 100 %, 56 %, 12479 MiB
1, 100 %, 57 %, 12479 MiB
2, 0 %, 0 %, 0 MiB
3, 0 %, 0 %, 0 MiB
0, 100 %, 72 %, 12479 MiB
1, 100 %, 73 %, 12479 MiB
2, 0 %, 0 %, 0 MiB
3, 0 %, 0 %, 0 MiB
0, 100 %, 61 %, 12479 MiB
1, 100 %, 76 %, 12479 MiB
2, 0 %, 0 %, 0 MiB
3, 0 %, 0 %, 0 MiB
0, 100 %, 70 %, 12479 MiB
1, 100 %, 76 %, 12479 MiB
2, 0 %, 0 %, 0 MiB
3, 0 %, 0 %, 0 MiB
0, 100 %, 75 %, 12479 MiB
1, 100 %, 76 %, 12479 MiB
2, 0 %, 0 %, 0 MiB
3, 0 %, 0 %, 0 MiB
0, 100 %, 74 %, 12479 MiB
1, 100 %, 75 %, 12479 MiB
2, 0 %, 0 %, 0 MiB
3, 0 %, 0 %, 0 MiB
0, 100 %, 75 %, 12479 MiB
1, 100 %, 77 %, 12479 MiB
2, 0 %, 0 %, 0 MiB
3, 0 %, 0 %, 0 MiB
0, 100 %, 59 %, 12479 MiB
1, 99 %, 32 %, 12479 MiB
2, 0 %, 0 %, 0 MiB
3, 0 %, 0 %, 0 MiB
0, 100 %, 75 %, 12479 MiB
1, 100 %, 71 %, 12479 MiB
2, 0 %, 0 %, 0 MiB
3, 0 %, 0 %, 0 MiB
0, 100 %, 56 %, 12479 MiB
1, 100 %, 57 %, 12479 MiB
2, 0 %, 0 %, 0 MiB
3, 0 %, 0 %, 0 MiB
0, 100 %, 71 %, 12479 MiB
1, 100 %, 73 %, 12479 MiB
2, 0 %, 0 %, 0 MiB
3, 0 %, 0 %, 0 MiB
0, 100 %, 62 %, 12479 MiB
1, 100 %, 74 %, 12479 MiB
2, 0 %, 0 %, 0 MiB
3, 0 %, 0 %, 0 MiB
0, 97 %, 45 %, 12543 MiB
1, 86 %, 47 %, 12543 MiB
2, 0 %, 0 %, 0 MiB
3, 0 %, 0 %, 0 MiB
0, 88 %, 47 %, 12543 MiB
1, 93 %, 42 %, 12543 MiB
2, 0 %, 0 %, 0 MiB
3, 0 %, 0 %, 0 MiB
0, 89 %, 41 %, 12543 MiB
1, 97 %, 50 %, 12543 MiB
2, 0 %, 0 %, 0 MiB
3, 0 %, 0 %, 0 MiB
0, 95 %, 45 %, 12543 MiB
1, 94 %, 46 %, 12543 MiB
2, 0 %, 0 %, 0 MiB
3, 0 %, 0 %, 0 MiB
0, 90 %, 50 %, 12543 MiB
1, 95 %, 44 %, 12543 MiB
2, 0 %, 0 %, 0 MiB
3, 0 %, 0 %, 0 MiB
0, 88 %, 49 %, 12543 MiB
1, 93 %, 49 %, 12543 MiB
2, 0 %, 0 %, 0 MiB
3, 0 %, 0 %, 0 MiB
0, 93 %, 43 %, 12543 MiB
1, 97 %, 47 %, 12543 MiB
2, 0 %, 0 %, 0 MiB
3, 0 %, 0 %, 0 MiB
0, 96 %, 50 %, 12543 MiB
1, 93 %, 47 %, 12543 MiB
2, 0 %, 0 %, 0 MiB
3, 0 %, 0 %, 0 MiB
0, 92 %, 45 %, 12543 MiB
1, 92 %, 43 %, 12543 MiB
2, 0 %, 0 %, 0 MiB
3, 0 %, 0 %, 0 MiB
0, 95 %, 45 %, 12543 MiB
1, 95 %, 47 %, 12543 MiB
2, 0 %, 0 %, 0 MiB
3, 0 %, 0 %, 0 MiB
0, 93 %, 49 %, 12543 MiB
1, 91 %, 49 %, 12543 MiB
2, 0 %, 0 %, 0 MiB
3, 0 %, 0 %, 0 MiB
0, 96 %, 42 %, 12543 MiB
1, 96 %, 43 %, 12543 MiB
2, 0 %, 0 %, 0 MiB
3, 0 %, 0 %, 0 MiB
0, 92 %, 51 %, 12543 MiB
1, 90 %, 49 %, 12543 MiB
2, 0 %, 0 %, 0 MiB
3, 0 %, 0 %, 0 MiB
0, 96 %, 45 %, 12543 MiB
1, 95 %, 45 %, 12543 MiB
2, 0 %, 0 %, 0 MiB
3, 0 %, 0 %, 0 MiB
0, 97 %, 50 %, 12543 MiB
1, 97 %, 50 %, 12543 MiB
2, 0 %, 0 %, 0 MiB
3, 0 %, 0 %, 0 MiB
0, 93 %, 47 %, 12543 MiB
1, 93 %, 46 %, 12543 MiB
2, 0 %, 0 %, 0 MiB
3, 0 %, 0 %, 0 MiB
0, 95 %, 44 %, 12543 MiB
1, 96 %, 46 %, 12543 MiB
2, 0 %, 0 %, 0 MiB
3, 0 %, 0 %, 0 MiB
0, 94 %, 51 %, 12543 MiB
1, 94 %, 49 %, 12543 MiB
2, 0 %, 0 %, 0 MiB
3, 0 %, 0 %, 0 MiB
0, 96 %, 43 %, 12543 MiB
1, 96 %, 44 %, 12543 MiB
2, 0 %, 0 %, 0 MiB
3, 0 %, 0 %, 0 MiB
0, 92 %, 48 %, 12543 MiB
1, 87 %, 48 %, 12543 MiB
2, 0 %, 0 %, 0 MiB
3, 0 %, 0 %, 0 MiB
0, 92 %, 39 %, 12543 MiB
1, 86 %, 39 %, 12543 MiB
2, 0 %, 0 %, 0 MiB
3, 0 %, 0 %, 0 MiB
0, 96 %, 49 %, 12543 MiB
1, 97 %, 50 %, 12543 MiB
2, 0 %, 0 %, 0 MiB
3, 0 %, 0 %, 0 MiB
0, 94 %, 46 %, 12543 MiB
1, 89 %, 45 %, 12543 MiB
2, 0 %, 0 %, 0 MiB
3, 0 %, 0 %, 0 MiB
0, 96 %, 44 %, 12543 MiB
1, 96 %, 45 %, 12543 MiB
2, 0 %, 0 %, 0 MiB
3, 0 %, 0 %, 0 MiB
0, 90 %, 50 %, 12543 MiB
1, 96 %, 49 %, 12543 MiB
2, 0 %, 0 %, 0 MiB
3, 0 %, 0 %, 0 MiB
0, 97 %, 46 %, 12543 MiB
1, 96 %, 44 %, 12543 MiB
2, 0 %, 0 %, 0 MiB
3, 0 %, 0 %, 0 MiB
0, 91 %, 49 %, 12543 MiB
1, 93 %, 50 %, 12543 MiB
2, 0 %, 0 %, 0 MiB
3, 0 %, 0 %, 0 MiB
0, 89 %, 41 %, 12543 MiB
1, 94 %, 43 %, 12543 MiB
2, 0 %, 0 %, 0 MiB
3, 0 %, 0 %, 0 MiB
0, 96 %, 47 %, 12543 MiB
1, 97 %, 50 %, 12543 MiB
2, 0 %, 0 %, 0 MiB
3, 0 %, 0 %, 0 MiB
0, 91 %, 50 %, 12543 MiB
1, 96 %, 45 %, 12543 MiB
2, 0 %, 0 %, 0 MiB
3, 0 %, 0 %, 0 MiB
0, 95 %, 43 %, 12543 MiB
1, 96 %, 44 %, 12543 MiB
2, 0 %, 0 %, 0 MiB
3, 0 %, 0 %, 0 MiB
0, 89 %, 50 %, 12543 MiB
1, 94 %, 49 %, 12543 MiB
2, 0 %, 0 %, 0 MiB
3, 0 %, 0 %, 0 MiB
0, 89 %, 42 %, 12543 MiB
1, 96 %, 45 %, 12543 MiB
2, 0 %, 0 %, 0 MiB
3, 0 %, 0 %, 0 MiB
0, 96 %, 48 %, 12543 MiB
1, 97 %, 49 %, 12543 MiB
2, 0 %, 0 %, 0 MiB
3, 0 %, 0 %, 0 MiB
0, 88 %, 49 %, 12543 MiB
1, 95 %, 47 %, 12543 MiB
2, 0 %, 0 %, 0 MiB
3, 0 %, 0 %, 0 MiB
0, 96 %, 45 %, 12543 MiB
1, 97 %, 43 %, 12543 MiB
2, 0 %, 0 %, 0 MiB
3, 0 %, 0 %, 0 MiB
0, 91 %, 48 %, 12543 MiB
1, 88 %, 43 %, 12543 MiB
2, 0 %, 0 %, 0 MiB
3, 0 %, 0 %, 0 MiB
0, 89 %, 43 %, 12543 MiB
1, 89 %, 42 %, 12543 MiB
2, 0 %, 0 %, 0 MiB
3, 0 %, 0 %, 0 MiB
0, 95 %, 45 %, 12543 MiB
1, 95 %, 46 %, 12543 MiB
2, 0 %, 0 %, 0 MiB
3, 0 %, 0 %, 0 MiB
0, 88 %, 49 %, 12543 MiB
1, 94 %, 49 %, 12543 MiB
2, 0 %, 0 %, 0 MiB
3, 0 %, 0 %, 0 MiB
0, 96 %, 46 %, 12543 MiB
1, 97 %, 45 %, 12543 MiB
2, 0 %, 0 %, 0 MiB
3, 0 %, 0 %, 0 MiB
0, 96 %, 50 %, 12543 MiB
1, 94 %, 47 %, 12543 MiB
2, 0 %, 0 %, 0 MiB
3, 0 %, 0 %, 0 MiB
0, 93 %, 46 %, 12543 MiB
1, 92 %, 44 %, 12543 MiB
2, 0 %, 0 %, 0 MiB
3, 0 %, 0 %, 0 MiB
0, 95 %, 45 %, 12543 MiB
1, 95 %, 47 %, 12543 MiB
2, 0 %, 0 %, 0 MiB
3, 0 %, 0 %, 0 MiB
0, 94 %, 50 %, 12543 MiB
1, 94 %, 48 %, 12543 MiB
2, 0 %, 0 %, 0 MiB
3, 0 %, 0 %, 0 MiB
0, 95 %, 44 %, 12543 MiB
1, 95 %, 44 %, 12543 MiB
2, 0 %, 0 %, 0 MiB
3, 0 %, 0 %, 0 MiB
0, 93 %, 51 %, 12543 MiB
1, 94 %, 50 %, 12543 MiB
2, 0 %, 0 %, 0 MiB
3, 0 %, 0 %, 0 MiB
0, 96 %, 43 %, 12543 MiB
1, 96 %, 44 %, 12543 MiB
2, 0 %, 0 %, 0 MiB
3, 0 %, 0 %, 0 MiB
0, 93 %, 49 %, 12543 MiB
1, 92 %, 51 %, 12543 MiB
2, 0 %, 0 %, 0 MiB
3, 0 %, 0 %, 0 MiB
0, 96 %, 46 %, 12543 MiB
1, 96 %, 45 %, 12543 MiB
2, 0 %, 0 %, 0 MiB
3, 0 %, 0 %, 0 MiB
0, 92 %, 50 %, 12543 MiB
1, 93 %, 50 %, 12543 MiB
2, 0 %, 0 %, 0 MiB
3, 0 %, 0 %, 0 MiB
0, 88 %, 40 %, 12543 MiB
1, 94 %, 43 %, 12543 MiB
2, 0 %, 0 %, 0 MiB
3, 0 %, 0 %, 0 MiB
0, 95 %, 45 %, 12543 MiB
1, 96 %, 49 %, 12543 MiB
2, 0 %, 0 %, 0 MiB
3, 0 %, 0 %, 0 MiB
0, 88 %, 49 %, 12543 MiB
1, 96 %, 49 %, 12543 MiB
2, 0 %, 0 %, 0 MiB
3, 0 %, 0 %, 0 MiB
0, 96 %, 45 %, 12543 MiB
1, 97 %, 44 %, 12543 MiB
2, 0 %, 0 %, 0 MiB
3, 0 %, 0 %, 0 MiB
0, 91 %, 49 %, 12543 MiB
1, 94 %, 46 %, 12543 MiB
2, 0 %, 0 %, 0 MiB
3, 0 %, 0 %, 0 MiB
0, 87 %, 43 %, 12543 MiB
1, 95 %, 42 %, 12543 MiB
2, 0 %, 0 %, 0 MiB
3, 0 %, 0 %, 0 MiB
0, 95 %, 43 %, 12543 MiB
1, 96 %, 44 %, 12543 MiB
2, 0 %, 0 %, 0 MiB
3, 0 %, 0 %, 0 MiB
0, 88 %, 49 %, 12543 MiB
1, 95 %, 49 %, 12543 MiB
2, 0 %, 0 %, 0 MiB
3, 0 %, 0 %, 0 MiB
0, 86 %, 39 %, 12543 MiB
1, 94 %, 43 %, 12543 MiB
2, 0 %, 0 %, 0 MiB
3, 0 %, 0 %, 0 MiB
0, 95 %, 47 %, 12543 MiB
1, 96 %, 50 %, 12543 MiB
2, 0 %, 0 %, 0 MiB
3, 0 %, 0 %, 0 MiB
0, 89 %, 49 %, 12543 MiB
1, 96 %, 48 %, 12543 MiB
2, 0 %, 0 %, 0 MiB
3, 0 %, 0 %, 0 MiB
0, 96 %, 45 %, 12543 MiB
1, 97 %, 43 %, 12543 MiB
2, 0 %, 0 %, 0 MiB
3, 0 %, 0 %, 0 MiB
0, 90 %, 48 %, 12543 MiB
1, 94 %, 46 %, 12543 MiB
2, 0 %, 0 %, 0 MiB
3, 0 %, 0 %, 0 MiB
0, 88 %, 44 %, 12543 MiB
1, 95 %, 41 %, 12543 MiB
2, 0 %, 0 %, 0 MiB
3, 0 %, 0 %, 0 MiB
0, 95 %, 44 %, 12543 MiB
1, 96 %, 44 %, 12543 MiB
2, 0 %, 0 %, 0 MiB
3, 0 %, 0 %, 0 MiB
0, 87 %, 49 %, 12543 MiB
1, 95 %, 49 %, 12543 MiB
2, 0 %, 0 %, 0 MiB
3, 0 %, 0 %, 0 MiB
0, 87 %, 39 %, 12543 MiB
1, 94 %, 43 %, 12543 MiB
2, 0 %, 0 %, 0 MiB
3, 0 %, 0 %, 0 MiB
0, 96 %, 47 %, 12543 MiB
1, 97 %, 50 %, 12543 MiB
2, 0 %, 0 %, 0 MiB
3, 0 %, 0 %, 0 MiB
0, 89 %, 49 %, 12543 MiB
1, 96 %, 46 %, 12543 MiB
2, 0 %, 0 %, 0 MiB
3, 0 %, 0 %, 0 MiB
0, 96 %, 45 %, 12543 MiB
1, 96 %, 42 %, 12543 MiB
2, 0 %, 0 %, 0 MiB
3, 0 %, 0 %, 0 MiB
0, 90 %, 48 %, 12543 MiB
1, 94 %, 47 %, 12543 MiB
2, 0 %, 0 %, 0 MiB
3, 0 %, 0 %, 0 MiB
0, 88 %, 44 %, 12543 MiB
1, 95 %, 40 %, 12543 MiB
2, 0 %, 0 %, 0 MiB
3, 0 %, 0 %, 0 MiB
0, 95 %, 43 %, 12543 MiB
1, 96 %, 44 %, 12543 MiB
2, 0 %, 0 %, 0 MiB
3, 0 %, 0 %, 0 MiB
0, 88 %, 49 %, 12543 MiB
1, 95 %, 48 %, 12543 MiB
2, 0 %, 0 %, 0 MiB
3, 0 %, 0 %, 0 MiB
0, 87 %, 40 %, 12543 MiB
1, 95 %, 44 %, 12543 MiB
2, 0 %, 0 %, 0 MiB
3, 0 %, 0 %, 0 MiB
0, 96 %, 50 %, 12543 MiB
1, 97 %, 50 %, 12543 MiB
2, 0 %, 0 %, 0 MiB
3, 0 %, 0 %, 0 MiB
0, 90 %, 45 %, 12543 MiB
1, 94 %, 43 %, 12543 MiB
2, 0 %, 0 %, 0 MiB
3, 0 %, 0 %, 0 MiB
0, 95 %, 44 %, 12543 MiB
1, 96 %, 44 %, 12543 MiB
2, 0 %, 0 %, 0 MiB
3, 0 %, 0 %, 0 MiB
0, 89 %, 50 %, 12543 MiB
1, 94 %, 49 %, 12543 MiB
2, 0 %, 0 %, 0 MiB
3, 0 %, 0 %, 0 MiB
0, 96 %, 45 %, 12543 MiB
1, 96 %, 45 %, 12543 MiB
2, 0 %, 0 %, 0 MiB
3, 0 %, 0 %, 0 MiB
0, 92 %, 50 %, 12543 MiB
1, 92 %, 50 %, 12543 MiB
2, 0 %, 0 %, 0 MiB
3, 0 %, 0 %, 0 MiB
0, 91 %, 43 %, 12543 MiB
1, 93 %, 44 %, 12543 MiB
2, 0 %, 0 %, 0 MiB
3, 0 %, 0 %, 0 MiB
0, 91 %, 48 %, 12543 MiB
1, 91 %, 48 %, 12543 MiB
2, 0 %, 0 %, 0 MiB
3, 0 %, 0 %, 0 MiB
0, 92 %, 43 %, 12543 MiB
1, 92 %, 42 %, 12543 MiB
2, 0 %, 0 %, 0 MiB
3, 0 %, 0 %, 0 MiB
0, 95 %, 48 %, 12543 MiB
1, 96 %, 50 %, 12543 MiB
2, 0 %, 0 %, 0 MiB
3, 0 %, 0 %, 0 MiB
0, 90 %, 48 %, 12543 MiB
1, 95 %, 46 %, 12543 MiB
2, 0 %, 0 %, 0 MiB
3, 0 %, 0 %, 0 MiB
0, 96 %, 42 %, 12543 MiB
1, 96 %, 44 %, 12543 MiB
2, 0 %, 0 %, 0 MiB
3, 0 %, 0 %, 0 MiB
0, 88 %, 49 %, 12543 MiB
1, 95 %, 51 %, 12543 MiB
2, 0 %, 0 %, 0 MiB
3, 0 %, 0 %, 0 MiB
0, 87 %, 40 %, 12543 MiB
1, 94 %, 43 %, 12543 MiB
2, 0 %, 0 %, 0 MiB
3, 0 %, 0 %, 0 MiB
0, 96 %, 48 %, 12543 MiB
1, 96 %, 51 %, 12543 MiB
2, 0 %, 0 %, 0 MiB
3, 0 %, 0 %, 0 MiB
0, 93 %, 46 %, 12543 MiB
1, 95 %, 45 %, 12543 MiB
2, 0 %, 0 %, 0 MiB
3, 0 %, 0 %, 0 MiB
0, 95 %, 45 %, 12543 MiB
1, 94 %, 49 %, 12543 MiB
2, 0 %, 0 %, 0 MiB
3, 0 %, 0 %, 0 MiB
0, 94 %, 49 %, 12543 MiB
1, 95 %, 44 %, 12543 MiB
2, 0 %, 0 %, 0 MiB
3, 0 %, 0 %, 0 MiB
0, 95 %, 44 %, 12543 MiB
1, 94 %, 51 %, 12543 MiB
2, 0 %, 0 %, 0 MiB
3, 0 %, 0 %, 0 MiB
0, 96 %, 43 %, 12543 MiB
1, 96 %, 43 %, 12543 MiB
2, 0 %, 0 %, 0 MiB
3, 0 %, 0 %, 0 MiB
0, 93 %, 51 %, 12543 MiB
1, 93 %, 51 %, 12543 MiB
2, 0 %, 0 %, 0 MiB
3, 0 %, 0 %, 0 MiB
0, 96 %, 44 %, 12543 MiB
1, 96 %, 44 %, 12543 MiB
2, 0 %, 0 %, 0 MiB
3, 0 %, 0 %, 0 MiB
0, 92 %, 51 %, 12543 MiB
1, 93 %, 51 %, 12543 MiB
2, 0 %, 0 %, 0 MiB
3, 0 %, 0 %, 0 MiB
0, 94 %, 45 %, 12543 MiB
1, 95 %, 46 %, 12543 MiB
2, 0 %, 0 %, 0 MiB
3, 0 %, 0 %, 0 MiB
0, 91 %, 49 %, 12543 MiB
1, 92 %, 49 %, 12543 MiB
2, 0 %, 0 %, 0 MiB
3, 0 %, 0 %, 0 MiB
0, 92 %, 42 %, 12543 MiB
1, 92 %, 42 %, 12543 MiB
2, 0 %, 0 %, 0 MiB
3, 0 %, 0 %, 0 MiB
0, 96 %, 50 %, 12543 MiB
1, 97 %, 50 %, 12543 MiB
2, 0 %, 0 %, 0 MiB
3, 0 %, 0 %, 0 MiB
0, 92 %, 43 %, 12543 MiB
1, 93 %, 43 %, 12543 MiB
2, 0 %, 0 %, 0 MiB
3, 0 %, 0 %, 0 MiB
0, 95 %, 47 %, 12543 MiB
1, 96 %, 48 %, 12543 MiB
2, 0 %, 0 %, 0 MiB
3, 0 %, 0 %, 0 MiB
0, 93 %, 48 %, 12543 MiB
1, 93 %, 47 %, 12543 MiB
2, 0 %, 0 %, 0 MiB
3, 0 %, 0 %, 0 MiB
0, 95 %, 44 %, 12543 MiB
1, 95 %, 45 %, 12543 MiB
2, 0 %, 0 %, 0 MiB
3, 0 %, 0 %, 0 MiB
0, 94 %, 52 %, 12543 MiB
1, 93 %, 51 %, 12543 MiB
2, 0 %, 0 %, 0 MiB
3, 0 %, 0 %, 0 MiB
0, 95 %, 43 %, 12543 MiB
1, 95 %, 44 %, 12543 MiB
2, 0 %, 0 %, 0 MiB
3, 0 %, 0 %, 0 MiB
0, 93 %, 51 %, 12543 MiB
1, 93 %, 51 %, 12543 MiB
2, 0 %, 0 %, 0 MiB
3, 0 %, 0 %, 0 MiB
0, 96 %, 43 %, 12543 MiB
1, 96 %, 43 %, 12543 MiB
2, 0 %, 0 %, 0 MiB
3, 0 %, 0 %, 0 MiB
0, 96 %, 43 %, 12543 MiB
1, 95 %, 43 %, 12543 MiB
2, 0 %, 0 %, 0 MiB
3, 0 %, 0 %, 0 MiB
0, 92 %, 51 %, 12543 MiB
1, 93 %, 51 %, 12543 MiB
2, 0 %, 0 %, 0 MiB
3, 0 %, 0 %, 0 MiB
0, 97 %, 46 %, 12543 MiB
1, 96 %, 45 %, 12543 MiB
2, 0 %, 0 %, 0 MiB
3, 0 %, 0 %, 0 MiB
0, 91 %, 49 %, 12543 MiB
1, 88 %, 46 %, 12543 MiB
2, 0 %, 0 %, 0 MiB
3, 0 %, 0 %, 0 MiB
0, 89 %, 42 %, 12543 MiB
1, 92 %, 40 %, 12543 MiB
2, 0 %, 0 %, 0 MiB
3, 0 %, 0 %, 0 MiB
0, 95 %, 44 %, 12543 MiB
1, 95 %, 45 %, 12543 MiB
2, 0 %, 0 %, 0 MiB
3, 0 %, 0 %, 0 MiB
0, 90 %, 49 %, 12543 MiB
1, 91 %, 49 %, 12543 MiB
2, 0 %, 0 %, 0 MiB
3, 0 %, 0 %, 0 MiB
0, 96 %, 45 %, 12543 MiB
1, 96 %, 44 %, 12543 MiB
2, 0 %, 0 %, 0 MiB
3, 0 %, 0 %, 0 MiB
0, 88 %, 47 %, 12543 MiB
1, 93 %, 49 %, 12543 MiB
2, 0 %, 0 %, 0 MiB
3, 0 %, 0 %, 0 MiB
0, 92 %, 42 %, 12543 MiB
1, 92 %, 41 %, 12543 MiB
2, 0 %, 0 %, 0 MiB
3, 0 %, 0 %, 0 MiB
0, 96 %, 50 %, 12543 MiB
1, 96 %, 50 %, 12543 MiB
2, 0 %, 0 %, 0 MiB
3, 0 %, 0 %, 0 MiB
0, 93 %, 46 %, 12543 MiB
1, 91 %, 43 %, 12543 MiB
2, 0 %, 0 %, 0 MiB
3, 0 %, 0 %, 0 MiB
0, 96 %, 45 %, 12543 MiB
1, 95 %, 44 %, 12543 MiB
2, 0 %, 0 %, 0 MiB
3, 0 %, 0 %, 0 MiB
0, 88 %, 49 %, 12543 MiB
1, 95 %, 49 %, 12543 MiB
2, 0 %, 0 %, 0 MiB
3, 0 %, 0 %, 0 MiB
0, 94 %, 45 %, 12543 MiB
1, 97 %, 46 %, 12543 MiB
2, 0 %, 0 %, 0 MiB
3, 0 %, 0 %, 0 MiB
0, 96 %, 50 %, 12543 MiB
1, 97 %, 49 %, 12543 MiB
2, 0 %, 0 %, 0 MiB
3, 0 %, 0 %, 0 MiB
0, 88 %, 47 %, 12543 MiB
1, 95 %, 45 %, 12543 MiB
2, 0 %, 0 %, 0 MiB
3, 0 %, 0 %, 0 MiB
0, 96 %, 42 %, 12543 MiB
1, 96 %, 43 %, 12543 MiB
2, 0 %, 0 %, 0 MiB
3, 0 %, 0 %, 0 MiB
0, 92 %, 52 %, 12543 MiB
1, 93 %, 51 %, 12543 MiB
2, 0 %, 0 %, 0 MiB
3, 0 %, 0 %, 0 MiB
0, 96 %, 46 %, 12543 MiB
1, 94 %, 44 %, 12543 MiB
2, 0 %, 0 %, 0 MiB
3, 0 %, 0 %, 0 MiB
0, 94 %, 49 %, 12543 MiB
1, 93 %, 50 %, 12543 MiB
2, 0 %, 0 %, 0 MiB
3, 0 %, 0 %, 0 MiB
0, 92 %, 43 %, 12543 MiB
1, 93 %, 44 %, 12543 MiB
2, 0 %, 0 %, 0 MiB
3, 0 %, 0 %, 0 MiB
0, 95 %, 45 %, 12543 MiB
1, 95 %, 45 %, 12543 MiB
2, 0 %, 0 %, 0 MiB
3, 0 %, 0 %, 0 MiB
0, 94 %, 51 %, 12543 MiB
1, 91 %, 51 %, 12543 MiB
2, 0 %, 0 %, 0 MiB
3, 0 %, 0 %, 0 MiB
0, 96 %, 42 %, 12543 MiB
1, 96 %, 44 %, 12543 MiB
2, 0 %, 0 %, 0 MiB
3, 0 %, 0 %, 0 MiB
0, 93 %, 51 %, 12543 MiB
1, 93 %, 51 %, 12543 MiB
2, 0 %, 0 %, 0 MiB
3, 0 %, 0 %, 0 MiB
0, 97 %, 45 %, 12543 MiB
1, 96 %, 45 %, 12543 MiB
2, 0 %, 0 %, 0 MiB
3, 0 %, 0 %, 0 MiB
0, 87 %, 46 %, 12543 MiB
1, 87 %, 47 %, 12543 MiB
2, 0 %, 0 %, 0 MiB
3, 0 %, 0 %, 0 MiB
0, 89 %, 41 %, 12543 MiB
1, 89 %, 41 %, 12543 MiB
2, 0 %, 0 %, 0 MiB
3, 0 %, 0 %, 0 MiB
0, 96 %, 47 %, 12543 MiB
1, 95 %, 48 %, 12543 MiB
2, 0 %, 0 %, 0 MiB
3, 0 %, 0 %, 0 MiB
0, 93 %, 48 %, 12543 MiB
1, 90 %, 46 %, 12543 MiB
2, 0 %, 0 %, 0 MiB
3, 0 %, 0 %, 0 MiB
0, 95 %, 44 %, 12543 MiB
1, 95 %, 44 %, 12543 MiB
2, 0 %, 0 %, 0 MiB
3, 0 %, 0 %, 0 MiB
0, 93 %, 50 %, 12543 MiB
1, 90 %, 50 %, 12543 MiB
2, 0 %, 0 %, 0 MiB
3, 0 %, 0 %, 0 MiB
0, 97 %, 46 %, 12543 MiB
1, 97 %, 45 %, 12543 MiB
2, 0 %, 0 %, 0 MiB
3, 0 %, 0 %, 0 MiB
0, 92 %, 48 %, 12543 MiB
1, 88 %, 47 %, 12543 MiB
2, 0 %, 0 %, 0 MiB
3, 0 %, 0 %, 0 MiB
0, 92 %, 41 %, 12543 MiB
1, 89 %, 41 %, 12543 MiB
2, 0 %, 0 %, 0 MiB
3, 0 %, 0 %, 0 MiB
0, 95 %, 47 %, 12543 MiB
1, 95 %, 48 %, 12543 MiB
2, 0 %, 0 %, 0 MiB
3, 0 %, 0 %, 0 MiB
0, 94 %, 47 %, 12543 MiB
1, 90 %, 48 %, 12543 MiB
2, 0 %, 0 %, 0 MiB
3, 0 %, 0 %, 0 MiB
0, 96 %, 43 %, 12543 MiB
1, 96 %, 43 %, 12543 MiB
2, 0 %, 0 %, 0 MiB
3, 0 %, 0 %, 0 MiB
0, 93 %, 50 %, 12543 MiB
1, 89 %, 50 %, 12543 MiB
2, 0 %, 0 %, 0 MiB
3, 0 %, 0 %, 0 MiB
0, 96 %, 46 %, 12543 MiB
1, 93 %, 44 %, 12543 MiB
2, 0 %, 0 %, 0 MiB
3, 0 %, 0 %, 0 MiB
0, 95 %, 49 %, 12543 MiB
1, 94 %, 50 %, 12543 MiB
2, 0 %, 0 %, 0 MiB
3, 0 %, 0 %, 0 MiB
0, 93 %, 43 %, 12543 MiB
1, 93 %, 43 %, 12543 MiB
2, 0 %, 0 %, 0 MiB
3, 0 %, 0 %, 0 MiB
0, 96 %, 48 %, 12543 MiB
1, 96 %, 49 %, 12543 MiB
2, 0 %, 0 %, 0 MiB
3, 0 %, 0 %, 0 MiB
0, 93 %, 46 %, 12543 MiB
1, 93 %, 46 %, 12543 MiB
2, 0 %, 0 %, 0 MiB
3, 0 %, 0 %, 0 MiB
0, 95 %, 44 %, 12543 MiB
1, 96 %, 44 %, 12543 MiB
2, 0 %, 0 %, 0 MiB
3, 0 %, 0 %, 0 MiB
0, 91 %, 50 %, 12543 MiB
1, 94 %, 49 %, 12543 MiB
2, 0 %, 0 %, 0 MiB
3, 0 %, 0 %, 0 MiB
0, 97 %, 46 %, 12543 MiB
1, 96 %, 46 %, 12543 MiB
2, 0 %, 0 %, 0 MiB
3, 0 %, 0 %, 0 MiB
0, 94 %, 48 %, 12543 MiB
1, 90 %, 48 %, 12543 MiB
2, 0 %, 0 %, 0 MiB
3, 0 %, 0 %, 0 MiB
0, 88 %, 43 %, 12543 MiB
1, 95 %, 40 %, 12543 MiB
2, 0 %, 0 %, 0 MiB
3, 0 %, 0 %, 0 MiB
0, 95 %, 44 %, 12543 MiB
1, 96 %, 45 %, 12543 MiB
2, 0 %, 0 %, 0 MiB
3, 0 %, 0 %, 0 MiB
0, 88 %, 47 %, 12543 MiB
1, 88 %, 49 %, 12543 MiB
2, 0 %, 0 %, 0 MiB
3, 0 %, 0 %, 0 MiB
0, 93 %, 44 %, 12543 MiB
1, 95 %, 46 %, 12543 MiB
2, 0 %, 0 %, 0 MiB
3, 0 %, 0 %, 0 MiB
0, 96 %, 50 %, 12543 MiB
1, 97 %, 49 %, 12543 MiB
2, 0 %, 0 %, 0 MiB
3, 0 %, 0 %, 0 MiB
0, 89 %, 46 %, 12543 MiB
1, 96 %, 45 %, 12543 MiB
2, 0 %, 0 %, 0 MiB
3, 0 %, 0 %, 0 MiB
0, 96 %, 44 %, 12543 MiB
1, 96 %, 44 %, 12543 MiB
2, 0 %, 0 %, 0 MiB
3, 0 %, 0 %, 0 MiB
0, 88 %, 49 %, 12543 MiB
1, 95 %, 49 %, 12543 MiB
2, 0 %, 0 %, 0 MiB
3, 0 %, 0 %, 0 MiB
0, 96 %, 46 %, 12543 MiB
1, 95 %, 46 %, 12543 MiB
2, 0 %, 0 %, 0 MiB
3, 0 %, 0 %, 0 MiB
0, 91 %, 49 %, 12543 MiB
1, 92 %, 49 %, 12543 MiB
2, 0 %, 0 %, 0 MiB
3, 0 %, 0 %, 0 MiB
0, 92 %, 42 %, 12543 MiB
1, 92 %, 42 %, 12543 MiB
2, 0 %, 0 %, 0 MiB
3, 0 %, 0 %, 0 MiB
0, 95 %, 50 %, 12543 MiB
1, 96 %, 50 %, 12543 MiB
2, 0 %, 0 %, 0 MiB
3, 0 %, 0 %, 0 MiB
0, 92 %, 43 %, 12543 MiB
1, 93 %, 43 %, 12543 MiB
2, 0 %, 0 %, 0 MiB
3, 0 %, 0 %, 0 MiB
0, 96 %, 48 %, 12543 MiB
1, 96 %, 48 %, 12543 MiB
2, 0 %, 0 %, 0 MiB
3, 0 %, 0 %, 0 MiB
0, 93 %, 47 %, 12543 MiB
1, 93 %, 46 %, 12543 MiB
2, 0 %, 0 %, 0 MiB
3, 0 %, 0 %, 0 MiB
0, 95 %, 44 %, 12543 MiB
1, 95 %, 45 %, 12543 MiB
2, 0 %, 0 %, 0 MiB
3, 0 %, 0 %, 0 MiB
0, 93 %, 51 %, 12543 MiB
1, 94 %, 51 %, 12543 MiB
2, 0 %, 0 %, 0 MiB
3, 0 %, 0 %, 0 MiB
0, 95 %, 43 %, 12543 MiB
1, 95 %, 44 %, 12543 MiB
2, 0 %, 0 %, 0 MiB
3, 0 %, 0 %, 0 MiB
0, 93 %, 51 %, 12543 MiB
1, 93 %, 51 %, 12543 MiB
2, 0 %, 0 %, 0 MiB
3, 0 %, 0 %, 0 MiB
0, 96 %, 43 %, 12543 MiB
1, 96 %, 43 %, 12543 MiB
2, 0 %, 0 %, 0 MiB
3, 0 %, 0 %, 0 MiB
0, 93 %, 51 %, 12543 MiB
1, 97 %, 46 %, 12543 MiB
2, 0 %, 0 %, 0 MiB
3, 0 %, 0 %, 0 MiB
0, 96 %, 45 %, 12543 MiB
1, 92 %, 49 %, 12543 MiB
2, 0 %, 0 %, 0 MiB
3, 0 %, 0 %, 0 MiB
0, 88 %, 47 %, 12543 MiB
1, 92 %, 41 %, 12543 MiB
2, 0 %, 0 %, 0 MiB
3, 0 %, 0 %, 0 MiB
0, 89 %, 41 %, 12543 MiB
1, 96 %, 50 %, 12543 MiB
2, 0 %, 0 %, 0 MiB
3, 0 %, 0 %, 0 MiB
0, 90 %, 50 %, 12543 MiB
1, 95 %, 47 %, 12543 MiB
2, 0 %, 0 %, 0 MiB
3, 0 %, 0 %, 0 MiB
0, 96 %, 42 %, 12543 MiB
1, 96 %, 44 %, 12543 MiB
2, 0 %, 0 %, 0 MiB
3, 0 %, 0 %, 0 MiB
0, 89 %, 49 %, 12543 MiB
1, 94 %, 50 %, 12543 MiB
2, 0 %, 0 %, 0 MiB
3, 0 %, 0 %, 0 MiB
0, 88 %, 41 %, 12543 MiB
1, 93 %, 42 %, 12543 MiB
2, 0 %, 0 %, 0 MiB
3, 0 %, 0 %, 0 MiB
0, 96 %, 50 %, 12543 MiB
1, 96 %, 50 %, 12543 MiB
2, 0 %, 0 %, 0 MiB
3, 0 %, 0 %, 0 MiB
0, 93 %, 46 %, 12543 MiB
1, 90 %, 45 %, 12543 MiB
2, 0 %, 0 %, 0 MiB
3, 0 %, 0 %, 0 MiB
0, 95 %, 44 %, 12543 MiB
1, 95 %, 45 %, 12543 MiB
2, 0 %, 0 %, 0 MiB
3, 0 %, 0 %, 0 MiB
0, 93 %, 51 %, 12543 MiB
1, 94 %, 51 %, 12543 MiB
2, 0 %, 0 %, 0 MiB
3, 0 %, 0 %, 0 MiB
0, 95 %, 43 %, 12543 MiB
1, 96 %, 44 %, 12543 MiB
2, 0 %, 0 %, 0 MiB
3, 0 %, 0 %, 0 MiB
0, 93 %, 51 %, 12543 MiB
1, 94 %, 51 %, 12543 MiB
2, 0 %, 0 %, 0 MiB
3, 0 %, 0 %, 0 MiB
0, 97 %, 44 %, 12543 MiB
1, 97 %, 46 %, 12543 MiB
2, 0 %, 0 %, 0 MiB
3, 0 %, 0 %, 0 MiB
0, 91 %, 46 %, 12543 MiB
1, 91 %, 49 %, 12543 MiB
2, 0 %, 0 %, 0 MiB
3, 0 %, 0 %, 0 MiB
0, 93 %, 42 %, 12543 MiB
1, 88 %, 44 %, 12543 MiB
2, 0 %, 0 %, 0 MiB
3, 0 %, 0 %, 0 MiB
0, 96 %, 44 %, 12543 MiB
1, 95 %, 44 %, 12543 MiB
2, 0 %, 0 %, 0 MiB
3, 0 %, 0 %, 0 MiB
0, 93 %, 49 %, 12543 MiB
1, 88 %, 50 %, 12543 MiB
2, 0 %, 0 %, 0 MiB
3, 0 %, 0 %, 0 MiB
0, 94 %, 44 %, 12543 MiB
1, 86 %, 41 %, 12543 MiB
2, 0 %, 0 %, 0 MiB
3, 0 %, 0 %, 0 MiB
0, 97 %, 50 %, 12543 MiB
1, 96 %, 49 %, 12543 MiB
2, 0 %, 0 %, 0 MiB
3, 0 %, 0 %, 0 MiB
0, 94 %, 46 %, 12543 MiB
1, 88 %, 47 %, 12543 MiB
2, 0 %, 0 %, 0 MiB
3, 0 %, 0 %, 0 MiB
0, 96 %, 43 %, 12543 MiB
1, 96 %, 42 %, 12543 MiB
2, 0 %, 0 %, 0 MiB
3, 0 %, 0 %, 0 MiB
0, 93 %, 49 %, 12543 MiB
1, 87 %, 48 %, 12543 MiB
2, 0 %, 0 %, 0 MiB
3, 0 %, 0 %, 0 MiB
0, 92 %, 40 %, 12543 MiB
1, 91 %, 42 %, 12543 MiB
2, 0 %, 0 %, 0 MiB
3, 0 %, 0 %, 0 MiB
0, 96 %, 50 %, 12543 MiB
1, 95 %, 50 %, 12543 MiB
2, 0 %, 0 %, 0 MiB
3, 0 %, 0 %, 0 MiB
0, 92 %, 43 %, 12543 MiB
1, 93 %, 43 %, 12543 MiB
2, 0 %, 0 %, 0 MiB
3, 0 %, 0 %, 0 MiB
0, 96 %, 48 %, 12543 MiB
1, 96 %, 49 %, 12543 MiB
2, 0 %, 0 %, 0 MiB
3, 0 %, 0 %, 0 MiB
0, 93 %, 46 %, 12543 MiB
1, 94 %, 46 %, 12543 MiB
2, 0 %, 0 %, 0 MiB
3, 0 %, 0 %, 0 MiB
0, 95 %, 45 %, 12543 MiB
1, 95 %, 45 %, 12543 MiB
2, 0 %, 0 %, 0 MiB
3, 0 %, 0 %, 0 MiB
0, 94 %, 49 %, 12543 MiB
1, 94 %, 49 %, 12543 MiB
2, 0 %, 0 %, 0 MiB
3, 0 %, 0 %, 0 MiB
0, 95 %, 44 %, 12543 MiB
1, 95 %, 45 %, 12543 MiB
2, 0 %, 0 %, 0 MiB
3, 0 %, 0 %, 0 MiB
0, 94 %, 50 %, 12543 MiB
1, 88 %, 49 %, 12543 MiB
2, 0 %, 0 %, 0 MiB
3, 0 %, 0 %, 0 MiB
0, 97 %, 45 %, 12543 MiB
1, 96 %, 46 %, 12543 MiB
2, 0 %, 0 %, 0 MiB
3, 0 %, 0 %, 0 MiB
0, 92 %, 49 %, 12543 MiB
1, 95 %, 49 %, 12543 MiB
2, 0 %, 0 %, 0 MiB
3, 0 %, 0 %, 0 MiB
0, 88 %, 45 %, 12543 MiB
1, 89 %, 45 %, 12543 MiB
2, 0 %, 0 %, 0 MiB
3, 0 %, 0 %, 0 MiB
0, 96 %, 43 %, 12543 MiB
1, 96 %, 42 %, 12543 MiB
2, 0 %, 0 %, 0 MiB
3, 0 %, 0 %, 0 MiB
0, 92 %, 51 %, 12543 MiB
1, 87 %, 48 %, 12543 MiB
2, 0 %, 0 %, 0 MiB
3, 0 %, 0 %, 0 MiB
0, 92 %, 41 %, 12543 MiB
1, 87 %, 40 %, 12543 MiB
2, 0 %, 0 %, 0 MiB
3, 0 %, 0 %, 0 MiB
0, 96 %, 48 %, 12543 MiB
1, 95 %, 46 %, 12543 MiB
2, 0 %, 0 %, 0 MiB
3, 0 %, 0 %, 0 MiB
0, 88 %, 49 %, 12543 MiB
1, 88 %, 48 %, 12543 MiB
2, 0 %, 0 %, 0 MiB
3, 0 %, 0 %, 0 MiB
0, 96 %, 45 %, 12543 MiB
1, 97 %, 46 %, 12543 MiB
2, 0 %, 0 %, 0 MiB
3, 0 %, 0 %, 0 MiB
0, 94 %, 49 %, 12543 MiB
1, 97 %, 50 %, 12543 MiB
2, 0 %, 0 %, 0 MiB
3, 0 %, 0 %, 0 MiB
0, 88 %, 45 %, 12543 MiB
1, 95 %, 44 %, 12543 MiB
2, 0 %, 0 %, 0 MiB
3, 0 %, 0 %, 0 MiB
0, 95 %, 43 %, 12543 MiB
1, 96 %, 44 %, 12543 MiB
2, 0 %, 0 %, 0 MiB
3, 0 %, 0 %, 0 MiB
0, 88 %, 48 %, 12543 MiB
1, 95 %, 49 %, 12543 MiB
2, 0 %, 0 %, 0 MiB
3, 0 %, 0 %, 0 MiB
0, 91 %, 41 %, 12543 MiB
1, 89 %, 41 %, 12543 MiB
2, 0 %, 0 %, 0 MiB
3, 0 %, 0 %, 0 MiB
0, 96 %, 46 %, 12543 MiB
1, 96 %, 48 %, 12543 MiB
2, 0 %, 0 %, 0 MiB
3, 0 %, 0 %, 0 MiB
0, 89 %, 49 %, 12543 MiB
1, 92 %, 49 %, 12543 MiB
2, 0 %, 0 %, 0 MiB
3, 0 %, 0 %, 0 MiB
0, 96 %, 44 %, 12543 MiB
1, 96 %, 44 %, 12543 MiB
2, 0 %, 0 %, 0 MiB
3, 0 %, 0 %, 0 MiB
0, 88 %, 47 %, 12543 MiB
1, 93 %, 47 %, 12543 MiB
2, 0 %, 0 %, 0 MiB
3, 0 %, 0 %, 0 MiB
0, 88 %, 44 %, 12543 MiB
1, 92 %, 44 %, 12543 MiB
2, 0 %, 0 %, 0 MiB
3, 0 %, 0 %, 0 MiB
0, 95 %, 44 %, 12543 MiB
1, 95 %, 45 %, 12543 MiB
2, 0 %, 0 %, 0 MiB
3, 0 %, 0 %, 0 MiB
0, 94 %, 52 %, 12543 MiB
1, 94 %, 51 %, 12543 MiB
2, 0 %, 0 %, 0 MiB
3, 0 %, 0 %, 0 MiB
0, 95 %, 43 %, 12543 MiB
1, 96 %, 43 %, 12543 MiB
2, 0 %, 0 %, 0 MiB
3, 0 %, 0 %, 0 MiB
0, 88 %, 49 %, 12543 MiB
1, 95 %, 51 %, 12543 MiB
2, 0 %, 0 %, 0 MiB
3, 0 %, 0 %, 0 MiB
0, 90 %, 42 %, 12543 MiB
1, 94 %, 43 %, 12543 MiB
2, 0 %, 0 %, 0 MiB
3, 0 %, 0 %, 0 MiB
0, 96 %, 49 %, 12543 MiB
1, 96 %, 50 %, 12543 MiB
2, 0 %, 0 %, 0 MiB
3, 0 %, 0 %, 0 MiB
0, 92 %, 49 %, 12543 MiB
1, 91 %, 47 %, 12543 MiB
2, 0 %, 0 %, 0 MiB
3, 0 %, 0 %, 0 MiB
0, 96 %, 42 %, 12543 MiB
1, 96 %, 43 %, 12543 MiB
2, 0 %, 0 %, 0 MiB
3, 0 %, 0 %, 0 MiB
0, 89 %, 49 %, 12543 MiB
1, 95 %, 50 %, 12543 MiB
2, 0 %, 0 %, 0 MiB
3, 0 %, 0 %, 0 MiB
0, 90 %, 42 %, 12543 MiB
1, 93 %, 42 %, 12543 MiB
2, 0 %, 0 %, 0 MiB
3, 0 %, 0 %, 0 MiB
0, 97 %, 50 %, 12543 MiB
1, 97 %, 49 %, 12543 MiB
2, 0 %, 0 %, 0 MiB
3, 0 %, 0 %, 0 MiB
0, 91 %, 44 %, 12543 MiB
1, 95 %, 44 %, 12543 MiB
2, 0 %, 0 %, 0 MiB
3, 0 %, 0 %, 0 MiB
0, 95 %, 45 %, 12543 MiB
1, 95 %, 45 %, 12543 MiB
2, 0 %, 0 %, 0 MiB
3, 0 %, 0 %, 0 MiB
0, 93 %, 49 %, 12543 MiB
1, 93 %, 49 %, 12543 MiB
2, 0 %, 0 %, 0 MiB
3, 0 %, 0 %, 0 MiB
0, 95 %, 44 %, 12543 MiB
1, 95 %, 45 %, 12543 MiB
2, 0 %, 0 %, 0 MiB
3, 0 %, 0 %, 0 MiB
0, 90 %, 50 %, 12543 MiB
1, 95 %, 50 %, 12543 MiB
2, 0 %, 0 %, 0 MiB
3, 0 %, 0 %, 0 MiB
0, 96 %, 45 %, 12543 MiB
1, 96 %, 45 %, 12543 MiB
2, 0 %, 0 %, 0 MiB
3, 0 %, 0 %, 0 MiB
0, 91 %, 49 %, 12543 MiB
1, 92 %, 48 %, 12543 MiB
2, 0 %, 0 %, 0 MiB
3, 0 %, 0 %, 0 MiB
0, 92 %, 43 %, 12543 MiB
1, 93 %, 40 %, 12543 MiB
2, 0 %, 0 %, 0 MiB
3, 0 %, 0 %, 0 MiB
0, 96 %, 49 %, 12543 MiB
1, 96 %, 49 %, 12543 MiB
2, 0 %, 0 %, 0 MiB
3, 0 %, 0 %, 0 MiB
0, 90 %, 44 %, 12543 MiB
1, 95 %, 45 %, 12543 MiB
2, 0 %, 0 %, 0 MiB
3, 0 %, 0 %, 0 MiB
0, 95 %, 44 %, 12543 MiB
1, 96 %, 44 %, 12543 MiB
2, 0 %, 0 %, 0 MiB
3, 0 %, 0 %, 0 MiB
0, 87 %, 48 %, 12543 MiB
1, 94 %, 48 %, 12543 MiB
2, 0 %, 0 %, 0 MiB
3, 0 %, 0 %, 0 MiB
0, 88 %, 40 %, 12543 MiB
1, 94 %, 39 %, 12543 MiB
2, 0 %, 0 %, 0 MiB
3, 0 %, 0 %, 0 MiB
0, 95 %, 45 %, 12543 MiB
1, 96 %, 46 %, 12543 MiB
2, 0 %, 0 %, 0 MiB
3, 0 %, 0 %, 0 MiB
0, 93 %, 50 %, 12543 MiB
1, 93 %, 51 %, 12543 MiB
2, 0 %, 0 %, 0 MiB
3, 0 %, 0 %, 0 MiB
0, 96 %, 44 %, 12543 MiB
1, 97 %, 44 %, 12543 MiB
2, 0 %, 0 %, 0 MiB
3, 0 %, 0 %, 0 MiB
0, 92 %, 49 %, 12543 MiB
1, 87 %, 48 %, 12543 MiB
2, 0 %, 0 %, 0 MiB
3, 0 %, 0 %, 0 MiB
0, 91 %, 42 %, 12543 MiB
1, 87 %, 39 %, 12543 MiB
2, 0 %, 0 %, 0 MiB
3, 0 %, 0 %, 0 MiB
0, 96 %, 49 %, 12543 MiB
1, 96 %, 48 %, 12543 MiB
2, 0 %, 0 %, 0 MiB
3, 0 %, 0 %, 0 MiB
0, 92 %, 45 %, 12543 MiB
1, 93 %, 46 %, 12543 MiB
2, 0 %, 0 %, 0 MiB
3, 0 %, 0 %, 0 MiB
0, 95 %, 45 %, 12543 MiB
1, 95 %, 45 %, 12543 MiB
2, 0 %, 0 %, 0 MiB
3, 0 %, 0 %, 0 MiB
0, 93 %, 49 %, 12543 MiB
1, 93 %, 50 %, 12543 MiB
2, 0 %, 0 %, 0 MiB
3, 0 %, 0 %, 0 MiB
0, 95 %, 44 %, 12543 MiB
1, 95 %, 44 %, 12543 MiB
2, 0 %, 0 %, 0 MiB
3, 0 %, 0 %, 0 MiB
0, 93 %, 51 %, 12543 MiB
1, 93 %, 51 %, 12543 MiB
2, 0 %, 0 %, 0 MiB
3, 0 %, 0 %, 0 MiB
0, 96 %, 42 %, 12543 MiB
1, 96 %, 42 %, 12543 MiB
2, 0 %, 0 %, 0 MiB
3, 0 %, 0 %, 0 MiB
0, 93 %, 51 %, 12543 MiB
1, 93 %, 51 %, 12543 MiB
2, 0 %, 0 %, 0 MiB
3, 0 %, 0 %, 0 MiB
0, 96 %, 45 %, 12543 MiB
1, 96 %, 45 %, 12543 MiB
2, 0 %, 0 %, 0 MiB
3, 0 %, 0 %, 0 MiB
0, 92 %, 51 %, 12543 MiB
1, 92 %, 51 %, 12543 MiB
2, 0 %, 0 %, 0 MiB
3, 0 %, 0 %, 0 MiB
0, 94 %, 44 %, 12543 MiB
1, 95 %, 45 %, 12543 MiB
2, 0 %, 0 %, 0 MiB
3, 0 %, 0 %, 0 MiB
0, 91 %, 49 %, 12543 MiB
1, 92 %, 43 %, 12543 MiB
2, 0 %, 0 %, 0 MiB
3, 0 %, 0 %, 0 MiB
0, 96 %, 49 %, 12543 MiB
1, 96 %, 50 %, 12543 MiB
2, 0 %, 0 %, 0 MiB
3, 0 %, 0 %, 0 MiB
0, 92 %, 45 %, 12543 MiB
1, 92 %, 45 %, 12543 MiB
2, 0 %, 0 %, 0 MiB
3, 0 %, 0 %, 0 MiB
0, 95 %, 46 %, 12543 MiB
1, 95 %, 45 %, 12543 MiB
2, 0 %, 0 %, 0 MiB
3, 0 %, 0 %, 0 MiB
0, 89 %, 49 %, 12543 MiB
1, 96 %, 49 %, 12543 MiB
2, 0 %, 0 %, 0 MiB
3, 0 %, 0 %, 0 MiB
0, 96 %, 44 %, 12543 MiB
1, 97 %, 44 %, 12543 MiB
2, 0 %, 0 %, 0 MiB
3, 0 %, 0 %, 0 MiB
0, 87 %, 46 %, 12543 MiB
1, 94 %, 46 %, 12543 MiB
2, 0 %, 0 %, 0 MiB
3, 0 %, 0 %, 0 MiB
0, 88 %, 42 %, 12543 MiB
1, 95 %, 42 %, 12543 MiB
2, 0 %, 0 %, 0 MiB
3, 0 %, 0 %, 0 MiB
0, 95 %, 44 %, 12543 MiB
1, 96 %, 44 %, 12543 MiB
2, 0 %, 0 %, 0 MiB
3, 0 %, 0 %, 0 MiB
0, 88 %, 49 %, 12543 MiB
1, 95 %, 49 %, 12543 MiB
2, 0 %, 0 %, 0 MiB
3, 0 %, 0 %, 0 MiB
0, 87 %, 41 %, 12543 MiB
1, 94 %, 42 %, 12543 MiB
2, 0 %, 0 %, 0 MiB
3, 0 %, 0 %, 0 MiB
0, 95 %, 48 %, 12543 MiB
1, 96 %, 49 %, 12543 MiB
2, 0 %, 0 %, 0 MiB
3, 0 %, 0 %, 0 MiB
0, 89 %, 49 %, 12543 MiB
1, 96 %, 49 %, 12543 MiB
2, 0 %, 0 %, 0 MiB
3, 0 %, 0 %, 0 MiB
0, 95 %, 43 %, 12543 MiB
1, 95 %, 42 %, 12543 MiB
2, 0 %, 0 %, 0 MiB
3, 0 %, 0 %, 0 MiB
0, 93 %, 51 %, 12543 MiB
1, 92 %, 51 %, 12543 MiB
2, 0 %, 0 %, 0 MiB
3, 0 %, 0 %, 0 MiB
0, 96 %, 44 %, 12543 MiB
1, 96 %, 45 %, 12543 MiB
2, 0 %, 0 %, 0 MiB
3, 0 %, 0 %, 0 MiB
0, 92 %, 51 %, 12543 MiB
1, 92 %, 50 %, 12543 MiB
2, 0 %, 0 %, 0 MiB
3, 0 %, 0 %, 0 MiB
0, 95 %, 45 %, 12543 MiB
1, 92 %, 44 %, 12543 MiB
2, 0 %, 0 %, 0 MiB
3, 0 %, 0 %, 0 MiB
0, 91 %, 49 %, 12543 MiB
1, 92 %, 49 %, 12543 MiB
2, 0 %, 0 %, 0 MiB
3, 0 %, 0 %, 0 MiB
0, 92 %, 42 %, 12543 MiB
1, 92 %, 42 %, 12543 MiB
2, 0 %, 0 %, 0 MiB
3, 0 %, 0 %, 0 MiB
0, 93 %, 49 %, 12543 MiB
1, 93 %, 49 %, 12543 MiB
2, 0 %, 0 %, 0 MiB
3, 0 %, 0 %, 0 MiB
0, 92 %, 43 %, 12543 MiB
1, 92 %, 42 %, 12543 MiB
2, 0 %, 0 %, 0 MiB
3, 0 %, 0 %, 0 MiB
0, 96 %, 49 %, 12543 MiB
1, 96 %, 51 %, 12543 MiB
2, 0 %, 0 %, 0 MiB
3, 0 %, 0 %, 0 MiB
0, 93 %, 45 %, 12543 MiB
1, 93 %, 44 %, 12543 MiB
2, 0 %, 0 %, 0 MiB
3, 0 %, 0 %, 0 MiB
0, 96 %, 47 %, 12543 MiB
1, 96 %, 47 %, 12543 MiB
2, 0 %, 0 %, 0 MiB
3, 0 %, 0 %, 0 MiB
0, 93 %, 47 %, 12543 MiB
1, 94 %, 47 %, 12543 MiB
2, 0 %, 0 %, 0 MiB
3, 0 %, 0 %, 0 MiB
0, 95 %, 44 %, 12543 MiB
1, 95 %, 45 %, 12543 MiB
2, 0 %, 0 %, 0 MiB
3, 0 %, 0 %, 0 MiB
0, 94 %, 50 %, 12543 MiB
1, 94 %, 51 %, 12543 MiB
2, 0 %, 0 %, 0 MiB
3, 0 %, 0 %, 0 MiB
0, 95 %, 44 %, 12543 MiB
1, 95 %, 44 %, 12543 MiB
2, 0 %, 0 %, 0 MiB
3, 0 %, 0 %, 0 MiB
0, 94 %, 52 %, 12543 MiB
1, 94 %, 51 %, 12543 MiB
2, 0 %, 0 %, 0 MiB
3, 0 %, 0 %, 0 MiB
0, 96 %, 43 %, 12543 MiB
1, 96 %, 43 %, 12543 MiB
2, 0 %, 0 %, 0 MiB
3, 0 %, 0 %, 0 MiB
0, 93 %, 51 %, 12543 MiB
1, 93 %, 51 %, 12543 MiB
2, 0 %, 0 %, 0 MiB
3, 0 %, 0 %, 0 MiB
0, 96 %, 45 %, 12543 MiB
1, 97 %, 45 %, 12543 MiB
2, 0 %, 0 %, 0 MiB
3, 0 %, 0 %, 0 MiB
0, 89 %, 48 %, 12543 MiB
1, 95 %, 47 %, 12543 MiB
2, 0 %, 0 %, 0 MiB
3, 0 %, 0 %, 0 MiB
0, 88 %, 44 %, 12543 MiB
1, 95 %, 43 %, 12543 MiB
2, 0 %, 0 %, 0 MiB
3, 0 %, 0 %, 0 MiB
0, 95 %, 43 %, 12543 MiB
1, 96 %, 44 %, 12543 MiB
2, 0 %, 0 %, 0 MiB
3, 0 %, 0 %, 0 MiB
0, 88 %, 49 %, 12543 MiB
1, 94 %, 48 %, 12543 MiB
2, 0 %, 0 %, 0 MiB
3, 0 %, 0 %, 0 MiB
0, 87 %, 39 %, 12543 MiB
1, 94 %, 39 %, 12543 MiB
2, 0 %, 0 %, 0 MiB
3, 0 %, 0 %, 0 MiB
0, 95 %, 46 %, 12543 MiB
1, 96 %, 47 %, 12543 MiB
2, 0 %, 0 %, 0 MiB
3, 0 %, 0 %, 0 MiB
0, 89 %, 49 %, 12543 MiB
1, 95 %, 49 %, 12543 MiB
2, 0 %, 0 %, 0 MiB
3, 0 %, 0 %, 0 MiB
0, 96 %, 45 %, 12543 MiB
1, 97 %, 45 %, 12543 MiB
2, 0 %, 0 %, 0 MiB
3, 0 %, 0 %, 0 MiB
0, 92 %, 49 %, 12543 MiB
1, 94 %, 46 %, 12543 MiB
2, 0 %, 0 %, 0 MiB
3, 0 %, 0 %, 0 MiB
0, 88 %, 45 %, 12543 MiB
1, 94 %, 42 %, 12543 MiB
2, 0 %, 0 %, 0 MiB
3, 0 %, 0 %, 0 MiB
0, 96 %, 43 %, 12543 MiB
1, 96 %, 44 %, 12543 MiB
2, 0 %, 0 %, 0 MiB
3, 0 %, 0 %, 0 MiB
0, 87 %, 48 %, 12543 MiB
1, 94 %, 49 %, 12543 MiB
2, 0 %, 0 %, 0 MiB
3, 0 %, 0 %, 0 MiB
0, 87 %, 39 %, 12543 MiB
1, 94 %, 41 %, 12543 MiB
2, 0 %, 0 %, 0 MiB
3, 0 %, 0 %, 0 MiB
0, 95 %, 46 %, 12543 MiB
1, 96 %, 48 %, 12543 MiB
2, 0 %, 0 %, 0 MiB
3, 0 %, 0 %, 0 MiB
0, 89 %, 49 %, 12543 MiB
1, 96 %, 49 %, 12543 MiB
2, 0 %, 0 %, 0 MiB
3, 0 %, 0 %, 0 MiB
0, 96 %, 45 %, 12543 MiB
1, 97 %, 45 %, 12543 MiB
2, 0 %, 0 %, 0 MiB
3, 0 %, 0 %, 0 MiB
0, 90 %, 48 %, 12543 MiB
1, 95 %, 48 %, 12543 MiB
2, 0 %, 0 %, 0 MiB
3, 0 %, 0 %, 0 MiB
0, 89 %, 44 %, 12543 MiB
1, 93 %, 44 %, 12543 MiB
2, 0 %, 0 %, 0 MiB
3, 0 %, 0 %, 0 MiB
0, 95 %, 44 %, 12543 MiB
1, 95 %, 44 %, 12543 MiB
2, 0 %, 0 %, 0 MiB
3, 0 %, 0 %, 0 MiB
0, 93 %, 50 %, 12543 MiB
1, 90 %, 50 %, 12543 MiB
2, 0 %, 0 %, 0 MiB
3, 0 %, 0 %, 0 MiB
0, 96 %, 44 %, 12543 MiB
1, 96 %, 46 %, 12543 MiB
2, 0 %, 0 %, 0 MiB
3, 0 %, 0 %, 0 MiB
0, 92 %, 49 %, 12543 MiB
1, 89 %, 48 %, 12543 MiB
2, 0 %, 0 %, 0 MiB
3, 0 %, 0 %, 0 MiB
0, 92 %, 41 %, 12543 MiB
1, 90 %, 41 %, 12543 MiB
2, 0 %, 0 %, 0 MiB
3, 0 %, 0 %, 0 MiB
0, 97 %, 50 %, 12543 MiB
1, 96 %, 49 %, 12543 MiB
2, 0 %, 0 %, 0 MiB
3, 0 %, 0 %, 0 MiB
0, 93 %, 45 %, 12543 MiB
1, 90 %, 47 %, 12543 MiB
2, 0 %, 0 %, 0 MiB
3, 0 %, 0 %, 0 MiB
0, 96 %, 44 %, 12543 MiB
1, 95 %, 44 %, 12543 MiB
2, 0 %, 0 %, 0 MiB
3, 0 %, 0 %, 0 MiB
0, 94 %, 50 %, 12543 MiB
1, 93 %, 51 %, 12543 MiB
2, 0 %, 0 %, 0 MiB
3, 0 %, 0 %, 0 MiB
0, 96 %, 43 %, 12543 MiB
1, 96 %, 45 %, 12543 MiB
2, 0 %, 0 %, 0 MiB
3, 0 %, 0 %, 0 MiB
0, 92 %, 50 %, 12543 MiB
1, 89 %, 49 %, 12543 MiB
2, 0 %, 0 %, 0 MiB
3, 0 %, 0 %, 0 MiB
0, 92 %, 42 %, 12543 MiB
1, 92 %, 42 %, 12543 MiB
2, 0 %, 0 %, 0 MiB
3, 0 %, 0 %, 0 MiB
0, 96 %, 50 %, 12543 MiB
1, 97 %, 50 %, 12543 MiB
2, 0 %, 0 %, 0 MiB
3, 0 %, 0 %, 0 MiB
0, 93 %, 43 %, 12543 MiB
1, 90 %, 44 %, 12543 MiB
2, 0 %, 0 %, 0 MiB
3, 0 %, 0 %, 0 MiB
0, 95 %, 45 %, 12543 MiB
1, 95 %, 45 %, 12543 MiB
2, 0 %, 0 %, 0 MiB
3, 0 %, 0 %, 0 MiB
0, 94 %, 51 %, 12543 MiB
1, 91 %, 51 %, 12543 MiB
2, 0 %, 0 %, 0 MiB
3, 0 %, 0 %, 0 MiB
0, 96 %, 42 %, 12543 MiB
1, 96 %, 43 %, 12543 MiB
2, 0 %, 0 %, 0 MiB
3, 0 %, 0 %, 0 MiB
0, 92 %, 51 %, 12543 MiB
1, 93 %, 51 %, 12543 MiB
2, 0 %, 0 %, 0 MiB
3, 0 %, 0 %, 0 MiB
0, 96 %, 45 %, 12543 MiB
1, 97 %, 46 %, 12543 MiB
2, 0 %, 0 %, 0 MiB
3, 0 %, 0 %, 0 MiB
0, 92 %, 51 %, 12543 MiB
1, 92 %, 49 %, 12543 MiB
2, 0 %, 0 %, 0 MiB
3, 0 %, 0 %, 0 MiB
0, 92 %, 43 %, 12543 MiB
1, 87 %, 39 %, 12543 MiB
2, 0 %, 0 %, 0 MiB
3, 0 %, 0 %, 0 MiB
0, 96 %, 50 %, 12543 MiB
1, 96 %, 47 %, 12543 MiB
2, 0 %, 0 %, 0 MiB
3, 0 %, 0 %, 0 MiB
0, 94 %, 47 %, 12543 MiB
1, 88 %, 49 %, 12543 MiB
2, 0 %, 0 %, 0 MiB
3, 0 %, 0 %, 0 MiB
0, 96 %, 42 %, 12543 MiB
1, 96 %, 44 %, 12543 MiB
2, 0 %, 0 %, 0 MiB
3, 0 %, 0 %, 0 MiB
0, 93 %, 51 %, 12543 MiB
1, 89 %, 49 %, 12543 MiB
2, 0 %, 0 %, 0 MiB
3, 0 %, 0 %, 0 MiB
0, 94 %, 44 %, 12543 MiB
1, 89 %, 41 %, 12543 MiB
2, 0 %, 0 %, 0 MiB
3, 0 %, 0 %, 0 MiB
0, 93 %, 49 %, 12543 MiB
1, 97 %, 49 %, 12543 MiB
2, 0 %, 0 %, 0 MiB
3, 0 %, 0 %, 0 MiB
0, 93 %, 45 %, 12543 MiB
1, 90 %, 44 %, 12543 MiB
2, 0 %, 0 %, 0 MiB
3, 0 %, 0 %, 0 MiB
0, 96 %, 44 %, 12543 MiB
1, 95 %, 44 %, 12543 MiB
2, 0 %, 0 %, 0 MiB
3, 0 %, 0 %, 0 MiB
0, 93 %, 52 %, 12543 MiB
1, 93 %, 51 %, 12543 MiB
2, 0 %, 0 %, 0 MiB
3, 0 %, 0 %, 0 MiB
0, 96 %, 42 %, 12543 MiB
1, 96 %, 44 %, 12543 MiB
2, 0 %, 0 %, 0 MiB
3, 0 %, 0 %, 0 MiB
0, 93 %, 51 %, 12543 MiB
1, 89 %, 49 %, 12543 MiB
2, 0 %, 0 %, 0 MiB
3, 0 %, 0 %, 0 MiB
0, 95 %, 45 %, 12543 MiB
1, 89 %, 41 %, 12543 MiB
2, 0 %, 0 %, 0 MiB
3, 0 %, 0 %, 0 MiB
0, 92 %, 48 %, 12543 MiB
1, 96 %, 50 %, 12543 MiB
2, 0 %, 0 %, 0 MiB
3, 0 %, 0 %, 0 MiB
0, 87 %, 43 %, 12543 MiB
1, 92 %, 41 %, 12543 MiB
2, 0 %, 0 %, 0 MiB
3, 0 %, 0 %, 0 MiB
0, 96 %, 44 %, 12543 MiB
1, 96 %, 44 %, 12543 MiB
2, 0 %, 0 %, 0 MiB
3, 0 %, 0 %, 0 MiB
0, 88 %, 49 %, 12543 MiB
1, 95 %, 49 %, 12543 MiB
2, 0 %, 0 %, 0 MiB
3, 0 %, 0 %, 0 MiB
0, 87 %, 39 %, 12543 MiB
1, 94 %, 41 %, 12543 MiB
2, 0 %, 0 %, 0 MiB
3, 0 %, 0 %, 0 MiB
0, 96 %, 50 %, 12543 MiB
1, 96 %, 50 %, 12543 MiB
2, 0 %, 0 %, 0 MiB
3, 0 %, 0 %, 0 MiB
0, 95 %, 45 %, 12543 MiB
1, 93 %, 43 %, 12543 MiB
2, 0 %, 0 %, 0 MiB
3, 0 %, 0 %, 0 MiB
0, 94 %, 48 %, 12543 MiB
1, 96 %, 48 %, 12543 MiB
2, 0 %, 0 %, 0 MiB
3, 0 %, 0 %, 0 MiB
0, 96 %, 44 %, 12543 MiB
1, 89 %, 48 %, 12543 MiB
2, 0 %, 0 %, 0 MiB
3, 0 %, 0 %, 0 MiB
0, 93 %, 49 %, 12543 MiB
1, 87 %, 49 %, 12543 MiB
2, 0 %, 0 %, 0 MiB
3, 0 %, 0 %, 0 MiB
0, 95 %, 44 %, 12543 MiB
1, 87 %, 40 %, 12543 MiB
2, 0 %, 0 %, 0 MiB
3, 0 %, 0 %, 0 MiB
0, 97 %, 49 %, 12543 MiB
1, 96 %, 49 %, 12543 MiB
2, 0 %, 0 %, 0 MiB
3, 0 %, 0 %, 0 MiB
0, 92 %, 44 %, 12543 MiB
1, 91 %, 48 %, 12543 MiB
2, 0 %, 0 %, 0 MiB
3, 0 %, 0 %, 0 MiB
0, 96 %, 44 %, 12543 MiB
1, 95 %, 44 %, 12543 MiB
2, 0 %, 0 %, 0 MiB
3, 0 %, 0 %, 0 MiB
0, 93 %, 50 %, 12543 MiB
1, 90 %, 50 %, 12543 MiB
2, 0 %, 0 %, 0 MiB
3, 0 %, 0 %, 0 MiB
0, 96 %, 44 %, 12543 MiB
1, 96 %, 46 %, 12543 MiB
2, 0 %, 0 %, 0 MiB
3, 0 %, 0 %, 0 MiB
0, 92 %, 50 %, 12543 MiB
1, 91 %, 50 %, 12543 MiB
2, 0 %, 0 %, 0 MiB
3, 0 %, 0 %, 0 MiB
0, 91 %, 42 %, 12543 MiB
1, 89 %, 41 %, 12543 MiB
2, 0 %, 0 %, 0 MiB
3, 0 %, 0 %, 0 MiB
0, 96 %, 50 %, 12543 MiB
1, 95 %, 48 %, 12543 MiB
2, 0 %, 0 %, 0 MiB
3, 0 %, 0 %, 0 MiB
0, 93 %, 46 %, 12543 MiB
1, 94 %, 49 %, 12543 MiB
2, 0 %, 0 %, 0 MiB
3, 0 %, 0 %, 0 MiB
0, 96 %, 44 %, 12543 MiB
1, 95 %, 44 %, 12543 MiB
2, 0 %, 0 %, 0 MiB
3, 0 %, 0 %, 0 MiB
0, 93 %, 50 %, 12543 MiB
1, 90 %, 50 %, 12543 MiB
2, 0 %, 0 %, 0 MiB
3, 0 %, 0 %, 0 MiB
0, 96 %, 44 %, 12543 MiB
1, 96 %, 45 %, 12543 MiB
2, 0 %, 0 %, 0 MiB
3, 0 %, 0 %, 0 MiB
0, 91 %, 49 %, 12543 MiB
1, 89 %, 48 %, 12543 MiB
2, 0 %, 0 %, 0 MiB
3, 0 %, 0 %, 0 MiB
0, 91 %, 41 %, 12543 MiB
1, 89 %, 40 %, 12543 MiB
2, 0 %, 0 %, 0 MiB
3, 0 %, 0 %, 0 MiB
0, 96 %, 50 %, 12543 MiB
1, 96 %, 50 %, 12543 MiB
2, 0 %, 0 %, 0 MiB
3, 0 %, 0 %, 0 MiB
0, 92 %, 45 %, 12543 MiB
1, 90 %, 46 %, 12543 MiB
2, 0 %, 0 %, 0 MiB
3, 0 %, 0 %, 0 MiB
0, 96 %, 44 %, 12543 MiB
1, 95 %, 44 %, 12543 MiB
2, 0 %, 0 %, 0 MiB
3, 0 %, 0 %, 0 MiB
0, 93 %, 51 %, 12543 MiB
1, 90 %, 49 %, 12543 MiB
2, 0 %, 0 %, 0 MiB
3, 0 %, 0 %, 0 MiB
0, 96 %, 43 %, 12543 MiB
1, 96 %, 44 %, 12543 MiB
2, 0 %, 0 %, 0 MiB
3, 0 %, 0 %, 0 MiB
0, 92 %, 50 %, 12543 MiB
1, 89 %, 49 %, 12543 MiB
2, 0 %, 0 %, 0 MiB
3, 0 %, 0 %, 0 MiB
0, 94 %, 45 %, 12543 MiB
1, 88 %, 41 %, 12543 MiB
2, 0 %, 0 %, 0 MiB
3, 0 %, 0 %, 0 MiB
0, 93 %, 49 %, 12543 MiB
1, 96 %, 50 %, 12543 MiB
2, 0 %, 0 %, 0 MiB
3, 0 %, 0 %, 0 MiB
0, 92 %, 43 %, 12543 MiB
1, 92 %, 46 %, 12543 MiB
2, 0 %, 0 %, 0 MiB
3, 0 %, 0 %, 0 MiB
0, 96 %, 48 %, 12543 MiB
1, 96 %, 46 %, 12543 MiB
2, 0 %, 0 %, 0 MiB
3, 0 %, 0 %, 0 MiB
0, 93 %, 47 %, 12543 MiB
1, 94 %, 49 %, 12543 MiB
2, 0 %, 0 %, 0 MiB
3, 0 %, 0 %, 0 MiB
0, 95 %, 44 %, 12543 MiB
1, 95 %, 45 %, 12543 MiB
2, 0 %, 0 %, 0 MiB
3, 0 %, 0 %, 0 MiB
0, 93 %, 50 %, 12543 MiB
1, 88 %, 49 %, 12543 MiB
2, 0 %, 0 %, 0 MiB
3, 0 %, 0 %, 0 MiB
0, 97 %, 44 %, 12543 MiB
1, 95 %, 45 %, 12543 MiB
2, 0 %, 0 %, 0 MiB
3, 0 %, 0 %, 0 MiB
0, 91 %, 46 %, 12543 MiB
1, 96 %, 50 %, 12543 MiB
2, 0 %, 0 %, 0 MiB
3, 0 %, 0 %, 0 MiB
0, 92 %, 43 %, 12543 MiB
1, 93 %, 43 %, 12543 MiB
2, 0 %, 0 %, 0 MiB
3, 0 %, 0 %, 0 MiB
0, 96 %, 46 %, 12543 MiB
1, 95 %, 44 %, 12543 MiB
2, 0 %, 0 %, 0 MiB
3, 0 %, 0 %, 0 MiB
0, 93 %, 49 %, 12543 MiB
1, 88 %, 49 %, 12543 MiB
2, 0 %, 0 %, 0 MiB
3, 0 %, 0 %, 0 MiB
0, 93 %, 48 %, 12543 MiB
1, 90 %, 50 %, 12543 MiB
2, 0 %, 0 %, 0 MiB
3, 0 %, 0 %, 0 MiB
0, 96 %, 43 %, 12543 MiB
1, 96 %, 43 %, 12543 MiB
2, 0 %, 0 %, 0 MiB
3, 0 %, 0 %, 0 MiB
0, 92 %, 50 %, 12543 MiB
1, 89 %, 49 %, 12543 MiB
2, 0 %, 0 %, 0 MiB
3, 0 %, 0 %, 0 MiB
0, 96 %, 46 %, 12543 MiB
1, 91 %, 43 %, 12543 MiB
2, 0 %, 0 %, 0 MiB
3, 0 %, 0 %, 0 MiB
0, 94 %, 49 %, 12543 MiB
1, 96 %, 50 %, 12543 MiB
2, 0 %, 0 %, 0 MiB
3, 0 %, 0 %, 0 MiB
0, 93 %, 43 %, 12543 MiB
1, 90 %, 44 %, 12543 MiB
2, 0 %, 0 %, 0 MiB
3, 0 %, 0 %, 0 MiB
0, 96 %, 45 %, 12543 MiB
1, 95 %, 45 %, 12543 MiB
2, 0 %, 0 %, 0 MiB
3, 0 %, 0 %, 0 MiB
0, 94 %, 50 %, 12543 MiB
1, 91 %, 50 %, 12543 MiB
2, 0 %, 0 %, 0 MiB
3, 0 %, 0 %, 0 MiB
0, 96 %, 43 %, 12543 MiB
1, 96 %, 43 %, 12543 MiB
2, 0 %, 0 %, 0 MiB
3, 0 %, 0 %, 0 MiB
0, 93 %, 50 %, 12543 MiB
1, 89 %, 50 %, 12543 MiB
2, 0 %, 0 %, 0 MiB
3, 0 %, 0 %, 0 MiB
0, 97 %, 46 %, 12543 MiB
1, 91 %, 43 %, 12543 MiB
2, 0 %, 0 %, 0 MiB
3, 0 %, 0 %, 0 MiB
0, 92 %, 48 %, 12543 MiB
1, 94 %, 50 %, 12543 MiB
2, 0 %, 0 %, 0 MiB
3, 0 %, 0 %, 0 MiB
0, 88 %, 41 %, 12543 MiB
1, 95 %, 42 %, 12543 MiB
2, 0 %, 0 %, 0 MiB
3, 0 %, 0 %, 0 MiB
0, 95 %, 44 %, 12543 MiB
1, 95 %, 45 %, 12543 MiB
2, 0 %, 0 %, 0 MiB
3, 0 %, 0 %, 0 MiB
0, 93 %, 51 %, 12543 MiB
1, 93 %, 49 %, 12543 MiB
2, 0 %, 0 %, 0 MiB
3, 0 %, 0 %, 0 MiB
0, 96 %, 42 %, 12543 MiB
1, 96 %, 44 %, 12543 MiB
2, 0 %, 0 %, 0 MiB
3, 0 %, 0 %, 0 MiB
0, 93 %, 51 %, 12543 MiB
1, 93 %, 51 %, 12543 MiB
2, 0 %, 0 %, 0 MiB
3, 0 %, 0 %, 0 MiB
0, 96 %, 44 %, 12543 MiB
1, 97 %, 47 %, 12543 MiB
2, 0 %, 0 %, 0 MiB
3, 0 %, 0 %, 0 MiB
0, 91 %, 47 %, 12543 MiB
1, 93 %, 50 %, 12543 MiB
2, 0 %, 0 %, 0 MiB
3, 0 %, 0 %, 0 MiB
0, 92 %, 41 %, 12543 MiB
1, 89 %, 44 %, 12543 MiB
2, 0 %, 0 %, 0 MiB
3, 0 %, 0 %, 0 MiB
0, 96 %, 47 %, 12543 MiB
1, 95 %, 45 %, 12543 MiB
2, 0 %, 0 %, 0 MiB
3, 0 %, 0 %, 0 MiB
0, 93 %, 47 %, 12543 MiB
1, 94 %, 49 %, 12543 MiB
2, 0 %, 0 %, 0 MiB
3, 0 %, 0 %, 0 MiB
0, 95 %, 44 %, 12543 MiB
1, 95 %, 44 %, 12543 MiB
2, 0 %, 0 %, 0 MiB
3, 0 %, 0 %, 0 MiB
0, 94 %, 51 %, 12543 MiB
1, 94 %, 51 %, 12543 MiB
2, 0 %, 0 %, 0 MiB
3, 0 %, 0 %, 0 MiB
0, 95 %, 44 %, 12543 MiB
1, 96 %, 44 %, 12543 MiB
2, 0 %, 0 %, 0 MiB
3, 0 %, 0 %, 0 MiB
0, 93 %, 51 %, 12543 MiB
1, 94 %, 51 %, 12543 MiB
2, 0 %, 0 %, 0 MiB
3, 0 %, 0 %, 0 MiB
0, 96 %, 42 %, 12543 MiB
1, 96 %, 43 %, 12543 MiB
2, 0 %, 0 %, 0 MiB
3, 0 %, 0 %, 0 MiB
0, 93 %, 51 %, 12543 MiB
1, 92 %, 51 %, 12543 MiB
2, 0 %, 0 %, 0 MiB
3, 0 %, 0 %, 0 MiB
0, 96 %, 45 %, 12543 MiB
1, 96 %, 46 %, 12543 MiB
2, 0 %, 0 %, 0 MiB
3, 0 %, 0 %, 0 MiB
0, 92 %, 50 %, 12543 MiB
1, 92 %, 49 %, 12543 MiB
2, 0 %, 0 %, 0 MiB
3, 0 %, 0 %, 0 MiB
0, 93 %, 44 %, 12543 MiB
1, 91 %, 42 %, 12543 MiB
2, 0 %, 0 %, 0 MiB
3, 0 %, 0 %, 0 MiB
0, 91 %, 49 %, 12543 MiB
1, 93 %, 49 %, 12543 MiB
2, 0 %, 0 %, 0 MiB
3, 0 %, 0 %, 0 MiB
0, 87 %, 39 %, 12543 MiB
1, 91 %, 39 %, 12543 MiB
2, 0 %, 0 %, 0 MiB
3, 0 %, 0 %, 0 MiB
0, 95 %, 45 %, 12543 MiB
1, 96 %, 44 %, 12543 MiB
2, 0 %, 0 %, 0 MiB
3, 0 %, 0 %, 0 MiB
0, 88 %, 48 %, 12543 MiB
1, 92 %, 49 %, 12543 MiB
2, 0 %, 0 %, 0 MiB
3, 0 %, 0 %, 0 MiB
0, 96 %, 45 %, 12543 MiB
1, 93 %, 44 %, 12543 MiB
2, 0 %, 0 %, 0 MiB
3, 0 %, 0 %, 0 MiB
0, 91 %, 48 %, 12543 MiB
1, 93 %, 49 %, 12543 MiB
2, 0 %, 0 %, 0 MiB
3, 0 %, 0 %, 0 MiB
0, 92 %, 41 %, 12543 MiB
1, 89 %, 43 %, 12543 MiB
2, 0 %, 0 %, 0 MiB
3, 0 %, 0 %, 0 MiB
0, 96 %, 49 %, 12543 MiB
1, 95 %, 45 %, 12543 MiB
2, 0 %, 0 %, 0 MiB
3, 0 %, 0 %, 0 MiB
0, 93 %, 47 %, 12543 MiB
1, 90 %, 51 %, 12543 MiB
2, 0 %, 0 %, 0 MiB
3, 0 %, 0 %, 0 MiB
0, 96 %, 44 %, 12543 MiB
1, 96 %, 42 %, 12543 MiB
2, 0 %, 0 %, 0 MiB
3, 0 %, 0 %, 0 MiB
0, 93 %, 51 %, 12543 MiB
1, 89 %, 48 %, 12543 MiB
2, 0 %, 0 %, 0 MiB
3, 0 %, 0 %, 0 MiB
0, 93 %, 44 %, 12543 MiB
1, 90 %, 42 %, 12543 MiB
2, 0 %, 0 %, 0 MiB
3, 0 %, 0 %, 0 MiB
0, 96 %, 50 %, 12543 MiB
1, 96 %, 49 %, 12543 MiB
2, 0 %, 0 %, 0 MiB
3, 0 %, 0 %, 0 MiB
0, 89 %, 42 %, 12543 MiB
1, 95 %, 47 %, 12543 MiB
2, 0 %, 0 %, 0 MiB
3, 0 %, 0 %, 0 MiB
0, 96 %, 44 %, 12543 MiB
1, 95 %, 44 %, 12543 MiB
2, 0 %, 0 %, 0 MiB
3, 0 %, 0 %, 0 MiB
0, 93 %, 51 %, 12543 MiB
1, 93 %, 51 %, 12543 MiB
2, 0 %, 0 %, 0 MiB
3, 0 %, 0 %, 0 MiB
0, 96 %, 44 %, 12543 MiB
1, 96 %, 46 %, 12543 MiB
2, 0 %, 0 %, 0 MiB
3, 0 %, 0 %, 0 MiB
0, 92 %, 49 %, 12543 MiB
1, 89 %, 48 %, 12543 MiB
2, 0 %, 0 %, 0 MiB
3, 0 %, 0 %, 0 MiB
0, 92 %, 41 %, 12543 MiB
1, 92 %, 43 %, 12543 MiB
2, 0 %, 0 %, 0 MiB
3, 0 %, 0 %, 0 MiB
0, 95 %, 48 %, 12543 MiB
1, 96 %, 49 %, 12543 MiB
2, 0 %, 0 %, 0 MiB
3, 0 %, 0 %, 0 MiB
0, 91 %, 47 %, 12543 MiB
1, 96 %, 48 %, 12543 MiB
2, 0 %, 0 %, 0 MiB
3, 0 %, 0 %, 0 MiB
0, 95 %, 44 %, 12543 MiB
1, 95 %, 44 %, 12543 MiB
2, 0 %, 0 %, 0 MiB
3, 0 %, 0 %, 0 MiB
0, 96 %, 44 %, 12543 MiB
1, 94 %, 49 %, 12543 MiB
2, 0 %, 0 %, 0 MiB
3, 0 %, 0 %, 0 MiB
0, 90 %, 49 %, 12543 MiB
1, 97 %, 46 %, 12543 MiB
2, 0 %, 0 %, 0 MiB
3, 0 %, 0 %, 0 MiB
0, 92 %, 42 %, 12543 MiB
1, 93 %, 48 %, 12543 MiB
2, 0 %, 0 %, 0 MiB
3, 0 %, 0 %, 0 MiB
0, 96 %, 49 %, 12543 MiB
1, 94 %, 41 %, 12543 MiB
2, 0 %, 0 %, 0 MiB
3, 0 %, 0 %, 0 MiB
0, 91 %, 46 %, 12543 MiB
1, 96 %, 47 %, 12543 MiB
2, 0 %, 0 %, 0 MiB
3, 0 %, 0 %, 0 MiB
0, 95 %, 44 %, 12543 MiB
1, 88 %, 38 %, 12543 MiB
2, 0 %, 0 %, 0 MiB
3, 0 %, 0 %, 0 MiB
0, 0 %, 0 %, 12543 MiB
1, 0 %, 0 %, 12543 MiB
2, 0 %, 0 %, 0 MiB
3, 0 %, 0 %, 0 MiB
0, 0 %, 0 %, 12543 MiB
1, 0 %, 0 %, 12543 MiB
2, 0 %, 0 %, 0 MiB
3, 0 %, 0 %, 0 MiB
0, 0 %, 0 %, 12543 MiB
1, 29 %, 1 %, 12543 MiB
2, 0 %, 0 %, 0 MiB
3, 0 %, 0 %, 0 MiB
0, 100 %, 71 %, 12543 MiB
1, 100 %, 71 %, 12543 MiB
2, 0 %, 0 %, 0 MiB
3, 0 %, 0 %, 0 MiB
0, 100 %, 64 %, 12543 MiB
1, 100 %, 65 %, 12543 MiB
2, 0 %, 0 %, 0 MiB
3, 0 %, 0 %, 0 MiB
0, 100 %, 70 %, 12543 MiB
1, 100 %, 76 %, 12543 MiB
2, 0 %, 0 %, 0 MiB
3, 0 %, 0 %, 0 MiB
0, 100 %, 75 %, 12543 MiB
1, 100 %, 76 %, 12543 MiB
2, 0 %, 0 %, 0 MiB
3, 0 %, 0 %, 0 MiB
0, 100 %, 75 %, 12543 MiB
1, 0 %, 0 %, 12543 MiB
2, 0 %, 0 %, 0 MiB
3, 0 %, 0 %, 0 MiB
0, 100 %, 75 %, 12543 MiB
1, 100 %, 67 %, 12543 MiB
2, 0 %, 0 %, 0 MiB
3, 0 %, 0 %, 0 MiB
0, 100 %, 58 %, 12543 MiB
1, 100 %, 63 %, 12543 MiB
2, 0 %, 0 %, 0 MiB
3, 0 %, 0 %, 0 MiB
0, 100 %, 77 %, 12543 MiB
1, 100 %, 75 %, 12543 MiB
2, 0 %, 0 %, 0 MiB
3, 0 %, 0 %, 0 MiB
0, 100 %, 56 %, 12543 MiB
1, 100 %, 77 %, 12543 MiB
2, 0 %, 0 %, 0 MiB
3, 0 %, 0 %, 0 MiB
0, 100 %, 70 %, 12543 MiB
1, 10 %, 0 %, 12543 MiB
2, 0 %, 0 %, 0 MiB
3, 0 %, 0 %, 0 MiB
0, 100 %, 66 %, 12543 MiB
1, 100 %, 67 %, 12543 MiB
2, 0 %, 0 %, 0 MiB
3, 0 %, 0 %, 0 MiB
0, 100 %, 71 %, 12543 MiB
1, 100 %, 60 %, 12543 MiB
2, 0 %, 0 %, 0 MiB
3, 0 %, 0 %, 0 MiB
0, 100 %, 74 %, 12543 MiB
1, 100 %, 76 %, 12543 MiB
2, 0 %, 0 %, 0 MiB
3, 0 %, 0 %, 0 MiB
0, 100 %, 76 %, 12543 MiB
1, 100 %, 76 %, 12543 MiB
2, 0 %, 0 %, 0 MiB
3, 0 %, 0 %, 0 MiB
0, 100 %, 75 %, 12543 MiB
1, 0 %, 0 %, 12543 MiB
2, 0 %, 0 %, 0 MiB
3, 0 %, 0 %, 0 MiB
0, 100 %, 52 %, 12543 MiB
1, 100 %, 69 %, 12543 MiB
2, 0 %, 0 %, 0 MiB
3, 0 %, 0 %, 0 MiB
0, 100 %, 77 %, 12543 MiB
1, 100 %, 77 %, 12543 MiB
2, 0 %, 0 %, 0 MiB
3, 0 %, 0 %, 0 MiB
0, 100 %, 56 %, 12543 MiB
1, 100 %, 42 %, 12543 MiB
2, 0 %, 0 %, 0 MiB
3, 0 %, 0 %, 0 MiB
0, 100 %, 71 %, 12543 MiB
1, 100 %, 77 %, 12543 MiB
2, 0 %, 0 %, 0 MiB
3, 0 %, 0 %, 0 MiB
0, 100 %, 65 %, 12543 MiB
1, 100 %, 56 %, 12543 MiB
2, 0 %, 0 %, 0 MiB
3, 0 %, 0 %, 0 MiB
0, 100 %, 72 %, 12543 MiB
1, 100 %, 74 %, 12543 MiB
2, 0 %, 0 %, 0 MiB
3, 0 %, 0 %, 0 MiB
0, 100 %, 75 %, 12543 MiB
1, 100 %, 76 %, 12543 MiB
2, 0 %, 0 %, 0 MiB
3, 0 %, 0 %, 0 MiB
0, 0 %, 0 %, 12543 MiB
1, 100 %, 66 %, 12543 MiB
2, 0 %, 0 %, 0 MiB
3, 0 %, 0 %, 0 MiB
0, 28 %, 2 %, 27 MiB
1, 100 %, 77 %, 12543 MiB
2, 0 %, 0 %, 0 MiB
3, 0 %, 0 %, 0 MiB
0, 0 %, 0 %, 27 MiB
1, 99 %, 55 %, 12543 MiB
2, 0 %, 0 %, 0 MiB
3, 0 %, 0 %, 0 MiB
0, 0 %, 0 %, 3 MiB
1, 0 %, 0 %, 12489 MiB
2, 0 %, 0 %, 0 MiB
3, 0 %, 0 %, 0 MiB
